Traceback (most recent call last):
  File "/home/orin-001/sda/agibotnav/src/fastlio2_nav/setup.py", line 1, in <module>
    from setuptools import setup
  File "/usr/lib/python3/dist-packages/setuptools/__init__.py", line 16, in <module>
    import setuptools.version
  File "/usr/lib/python3/dist-packages/setuptools/version.py", line 1, in <module>
    import pkg_resources
  File "/usr/lib/python3/dist-packages/pkg_resources/__init__.py", line 78, in <module>
    __import__('pkg_resources.extern.packaging.requirements')
  File "/usr/lib/python3/dist-packages/pkg_resources/_vendor/packaging/requirements.py", line 10, in <module>
    from pkg_resources.extern.pyparsing import (  # noqa
  File "<frozen importlib._bootstrap>", line 1027, in _find_and_load
  File "<frozen importlib._bootstrap>", line 1006, in _find_and_load_unlocked
  File "<frozen importlib._bootstrap>", line 674, in _load_unlocked
  File "<frozen importlib._bootstrap>", line 571, in module_from_spec
  File "/usr/lib/python3/dist-packages/pkg_resources/extern/__init__.py", line 52, in create_module
    return self.load_module(spec.name)
  File "/usr/lib/python3/dist-packages/pkg_resources/extern/__init__.py", line 37, in load_module
    __import__(extant)
  File "/usr/lib/python3/dist-packages/pkg_resources/_vendor/pyparsing.py", line 5151, in <module>
    dblQuotedString = Combine(Regex(r'"(?:[^"\n\r\\]|(?:"")|(?:\\(?:[^x]|x[0-9a-fA-F]+)))*')+'"').setName("string enclosed in double quotes")
  File "/usr/lib/python3/dist-packages/pkg_resources/_vendor/pyparsing.py", line 4255, in __init__
    self.leaveWhitespace()
  File "/usr/lib/python3/dist-packages/pkg_resources/_vendor/pyparsing.py", line 3747, in leaveWhitespace
    self.expr.leaveWhitespace()
  File "/usr/lib/python3/dist-packages/pkg_resources/_vendor/pyparsing.py", line 3292, in leaveWhitespace
    self.exprs = [ e.copy() for e in self.exprs ]
  File "/usr/lib/python3/dist-packages/pkg_resources/_vendor/pyparsing.py", line 3292, in <listcomp>
    self.exprs = [ e.copy() for e in self.exprs ]
  File "/usr/lib/python3/dist-packages/pkg_resources/_vendor/pyparsing.py", line 1183, in copy
    cpy = copy.copy( self )
  File "/usr/lib/python3.10/copy.py", line 92, in copy
    rv = reductor(4)
KeyboardInterrupt
