[0.028s] Invoking command in '/home/orin-001/sda/agibotnav/build/fast_lio': CMAKE_PREFIX_PATH=${CMAKE_PREFIX_PATH}:/opt/ros/humble /usr/bin/cmake --build /home/orin-001/sda/agibotnav/build/fast_lio -- -j8 -l8
[0.101s] [35m[1mConsolidate compiler generated dependencies of target fast_lio__rosidl_generator_c[0m
[0.129s] [ 11%] Built target fast_lio__cpp
[0.129s] [ 11%] Built target fast_lio__rosidl_generator_c
[0.146s] [ 11%] Built target ament_cmake_python_symlink_fast_lio
[0.150s] [35m[1mConsolidate compiler generated dependencies of target fast_lio__rosidl_typesupport_cpp[0m
[0.167s] [35m[1mConsolidate compiler generated dependencies of target fast_lio__rosidl_typesupport_introspection_c[0m
[0.172s] [35m[1mConsolidate compiler generated dependencies of target fast_lio__rosidl_typesupport_c[0m
[0.180s] [35m[1mConsolidate compiler generated dependencies of target fast_lio__rosidl_typesupport_fastrtps_cpp[0m
[0.186s] [35m[1mConsolidate compiler generated dependencies of target fast_lio__rosidl_typesupport_introspection_cpp[0m
[0.220s] [ 20%] Built target fast_lio__rosidl_typesupport_cpp
[0.220s] [ 28%] Built target fast_lio__rosidl_typesupport_fastrtps_cpp
[0.231s] [ 37%] Built target fast_lio__rosidl_typesupport_introspection_c
[0.249s] [ 45%] Built target fast_lio__rosidl_typesupport_c
[0.266s] [ 54%] Built target fast_lio__rosidl_typesupport_introspection_cpp
[0.278s] [35m[1mConsolidate compiler generated dependencies of target fastlio_mapping[0m
[0.286s] [35m[1mConsolidate compiler generated dependencies of target fast_lio__rosidl_typesupport_fastrtps_c[0m
[0.308s] [ 62%] Built target fast_lio__rosidl_typesupport_fastrtps_c
[0.341s] [ 62%] Built target fast_lio
[0.345s] [ 74%] Built target fastlio_mapping
[0.377s] [ 77%] Built target fast_lio__py
[0.394s] [35m[1mConsolidate compiler generated dependencies of target fast_lio__rosidl_generator_py[0m
[0.416s] [ 82%] Built target fast_lio__rosidl_generator_py
[0.433s] [35m[1mConsolidate compiler generated dependencies of target fast_lio__rosidl_typesupport_c__pyext[0m
[0.434s] [35m[1mConsolidate compiler generated dependencies of target fast_lio__rosidl_typesupport_introspection_c__pyext[0m
[0.434s] [35m[1mConsolidate compiler generated dependencies of target fast_lio__rosidl_typesupport_fastrtps_c__pyext[0m
[0.456s] [100%] Built target fast_lio__rosidl_typesupport_introspection_c__pyext
[0.456s] [100%] Built target fast_lio__rosidl_typesupport_c__pyext
[0.456s] [100%] Built target fast_lio__rosidl_typesupport_fastrtps_c__pyext
[0.665s] running egg_info
[0.665s] writing fast_lio.egg-info/PKG-INFO
[0.665s] writing dependency_links to fast_lio.egg-info/dependency_links.txt
[0.666s] writing top-level names to fast_lio.egg-info/top_level.txt
[0.672s] reading manifest file 'fast_lio.egg-info/SOURCES.txt'
[0.672s] writing manifest file 'fast_lio.egg-info/SOURCES.txt'
[0.730s] [100%] Built target ament_cmake_python_build_fast_lio_egg
