/usr/bin/ld: CMakeFiles/fastlio_mapping.dir/src/preprocess.cpp.o: in function `YAML::detail::node_data::get<char [17]>(char const (&) [17], std::shared_ptr<YAML::detail::memory_holder>)::{lambda(std::pair<YAML::detail::node*, YAML::detail::node*>)#1}::operator()(std::pair<YAML::detail::node*, YAML::detail::node*>) const [clone .isra.0]':
preprocess.cpp:(.text+0xbe0): undefined reference to `YAML::InvalidNode::~InvalidNode()'
/usr/bin/ld: preprocess.cpp:(.text+0xbe4): undefined reference to `typeinfo for YAML::InvalidNode'
/usr/bin/ld: preprocess.cpp:(.text+0xbec): undefined reference to `YAML::InvalidNode::~InvalidNode()'
/usr/bin/ld: preprocess.cpp:(.text+0xbf0): undefined reference to `typeinfo for YAML::InvalidNode'
/usr/bin/ld: CMakeFiles/fastlio_mapping.dir/src/preprocess.cpp.o: in function `YAML::detail::node_data::get<char [18]>(char const (&) [18], std::shared_ptr<YAML::detail::memory_holder>)::{lambda(std::pair<YAML::detail::node*, YAML::detail::node*>)#1}::operator()(std::pair<YAML::detail::node*, YAML::detail::node*>) const [clone .isra.0]':
preprocess.cpp:(.text+0xe20): undefined reference to `YAML::InvalidNode::~InvalidNode()'
/usr/bin/ld: preprocess.cpp:(.text+0xe24): undefined reference to `typeinfo for YAML::InvalidNode'
/usr/bin/ld: preprocess.cpp:(.text+0xe2c): undefined reference to `YAML::InvalidNode::~InvalidNode()'
/usr/bin/ld: preprocess.cpp:(.text+0xe30): undefined reference to `typeinfo for YAML::InvalidNode'
/usr/bin/ld: CMakeFiles/fastlio_mapping.dir/src/preprocess.cpp.o: in function `load_tilt_config()':
preprocess.cpp:(.text+0x2a48): undefined reference to `YAML::LoadFile(std::__cxx11::basic_string<char, std::char_traits<char>, std::allocator<char> > const&)'
/usr/bin/ld: preprocess.cpp:(.text+0x2af8): undefined reference to `YAML::detail::node_data::convert_to_map(std::shared_ptr<YAML::detail::memory_holder> const&)'
/usr/bin/ld: preprocess.cpp:(.text+0x3130): undefined reference to `YAML::detail::node_data::convert_to_map(std::shared_ptr<YAML::detail::memory_holder> const&)'
/usr/bin/ld: preprocess.cpp:(.text+0x3754): undefined reference to `YAML::detail::memory_holder::merge(YAML::detail::memory_holder&)'
/usr/bin/ld: preprocess.cpp:(.text+0x3778): undefined reference to `YAML::detail::memory::create_node()'
/usr/bin/ld: preprocess.cpp:(.text+0x378c): undefined reference to `YAML::detail::node_data::insert_map_pair(YAML::detail::node&, YAML::detail::node&)'
/usr/bin/ld: preprocess.cpp:(.text+0x38c4): undefined reference to `YAML::InvalidNode::~InvalidNode()'
/usr/bin/ld: preprocess.cpp:(.text+0x38c8): undefined reference to `typeinfo for YAML::InvalidNode'
/usr/bin/ld: preprocess.cpp:(.text+0x38d0): undefined reference to `YAML::InvalidNode::~InvalidNode()'
/usr/bin/ld: preprocess.cpp:(.text+0x38d4): undefined reference to `typeinfo for YAML::InvalidNode'
/usr/bin/ld: preprocess.cpp:(.text+0x3908): undefined reference to `YAML::InvalidNode::~InvalidNode()'
/usr/bin/ld: preprocess.cpp:(.text+0x390c): undefined reference to `typeinfo for YAML::InvalidNode'
/usr/bin/ld: preprocess.cpp:(.text+0x3914): undefined reference to `YAML::InvalidNode::~InvalidNode()'
/usr/bin/ld: preprocess.cpp:(.text+0x3918): undefined reference to `typeinfo for YAML::InvalidNode'
/usr/bin/ld: preprocess.cpp:(.text+0x397c): undefined reference to `YAML::InvalidNode::~InvalidNode()'
/usr/bin/ld: preprocess.cpp:(.text+0x3980): undefined reference to `typeinfo for YAML::InvalidNode'
/usr/bin/ld: preprocess.cpp:(.text+0x3988): undefined reference to `YAML::InvalidNode::~InvalidNode()'
/usr/bin/ld: preprocess.cpp:(.text+0x398c): undefined reference to `typeinfo for YAML::InvalidNode'
/usr/bin/ld: preprocess.cpp:(.text+0x39c0): undefined reference to `YAML::InvalidNode::~InvalidNode()'
/usr/bin/ld: preprocess.cpp:(.text+0x39c4): undefined reference to `typeinfo for YAML::InvalidNode'
/usr/bin/ld: preprocess.cpp:(.text+0x39cc): undefined reference to `YAML::InvalidNode::~InvalidNode()'
/usr/bin/ld: preprocess.cpp:(.text+0x39d0): undefined reference to `typeinfo for YAML::InvalidNode'
/usr/bin/ld: preprocess.cpp:(.text+0x3c50): undefined reference to `YAML::detail::memory_holder::merge(YAML::detail::memory_holder&)'
/usr/bin/ld: preprocess.cpp:(.text+0x3c74): undefined reference to `YAML::detail::memory::create_node()'
/usr/bin/ld: preprocess.cpp:(.text+0x3c88): undefined reference to `YAML::detail::node_data::insert_map_pair(YAML::detail::node&, YAML::detail::node&)'
/usr/bin/ld: preprocess.cpp:(.text+0x3da8): undefined reference to `YAML::InvalidNode::~InvalidNode()'
/usr/bin/ld: preprocess.cpp:(.text+0x3dac): undefined reference to `typeinfo for YAML::InvalidNode'
/usr/bin/ld: preprocess.cpp:(.text+0x3db4): undefined reference to `YAML::InvalidNode::~InvalidNode()'
/usr/bin/ld: preprocess.cpp:(.text+0x3db8): undefined reference to `typeinfo for YAML::InvalidNode'
/usr/bin/ld: preprocess.cpp:(.text+0x3e1c): undefined reference to `YAML::InvalidNode::~InvalidNode()'
/usr/bin/ld: preprocess.cpp:(.text+0x3e20): undefined reference to `typeinfo for YAML::InvalidNode'
/usr/bin/ld: preprocess.cpp:(.text+0x3e28): undefined reference to `YAML::InvalidNode::~InvalidNode()'
/usr/bin/ld: preprocess.cpp:(.text+0x3e2c): undefined reference to `typeinfo for YAML::InvalidNode'
/usr/bin/ld: preprocess.cpp:(.text+0x3e60): undefined reference to `YAML::InvalidNode::~InvalidNode()'
/usr/bin/ld: preprocess.cpp:(.text+0x3e64): undefined reference to `typeinfo for YAML::InvalidNode'
/usr/bin/ld: preprocess.cpp:(.text+0x3e6c): undefined reference to `YAML::InvalidNode::~InvalidNode()'
/usr/bin/ld: preprocess.cpp:(.text+0x3e70): undefined reference to `typeinfo for YAML::InvalidNode'
/usr/bin/ld: preprocess.cpp:(.text+0x3ed4): undefined reference to `YAML::InvalidNode::~InvalidNode()'
/usr/bin/ld: preprocess.cpp:(.text+0x3ed8): undefined reference to `typeinfo for YAML::InvalidNode'
/usr/bin/ld: preprocess.cpp:(.text+0x3ee0): undefined reference to `YAML::InvalidNode::~InvalidNode()'
/usr/bin/ld: preprocess.cpp:(.text+0x3ee4): undefined reference to `typeinfo for YAML::InvalidNode'
/usr/bin/ld: preprocess.cpp:(.text+0x45e4): undefined reference to `YAML::BadSubscript::~BadSubscript()'
/usr/bin/ld: preprocess.cpp:(.text+0x45e8): undefined reference to `typeinfo for YAML::BadSubscript'
/usr/bin/ld: preprocess.cpp:(.text+0x45f0): undefined reference to `YAML::BadSubscript::~BadSubscript()'
/usr/bin/ld: preprocess.cpp:(.text+0x45f4): undefined reference to `typeinfo for YAML::BadSubscript'
/usr/bin/ld: preprocess.cpp:(.text+0x4760): undefined reference to `YAML::InvalidNode::~InvalidNode()'
/usr/bin/ld: preprocess.cpp:(.text+0x4764): undefined reference to `typeinfo for YAML::InvalidNode'
/usr/bin/ld: preprocess.cpp:(.text+0x4770): undefined reference to `YAML::InvalidNode::~InvalidNode()'
/usr/bin/ld: preprocess.cpp:(.text+0x4774): undefined reference to `typeinfo for YAML::InvalidNode'
/usr/bin/ld: preprocess.cpp:(.text+0x489c): undefined reference to `YAML::BadSubscript::~BadSubscript()'
/usr/bin/ld: preprocess.cpp:(.text+0x48a0): undefined reference to `typeinfo for YAML::BadSubscript'
/usr/bin/ld: preprocess.cpp:(.text+0x48a8): undefined reference to `YAML::BadSubscript::~BadSubscript()'
/usr/bin/ld: preprocess.cpp:(.text+0x48ac): undefined reference to `typeinfo for YAML::BadSubscript'
/usr/bin/ld: preprocess.cpp:(.text+0x4950): undefined reference to `YAML::InvalidNode::~InvalidNode()'
/usr/bin/ld: preprocess.cpp:(.text+0x4954): undefined reference to `typeinfo for YAML::InvalidNode'
/usr/bin/ld: preprocess.cpp:(.text+0x495c): undefined reference to `YAML::InvalidNode::~InvalidNode()'
/usr/bin/ld: preprocess.cpp:(.text+0x4960): undefined reference to `typeinfo for YAML::InvalidNode'
/usr/bin/ld: CMakeFiles/fastlio_mapping.dir/src/preprocess.cpp.o: in function `YAML::TypedBadConversion<double>::~TypedBadConversion()':
preprocess.cpp:(.text._ZN4YAML18TypedBadConversionIdED2Ev[_ZN4YAML18TypedBadConversionIdED5Ev]+0x10): undefined reference to `YAML::BadConversion::~BadConversion()'
/usr/bin/ld: CMakeFiles/fastlio_mapping.dir/src/preprocess.cpp.o: in function `YAML::TypedBadConversion<double>::~TypedBadConversion()':
preprocess.cpp:(.text._ZN4YAML18TypedBadConversionIdED0Ev[_ZN4YAML18TypedBadConversionIdED5Ev]+0x20): undefined reference to `YAML::BadConversion::~BadConversion()'
/usr/bin/ld: CMakeFiles/fastlio_mapping.dir/src/preprocess.cpp.o: in function `YAML::detail::node::mark_defined()':
preprocess.cpp:(.text._ZN4YAML6detail4node12mark_definedEv[_ZN4YAML6detail4node12mark_definedEv]+0x34): undefined reference to `YAML::detail::node_data::mark_defined()'
/usr/bin/ld: preprocess.cpp:(.text._ZN4YAML6detail4node12mark_definedEv[_ZN4YAML6detail4node12mark_definedEv]+0x80): undefined reference to `YAML::detail::node_data::mark_defined()'
/usr/bin/ld: preprocess.cpp:(.text._ZN4YAML6detail4node12mark_definedEv[_ZN4YAML6detail4node12mark_definedEv]+0xbc): undefined reference to `YAML::detail::node_data::mark_defined()'
/usr/bin/ld: preprocess.cpp:(.text._ZN4YAML6detail4node12mark_definedEv[_ZN4YAML6detail4node12mark_definedEv]+0xf8): undefined reference to `YAML::detail::node_data::mark_defined()'
/usr/bin/ld: preprocess.cpp:(.text._ZN4YAML6detail4node12mark_definedEv[_ZN4YAML6detail4node12mark_definedEv]+0x134): undefined reference to `YAML::detail::node_data::mark_defined()'
/usr/bin/ld: CMakeFiles/fastlio_mapping.dir/src/preprocess.cpp.o:preprocess.cpp:(.text._ZN4YAML6detail4node12mark_definedEv[_ZN4YAML6detail4node12mark_definedEv]+0x168): more undefined references to `YAML::detail::node_data::mark_defined()' follow
/usr/bin/ld: CMakeFiles/fastlio_mapping.dir/src/preprocess.cpp.o: in function `YAML::BadConversion::BadConversion(YAML::Mark const&)':
preprocess.cpp:(.text._ZN4YAML13BadConversionC2ERKNS_4MarkE[_ZN4YAML13BadConversionC5ERKNS_4MarkE]+0x98): undefined reference to `vtable for YAML::Exception'
/usr/bin/ld: preprocess.cpp:(.text._ZN4YAML13BadConversionC2ERKNS_4MarkE[_ZN4YAML13BadConversionC5ERKNS_4MarkE]+0xa8): undefined reference to `vtable for YAML::Exception'
/usr/bin/ld: preprocess.cpp:(.text._ZN4YAML13BadConversionC2ERKNS_4MarkE[_ZN4YAML13BadConversionC5ERKNS_4MarkE]+0xf4): undefined reference to `vtable for YAML::RepresentationException'
/usr/bin/ld: preprocess.cpp:(.text._ZN4YAML13BadConversionC2ERKNS_4MarkE[_ZN4YAML13BadConversionC5ERKNS_4MarkE]+0x100): undefined reference to `vtable for YAML::RepresentationException'
/usr/bin/ld: preprocess.cpp:(.text._ZN4YAML13BadConversionC2ERKNS_4MarkE[_ZN4YAML13BadConversionC5ERKNS_4MarkE]+0x124): undefined reference to `vtable for YAML::BadConversion'
/usr/bin/ld: preprocess.cpp:(.text._ZN4YAML13BadConversionC2ERKNS_4MarkE[_ZN4YAML13BadConversionC5ERKNS_4MarkE]+0x12c): undefined reference to `vtable for YAML::BadConversion'
/usr/bin/ld: CMakeFiles/fastlio_mapping.dir/src/preprocess.cpp.o: in function `YAML::InvalidNode::InvalidNode(std::__cxx11::basic_string<char, std::char_traits<char>, std::allocator<char> > const&)':
preprocess.cpp:(.text._ZN4YAML11InvalidNodeC2ERKNSt7__cxx1112basic_stringIcSt11char_traitsIcESaIcEEE[_ZN4YAML11InvalidNodeC5ERKNSt7__cxx1112basic_stringIcSt11char_traitsIcESaIcEEE]+0x2a0): undefined reference to `vtable for YAML::Exception'
/usr/bin/ld: preprocess.cpp:(.text._ZN4YAML11InvalidNodeC2ERKNSt7__cxx1112basic_stringIcSt11char_traitsIcESaIcEEE[_ZN4YAML11InvalidNodeC5ERKNSt7__cxx1112basic_stringIcSt11char_traitsIcESaIcEEE]+0x2b0): undefined reference to `vtable for YAML::Exception'
/usr/bin/ld: preprocess.cpp:(.text._ZN4YAML11InvalidNodeC2ERKNSt7__cxx1112basic_stringIcSt11char_traitsIcESaIcEEE[_ZN4YAML11InvalidNodeC5ERKNSt7__cxx1112basic_stringIcSt11char_traitsIcESaIcEEE]+0x2f8): undefined reference to `vtable for YAML::RepresentationException'
/usr/bin/ld: preprocess.cpp:(.text._ZN4YAML11InvalidNodeC2ERKNSt7__cxx1112basic_stringIcSt11char_traitsIcESaIcEEE[_ZN4YAML11InvalidNodeC5ERKNSt7__cxx1112basic_stringIcSt11char_traitsIcESaIcEEE]+0x304): undefined reference to `vtable for YAML::RepresentationException'
/usr/bin/ld: preprocess.cpp:(.text._ZN4YAML11InvalidNodeC2ERKNSt7__cxx1112basic_stringIcSt11char_traitsIcESaIcEEE[_ZN4YAML11InvalidNodeC5ERKNSt7__cxx1112basic_stringIcSt11char_traitsIcESaIcEEE]+0x328): undefined reference to `vtable for YAML::InvalidNode'
/usr/bin/ld: preprocess.cpp:(.text._ZN4YAML11InvalidNodeC2ERKNSt7__cxx1112basic_stringIcSt11char_traitsIcESaIcEEE[_ZN4YAML11InvalidNodeC5ERKNSt7__cxx1112basic_stringIcSt11char_traitsIcESaIcEEE]+0x330): undefined reference to `vtable for YAML::InvalidNode'
/usr/bin/ld: CMakeFiles/fastlio_mapping.dir/src/preprocess.cpp.o: in function `YAML::Node::Mark() const':
preprocess.cpp:(.text._ZNK4YAML4Node4MarkEv[_ZNK4YAML4Node4MarkEv]+0x90): undefined reference to `YAML::InvalidNode::~InvalidNode()'
/usr/bin/ld: preprocess.cpp:(.text._ZNK4YAML4Node4MarkEv[_ZNK4YAML4Node4MarkEv]+0x94): undefined reference to `typeinfo for YAML::InvalidNode'
/usr/bin/ld: preprocess.cpp:(.text._ZNK4YAML4Node4MarkEv[_ZNK4YAML4Node4MarkEv]+0x9c): undefined reference to `YAML::InvalidNode::~InvalidNode()'
/usr/bin/ld: preprocess.cpp:(.text._ZNK4YAML4Node4MarkEv[_ZNK4YAML4Node4MarkEv]+0xa0): undefined reference to `typeinfo for YAML::InvalidNode'
/usr/bin/ld: CMakeFiles/fastlio_mapping.dir/src/preprocess.cpp.o: in function `YAML::Node::EnsureNodeExists() const':
preprocess.cpp:(.text._ZNK4YAML4Node16EnsureNodeExistsEv[_ZNK4YAML4Node16EnsureNodeExistsEv]+0xcc): undefined reference to `YAML::detail::memory::create_node()'
/usr/bin/ld: preprocess.cpp:(.text._ZNK4YAML4Node16EnsureNodeExistsEv[_ZNK4YAML4Node16EnsureNodeExistsEv]+0xec): undefined reference to `YAML::detail::node_data::mark_defined()'
/usr/bin/ld: preprocess.cpp:(.text._ZNK4YAML4Node16EnsureNodeExistsEv[_ZNK4YAML4Node16EnsureNodeExistsEv]+0x15c): undefined reference to `YAML::detail::node_data::set_null()'
/usr/bin/ld: preprocess.cpp:(.text._ZNK4YAML4Node16EnsureNodeExistsEv[_ZNK4YAML4Node16EnsureNodeExistsEv]+0x18c): undefined reference to `YAML::InvalidNode::~InvalidNode()'
/usr/bin/ld: preprocess.cpp:(.text._ZNK4YAML4Node16EnsureNodeExistsEv[_ZNK4YAML4Node16EnsureNodeExistsEv]+0x190): undefined reference to `typeinfo for YAML::InvalidNode'
/usr/bin/ld: preprocess.cpp:(.text._ZNK4YAML4Node16EnsureNodeExistsEv[_ZNK4YAML4Node16EnsureNodeExistsEv]+0x19c): undefined reference to `YAML::InvalidNode::~InvalidNode()'
/usr/bin/ld: preprocess.cpp:(.text._ZNK4YAML4Node16EnsureNodeExistsEv[_ZNK4YAML4Node16EnsureNodeExistsEv]+0x1a0): undefined reference to `typeinfo for YAML::InvalidNode'
/usr/bin/ld: CMakeFiles/fastlio_mapping.dir/src/preprocess.cpp.o: in function `YAML::Node::Node<char const*>(char const* const&)':
preprocess.cpp:(.text._ZN4YAML4NodeC2IPKcEERKT_[_ZN4YAML4NodeC5IPKcEERKT_]+0xe8): undefined reference to `YAML::detail::memory::create_node()'
/usr/bin/ld: preprocess.cpp:(.text._ZN4YAML4NodeC2IPKcEERKT_[_ZN4YAML4NodeC5IPKcEERKT_]+0x154): undefined reference to `YAML::detail::node_data::mark_defined()'
/usr/bin/ld: preprocess.cpp:(.text._ZN4YAML4NodeC2IPKcEERKT_[_ZN4YAML4NodeC5IPKcEERKT_]+0x1c0): undefined reference to `YAML::detail::node_data::set_scalar(std::__cxx11::basic_string<char, std::char_traits<char>, std::allocator<char> > const&)'
/usr/bin/ld: CMakeFiles/fastlio_mapping.dir/src/preprocess.cpp.o: in function `YAML::BadSubscript::BadSubscript<char [17]>(YAML::Mark const&, char const (&) [17])':
preprocess.cpp:(.text._ZN4YAML12BadSubscriptC2IA17_cEERKNS_4MarkERKT_[_ZN4YAML12BadSubscriptC5IA17_cEERKNS_4MarkERKT_]+0x80): undefined reference to `vtable for YAML::Exception'
/usr/bin/ld: preprocess.cpp:(.text._ZN4YAML12BadSubscriptC2IA17_cEERKNS_4MarkERKT_[_ZN4YAML12BadSubscriptC5IA17_cEERKNS_4MarkERKT_]+0x90): undefined reference to `vtable for YAML::Exception'
/usr/bin/ld: preprocess.cpp:(.text._ZN4YAML12BadSubscriptC2IA17_cEERKNS_4MarkERKT_[_ZN4YAML12BadSubscriptC5IA17_cEERKNS_4MarkERKT_]+0xdc): undefined reference to `vtable for YAML::RepresentationException'
/usr/bin/ld: preprocess.cpp:(.text._ZN4YAML12BadSubscriptC2IA17_cEERKNS_4MarkERKT_[_ZN4YAML12BadSubscriptC5IA17_cEERKNS_4MarkERKT_]+0xec): undefined reference to `vtable for YAML::RepresentationException'
/usr/bin/ld: preprocess.cpp:(.text._ZN4YAML12BadSubscriptC2IA17_cEERKNS_4MarkERKT_[_ZN4YAML12BadSubscriptC5IA17_cEERKNS_4MarkERKT_]+0x110): undefined reference to `vtable for YAML::BadSubscript'
/usr/bin/ld: preprocess.cpp:(.text._ZN4YAML12BadSubscriptC2IA17_cEERKNS_4MarkERKT_[_ZN4YAML12BadSubscriptC5IA17_cEERKNS_4MarkERKT_]+0x118): undefined reference to `vtable for YAML::BadSubscript'
/usr/bin/ld: CMakeFiles/fastlio_mapping.dir/src/preprocess.cpp.o: in function `YAML::BadSubscript::BadSubscript<char [18]>(YAML::Mark const&, char const (&) [18])':
preprocess.cpp:(.text._ZN4YAML12BadSubscriptC2IA18_cEERKNS_4MarkERKT_[_ZN4YAML12BadSubscriptC5IA18_cEERKNS_4MarkERKT_]+0x80): undefined reference to `vtable for YAML::Exception'
/usr/bin/ld: preprocess.cpp:(.text._ZN4YAML12BadSubscriptC2IA18_cEERKNS_4MarkERKT_[_ZN4YAML12BadSubscriptC5IA18_cEERKNS_4MarkERKT_]+0x90): undefined reference to `vtable for YAML::Exception'
/usr/bin/ld: preprocess.cpp:(.text._ZN4YAML12BadSubscriptC2IA18_cEERKNS_4MarkERKT_[_ZN4YAML12BadSubscriptC5IA18_cEERKNS_4MarkERKT_]+0xdc): undefined reference to `vtable for YAML::RepresentationException'
/usr/bin/ld: preprocess.cpp:(.text._ZN4YAML12BadSubscriptC2IA18_cEERKNS_4MarkERKT_[_ZN4YAML12BadSubscriptC5IA18_cEERKNS_4MarkERKT_]+0xec): undefined reference to `vtable for YAML::RepresentationException'
/usr/bin/ld: preprocess.cpp:(.text._ZN4YAML12BadSubscriptC2IA18_cEERKNS_4MarkERKT_[_ZN4YAML12BadSubscriptC5IA18_cEERKNS_4MarkERKT_]+0x110): undefined reference to `vtable for YAML::BadSubscript'
/usr/bin/ld: preprocess.cpp:(.text._ZN4YAML12BadSubscriptC2IA18_cEERKNS_4MarkERKT_[_ZN4YAML12BadSubscriptC5IA18_cEERKNS_4MarkERKT_]+0x118): undefined reference to `vtable for YAML::BadSubscript'
/usr/bin/ld: CMakeFiles/fastlio_mapping.dir/src/preprocess.cpp.o:(.data.rel.ro._ZTIN4YAML18TypedBadConversionIdEE[_ZTIN4YAML18TypedBadConversionIdEE]+0x10): undefined reference to `typeinfo for YAML::BadConversion'
collect2: error: ld returned 1 exit status
gmake[2]: *** [CMakeFiles/fastlio_mapping.dir/build.make:480: fastlio_mapping] Error 1
gmake[1]: *** [CMakeFiles/Makefile2:593: CMakeFiles/fastlio_mapping.dir/all] Error 2
gmake: *** [Makefile:146: all] Error 2
