[0.050s] Invoking command in '/home/orin-001/sda/agibotnav/build/fast_lio': CMAKE_PREFIX_PATH=${CMAKE_PREFIX_PATH}:/home/orin-001/sda/nav/src/install/nav2_simple_commander:/home/orin-001/sda/agibotnav/install/nav2_simple_commander:/home/orin-001/sda/agibotnav/install/fastlio2_nav:/opt/ros/humble /usr/bin/cmake --build /home/orin-001/sda/agibotnav/build/fast_lio -- -j8 -l8
[0.601s] [  8%] Built target fast_lio__cpp
[0.602s] [ 11%] Built target fast_lio__rosidl_generator_c
[0.603s] [ 11%] Built target ament_cmake_python_symlink_fast_lio
[0.603s] [ 28%] Built target fast_lio__rosidl_typesupport_fastrtps_c
[0.603s] [ 28%] Built target fast_lio__rosidl_typesupport_introspection_cpp
[0.603s] [ 37%] Built target fast_lio__rosidl_typesupport_cpp
[0.603s] [ 45%] Built target fast_lio__rosidl_typesupport_c
[0.604s] [ 54%] Built target fast_lio__rosidl_typesupport_introspection_c
[0.604s] [ 62%] Built target fast_lio__rosidl_typesupport_fastrtps_cpp
[0.604s] [35m[1mConsolidate compiler generated dependencies of target fastlio_mapping[0m
[0.606s] [ 62%] Built target fast_lio
[0.606s] [ 65%] Built target fast_lio__py
[0.606s] [ 68%] [32mBuilding CXX object CMakeFiles/fastlio_mapping.dir/src/preprocess.cpp.o[0m
[0.607s] [ 74%] Built target fast_lio__rosidl_generator_py
[0.608s] [ 88%] Built target fast_lio__rosidl_typesupport_c__pyext
[0.608s] [ 88%] Built target fast_lio__rosidl_typesupport_fastrtps_c__pyext
[0.608s] [ 91%] Built target fast_lio__rosidl_typesupport_introspection_c__pyext
[0.730s] running egg_info
[0.732s] writing fast_lio.egg-info/PKG-INFO
[0.732s] writing dependency_links to fast_lio.egg-info/dependency_links.txt
[0.732s] writing top-level names to fast_lio.egg-info/top_level.txt
[0.740s] reading manifest file 'fast_lio.egg-info/SOURCES.txt'
[0.741s] writing manifest file 'fast_lio.egg-info/SOURCES.txt'
[0.808s] [ 91%] Built target ament_cmake_python_build_fast_lio_egg
[18.921s] [ 94%] [32m[1mLinking CXX executable fastlio_mapping[0m
[21.265s] /usr/bin/ld: CMakeFiles/fastlio_mapping.dir/src/preprocess.cpp.o: in function `YAML::detail::node_data::get<char [17]>(char const (&) [17], std::shared_ptr<YAML::detail::memory_holder>)::{lambda(std::pair<YAML::detail::node*, YAML::detail::node*>)#1}::operator()(std::pair<YAML::detail::node*, YAML::detail::node*>) const [clone .isra.0]':
[21.265s] preprocess.cpp:(.text+0xbe0): undefined reference to `YAML::InvalidNode::~InvalidNode()'
[21.266s] /usr/bin/ld: preprocess.cpp:(.text+0xbe4): undefined reference to `typeinfo for YAML::InvalidNode'
[21.266s] /usr/bin/ld: preprocess.cpp:(.text+0xbec): undefined reference to `YAML::InvalidNode::~InvalidNode()'
[21.266s] /usr/bin/ld: preprocess.cpp:(.text+0xbf0): undefined reference to `typeinfo for YAML::InvalidNode'
[21.266s] /usr/bin/ld: CMakeFiles/fastlio_mapping.dir/src/preprocess.cpp.o: in function `YAML::detail::node_data::get<char [18]>(char const (&) [18], std::shared_ptr<YAML::detail::memory_holder>)::{lambda(std::pair<YAML::detail::node*, YAML::detail::node*>)#1}::operator()(std::pair<YAML::detail::node*, YAML::detail::node*>) const [clone .isra.0]':
[21.267s] preprocess.cpp:(.text+0xe20): undefined reference to `YAML::InvalidNode::~InvalidNode()'
[21.267s] /usr/bin/ld: preprocess.cpp:(.text+0xe24): undefined reference to `typeinfo for YAML::InvalidNode'
[21.267s] /usr/bin/ld: preprocess.cpp:(.text+0xe2c): undefined reference to `YAML::InvalidNode::~InvalidNode()'
[21.268s] /usr/bin/ld: preprocess.cpp:(.text+0xe30): undefined reference to `typeinfo for YAML::InvalidNode'
[21.268s] /usr/bin/ld: CMakeFiles/fastlio_mapping.dir/src/preprocess.cpp.o: in function `load_tilt_config()':
[21.268s] preprocess.cpp:(.text+0x2a48): undefined reference to `YAML::LoadFile(std::__cxx11::basic_string<char, std::char_traits<char>, std::allocator<char> > const&)'
[21.268s] /usr/bin/ld: preprocess.cpp:(.text+0x2af8): undefined reference to `YAML::detail::node_data::convert_to_map(std::shared_ptr<YAML::detail::memory_holder> const&)'
[21.269s] /usr/bin/ld: preprocess.cpp:(.text+0x3130): undefined reference to `YAML::detail::node_data::convert_to_map(std::shared_ptr<YAML::detail::memory_holder> const&)'
[21.269s] /usr/bin/ld: preprocess.cpp:(.text+0x3754): undefined reference to `YAML::detail::memory_holder::merge(YAML::detail::memory_holder&)'
[21.269s] /usr/bin/ld: preprocess.cpp:(.text+0x3778): undefined reference to `YAML::detail::memory::create_node()'
[21.269s] /usr/bin/ld: preprocess.cpp:(.text+0x378c): undefined reference to `YAML::detail::node_data::insert_map_pair(YAML::detail::node&, YAML::detail::node&)'
[21.269s] /usr/bin/ld: preprocess.cpp:(.text+0x38c4): undefined reference to `YAML::InvalidNode::~InvalidNode()'
[21.269s] /usr/bin/ld: preprocess.cpp:(.text+0x38c8): undefined reference to `typeinfo for YAML::InvalidNode'
[21.269s] /usr/bin/ld: preprocess.cpp:(.text+0x38d0): undefined reference to `YAML::InvalidNode::~InvalidNode()'
[21.269s] /usr/bin/ld: preprocess.cpp:(.text+0x38d4): undefined reference to `typeinfo for YAML::InvalidNode'
[21.269s] /usr/bin/ld: preprocess.cpp:(.text+0x3908): undefined reference to `YAML::InvalidNode::~InvalidNode()'
[21.270s] /usr/bin/ld: preprocess.cpp:(.text+0x390c): undefined reference to `typeinfo for YAML::InvalidNode'
[21.270s] /usr/bin/ld: preprocess.cpp:(.text+0x3914): undefined reference to `YAML::InvalidNode::~InvalidNode()'
[21.270s] /usr/bin/ld: preprocess.cpp:(.text+0x3918): undefined reference to `typeinfo for YAML::InvalidNode'
[21.270s] /usr/bin/ld: preprocess.cpp:(.text+0x397c): undefined reference to `YAML::InvalidNode::~InvalidNode()'
[21.270s] /usr/bin/ld: preprocess.cpp:(.text+0x3980): undefined reference to `typeinfo for YAML::InvalidNode'
[21.270s] /usr/bin/ld: preprocess.cpp:(.text+0x3988): undefined reference to `YAML::InvalidNode::~InvalidNode()'
[21.270s] /usr/bin/ld: preprocess.cpp:(.text+0x398c): undefined reference to `typeinfo for YAML::InvalidNode'
[21.270s] /usr/bin/ld: preprocess.cpp:(.text+0x39c0): undefined reference to `YAML::InvalidNode::~InvalidNode()'
[21.270s] /usr/bin/ld: preprocess.cpp:(.text+0x39c4): undefined reference to `typeinfo for YAML::InvalidNode'
[21.270s] /usr/bin/ld: preprocess.cpp:(.text+0x39cc): undefined reference to `YAML::InvalidNode::~InvalidNode()'
[21.270s] /usr/bin/ld: preprocess.cpp:(.text+0x39d0): undefined reference to `typeinfo for YAML::InvalidNode'
[21.271s] /usr/bin/ld: preprocess.cpp:(.text+0x3c50): undefined reference to `YAML::detail::memory_holder::merge(YAML::detail::memory_holder&)'
[21.271s] /usr/bin/ld: preprocess.cpp:(.text+0x3c74): undefined reference to `YAML::detail::memory::create_node()'
[21.271s] /usr/bin/ld: preprocess.cpp:(.text+0x3c88): undefined reference to `YAML::detail::node_data::insert_map_pair(YAML::detail::node&, YAML::detail::node&)'
[21.271s] /usr/bin/ld: preprocess.cpp:(.text+0x3da8): undefined reference to `YAML::InvalidNode::~InvalidNode()'
[21.271s] /usr/bin/ld: preprocess.cpp:(.text+0x3dac): undefined reference to `typeinfo for YAML::InvalidNode'
[21.271s] /usr/bin/ld: preprocess.cpp:(.text+0x3db4): undefined reference to `YAML::InvalidNode::~InvalidNode()'
[21.271s] /usr/bin/ld: preprocess.cpp:(.text+0x3db8): undefined reference to `typeinfo for YAML::InvalidNode'
[21.271s] /usr/bin/ld: preprocess.cpp:(.text+0x3e1c): undefined reference to `YAML::InvalidNode::~InvalidNode()'
[21.271s] /usr/bin/ld: preprocess.cpp:(.text+0x3e20): undefined reference to `typeinfo for YAML::InvalidNode'
[21.271s] /usr/bin/ld: preprocess.cpp:(.text+0x3e28): undefined reference to `YAML::InvalidNode::~InvalidNode()'
[21.271s] /usr/bin/ld: preprocess.cpp:(.text+0x3e2c): undefined reference to `typeinfo for YAML::InvalidNode'
[21.272s] /usr/bin/ld: preprocess.cpp:(.text+0x3e60): undefined reference to `YAML::InvalidNode::~InvalidNode()'
[21.272s] /usr/bin/ld: preprocess.cpp:(.text+0x3e64): undefined reference to `typeinfo for YAML::InvalidNode'
[21.272s] /usr/bin/ld: preprocess.cpp:(.text+0x3e6c): undefined reference to `YAML::InvalidNode::~InvalidNode()'
[21.272s] /usr/bin/ld: preprocess.cpp:(.text+0x3e70): undefined reference to `typeinfo for YAML::InvalidNode'
[21.272s] /usr/bin/ld: preprocess.cpp:(.text+0x3ed4): undefined reference to `YAML::InvalidNode::~InvalidNode()'
[21.272s] /usr/bin/ld: preprocess.cpp:(.text+0x3ed8): undefined reference to `typeinfo for YAML::InvalidNode'
[21.272s] /usr/bin/ld: preprocess.cpp:(.text+0x3ee0): undefined reference to `YAML::InvalidNode::~InvalidNode()'
[21.272s] /usr/bin/ld: preprocess.cpp:(.text+0x3ee4): undefined reference to `typeinfo for YAML::InvalidNode'
[21.272s] /usr/bin/ld: preprocess.cpp:(.text+0x45e4): undefined reference to `YAML::BadSubscript::~BadSubscript()'
[21.272s] /usr/bin/ld: preprocess.cpp:(.text+0x45e8): undefined reference to `typeinfo for YAML::BadSubscript'
[21.273s] /usr/bin/ld: preprocess.cpp:(.text+0x45f0): undefined reference to `YAML::BadSubscript::~BadSubscript()'
[21.273s] /usr/bin/ld: preprocess.cpp:(.text+0x45f4): undefined reference to `typeinfo for YAML::BadSubscript'
[21.273s] /usr/bin/ld: preprocess.cpp:(.text+0x4760): undefined reference to `YAML::InvalidNode::~InvalidNode()'
[21.273s] /usr/bin/ld: preprocess.cpp:(.text+0x4764): undefined reference to `typeinfo for YAML::InvalidNode'
[21.273s] /usr/bin/ld: preprocess.cpp:(.text+0x4770): undefined reference to `YAML::InvalidNode::~InvalidNode()'
[21.273s] /usr/bin/ld: preprocess.cpp:(.text+0x4774): undefined reference to `typeinfo for YAML::InvalidNode'
[21.273s] /usr/bin/ld: preprocess.cpp:(.text+0x489c): undefined reference to `YAML::BadSubscript::~BadSubscript()'
[21.273s] /usr/bin/ld: preprocess.cpp:(.text+0x48a0): undefined reference to `typeinfo for YAML::BadSubscript'
[21.273s] /usr/bin/ld: preprocess.cpp:(.text+0x48a8): undefined reference to `YAML::BadSubscript::~BadSubscript()'
[21.273s] /usr/bin/ld: preprocess.cpp:(.text+0x48ac): undefined reference to `typeinfo for YAML::BadSubscript'
[21.273s] /usr/bin/ld: preprocess.cpp:(.text+0x4950): undefined reference to `YAML::InvalidNode::~InvalidNode()'
[21.274s] /usr/bin/ld: preprocess.cpp:(.text+0x4954): undefined reference to `typeinfo for YAML::InvalidNode'
[21.274s] /usr/bin/ld: preprocess.cpp:(.text+0x495c): undefined reference to `YAML::InvalidNode::~InvalidNode()'
[21.274s] /usr/bin/ld: preprocess.cpp:(.text+0x4960): undefined reference to `typeinfo for YAML::InvalidNode'
[21.274s] /usr/bin/ld: CMakeFiles/fastlio_mapping.dir/src/preprocess.cpp.o: in function `YAML::TypedBadConversion<double>::~TypedBadConversion()':
[21.274s] preprocess.cpp:(.text._ZN4YAML18TypedBadConversionIdED2Ev[_ZN4YAML18TypedBadConversionIdED5Ev]+0x10): undefined reference to `YAML::BadConversion::~BadConversion()'
[21.274s] /usr/bin/ld: CMakeFiles/fastlio_mapping.dir/src/preprocess.cpp.o: in function `YAML::TypedBadConversion<double>::~TypedBadConversion()':
[21.274s] preprocess.cpp:(.text._ZN4YAML18TypedBadConversionIdED0Ev[_ZN4YAML18TypedBadConversionIdED5Ev]+0x20): undefined reference to `YAML::BadConversion::~BadConversion()'
[21.274s] /usr/bin/ld: CMakeFiles/fastlio_mapping.dir/src/preprocess.cpp.o: in function `YAML::detail::node::mark_defined()':
[21.274s] preprocess.cpp:(.text._ZN4YAML6detail4node12mark_definedEv[_ZN4YAML6detail4node12mark_definedEv]+0x34): undefined reference to `YAML::detail::node_data::mark_defined()'
[21.274s] /usr/bin/ld: preprocess.cpp:(.text._ZN4YAML6detail4node12mark_definedEv[_ZN4YAML6detail4node12mark_definedEv]+0x80): undefined reference to `YAML::detail::node_data::mark_defined()'
[21.275s] /usr/bin/ld: preprocess.cpp:(.text._ZN4YAML6detail4node12mark_definedEv[_ZN4YAML6detail4node12mark_definedEv]+0xbc): undefined reference to `YAML::detail::node_data::mark_defined()'
[21.275s] /usr/bin/ld: preprocess.cpp:(.text._ZN4YAML6detail4node12mark_definedEv[_ZN4YAML6detail4node12mark_definedEv]+0xf8): undefined reference to `YAML::detail::node_data::mark_defined()'
[21.275s] /usr/bin/ld: preprocess.cpp:(.text._ZN4YAML6detail4node12mark_definedEv[_ZN4YAML6detail4node12mark_definedEv]+0x134): undefined reference to `YAML::detail::node_data::mark_defined()'
[21.275s] /usr/bin/ld: CMakeFiles/fastlio_mapping.dir/src/preprocess.cpp.o:preprocess.cpp:(.text._ZN4YAML6detail4node12mark_definedEv[_ZN4YAML6detail4node12mark_definedEv]+0x168): more undefined references to `YAML::detail::node_data::mark_defined()' follow
[21.275s] /usr/bin/ld: CMakeFiles/fastlio_mapping.dir/src/preprocess.cpp.o: in function `YAML::BadConversion::BadConversion(YAML::Mark const&)':
[21.275s] preprocess.cpp:(.text._ZN4YAML13BadConversionC2ERKNS_4MarkE[_ZN4YAML13BadConversionC5ERKNS_4MarkE]+0x98): undefined reference to `vtable for YAML::Exception'
[21.275s] /usr/bin/ld: preprocess.cpp:(.text._ZN4YAML13BadConversionC2ERKNS_4MarkE[_ZN4YAML13BadConversionC5ERKNS_4MarkE]+0xa8): undefined reference to `vtable for YAML::Exception'
[21.275s] /usr/bin/ld: preprocess.cpp:(.text._ZN4YAML13BadConversionC2ERKNS_4MarkE[_ZN4YAML13BadConversionC5ERKNS_4MarkE]+0xf4): undefined reference to `vtable for YAML::RepresentationException'
[21.275s] /usr/bin/ld: preprocess.cpp:(.text._ZN4YAML13BadConversionC2ERKNS_4MarkE[_ZN4YAML13BadConversionC5ERKNS_4MarkE]+0x100): undefined reference to `vtable for YAML::RepresentationException'
[21.275s] /usr/bin/ld: preprocess.cpp:(.text._ZN4YAML13BadConversionC2ERKNS_4MarkE[_ZN4YAML13BadConversionC5ERKNS_4MarkE]+0x124): undefined reference to `vtable for YAML::BadConversion'
[21.275s] /usr/bin/ld: preprocess.cpp:(.text._ZN4YAML13BadConversionC2ERKNS_4MarkE[_ZN4YAML13BadConversionC5ERKNS_4MarkE]+0x12c): undefined reference to `vtable for YAML::BadConversion'
[21.276s] /usr/bin/ld: CMakeFiles/fastlio_mapping.dir/src/preprocess.cpp.o: in function `YAML::InvalidNode::InvalidNode(std::__cxx11::basic_string<char, std::char_traits<char>, std::allocator<char> > const&)':
[21.276s] preprocess.cpp:(.text._ZN4YAML11InvalidNodeC2ERKNSt7__cxx1112basic_stringIcSt11char_traitsIcESaIcEEE[_ZN4YAML11InvalidNodeC5ERKNSt7__cxx1112basic_stringIcSt11char_traitsIcESaIcEEE]+0x2a0): undefined reference to `vtable for YAML::Exception'
[21.276s] /usr/bin/ld: preprocess.cpp:(.text._ZN4YAML11InvalidNodeC2ERKNSt7__cxx1112basic_stringIcSt11char_traitsIcESaIcEEE[_ZN4YAML11InvalidNodeC5ERKNSt7__cxx1112basic_stringIcSt11char_traitsIcESaIcEEE]+0x2b0): undefined reference to `vtable for YAML::Exception'
[21.276s] /usr/bin/ld: preprocess.cpp:(.text._ZN4YAML11InvalidNodeC2ERKNSt7__cxx1112basic_stringIcSt11char_traitsIcESaIcEEE[_ZN4YAML11InvalidNodeC5ERKNSt7__cxx1112basic_stringIcSt11char_traitsIcESaIcEEE]+0x2f8): undefined reference to `vtable for YAML::RepresentationException'
[21.276s] /usr/bin/ld: preprocess.cpp:(.text._ZN4YAML11InvalidNodeC2ERKNSt7__cxx1112basic_stringIcSt11char_traitsIcESaIcEEE[_ZN4YAML11InvalidNodeC5ERKNSt7__cxx1112basic_stringIcSt11char_traitsIcESaIcEEE]+0x304): undefined reference to `vtable for YAML::RepresentationException'
[21.276s] /usr/bin/ld: preprocess.cpp:(.text._ZN4YAML11InvalidNodeC2ERKNSt7__cxx1112basic_stringIcSt11char_traitsIcESaIcEEE[_ZN4YAML11InvalidNodeC5ERKNSt7__cxx1112basic_stringIcSt11char_traitsIcESaIcEEE]+0x328): undefined reference to `vtable for YAML::InvalidNode'
[21.276s] /usr/bin/ld: preprocess.cpp:(.text._ZN4YAML11InvalidNodeC2ERKNSt7__cxx1112basic_stringIcSt11char_traitsIcESaIcEEE[_ZN4YAML11InvalidNodeC5ERKNSt7__cxx1112basic_stringIcSt11char_traitsIcESaIcEEE]+0x330): undefined reference to `vtable for YAML::InvalidNode'
[21.276s] /usr/bin/ld: CMakeFiles/fastlio_mapping.dir/src/preprocess.cpp.o: in function `YAML::Node::Mark() const':
[21.276s] preprocess.cpp:(.text._ZNK4YAML4Node4MarkEv[_ZNK4YAML4Node4MarkEv]+0x90): undefined reference to `YAML::InvalidNode::~InvalidNode()'
[21.276s] /usr/bin/ld: preprocess.cpp:(.text._ZNK4YAML4Node4MarkEv[_ZNK4YAML4Node4MarkEv]+0x94): undefined reference to `typeinfo for YAML::InvalidNode'
[21.277s] /usr/bin/ld: preprocess.cpp:(.text._ZNK4YAML4Node4MarkEv[_ZNK4YAML4Node4MarkEv]+0x9c): undefined reference to `YAML::InvalidNode::~InvalidNode()'
[21.277s] /usr/bin/ld: preprocess.cpp:(.text._ZNK4YAML4Node4MarkEv[_ZNK4YAML4Node4MarkEv]+0xa0): undefined reference to `typeinfo for YAML::InvalidNode'
[21.277s] /usr/bin/ld: CMakeFiles/fastlio_mapping.dir/src/preprocess.cpp.o: in function `YAML::Node::EnsureNodeExists() const':
[21.277s] preprocess.cpp:(.text._ZNK4YAML4Node16EnsureNodeExistsEv[_ZNK4YAML4Node16EnsureNodeExistsEv]+0xcc): undefined reference to `YAML::detail::memory::create_node()'
[21.277s] /usr/bin/ld: preprocess.cpp:(.text._ZNK4YAML4Node16EnsureNodeExistsEv[_ZNK4YAML4Node16EnsureNodeExistsEv]+0xec): undefined reference to `YAML::detail::node_data::mark_defined()'
[21.277s] /usr/bin/ld: preprocess.cpp:(.text._ZNK4YAML4Node16EnsureNodeExistsEv[_ZNK4YAML4Node16EnsureNodeExistsEv]+0x15c): undefined reference to `YAML::detail::node_data::set_null()'
[21.277s] /usr/bin/ld: preprocess.cpp:(.text._ZNK4YAML4Node16EnsureNodeExistsEv[_ZNK4YAML4Node16EnsureNodeExistsEv]+0x18c): undefined reference to `YAML::InvalidNode::~InvalidNode()'
[21.277s] /usr/bin/ld: preprocess.cpp:(.text._ZNK4YAML4Node16EnsureNodeExistsEv[_ZNK4YAML4Node16EnsureNodeExistsEv]+0x190): undefined reference to `typeinfo for YAML::InvalidNode'
[21.277s] /usr/bin/ld: preprocess.cpp:(.text._ZNK4YAML4Node16EnsureNodeExistsEv[_ZNK4YAML4Node16EnsureNodeExistsEv]+0x19c): undefined reference to `YAML::InvalidNode::~InvalidNode()'
[21.277s] /usr/bin/ld: preprocess.cpp:(.text._ZNK4YAML4Node16EnsureNodeExistsEv[_ZNK4YAML4Node16EnsureNodeExistsEv]+0x1a0): undefined reference to `typeinfo for YAML::InvalidNode'
[21.278s] /usr/bin/ld: CMakeFiles/fastlio_mapping.dir/src/preprocess.cpp.o: in function `YAML::Node::Node<char const*>(char const* const&)':
[21.278s] preprocess.cpp:(.text._ZN4YAML4NodeC2IPKcEERKT_[_ZN4YAML4NodeC5IPKcEERKT_]+0xe8): undefined reference to `YAML::detail::memory::create_node()'
[21.278s] /usr/bin/ld: preprocess.cpp:(.text._ZN4YAML4NodeC2IPKcEERKT_[_ZN4YAML4NodeC5IPKcEERKT_]+0x154): undefined reference to `YAML::detail::node_data::mark_defined()'
[21.278s] /usr/bin/ld: preprocess.cpp:(.text._ZN4YAML4NodeC2IPKcEERKT_[_ZN4YAML4NodeC5IPKcEERKT_]+0x1c0): undefined reference to `YAML::detail::node_data::set_scalar(std::__cxx11::basic_string<char, std::char_traits<char>, std::allocator<char> > const&)'
[21.278s] /usr/bin/ld: CMakeFiles/fastlio_mapping.dir/src/preprocess.cpp.o: in function `YAML::BadSubscript::BadSubscript<char [17]>(YAML::Mark const&, char const (&) [17])':
[21.278s] preprocess.cpp:(.text._ZN4YAML12BadSubscriptC2IA17_cEERKNS_4MarkERKT_[_ZN4YAML12BadSubscriptC5IA17_cEERKNS_4MarkERKT_]+0x80): undefined reference to `vtable for YAML::Exception'
[21.278s] /usr/bin/ld: preprocess.cpp:(.text._ZN4YAML12BadSubscriptC2IA17_cEERKNS_4MarkERKT_[_ZN4YAML12BadSubscriptC5IA17_cEERKNS_4MarkERKT_]+0x90): undefined reference to `vtable for YAML::Exception'
[21.278s] /usr/bin/ld: preprocess.cpp:(.text._ZN4YAML12BadSubscriptC2IA17_cEERKNS_4MarkERKT_[_ZN4YAML12BadSubscriptC5IA17_cEERKNS_4MarkERKT_]+0xdc): undefined reference to `vtable for YAML::RepresentationException'
[21.278s] /usr/bin/ld: preprocess.cpp:(.text._ZN4YAML12BadSubscriptC2IA17_cEERKNS_4MarkERKT_[_ZN4YAML12BadSubscriptC5IA17_cEERKNS_4MarkERKT_]+0xec): undefined reference to `vtable for YAML::RepresentationException'
[21.278s] /usr/bin/ld: preprocess.cpp:(.text._ZN4YAML12BadSubscriptC2IA17_cEERKNS_4MarkERKT_[_ZN4YAML12BadSubscriptC5IA17_cEERKNS_4MarkERKT_]+0x110): undefined reference to `vtable for YAML::BadSubscript'
[21.278s] /usr/bin/ld: preprocess.cpp:(.text._ZN4YAML12BadSubscriptC2IA17_cEERKNS_4MarkERKT_[_ZN4YAML12BadSubscriptC5IA17_cEERKNS_4MarkERKT_]+0x118): undefined reference to `vtable for YAML::BadSubscript'
[21.279s] /usr/bin/ld: CMakeFiles/fastlio_mapping.dir/src/preprocess.cpp.o: in function `YAML::BadSubscript::BadSubscript<char [18]>(YAML::Mark const&, char const (&) [18])':
[21.279s] preprocess.cpp:(.text._ZN4YAML12BadSubscriptC2IA18_cEERKNS_4MarkERKT_[_ZN4YAML12BadSubscriptC5IA18_cEERKNS_4MarkERKT_]+0x80): undefined reference to `vtable for YAML::Exception'
[21.279s] /usr/bin/ld: preprocess.cpp:(.text._ZN4YAML12BadSubscriptC2IA18_cEERKNS_4MarkERKT_[_ZN4YAML12BadSubscriptC5IA18_cEERKNS_4MarkERKT_]+0x90): undefined reference to `vtable for YAML::Exception'
[21.279s] /usr/bin/ld: preprocess.cpp:(.text._ZN4YAML12BadSubscriptC2IA18_cEERKNS_4MarkERKT_[_ZN4YAML12BadSubscriptC5IA18_cEERKNS_4MarkERKT_]+0xdc): undefined reference to `vtable for YAML::RepresentationException'
[21.279s] /usr/bin/ld: preprocess.cpp:(.text._ZN4YAML12BadSubscriptC2IA18_cEERKNS_4MarkERKT_[_ZN4YAML12BadSubscriptC5IA18_cEERKNS_4MarkERKT_]+0xec): undefined reference to `vtable for YAML::RepresentationException'
[21.279s] /usr/bin/ld: preprocess.cpp:(.text._ZN4YAML12BadSubscriptC2IA18_cEERKNS_4MarkERKT_[_ZN4YAML12BadSubscriptC5IA18_cEERKNS_4MarkERKT_]+0x110): undefined reference to `vtable for YAML::BadSubscript'
[21.279s] /usr/bin/ld: preprocess.cpp:(.text._ZN4YAML12BadSubscriptC2IA18_cEERKNS_4MarkERKT_[_ZN4YAML12BadSubscriptC5IA18_cEERKNS_4MarkERKT_]+0x118): undefined reference to `vtable for YAML::BadSubscript'
[21.279s] /usr/bin/ld: CMakeFiles/fastlio_mapping.dir/src/preprocess.cpp.o:(.data.rel.ro._ZTIN4YAML18TypedBadConversionIdEE[_ZTIN4YAML18TypedBadConversionIdEE]+0x10): undefined reference to `typeinfo for YAML::BadConversion'
[21.329s] collect2: error: ld returned 1 exit status
[21.334s] gmake[2]: *** [CMakeFiles/fastlio_mapping.dir/build.make:480: fastlio_mapping] Error 1
[21.334s] gmake[1]: *** [CMakeFiles/Makefile2:593: CMakeFiles/fastlio_mapping.dir/all] Error 2
[21.335s] gmake: *** [Makefile:146: all] Error 2
[21.340s] Invoked command in '/home/orin-001/sda/agibotnav/build/fast_lio' returned '2': CMAKE_PREFIX_PATH=${CMAKE_PREFIX_PATH}:/home/orin-001/sda/nav/src/install/nav2_simple_commander:/home/orin-001/sda/agibotnav/install/nav2_simple_commander:/home/orin-001/sda/agibotnav/install/fastlio2_nav:/opt/ros/humble /usr/bin/cmake --build /home/orin-001/sda/agibotnav/build/fast_lio -- -j8 -l8
