[0.019s] Invoking command in '/home/orin-001/sda/agibotnav/build/dwb_msgs': AMENT_PREFIX_PATH=/home/orin-001/sda/agibotnav/install/nav_2d_msgs:${AMENT_PREFIX_PATH} CMAKE_PREFIX_PATH=/home/orin-001/sda/agibotnav/install/nav_2d_msgs:/home/orin-001/sda/driver/install/livox_ros_driver2:/home/orin-001/sda/agibotnav/install/fast_lio:/opt/ros/humble LD_LIBRARY_PATH=/home/orin-001/sda/agibotnav/install/nav_2d_msgs/lib:/home/orin-001/sda/driver/install/livox_sdk2/lib:/home/orin-001/sda/driver/install/livox_ros_driver2/lib:/home/orin-001/sda/agibotnav/install/fast_lio/lib:/opt/ros/humble/opt/rviz_ogre_vendor/lib:/opt/ros/humble/lib/aarch64-linux-gnu:/opt/ros/humble/lib:/home/orin-001/ros_noetic_ws/devel/lib PYTHONPATH=/home/orin-001/sda/agibotnav/install/nav_2d_msgs/local/lib/python3.10/dist-packages:${PYTHONPATH} /usr/bin/cmake /home/orin-001/sda/agibotnav/src/navigation2/nav2_dwb_controller/dwb_msgs -DCMAKE_INSTALL_PREFIX=/home/orin-001/sda/agibotnav/install/dwb_msgs
[0.105s] -- The C compiler identification is GNU 11.4.0
[0.190s] -- The CXX compiler identification is GNU 11.4.0
[0.201s] -- Detecting C compiler ABI info
[0.311s] -- Detecting C compiler ABI info - done
[0.322s] -- Check for working C compiler: /usr/bin/cc - skipped
[0.323s] -- Detecting C compile features
[0.323s] -- Detecting C compile features - done
[0.330s] -- Detecting CXX compiler ABI info
[0.457s] -- Detecting CXX compiler ABI info - done
[0.469s] -- Check for working CXX compiler: /usr/bin/c++ - skipped
[0.469s] -- Detecting CXX compile features
[0.470s] -- Detecting CXX compile features - done
[0.474s] -- Found builtin_interfaces: 1.2.2 (/opt/ros/humble/share/builtin_interfaces/cmake)
[0.736s] -- Found Python3: /usr/bin/python3 (found version "3.10.12") found components: Interpreter 
[0.961s] -- Found rosidl_generator_c: 3.1.8 (/opt/ros/humble/share/rosidl_generator_c/cmake)
[0.970s] -- Found rosidl_adapter: 3.1.8 (/opt/ros/humble/share/rosidl_adapter/cmake)
[0.987s] -- Found rosidl_generator_cpp: 3.1.8 (/opt/ros/humble/share/rosidl_generator_cpp/cmake)
[1.007s] -- Using all available rosidl_typesupport_c: rosidl_typesupport_fastrtps_c;rosidl_typesupport_introspection_c
[1.037s] -- Using all available rosidl_typesupport_cpp: rosidl_typesupport_fastrtps_cpp;rosidl_typesupport_introspection_cpp
[1.064s] -- Found geometry_msgs: 4.9.0 (/opt/ros/humble/share/geometry_msgs/cmake)
[1.109s] -- Found nav_2d_msgs: 1.1.20 (/home/orin-001/sda/agibotnav/install/nav_2d_msgs/share/nav_2d_msgs/cmake)
[1.138s] -- Found nav_msgs: 4.9.0 (/opt/ros/humble/share/nav_msgs/cmake)
[1.167s] -- Found rosidl_default_generators: 1.2.0 (/opt/ros/humble/share/rosidl_default_generators/cmake)
[1.818s] -- Found ament_cmake_ros: 0.10.0 (/opt/ros/humble/share/ament_cmake_ros/cmake)
[2.608s] -- Using all available rosidl_typesupport_c: rosidl_typesupport_fastrtps_c;rosidl_typesupport_introspection_c
[2.917s] -- Using all available rosidl_typesupport_cpp: rosidl_typesupport_fastrtps_cpp;rosidl_typesupport_introspection_cpp
[2.959s] -- Found PythonInterp: /usr/bin/python3 (found suitable version "3.10.12", minimum required is "3.6") 
[2.961s] -- Found python_cmake_module: 0.10.0 (/opt/ros/humble/share/python_cmake_module/cmake)
[3.007s] -- Found PythonLibs: /usr/lib/aarch64-linux-gnu/libpython3.10.so (found suitable version "3.10.12", minimum required is "3.5") 
[3.007s] -- Using PYTHON_EXECUTABLE: /usr/bin/python3
[3.007s] -- Using PYTHON_INCLUDE_DIRS: /usr/include/python3.10
[3.007s] -- Using PYTHON_LIBRARIES: /usr/lib/aarch64-linux-gnu/libpython3.10.so
[3.045s] -- Found PythonExtra: .so  
[3.177s] -- Configuring done
[3.272s] -- Generating done
[3.297s] -- Build files have been written to: /home/orin-001/sda/agibotnav/build/dwb_msgs
[3.319s] Invoked command in '/home/orin-001/sda/agibotnav/build/dwb_msgs' returned '0': AMENT_PREFIX_PATH=/home/orin-001/sda/agibotnav/install/nav_2d_msgs:${AMENT_PREFIX_PATH} CMAKE_PREFIX_PATH=/home/orin-001/sda/agibotnav/install/nav_2d_msgs:/home/orin-001/sda/driver/install/livox_ros_driver2:/home/orin-001/sda/agibotnav/install/fast_lio:/opt/ros/humble LD_LIBRARY_PATH=/home/orin-001/sda/agibotnav/install/nav_2d_msgs/lib:/home/orin-001/sda/driver/install/livox_sdk2/lib:/home/orin-001/sda/driver/install/livox_ros_driver2/lib:/home/orin-001/sda/agibotnav/install/fast_lio/lib:/opt/ros/humble/opt/rviz_ogre_vendor/lib:/opt/ros/humble/lib/aarch64-linux-gnu:/opt/ros/humble/lib:/home/orin-001/ros_noetic_ws/devel/lib PYTHONPATH=/home/orin-001/sda/agibotnav/install/nav_2d_msgs/local/lib/python3.10/dist-packages:${PYTHONPATH} /usr/bin/cmake /home/orin-001/sda/agibotnav/src/navigation2/nav2_dwb_controller/dwb_msgs -DCMAKE_INSTALL_PREFIX=/home/orin-001/sda/agibotnav/install/dwb_msgs
[3.321s] Invoking command in '/home/orin-001/sda/agibotnav/build/dwb_msgs': AMENT_PREFIX_PATH=/home/orin-001/sda/agibotnav/install/nav_2d_msgs:${AMENT_PREFIX_PATH} CMAKE_PREFIX_PATH=/home/orin-001/sda/agibotnav/install/nav_2d_msgs:/home/orin-001/sda/driver/install/livox_ros_driver2:/home/orin-001/sda/agibotnav/install/fast_lio:/opt/ros/humble LD_LIBRARY_PATH=/home/orin-001/sda/agibotnav/install/nav_2d_msgs/lib:/home/orin-001/sda/driver/install/livox_sdk2/lib:/home/orin-001/sda/driver/install/livox_ros_driver2/lib:/home/orin-001/sda/agibotnav/install/fast_lio/lib:/opt/ros/humble/opt/rviz_ogre_vendor/lib:/opt/ros/humble/lib/aarch64-linux-gnu:/opt/ros/humble/lib:/home/orin-001/ros_noetic_ws/devel/lib PYTHONPATH=/home/orin-001/sda/agibotnav/install/nav_2d_msgs/local/lib/python3.10/dist-packages:${PYTHONPATH} /usr/bin/cmake --build /home/orin-001/sda/agibotnav/build/dwb_msgs -- -j8 -l8
[3.391s] [  1%] [34m[1mGenerating C code for ROS interfaces[0m
[3.408s] [  2%] [34m[1mGenerating C++ code for ROS interfaces[0m
[3.422s] [  2%] Built target ament_cmake_python_copy_dwb_msgs
[3.904s] running egg_info
[3.905s] creating dwb_msgs.egg-info
[3.905s] writing dwb_msgs.egg-info/PKG-INFO
[3.905s] writing dependency_links to dwb_msgs.egg-info/dependency_links.txt
[3.906s] writing top-level names to dwb_msgs.egg-info/top_level.txt
[3.909s] writing manifest file 'dwb_msgs.egg-info/SOURCES.txt'
[3.912s] reading manifest file 'dwb_msgs.egg-info/SOURCES.txt'
[3.913s] writing manifest file 'dwb_msgs.egg-info/SOURCES.txt'
[3.982s] [  2%] Built target ament_cmake_python_build_dwb_msgs_egg
[5.186s] [  2%] Built target dwb_msgs__cpp
[5.207s] [  4%] [34m[1mGenerating C++ type support for eProsima Fast-RTPS[0m
[5.207s] [  4%] [34m[1mGenerating C++ type support dispatch for ROS interfaces[0m
[5.213s] [  5%] [34m[1mGenerating C++ introspection for ROS interfaces[0m
[5.360s] [  6%] [32mBuilding C object CMakeFiles/dwb_msgs__rosidl_generator_c.dir/rosidl_generator_c/dwb_msgs/msg/detail/local_plan_evaluation__functions.c.o[0m
[5.361s] [  7%] [32mBuilding C object CMakeFiles/dwb_msgs__rosidl_generator_c.dir/rosidl_generator_c/dwb_msgs/msg/detail/trajectory2_d__functions.c.o[0m
[5.400s] [ 10%] [32mBuilding C object CMakeFiles/dwb_msgs__rosidl_generator_c.dir/rosidl_generator_c/dwb_msgs/srv/detail/debug_local_plan__functions.c.o[0m
[5.400s] [ 10%] [32mBuilding C object CMakeFiles/dwb_msgs__rosidl_generator_c.dir/rosidl_generator_c/dwb_msgs/msg/detail/critic_score__functions.c.o[0m
[5.400s] [ 10%] [32mBuilding C object CMakeFiles/dwb_msgs__rosidl_generator_c.dir/rosidl_generator_c/dwb_msgs/msg/detail/trajectory_score__functions.c.o[0m
[5.535s] [ 11%] [32mBuilding C object CMakeFiles/dwb_msgs__rosidl_generator_c.dir/rosidl_generator_c/dwb_msgs/srv/detail/generate_trajectory__functions.c.o[0m
[5.549s] [ 12%] [32mBuilding C object CMakeFiles/dwb_msgs__rosidl_generator_c.dir/rosidl_generator_c/dwb_msgs/srv/detail/generate_twists__functions.c.o[0m
[5.572s] [ 13%] [32mBuilding C object CMakeFiles/dwb_msgs__rosidl_generator_c.dir/rosidl_generator_c/dwb_msgs/srv/detail/get_critic_score__functions.c.o[0m
[5.616s] [ 14%] [32mBuilding C object CMakeFiles/dwb_msgs__rosidl_generator_c.dir/rosidl_generator_c/dwb_msgs/srv/detail/score_trajectory__functions.c.o[0m
[5.778s] [ 15%] [32m[1mLinking C shared library libdwb_msgs__rosidl_generator_c.so[0m
[5.850s] [ 15%] Built target dwb_msgs__rosidl_generator_c
[5.869s] [ 16%] [34m[1mGenerating C type support for eProsima Fast-RTPS[0m
[5.872s] [ 17%] [34m[1mGenerating C introspection for ROS interfaces[0m
[5.911s] [ 18%] [34m[1mGenerating C type support dispatch for ROS interfaces[0m
[6.691s] [ 20%] [32mBuilding CXX object CMakeFiles/dwb_msgs__rosidl_typesupport_cpp.dir/rosidl_typesupport_cpp/dwb_msgs/msg/critic_score__type_support.cpp.o[0m
[6.704s] [ 21%] [32mBuilding CXX object CMakeFiles/dwb_msgs__rosidl_typesupport_cpp.dir/rosidl_typesupport_cpp/dwb_msgs/msg/local_plan_evaluation__type_support.cpp.o[0m
[7.099s] [ 22%] [32mBuilding CXX object CMakeFiles/dwb_msgs__rosidl_typesupport_cpp.dir/rosidl_typesupport_cpp/dwb_msgs/msg/trajectory2_d__type_support.cpp.o[0m
[7.202s] [ 23%] [32mBuilding CXX object CMakeFiles/dwb_msgs__rosidl_typesupport_fastrtps_cpp.dir/rosidl_typesupport_fastrtps_cpp/dwb_msgs/msg/detail/dds_fastrtps/critic_score__type_support.cpp.o[0m
[7.207s] [ 24%] [32mBuilding CXX object CMakeFiles/dwb_msgs__rosidl_typesupport_introspection_cpp.dir/rosidl_typesupport_introspection_cpp/dwb_msgs/msg/detail/critic_score__type_support.cpp.o[0m
[7.290s] [ 25%] [32mBuilding CXX object CMakeFiles/dwb_msgs__rosidl_typesupport_cpp.dir/rosidl_typesupport_cpp/dwb_msgs/msg/trajectory_score__type_support.cpp.o[0m
[7.523s] [ 26%] [32mBuilding CXX object CMakeFiles/dwb_msgs__rosidl_typesupport_cpp.dir/rosidl_typesupport_cpp/dwb_msgs/srv/debug_local_plan__type_support.cpp.o[0m
[7.787s] [ 27%] [32mBuilding CXX object CMakeFiles/dwb_msgs__rosidl_typesupport_c.dir/rosidl_typesupport_c/dwb_msgs/msg/critic_score__type_support.cpp.o[0m
[7.897s] [ 28%] [32mBuilding CXX object CMakeFiles/dwb_msgs__rosidl_typesupport_c.dir/rosidl_typesupport_c/dwb_msgs/msg/local_plan_evaluation__type_support.cpp.o[0m
[7.914s] [ 29%] [32mBuilding CXX object CMakeFiles/dwb_msgs__rosidl_typesupport_cpp.dir/rosidl_typesupport_cpp/dwb_msgs/srv/generate_trajectory__type_support.cpp.o[0m
[8.001s] [ 30%] [32mBuilding C object CMakeFiles/dwb_msgs__rosidl_typesupport_introspection_c.dir/rosidl_typesupport_introspection_c/dwb_msgs/msg/detail/critic_score__type_support.c.o[0m
[8.044s] [ 31%] [32mBuilding CXX object CMakeFiles/dwb_msgs__rosidl_typesupport_c.dir/rosidl_typesupport_c/dwb_msgs/msg/trajectory2_d__type_support.cpp.o[0m
[8.107s] [ 32%] [32mBuilding C object CMakeFiles/dwb_msgs__rosidl_typesupport_introspection_c.dir/rosidl_typesupport_introspection_c/dwb_msgs/msg/detail/local_plan_evaluation__type_support.c.o[0m
[8.156s] [ 33%] [32mBuilding CXX object CMakeFiles/dwb_msgs__rosidl_typesupport_cpp.dir/rosidl_typesupport_cpp/dwb_msgs/srv/generate_twists__type_support.cpp.o[0m
[8.191s] [ 34%] [32mBuilding CXX object CMakeFiles/dwb_msgs__rosidl_typesupport_c.dir/rosidl_typesupport_c/dwb_msgs/msg/trajectory_score__type_support.cpp.o[0m
[8.264s] [ 35%] [32mBuilding C object CMakeFiles/dwb_msgs__rosidl_typesupport_introspection_c.dir/rosidl_typesupport_introspection_c/dwb_msgs/msg/detail/trajectory2_d__type_support.c.o[0m
[8.370s] [ 36%] [32mBuilding CXX object CMakeFiles/dwb_msgs__rosidl_typesupport_c.dir/rosidl_typesupport_c/dwb_msgs/srv/debug_local_plan__type_support.cpp.o[0m
[8.379s] [ 37%] [32mBuilding CXX object CMakeFiles/dwb_msgs__rosidl_typesupport_introspection_cpp.dir/rosidl_typesupport_introspection_cpp/dwb_msgs/msg/detail/local_plan_evaluation__type_support.cpp.o[0m
[8.394s] [ 38%] [32mBuilding CXX object CMakeFiles/dwb_msgs__rosidl_typesupport_fastrtps_c.dir/rosidl_typesupport_fastrtps_c/dwb_msgs/msg/detail/critic_score__type_support_c.cpp.o[0m
[8.421s] [ 41%] [32mBuilding CXX object CMakeFiles/dwb_msgs__rosidl_typesupport_fastrtps_cpp.dir/rosidl_typesupport_fastrtps_cpp/dwb_msgs/msg/detail/dds_fastrtps/local_plan_evaluation__type_support.cpp.o[0m
[8.421s] [ 41%] [32mBuilding CXX object CMakeFiles/dwb_msgs__rosidl_typesupport_cpp.dir/rosidl_typesupport_cpp/dwb_msgs/srv/get_critic_score__type_support.cpp.o[0m
[8.475s] [ 42%] [32mBuilding C object CMakeFiles/dwb_msgs__rosidl_typesupport_introspection_c.dir/rosidl_typesupport_introspection_c/dwb_msgs/msg/detail/trajectory_score__type_support.c.o[0m
[8.503s] [ 43%] [32mBuilding CXX object CMakeFiles/dwb_msgs__rosidl_typesupport_c.dir/rosidl_typesupport_c/dwb_msgs/srv/generate_trajectory__type_support.cpp.o[0m
[8.684s] [ 44%] [32mBuilding CXX object CMakeFiles/dwb_msgs__rosidl_typesupport_c.dir/rosidl_typesupport_c/dwb_msgs/srv/generate_twists__type_support.cpp.o[0m
[8.697s] [ 45%] [32mBuilding C object CMakeFiles/dwb_msgs__rosidl_typesupport_introspection_c.dir/rosidl_typesupport_introspection_c/dwb_msgs/srv/detail/debug_local_plan__type_support.c.o[0m
[8.846s] [ 46%] [32mBuilding CXX object CMakeFiles/dwb_msgs__rosidl_typesupport_c.dir/rosidl_typesupport_c/dwb_msgs/srv/get_critic_score__type_support.cpp.o[0m
[8.899s] [ 47%] [32mBuilding C object CMakeFiles/dwb_msgs__rosidl_typesupport_introspection_c.dir/rosidl_typesupport_introspection_c/dwb_msgs/srv/detail/generate_trajectory__type_support.c.o[0m
[9.034s] [ 48%] [32mBuilding CXX object CMakeFiles/dwb_msgs__rosidl_typesupport_c.dir/rosidl_typesupport_c/dwb_msgs/srv/score_trajectory__type_support.cpp.o[0m
[9.094s] [ 49%] [32mBuilding C object CMakeFiles/dwb_msgs__rosidl_typesupport_introspection_c.dir/rosidl_typesupport_introspection_c/dwb_msgs/srv/detail/generate_twists__type_support.c.o[0m
[9.164s] [ 50%] [32mBuilding CXX object CMakeFiles/dwb_msgs__rosidl_typesupport_cpp.dir/rosidl_typesupport_cpp/dwb_msgs/srv/score_trajectory__type_support.cpp.o[0m
[9.171s] [ 51%] [32m[1mLinking CXX shared library libdwb_msgs__rosidl_typesupport_c.so[0m
[9.240s] [ 52%] [32mBuilding C object CMakeFiles/dwb_msgs__rosidl_typesupport_introspection_c.dir/rosidl_typesupport_introspection_c/dwb_msgs/srv/detail/get_critic_score__type_support.c.o[0m
[9.277s] [ 52%] Built target dwb_msgs__rosidl_typesupport_c
[9.290s] [ 53%] [32mBuilding C object CMakeFiles/dwb_msgs__rosidl_typesupport_introspection_c.dir/rosidl_typesupport_introspection_c/dwb_msgs/srv/detail/score_trajectory__type_support.c.o[0m
[9.303s] [ 54%] [32mBuilding CXX object CMakeFiles/dwb_msgs__rosidl_typesupport_fastrtps_cpp.dir/rosidl_typesupport_fastrtps_cpp/dwb_msgs/msg/detail/dds_fastrtps/trajectory2_d__type_support.cpp.o[0m
[9.327s] [ 55%] [32mBuilding CXX object CMakeFiles/dwb_msgs__rosidl_typesupport_fastrtps_cpp.dir/rosidl_typesupport_fastrtps_cpp/dwb_msgs/msg/detail/dds_fastrtps/trajectory_score__type_support.cpp.o[0m
[9.469s] [ 56%] [32m[1mLinking C shared library libdwb_msgs__rosidl_typesupport_introspection_c.so[0m
[9.491s] [ 57%] [32mBuilding CXX object CMakeFiles/dwb_msgs__rosidl_typesupport_fastrtps_cpp.dir/rosidl_typesupport_fastrtps_cpp/dwb_msgs/srv/detail/dds_fastrtps/debug_local_plan__type_support.cpp.o[0m
[9.550s] [ 58%] [32mBuilding CXX object CMakeFiles/dwb_msgs__rosidl_typesupport_fastrtps_c.dir/rosidl_typesupport_fastrtps_c/dwb_msgs/msg/detail/local_plan_evaluation__type_support_c.cpp.o[0m
[9.682s] [ 58%] Built target dwb_msgs__rosidl_typesupport_introspection_c
[9.760s] [ 60%] [32mBuilding CXX object CMakeFiles/dwb_msgs__rosidl_typesupport_fastrtps_c.dir/rosidl_typesupport_fastrtps_c/dwb_msgs/msg/detail/trajectory2_d__type_support_c.cpp.o[0m
[10.525s] [ 61%] [32m[1mLinking CXX shared library libdwb_msgs__rosidl_typesupport_cpp.so[0m
[10.679s] [ 62%] [32mBuilding CXX object CMakeFiles/dwb_msgs__rosidl_typesupport_fastrtps_cpp.dir/rosidl_typesupport_fastrtps_cpp/dwb_msgs/srv/detail/dds_fastrtps/generate_trajectory__type_support.cpp.o[0m
[10.812s] [ 62%] Built target dwb_msgs__rosidl_typesupport_cpp
[10.860s] [ 63%] [32mBuilding CXX object CMakeFiles/dwb_msgs__rosidl_typesupport_fastrtps_cpp.dir/rosidl_typesupport_fastrtps_cpp/dwb_msgs/srv/detail/dds_fastrtps/generate_twists__type_support.cpp.o[0m
[11.083s] [ 64%] [32mBuilding CXX object CMakeFiles/dwb_msgs__rosidl_typesupport_introspection_cpp.dir/rosidl_typesupport_introspection_cpp/dwb_msgs/msg/detail/trajectory2_d__type_support.cpp.o[0m
[11.327s] [ 65%] [32mBuilding CXX object CMakeFiles/dwb_msgs__rosidl_typesupport_fastrtps_cpp.dir/rosidl_typesupport_fastrtps_cpp/dwb_msgs/srv/detail/dds_fastrtps/get_critic_score__type_support.cpp.o[0m
[11.363s] [ 66%] [32mBuilding CXX object CMakeFiles/dwb_msgs__rosidl_typesupport_fastrtps_c.dir/rosidl_typesupport_fastrtps_c/dwb_msgs/msg/detail/trajectory_score__type_support_c.cpp.o[0m
[11.378s] [ 67%] [32mBuilding CXX object CMakeFiles/dwb_msgs__rosidl_typesupport_fastrtps_cpp.dir/rosidl_typesupport_fastrtps_cpp/dwb_msgs/srv/detail/dds_fastrtps/score_trajectory__type_support.cpp.o[0m
[11.525s] [ 68%] [32mBuilding CXX object CMakeFiles/dwb_msgs__rosidl_typesupport_fastrtps_c.dir/rosidl_typesupport_fastrtps_c/dwb_msgs/srv/detail/debug_local_plan__type_support_c.cpp.o[0m
[11.885s] [ 69%] [32mBuilding CXX object CMakeFiles/dwb_msgs__rosidl_typesupport_fastrtps_c.dir/rosidl_typesupport_fastrtps_c/dwb_msgs/srv/detail/generate_trajectory__type_support_c.cpp.o[0m
[12.723s] [ 70%] [32mBuilding CXX object CMakeFiles/dwb_msgs__rosidl_typesupport_introspection_cpp.dir/rosidl_typesupport_introspection_cpp/dwb_msgs/msg/detail/trajectory_score__type_support.cpp.o[0m
[12.813s] [ 71%] [32mBuilding CXX object CMakeFiles/dwb_msgs__rosidl_typesupport_fastrtps_c.dir/rosidl_typesupport_fastrtps_c/dwb_msgs/srv/detail/generate_twists__type_support_c.cpp.o[0m
[13.081s] [ 72%] [32mBuilding CXX object CMakeFiles/dwb_msgs__rosidl_typesupport_fastrtps_c.dir/rosidl_typesupport_fastrtps_c/dwb_msgs/srv/detail/get_critic_score__type_support_c.cpp.o[0m
[13.300s] [ 73%] [32mBuilding CXX object CMakeFiles/dwb_msgs__rosidl_typesupport_fastrtps_c.dir/rosidl_typesupport_fastrtps_c/dwb_msgs/srv/detail/score_trajectory__type_support_c.cpp.o[0m
[13.432s] [ 74%] [32mBuilding CXX object CMakeFiles/dwb_msgs__rosidl_typesupport_introspection_cpp.dir/rosidl_typesupport_introspection_cpp/dwb_msgs/srv/detail/debug_local_plan__type_support.cpp.o[0m
[13.484s] [ 75%] [32mBuilding CXX object CMakeFiles/dwb_msgs__rosidl_typesupport_introspection_cpp.dir/rosidl_typesupport_introspection_cpp/dwb_msgs/srv/detail/generate_trajectory__type_support.cpp.o[0m
[13.719s] [ 76%] [32mBuilding CXX object CMakeFiles/dwb_msgs__rosidl_typesupport_introspection_cpp.dir/rosidl_typesupport_introspection_cpp/dwb_msgs/srv/detail/generate_twists__type_support.cpp.o[0m
[13.779s] [ 77%] [32m[1mLinking CXX shared library libdwb_msgs__rosidl_typesupport_fastrtps_cpp.so[0m
[14.283s] [ 77%] Built target dwb_msgs__rosidl_typesupport_fastrtps_cpp
[14.335s] [ 78%] [32mBuilding CXX object CMakeFiles/dwb_msgs__rosidl_typesupport_introspection_cpp.dir/rosidl_typesupport_introspection_cpp/dwb_msgs/srv/detail/get_critic_score__type_support.cpp.o[0m
[14.543s] [ 80%] [32mBuilding CXX object CMakeFiles/dwb_msgs__rosidl_typesupport_introspection_cpp.dir/rosidl_typesupport_introspection_cpp/dwb_msgs/srv/detail/score_trajectory__type_support.cpp.o[0m
[15.167s] [ 81%] [32m[1mLinking CXX shared library libdwb_msgs__rosidl_typesupport_fastrtps_c.so[0m
[15.597s] [ 81%] Built target dwb_msgs__rosidl_typesupport_fastrtps_c
[16.196s] [ 82%] [32m[1mLinking CXX shared library libdwb_msgs__rosidl_typesupport_introspection_cpp.so[0m
[16.520s] [ 82%] Built target dwb_msgs__rosidl_typesupport_introspection_cpp
[16.647s] [ 82%] Built target dwb_msgs
[16.772s] [ 83%] [34m[1mGenerating Python code for ROS interfaces[0m
[20.644s] [ 83%] Built target dwb_msgs__py
[20.771s] [ 84%] [32mBuilding C object CMakeFiles/dwb_msgs__rosidl_generator_py.dir/rosidl_generator_py/dwb_msgs/msg/_critic_score_s.c.o[0m
[20.789s] [ 85%] [32mBuilding C object CMakeFiles/dwb_msgs__rosidl_generator_py.dir/rosidl_generator_py/dwb_msgs/msg/_local_plan_evaluation_s.c.o[0m
[20.795s] [ 86%] [32mBuilding C object CMakeFiles/dwb_msgs__rosidl_generator_py.dir/rosidl_generator_py/dwb_msgs/msg/_trajectory2_d_s.c.o[0m
[20.811s] [ 87%] [32mBuilding C object CMakeFiles/dwb_msgs__rosidl_generator_py.dir/rosidl_generator_py/dwb_msgs/msg/_trajectory_score_s.c.o[0m
[20.816s] [ 88%] [32mBuilding C object CMakeFiles/dwb_msgs__rosidl_generator_py.dir/rosidl_generator_py/dwb_msgs/srv/_debug_local_plan_s.c.o[0m
[20.876s] [ 89%] [32mBuilding C object CMakeFiles/dwb_msgs__rosidl_generator_py.dir/rosidl_generator_py/dwb_msgs/srv/_generate_trajectory_s.c.o[0m
[20.939s] [ 90%] [32mBuilding C object CMakeFiles/dwb_msgs__rosidl_generator_py.dir/rosidl_generator_py/dwb_msgs/srv/_generate_twists_s.c.o[0m
[20.975s] [ 91%] [32mBuilding C object CMakeFiles/dwb_msgs__rosidl_generator_py.dir/rosidl_generator_py/dwb_msgs/srv/_get_critic_score_s.c.o[0m
[21.261s] [ 92%] [32mBuilding C object CMakeFiles/dwb_msgs__rosidl_generator_py.dir/rosidl_generator_py/dwb_msgs/srv/_score_trajectory_s.c.o[0m
[21.723s] [ 93%] [32m[1mLinking C shared library rosidl_generator_py/dwb_msgs/libdwb_msgs__rosidl_generator_py.so[0m
[21.904s] [ 93%] Built target dwb_msgs__rosidl_generator_py
[22.046s] [ 94%] [32mBuilding C object CMakeFiles/dwb_msgs__rosidl_typesupport_fastrtps_c__pyext.dir/rosidl_generator_py/dwb_msgs/_dwb_msgs_s.ep.rosidl_typesupport_fastrtps_c.c.o[0m
[22.061s] [ 95%] [32mBuilding C object CMakeFiles/dwb_msgs__rosidl_typesupport_introspection_c__pyext.dir/rosidl_generator_py/dwb_msgs/_dwb_msgs_s.ep.rosidl_typesupport_introspection_c.c.o[0m
[22.079s] [ 96%] [32mBuilding C object CMakeFiles/dwb_msgs__rosidl_typesupport_c__pyext.dir/rosidl_generator_py/dwb_msgs/_dwb_msgs_s.ep.rosidl_typesupport_c.c.o[0m
[22.456s] [ 97%] [32m[1mLinking C shared library rosidl_generator_py/dwb_msgs/dwb_msgs_s__rosidl_typesupport_fastrtps_c.cpython-310-aarch64-linux-gnu.so[0m
[22.524s] [ 98%] [32m[1mLinking C shared library rosidl_generator_py/dwb_msgs/dwb_msgs_s__rosidl_typesupport_introspection_c.cpython-310-aarch64-linux-gnu.so[0m
[22.697s] [ 98%] Built target dwb_msgs__rosidl_typesupport_fastrtps_c__pyext
[22.716s] [ 98%] Built target dwb_msgs__rosidl_typesupport_introspection_c__pyext
[22.716s] [100%] [32m[1mLinking C shared library rosidl_generator_py/dwb_msgs/dwb_msgs_s__rosidl_typesupport_c.cpython-310-aarch64-linux-gnu.so[0m
[22.810s] [100%] Built target dwb_msgs__rosidl_typesupport_c__pyext
[22.867s] Invoked command in '/home/orin-001/sda/agibotnav/build/dwb_msgs' returned '0': AMENT_PREFIX_PATH=/home/orin-001/sda/agibotnav/install/nav_2d_msgs:${AMENT_PREFIX_PATH} CMAKE_PREFIX_PATH=/home/orin-001/sda/agibotnav/install/nav_2d_msgs:/home/orin-001/sda/driver/install/livox_ros_driver2:/home/orin-001/sda/agibotnav/install/fast_lio:/opt/ros/humble LD_LIBRARY_PATH=/home/orin-001/sda/agibotnav/install/nav_2d_msgs/lib:/home/orin-001/sda/driver/install/livox_sdk2/lib:/home/orin-001/sda/driver/install/livox_ros_driver2/lib:/home/orin-001/sda/agibotnav/install/fast_lio/lib:/opt/ros/humble/opt/rviz_ogre_vendor/lib:/opt/ros/humble/lib/aarch64-linux-gnu:/opt/ros/humble/lib:/home/orin-001/ros_noetic_ws/devel/lib PYTHONPATH=/home/orin-001/sda/agibotnav/install/nav_2d_msgs/local/lib/python3.10/dist-packages:${PYTHONPATH} /usr/bin/cmake --build /home/orin-001/sda/agibotnav/build/dwb_msgs -- -j8 -l8
[22.868s] Invoking command in '/home/orin-001/sda/agibotnav/build/dwb_msgs': AMENT_PREFIX_PATH=/home/orin-001/sda/agibotnav/install/nav_2d_msgs:${AMENT_PREFIX_PATH} CMAKE_PREFIX_PATH=/home/orin-001/sda/agibotnav/install/nav_2d_msgs:/home/orin-001/sda/driver/install/livox_ros_driver2:/home/orin-001/sda/agibotnav/install/fast_lio:/opt/ros/humble LD_LIBRARY_PATH=/home/orin-001/sda/agibotnav/install/nav_2d_msgs/lib:/home/orin-001/sda/driver/install/livox_sdk2/lib:/home/orin-001/sda/driver/install/livox_ros_driver2/lib:/home/orin-001/sda/agibotnav/install/fast_lio/lib:/opt/ros/humble/opt/rviz_ogre_vendor/lib:/opt/ros/humble/lib/aarch64-linux-gnu:/opt/ros/humble/lib:/home/orin-001/ros_noetic_ws/devel/lib PYTHONPATH=/home/orin-001/sda/agibotnav/install/nav_2d_msgs/local/lib/python3.10/dist-packages:${PYTHONPATH} /usr/bin/cmake --install /home/orin-001/sda/agibotnav/build/dwb_msgs
[22.887s] -- Install configuration: ""
[22.888s] -- Installing: /home/orin-001/sda/agibotnav/install/dwb_msgs/share/ament_index/resource_index/rosidl_interfaces/dwb_msgs
[22.888s] -- Installing: /home/orin-001/sda/agibotnav/install/dwb_msgs/include/dwb_msgs/dwb_msgs
[22.888s] -- Installing: /home/orin-001/sda/agibotnav/install/dwb_msgs/include/dwb_msgs/dwb_msgs/srv
[22.888s] -- Installing: /home/orin-001/sda/agibotnav/install/dwb_msgs/include/dwb_msgs/dwb_msgs/srv/detail
[22.888s] -- Installing: /home/orin-001/sda/agibotnav/install/dwb_msgs/include/dwb_msgs/dwb_msgs/srv/detail/generate_trajectory__functions.c
[22.888s] -- Installing: /home/orin-001/sda/agibotnav/install/dwb_msgs/include/dwb_msgs/dwb_msgs/srv/detail/debug_local_plan__struct.h
[22.888s] -- Installing: /home/orin-001/sda/agibotnav/install/dwb_msgs/include/dwb_msgs/dwb_msgs/srv/detail/get_critic_score__struct.h
[22.896s] -- Installing: /home/orin-001/sda/agibotnav/install/dwb_msgs/include/dwb_msgs/dwb_msgs/srv/detail/generate_twists__struct.h
[22.896s] -- Installing: /home/orin-001/sda/agibotnav/install/dwb_msgs/include/dwb_msgs/dwb_msgs/srv/detail/generate_twists__type_support.h
[22.896s] -- Installing: /home/orin-001/sda/agibotnav/install/dwb_msgs/include/dwb_msgs/dwb_msgs/srv/detail/generate_twists__functions.h
[22.896s] -- Installing: /home/orin-001/sda/agibotnav/install/dwb_msgs/include/dwb_msgs/dwb_msgs/srv/detail/generate_twists__functions.c
[22.897s] -- Installing: /home/orin-001/sda/agibotnav/install/dwb_msgs/include/dwb_msgs/dwb_msgs/srv/detail/generate_trajectory__struct.h
[22.897s] -- Installing: /home/orin-001/sda/agibotnav/install/dwb_msgs/include/dwb_msgs/dwb_msgs/srv/detail/debug_local_plan__functions.h
[22.897s] -- Installing: /home/orin-001/sda/agibotnav/install/dwb_msgs/include/dwb_msgs/dwb_msgs/srv/detail/debug_local_plan__type_support.h
[22.897s] -- Installing: /home/orin-001/sda/agibotnav/install/dwb_msgs/include/dwb_msgs/dwb_msgs/srv/detail/get_critic_score__functions.c
[22.897s] -- Installing: /home/orin-001/sda/agibotnav/install/dwb_msgs/include/dwb_msgs/dwb_msgs/srv/detail/get_critic_score__type_support.h
[22.898s] -- Installing: /home/orin-001/sda/agibotnav/install/dwb_msgs/include/dwb_msgs/dwb_msgs/srv/detail/generate_trajectory__functions.h
[22.898s] -- Installing: /home/orin-001/sda/agibotnav/install/dwb_msgs/include/dwb_msgs/dwb_msgs/srv/detail/generate_trajectory__type_support.h
[22.898s] -- Installing: /home/orin-001/sda/agibotnav/install/dwb_msgs/include/dwb_msgs/dwb_msgs/srv/detail/score_trajectory__functions.h
[22.898s] -- Installing: /home/orin-001/sda/agibotnav/install/dwb_msgs/include/dwb_msgs/dwb_msgs/srv/detail/debug_local_plan__functions.c
[22.899s] -- Installing: /home/orin-001/sda/agibotnav/install/dwb_msgs/include/dwb_msgs/dwb_msgs/srv/detail/score_trajectory__functions.c
[22.899s] -- Installing: /home/orin-001/sda/agibotnav/install/dwb_msgs/include/dwb_msgs/dwb_msgs/srv/detail/score_trajectory__type_support.h
[22.899s] -- Installing: /home/orin-001/sda/agibotnav/install/dwb_msgs/include/dwb_msgs/dwb_msgs/srv/detail/get_critic_score__functions.h
[22.899s] -- Installing: /home/orin-001/sda/agibotnav/install/dwb_msgs/include/dwb_msgs/dwb_msgs/srv/detail/score_trajectory__struct.h
[22.899s] -- Installing: /home/orin-001/sda/agibotnav/install/dwb_msgs/include/dwb_msgs/dwb_msgs/srv/generate_trajectory.h
[22.900s] -- Installing: /home/orin-001/sda/agibotnav/install/dwb_msgs/include/dwb_msgs/dwb_msgs/srv/debug_local_plan.h
[22.900s] -- Installing: /home/orin-001/sda/agibotnav/install/dwb_msgs/include/dwb_msgs/dwb_msgs/srv/generate_twists.h
[22.900s] -- Installing: /home/orin-001/sda/agibotnav/install/dwb_msgs/include/dwb_msgs/dwb_msgs/srv/score_trajectory.h
[22.900s] -- Installing: /home/orin-001/sda/agibotnav/install/dwb_msgs/include/dwb_msgs/dwb_msgs/srv/get_critic_score.h
[22.900s] -- Installing: /home/orin-001/sda/agibotnav/install/dwb_msgs/include/dwb_msgs/dwb_msgs/msg
[22.901s] -- Installing: /home/orin-001/sda/agibotnav/install/dwb_msgs/include/dwb_msgs/dwb_msgs/msg/rosidl_generator_c__visibility_control.h
[22.901s] -- Installing: /home/orin-001/sda/agibotnav/install/dwb_msgs/include/dwb_msgs/dwb_msgs/msg/detail
[22.901s] -- Installing: /home/orin-001/sda/agibotnav/install/dwb_msgs/include/dwb_msgs/dwb_msgs/msg/detail/trajectory2_d__functions.c
[22.901s] -- Installing: /home/orin-001/sda/agibotnav/install/dwb_msgs/include/dwb_msgs/dwb_msgs/msg/detail/trajectory2_d__type_support.h
[22.901s] -- Installing: /home/orin-001/sda/agibotnav/install/dwb_msgs/include/dwb_msgs/dwb_msgs/msg/detail/local_plan_evaluation__functions.h
[22.902s] -- Installing: /home/orin-001/sda/agibotnav/install/dwb_msgs/include/dwb_msgs/dwb_msgs/msg/detail/local_plan_evaluation__type_support.h
[22.902s] -- Installing: /home/orin-001/sda/agibotnav/install/dwb_msgs/include/dwb_msgs/dwb_msgs/msg/detail/local_plan_evaluation__functions.c
[22.902s] -- Installing: /home/orin-001/sda/agibotnav/install/dwb_msgs/include/dwb_msgs/dwb_msgs/msg/detail/critic_score__functions.h
[22.902s] -- Installing: /home/orin-001/sda/agibotnav/install/dwb_msgs/include/dwb_msgs/dwb_msgs/msg/detail/critic_score__functions.c
[22.902s] -- Installing: /home/orin-001/sda/agibotnav/install/dwb_msgs/include/dwb_msgs/dwb_msgs/msg/detail/critic_score__type_support.h
[22.903s] -- Installing: /home/orin-001/sda/agibotnav/install/dwb_msgs/include/dwb_msgs/dwb_msgs/msg/detail/local_plan_evaluation__struct.h
[22.903s] -- Installing: /home/orin-001/sda/agibotnav/install/dwb_msgs/include/dwb_msgs/dwb_msgs/msg/detail/critic_score__struct.h
[22.903s] -- Installing: /home/orin-001/sda/agibotnav/install/dwb_msgs/include/dwb_msgs/dwb_msgs/msg/detail/trajectory2_d__struct.h
[22.903s] -- Installing: /home/orin-001/sda/agibotnav/install/dwb_msgs/include/dwb_msgs/dwb_msgs/msg/detail/trajectory_score__functions.h
[22.903s] -- Installing: /home/orin-001/sda/agibotnav/install/dwb_msgs/include/dwb_msgs/dwb_msgs/msg/detail/trajectory_score__struct.h
[22.903s] -- Installing: /home/orin-001/sda/agibotnav/install/dwb_msgs/include/dwb_msgs/dwb_msgs/msg/detail/trajectory_score__type_support.h
[22.904s] -- Installing: /home/orin-001/sda/agibotnav/install/dwb_msgs/include/dwb_msgs/dwb_msgs/msg/detail/trajectory_score__functions.c
[22.904s] -- Installing: /home/orin-001/sda/agibotnav/install/dwb_msgs/include/dwb_msgs/dwb_msgs/msg/detail/trajectory2_d__functions.h
[22.904s] -- Installing: /home/orin-001/sda/agibotnav/install/dwb_msgs/include/dwb_msgs/dwb_msgs/msg/local_plan_evaluation.h
[22.904s] -- Installing: /home/orin-001/sda/agibotnav/install/dwb_msgs/include/dwb_msgs/dwb_msgs/msg/trajectory2_d.h
[22.906s] -- Installing: /home/orin-001/sda/agibotnav/install/dwb_msgs/include/dwb_msgs/dwb_msgs/msg/trajectory_score.h
[22.906s] -- Installing: /home/orin-001/sda/agibotnav/install/dwb_msgs/include/dwb_msgs/dwb_msgs/msg/critic_score.h
[22.907s] -- Installing: /home/orin-001/sda/agibotnav/install/dwb_msgs/share/dwb_msgs/environment/library_path.sh
[22.907s] -- Installing: /home/orin-001/sda/agibotnav/install/dwb_msgs/share/dwb_msgs/environment/library_path.dsv
[22.907s] -- Installing: /home/orin-001/sda/agibotnav/install/dwb_msgs/lib/libdwb_msgs__rosidl_generator_c.so
[22.907s] -- Set runtime path of "/home/orin-001/sda/agibotnav/install/dwb_msgs/lib/libdwb_msgs__rosidl_generator_c.so" to ""
[22.907s] -- Up-to-date: /home/orin-001/sda/agibotnav/install/dwb_msgs/include/dwb_msgs/dwb_msgs
[22.908s] -- Up-to-date: /home/orin-001/sda/agibotnav/install/dwb_msgs/include/dwb_msgs/dwb_msgs/srv
[22.908s] -- Up-to-date: /home/orin-001/sda/agibotnav/install/dwb_msgs/include/dwb_msgs/dwb_msgs/srv/detail
[22.908s] -- Installing: /home/orin-001/sda/agibotnav/install/dwb_msgs/include/dwb_msgs/dwb_msgs/srv/detail/get_critic_score__rosidl_typesupport_fastrtps_c.h
[22.908s] -- Installing: /home/orin-001/sda/agibotnav/install/dwb_msgs/include/dwb_msgs/dwb_msgs/srv/detail/generate_twists__rosidl_typesupport_fastrtps_c.h
[22.908s] -- Installing: /home/orin-001/sda/agibotnav/install/dwb_msgs/include/dwb_msgs/dwb_msgs/srv/detail/score_trajectory__rosidl_typesupport_fastrtps_c.h
[22.908s] -- Installing: /home/orin-001/sda/agibotnav/install/dwb_msgs/include/dwb_msgs/dwb_msgs/srv/detail/debug_local_plan__rosidl_typesupport_fastrtps_c.h
[22.909s] -- Installing: /home/orin-001/sda/agibotnav/install/dwb_msgs/include/dwb_msgs/dwb_msgs/srv/detail/generate_trajectory__rosidl_typesupport_fastrtps_c.h
[22.909s] -- Up-to-date: /home/orin-001/sda/agibotnav/install/dwb_msgs/include/dwb_msgs/dwb_msgs/msg
[22.909s] -- Installing: /home/orin-001/sda/agibotnav/install/dwb_msgs/include/dwb_msgs/dwb_msgs/msg/rosidl_typesupport_fastrtps_c__visibility_control.h
[22.909s] -- Up-to-date: /home/orin-001/sda/agibotnav/install/dwb_msgs/include/dwb_msgs/dwb_msgs/msg/detail
[22.909s] -- Installing: /home/orin-001/sda/agibotnav/install/dwb_msgs/include/dwb_msgs/dwb_msgs/msg/detail/critic_score__rosidl_typesupport_fastrtps_c.h
[22.909s] -- Installing: /home/orin-001/sda/agibotnav/install/dwb_msgs/include/dwb_msgs/dwb_msgs/msg/detail/trajectory_score__rosidl_typesupport_fastrtps_c.h
[22.909s] -- Installing: /home/orin-001/sda/agibotnav/install/dwb_msgs/include/dwb_msgs/dwb_msgs/msg/detail/trajectory2_d__rosidl_typesupport_fastrtps_c.h
[22.910s] -- Installing: /home/orin-001/sda/agibotnav/install/dwb_msgs/include/dwb_msgs/dwb_msgs/msg/detail/local_plan_evaluation__rosidl_typesupport_fastrtps_c.h
[22.910s] -- Installing: /home/orin-001/sda/agibotnav/install/dwb_msgs/lib/libdwb_msgs__rosidl_typesupport_fastrtps_c.so
[22.910s] -- Set runtime path of "/home/orin-001/sda/agibotnav/install/dwb_msgs/lib/libdwb_msgs__rosidl_typesupport_fastrtps_c.so" to ""
[22.910s] -- Up-to-date: /home/orin-001/sda/agibotnav/install/dwb_msgs/include/dwb_msgs/dwb_msgs
[22.910s] -- Up-to-date: /home/orin-001/sda/agibotnav/install/dwb_msgs/include/dwb_msgs/dwb_msgs/srv
[22.910s] -- Up-to-date: /home/orin-001/sda/agibotnav/install/dwb_msgs/include/dwb_msgs/dwb_msgs/srv/detail
[22.910s] -- Installing: /home/orin-001/sda/agibotnav/install/dwb_msgs/include/dwb_msgs/dwb_msgs/srv/detail/generate_twists__builder.hpp
[22.911s] -- Installing: /home/orin-001/sda/agibotnav/install/dwb_msgs/include/dwb_msgs/dwb_msgs/srv/detail/generate_trajectory__builder.hpp
[22.911s] -- Installing: /home/orin-001/sda/agibotnav/install/dwb_msgs/include/dwb_msgs/dwb_msgs/srv/detail/debug_local_plan__type_support.hpp
[22.911s] -- Installing: /home/orin-001/sda/agibotnav/install/dwb_msgs/include/dwb_msgs/dwb_msgs/srv/detail/score_trajectory__builder.hpp
[22.911s] -- Installing: /home/orin-001/sda/agibotnav/install/dwb_msgs/include/dwb_msgs/dwb_msgs/srv/detail/get_critic_score__traits.hpp
[22.936s] -- Installing: /home/orin-001/sda/agibotnav/install/dwb_msgs/include/dwb_msgs/dwb_msgs/srv/detail/generate_trajectory__traits.hpp
[22.936s] -- Installing: /home/orin-001/sda/agibotnav/install/dwb_msgs/include/dwb_msgs/dwb_msgs/srv/detail/debug_local_plan__builder.hpp
[22.936s] -- Installing: /home/orin-001/sda/agibotnav/install/dwb_msgs/include/dwb_msgs/dwb_msgs/srv/detail/score_trajectory__type_support.hpp
[22.936s] -- Installing: /home/orin-001/sda/agibotnav/install/dwb_msgs/include/dwb_msgs/dwb_msgs/srv/detail/generate_twists__traits.hpp
[22.936s] -- Installing: /home/orin-001/sda/agibotnav/install/dwb_msgs/include/dwb_msgs/dwb_msgs/srv/detail/score_trajectory__struct.hpp
[22.937s] -- Installing: /home/orin-001/sda/agibotnav/install/dwb_msgs/include/dwb_msgs/dwb_msgs/srv/detail/get_critic_score__builder.hpp
[22.937s] -- Installing: /home/orin-001/sda/agibotnav/install/dwb_msgs/include/dwb_msgs/dwb_msgs/srv/detail/debug_local_plan__traits.hpp
[22.937s] -- Installing: /home/orin-001/sda/agibotnav/install/dwb_msgs/include/dwb_msgs/dwb_msgs/srv/detail/generate_twists__struct.hpp
[22.937s] -- Installing: /home/orin-001/sda/agibotnav/install/dwb_msgs/include/dwb_msgs/dwb_msgs/srv/detail/get_critic_score__struct.hpp
[22.937s] -- Installing: /home/orin-001/sda/agibotnav/install/dwb_msgs/include/dwb_msgs/dwb_msgs/srv/detail/generate_twists__type_support.hpp
[22.937s] -- Installing: /home/orin-001/sda/agibotnav/install/dwb_msgs/include/dwb_msgs/dwb_msgs/srv/detail/debug_local_plan__struct.hpp
[22.937s] -- Installing: /home/orin-001/sda/agibotnav/install/dwb_msgs/include/dwb_msgs/dwb_msgs/srv/detail/generate_trajectory__struct.hpp
[22.938s] -- Installing: /home/orin-001/sda/agibotnav/install/dwb_msgs/include/dwb_msgs/dwb_msgs/srv/detail/generate_trajectory__type_support.hpp
[22.938s] -- Installing: /home/orin-001/sda/agibotnav/install/dwb_msgs/include/dwb_msgs/dwb_msgs/srv/detail/get_critic_score__type_support.hpp
[22.938s] -- Installing: /home/orin-001/sda/agibotnav/install/dwb_msgs/include/dwb_msgs/dwb_msgs/srv/detail/score_trajectory__traits.hpp
[22.938s] -- Installing: /home/orin-001/sda/agibotnav/install/dwb_msgs/include/dwb_msgs/dwb_msgs/srv/debug_local_plan.hpp
[22.939s] -- Installing: /home/orin-001/sda/agibotnav/install/dwb_msgs/include/dwb_msgs/dwb_msgs/srv/generate_twists.hpp
[22.939s] -- Installing: /home/orin-001/sda/agibotnav/install/dwb_msgs/include/dwb_msgs/dwb_msgs/srv/get_critic_score.hpp
[22.939s] -- Installing: /home/orin-001/sda/agibotnav/install/dwb_msgs/include/dwb_msgs/dwb_msgs/srv/generate_trajectory.hpp
[22.939s] -- Installing: /home/orin-001/sda/agibotnav/install/dwb_msgs/include/dwb_msgs/dwb_msgs/srv/score_trajectory.hpp
[22.939s] -- Up-to-date: /home/orin-001/sda/agibotnav/install/dwb_msgs/include/dwb_msgs/dwb_msgs/msg
[22.939s] -- Up-to-date: /home/orin-001/sda/agibotnav/install/dwb_msgs/include/dwb_msgs/dwb_msgs/msg/detail
[22.939s] -- Installing: /home/orin-001/sda/agibotnav/install/dwb_msgs/include/dwb_msgs/dwb_msgs/msg/detail/trajectory2_d__builder.hpp
[22.940s] -- Installing: /home/orin-001/sda/agibotnav/install/dwb_msgs/include/dwb_msgs/dwb_msgs/msg/detail/trajectory2_d__struct.hpp
[22.940s] -- Installing: /home/orin-001/sda/agibotnav/install/dwb_msgs/include/dwb_msgs/dwb_msgs/msg/detail/local_plan_evaluation__builder.hpp
[22.940s] -- Installing: /home/orin-001/sda/agibotnav/install/dwb_msgs/include/dwb_msgs/dwb_msgs/msg/detail/trajectory2_d__traits.hpp
[22.940s] -- Installing: /home/orin-001/sda/agibotnav/install/dwb_msgs/include/dwb_msgs/dwb_msgs/msg/detail/local_plan_evaluation__type_support.hpp
[22.940s] -- Installing: /home/orin-001/sda/agibotnav/install/dwb_msgs/include/dwb_msgs/dwb_msgs/msg/detail/trajectory_score__builder.hpp
[22.940s] -- Installing: /home/orin-001/sda/agibotnav/install/dwb_msgs/include/dwb_msgs/dwb_msgs/msg/detail/critic_score__builder.hpp
[22.941s] -- Installing: /home/orin-001/sda/agibotnav/install/dwb_msgs/include/dwb_msgs/dwb_msgs/msg/detail/local_plan_evaluation__struct.hpp
[22.941s] -- Installing: /home/orin-001/sda/agibotnav/install/dwb_msgs/include/dwb_msgs/dwb_msgs/msg/detail/trajectory_score__traits.hpp
[22.941s] -- Installing: /home/orin-001/sda/agibotnav/install/dwb_msgs/include/dwb_msgs/dwb_msgs/msg/detail/critic_score__type_support.hpp
[22.941s] -- Installing: /home/orin-001/sda/agibotnav/install/dwb_msgs/include/dwb_msgs/dwb_msgs/msg/detail/trajectory_score__type_support.hpp
[22.941s] -- Installing: /home/orin-001/sda/agibotnav/install/dwb_msgs/include/dwb_msgs/dwb_msgs/msg/detail/critic_score__traits.hpp
[22.942s] -- Installing: /home/orin-001/sda/agibotnav/install/dwb_msgs/include/dwb_msgs/dwb_msgs/msg/detail/trajectory_score__struct.hpp
[22.942s] -- Installing: /home/orin-001/sda/agibotnav/install/dwb_msgs/include/dwb_msgs/dwb_msgs/msg/detail/trajectory2_d__type_support.hpp
[22.942s] -- Installing: /home/orin-001/sda/agibotnav/install/dwb_msgs/include/dwb_msgs/dwb_msgs/msg/detail/critic_score__struct.hpp
[22.942s] -- Installing: /home/orin-001/sda/agibotnav/install/dwb_msgs/include/dwb_msgs/dwb_msgs/msg/detail/local_plan_evaluation__traits.hpp
[22.943s] -- Installing: /home/orin-001/sda/agibotnav/install/dwb_msgs/include/dwb_msgs/dwb_msgs/msg/critic_score.hpp
[22.943s] -- Installing: /home/orin-001/sda/agibotnav/install/dwb_msgs/include/dwb_msgs/dwb_msgs/msg/local_plan_evaluation.hpp
[22.943s] -- Installing: /home/orin-001/sda/agibotnav/install/dwb_msgs/include/dwb_msgs/dwb_msgs/msg/trajectory_score.hpp
[22.943s] -- Installing: /home/orin-001/sda/agibotnav/install/dwb_msgs/include/dwb_msgs/dwb_msgs/msg/trajectory2_d.hpp
[22.943s] -- Installing: /home/orin-001/sda/agibotnav/install/dwb_msgs/include/dwb_msgs/dwb_msgs/msg/rosidl_generator_cpp__visibility_control.hpp
[22.943s] -- Up-to-date: /home/orin-001/sda/agibotnav/install/dwb_msgs/include/dwb_msgs/dwb_msgs
[22.944s] -- Up-to-date: /home/orin-001/sda/agibotnav/install/dwb_msgs/include/dwb_msgs/dwb_msgs/srv
[22.944s] -- Up-to-date: /home/orin-001/sda/agibotnav/install/dwb_msgs/include/dwb_msgs/dwb_msgs/srv/detail
[22.944s] -- Installing: /home/orin-001/sda/agibotnav/install/dwb_msgs/include/dwb_msgs/dwb_msgs/srv/detail/generate_twists__rosidl_typesupport_fastrtps_cpp.hpp
[22.944s] -- Installing: /home/orin-001/sda/agibotnav/install/dwb_msgs/include/dwb_msgs/dwb_msgs/srv/detail/score_trajectory__rosidl_typesupport_fastrtps_cpp.hpp
[22.944s] -- Installing: /home/orin-001/sda/agibotnav/install/dwb_msgs/include/dwb_msgs/dwb_msgs/srv/detail/dds_fastrtps
[22.944s] -- Installing: /home/orin-001/sda/agibotnav/install/dwb_msgs/include/dwb_msgs/dwb_msgs/srv/detail/debug_local_plan__rosidl_typesupport_fastrtps_cpp.hpp
[22.944s] -- Installing: /home/orin-001/sda/agibotnav/install/dwb_msgs/include/dwb_msgs/dwb_msgs/srv/detail/get_critic_score__rosidl_typesupport_fastrtps_cpp.hpp
[22.945s] -- Installing: /home/orin-001/sda/agibotnav/install/dwb_msgs/include/dwb_msgs/dwb_msgs/srv/detail/generate_trajectory__rosidl_typesupport_fastrtps_cpp.hpp
[22.945s] -- Up-to-date: /home/orin-001/sda/agibotnav/install/dwb_msgs/include/dwb_msgs/dwb_msgs/msg
[22.945s] -- Up-to-date: /home/orin-001/sda/agibotnav/install/dwb_msgs/include/dwb_msgs/dwb_msgs/msg/detail
[22.945s] -- Installing: /home/orin-001/sda/agibotnav/install/dwb_msgs/include/dwb_msgs/dwb_msgs/msg/detail/local_plan_evaluation__rosidl_typesupport_fastrtps_cpp.hpp
[22.945s] -- Installing: /home/orin-001/sda/agibotnav/install/dwb_msgs/include/dwb_msgs/dwb_msgs/msg/detail/trajectory_score__rosidl_typesupport_fastrtps_cpp.hpp
[22.945s] -- Installing: /home/orin-001/sda/agibotnav/install/dwb_msgs/include/dwb_msgs/dwb_msgs/msg/detail/dds_fastrtps
[22.946s] -- Installing: /home/orin-001/sda/agibotnav/install/dwb_msgs/include/dwb_msgs/dwb_msgs/msg/detail/critic_score__rosidl_typesupport_fastrtps_cpp.hpp
[22.946s] -- Installing: /home/orin-001/sda/agibotnav/install/dwb_msgs/include/dwb_msgs/dwb_msgs/msg/detail/trajectory2_d__rosidl_typesupport_fastrtps_cpp.hpp
[22.946s] -- Installing: /home/orin-001/sda/agibotnav/install/dwb_msgs/include/dwb_msgs/dwb_msgs/msg/rosidl_typesupport_fastrtps_cpp__visibility_control.h
[22.946s] -- Installing: /home/orin-001/sda/agibotnav/install/dwb_msgs/lib/libdwb_msgs__rosidl_typesupport_fastrtps_cpp.so
[22.948s] -- Set runtime path of "/home/orin-001/sda/agibotnav/install/dwb_msgs/lib/libdwb_msgs__rosidl_typesupport_fastrtps_cpp.so" to ""
[22.948s] -- Up-to-date: /home/orin-001/sda/agibotnav/install/dwb_msgs/include/dwb_msgs/dwb_msgs
[22.948s] -- Up-to-date: /home/orin-001/sda/agibotnav/install/dwb_msgs/include/dwb_msgs/dwb_msgs/srv
[22.948s] -- Up-to-date: /home/orin-001/sda/agibotnav/install/dwb_msgs/include/dwb_msgs/dwb_msgs/srv/detail
[22.948s] -- Installing: /home/orin-001/sda/agibotnav/install/dwb_msgs/include/dwb_msgs/dwb_msgs/srv/detail/generate_trajectory__type_support.c
[22.949s] -- Installing: /home/orin-001/sda/agibotnav/install/dwb_msgs/include/dwb_msgs/dwb_msgs/srv/detail/score_trajectory__rosidl_typesupport_introspection_c.h
[22.949s] -- Installing: /home/orin-001/sda/agibotnav/install/dwb_msgs/include/dwb_msgs/dwb_msgs/srv/detail/debug_local_plan__rosidl_typesupport_introspection_c.h
[22.949s] -- Installing: /home/orin-001/sda/agibotnav/install/dwb_msgs/include/dwb_msgs/dwb_msgs/srv/detail/score_trajectory__type_support.c
[22.949s] -- Installing: /home/orin-001/sda/agibotnav/install/dwb_msgs/include/dwb_msgs/dwb_msgs/srv/detail/generate_twists__rosidl_typesupport_introspection_c.h
[22.949s] -- Installing: /home/orin-001/sda/agibotnav/install/dwb_msgs/include/dwb_msgs/dwb_msgs/srv/detail/get_critic_score__type_support.c
[22.962s] -- Installing: /home/orin-001/sda/agibotnav/install/dwb_msgs/include/dwb_msgs/dwb_msgs/srv/detail/debug_local_plan__type_support.c
[22.963s] -- Installing: /home/orin-001/sda/agibotnav/install/dwb_msgs/include/dwb_msgs/dwb_msgs/srv/detail/generate_trajectory__rosidl_typesupport_introspection_c.h
[22.963s] -- Installing: /home/orin-001/sda/agibotnav/install/dwb_msgs/include/dwb_msgs/dwb_msgs/srv/detail/get_critic_score__rosidl_typesupport_introspection_c.h
[22.963s] -- Installing: /home/orin-001/sda/agibotnav/install/dwb_msgs/include/dwb_msgs/dwb_msgs/srv/detail/generate_twists__type_support.c
[22.963s] -- Up-to-date: /home/orin-001/sda/agibotnav/install/dwb_msgs/include/dwb_msgs/dwb_msgs/msg
[22.963s] -- Up-to-date: /home/orin-001/sda/agibotnav/install/dwb_msgs/include/dwb_msgs/dwb_msgs/msg/detail
[22.964s] -- Installing: /home/orin-001/sda/agibotnav/install/dwb_msgs/include/dwb_msgs/dwb_msgs/msg/detail/trajectory_score__rosidl_typesupport_introspection_c.h
[22.964s] -- Installing: /home/orin-001/sda/agibotnav/install/dwb_msgs/include/dwb_msgs/dwb_msgs/msg/detail/critic_score__type_support.c
[22.964s] -- Installing: /home/orin-001/sda/agibotnav/install/dwb_msgs/include/dwb_msgs/dwb_msgs/msg/detail/trajectory_score__type_support.c
[22.964s] -- Installing: /home/orin-001/sda/agibotnav/install/dwb_msgs/include/dwb_msgs/dwb_msgs/msg/detail/trajectory2_d__rosidl_typesupport_introspection_c.h
[22.964s] -- Installing: /home/orin-001/sda/agibotnav/install/dwb_msgs/include/dwb_msgs/dwb_msgs/msg/detail/local_plan_evaluation__type_support.c
[22.964s] -- Installing: /home/orin-001/sda/agibotnav/install/dwb_msgs/include/dwb_msgs/dwb_msgs/msg/detail/trajectory2_d__type_support.c
[22.964s] -- Installing: /home/orin-001/sda/agibotnav/install/dwb_msgs/include/dwb_msgs/dwb_msgs/msg/detail/local_plan_evaluation__rosidl_typesupport_introspection_c.h
[22.964s] -- Installing: /home/orin-001/sda/agibotnav/install/dwb_msgs/include/dwb_msgs/dwb_msgs/msg/detail/critic_score__rosidl_typesupport_introspection_c.h
[22.964s] -- Installing: /home/orin-001/sda/agibotnav/install/dwb_msgs/include/dwb_msgs/dwb_msgs/msg/rosidl_typesupport_introspection_c__visibility_control.h
[22.965s] -- Installing: /home/orin-001/sda/agibotnav/install/dwb_msgs/lib/libdwb_msgs__rosidl_typesupport_introspection_c.so
[22.965s] -- Set runtime path of "/home/orin-001/sda/agibotnav/install/dwb_msgs/lib/libdwb_msgs__rosidl_typesupport_introspection_c.so" to ""
[22.965s] -- Installing: /home/orin-001/sda/agibotnav/install/dwb_msgs/lib/libdwb_msgs__rosidl_typesupport_c.so
[22.965s] -- Set runtime path of "/home/orin-001/sda/agibotnav/install/dwb_msgs/lib/libdwb_msgs__rosidl_typesupport_c.so" to ""
[22.965s] -- Up-to-date: /home/orin-001/sda/agibotnav/install/dwb_msgs/include/dwb_msgs/dwb_msgs
[22.965s] -- Up-to-date: /home/orin-001/sda/agibotnav/install/dwb_msgs/include/dwb_msgs/dwb_msgs/srv
[22.965s] -- Up-to-date: /home/orin-001/sda/agibotnav/install/dwb_msgs/include/dwb_msgs/dwb_msgs/srv/detail
[22.966s] -- Installing: /home/orin-001/sda/agibotnav/install/dwb_msgs/include/dwb_msgs/dwb_msgs/srv/detail/generate_twists__type_support.cpp
[22.966s] -- Installing: /home/orin-001/sda/agibotnav/install/dwb_msgs/include/dwb_msgs/dwb_msgs/srv/detail/get_critic_score__rosidl_typesupport_introspection_cpp.hpp
[22.966s] -- Installing: /home/orin-001/sda/agibotnav/install/dwb_msgs/include/dwb_msgs/dwb_msgs/srv/detail/get_critic_score__type_support.cpp
[22.966s] -- Installing: /home/orin-001/sda/agibotnav/install/dwb_msgs/include/dwb_msgs/dwb_msgs/srv/detail/debug_local_plan__rosidl_typesupport_introspection_cpp.hpp
[22.966s] -- Installing: /home/orin-001/sda/agibotnav/install/dwb_msgs/include/dwb_msgs/dwb_msgs/srv/detail/generate_trajectory__type_support.cpp
[22.966s] -- Installing: /home/orin-001/sda/agibotnav/install/dwb_msgs/include/dwb_msgs/dwb_msgs/srv/detail/generate_trajectory__rosidl_typesupport_introspection_cpp.hpp
[22.967s] -- Installing: /home/orin-001/sda/agibotnav/install/dwb_msgs/include/dwb_msgs/dwb_msgs/srv/detail/score_trajectory__type_support.cpp
[22.967s] -- Installing: /home/orin-001/sda/agibotnav/install/dwb_msgs/include/dwb_msgs/dwb_msgs/srv/detail/debug_local_plan__type_support.cpp
[22.967s] -- Installing: /home/orin-001/sda/agibotnav/install/dwb_msgs/include/dwb_msgs/dwb_msgs/srv/detail/score_trajectory__rosidl_typesupport_introspection_cpp.hpp
[22.967s] -- Installing: /home/orin-001/sda/agibotnav/install/dwb_msgs/include/dwb_msgs/dwb_msgs/srv/detail/generate_twists__rosidl_typesupport_introspection_cpp.hpp
[22.967s] -- Up-to-date: /home/orin-001/sda/agibotnav/install/dwb_msgs/include/dwb_msgs/dwb_msgs/msg
[22.967s] -- Up-to-date: /home/orin-001/sda/agibotnav/install/dwb_msgs/include/dwb_msgs/dwb_msgs/msg/detail
[22.968s] -- Installing: /home/orin-001/sda/agibotnav/install/dwb_msgs/include/dwb_msgs/dwb_msgs/msg/detail/critic_score__rosidl_typesupport_introspection_cpp.hpp
[22.968s] -- Installing: /home/orin-001/sda/agibotnav/install/dwb_msgs/include/dwb_msgs/dwb_msgs/msg/detail/trajectory2_d__rosidl_typesupport_introspection_cpp.hpp
[22.968s] -- Installing: /home/orin-001/sda/agibotnav/install/dwb_msgs/include/dwb_msgs/dwb_msgs/msg/detail/trajectory_score__rosidl_typesupport_introspection_cpp.hpp
[22.968s] -- Installing: /home/orin-001/sda/agibotnav/install/dwb_msgs/include/dwb_msgs/dwb_msgs/msg/detail/trajectory2_d__type_support.cpp
[22.968s] -- Installing: /home/orin-001/sda/agibotnav/install/dwb_msgs/include/dwb_msgs/dwb_msgs/msg/detail/local_plan_evaluation__rosidl_typesupport_introspection_cpp.hpp
[22.968s] -- Installing: /home/orin-001/sda/agibotnav/install/dwb_msgs/include/dwb_msgs/dwb_msgs/msg/detail/trajectory_score__type_support.cpp
[22.968s] -- Installing: /home/orin-001/sda/agibotnav/install/dwb_msgs/include/dwb_msgs/dwb_msgs/msg/detail/critic_score__type_support.cpp
[22.969s] -- Installing: /home/orin-001/sda/agibotnav/install/dwb_msgs/include/dwb_msgs/dwb_msgs/msg/detail/local_plan_evaluation__type_support.cpp
[22.969s] -- Installing: /home/orin-001/sda/agibotnav/install/dwb_msgs/lib/libdwb_msgs__rosidl_typesupport_introspection_cpp.so
[22.969s] -- Set runtime path of "/home/orin-001/sda/agibotnav/install/dwb_msgs/lib/libdwb_msgs__rosidl_typesupport_introspection_cpp.so" to ""
[22.969s] -- Installing: /home/orin-001/sda/agibotnav/install/dwb_msgs/lib/libdwb_msgs__rosidl_typesupport_cpp.so
[22.969s] -- Set runtime path of "/home/orin-001/sda/agibotnav/install/dwb_msgs/lib/libdwb_msgs__rosidl_typesupport_cpp.so" to ""
[22.969s] -- Installing: /home/orin-001/sda/agibotnav/install/dwb_msgs/share/dwb_msgs/environment/pythonpath.sh
[22.969s] -- Installing: /home/orin-001/sda/agibotnav/install/dwb_msgs/share/dwb_msgs/environment/pythonpath.dsv
[22.969s] -- Installing: /home/orin-001/sda/agibotnav/install/dwb_msgs/local/lib/python3.10/dist-packages/dwb_msgs-1.1.20-py3.10.egg-info
[22.970s] -- Installing: /home/orin-001/sda/agibotnav/install/dwb_msgs/local/lib/python3.10/dist-packages/dwb_msgs-1.1.20-py3.10.egg-info/PKG-INFO
[22.970s] -- Installing: /home/orin-001/sda/agibotnav/install/dwb_msgs/local/lib/python3.10/dist-packages/dwb_msgs-1.1.20-py3.10.egg-info/dependency_links.txt
[22.970s] -- Installing: /home/orin-001/sda/agibotnav/install/dwb_msgs/local/lib/python3.10/dist-packages/dwb_msgs-1.1.20-py3.10.egg-info/SOURCES.txt
[22.970s] -- Installing: /home/orin-001/sda/agibotnav/install/dwb_msgs/local/lib/python3.10/dist-packages/dwb_msgs-1.1.20-py3.10.egg-info/top_level.txt
[22.970s] -- Installing: /home/orin-001/sda/agibotnav/install/dwb_msgs/local/lib/python3.10/dist-packages/dwb_msgs
[22.970s] -- Installing: /home/orin-001/sda/agibotnav/install/dwb_msgs/local/lib/python3.10/dist-packages/dwb_msgs/srv
[22.970s] -- Installing: /home/orin-001/sda/agibotnav/install/dwb_msgs/local/lib/python3.10/dist-packages/dwb_msgs/srv/_score_trajectory.py
[22.971s] -- Installing: /home/orin-001/sda/agibotnav/install/dwb_msgs/local/lib/python3.10/dist-packages/dwb_msgs/srv/__init__.py
[22.971s] -- Installing: /home/orin-001/sda/agibotnav/install/dwb_msgs/local/lib/python3.10/dist-packages/dwb_msgs/srv/_generate_twists.py
[22.971s] -- Installing: /home/orin-001/sda/agibotnav/install/dwb_msgs/local/lib/python3.10/dist-packages/dwb_msgs/srv/_get_critic_score.py
[22.971s] -- Installing: /home/orin-001/sda/agibotnav/install/dwb_msgs/local/lib/python3.10/dist-packages/dwb_msgs/srv/_generate_trajectory_s.c
[22.971s] -- Installing: /home/orin-001/sda/agibotnav/install/dwb_msgs/local/lib/python3.10/dist-packages/dwb_msgs/srv/_get_critic_score_s.c
[22.972s] -- Installing: /home/orin-001/sda/agibotnav/install/dwb_msgs/local/lib/python3.10/dist-packages/dwb_msgs/srv/_debug_local_plan.py
[22.972s] -- Installing: /home/orin-001/sda/agibotnav/install/dwb_msgs/local/lib/python3.10/dist-packages/dwb_msgs/srv/_score_trajectory_s.c
[22.972s] -- Installing: /home/orin-001/sda/agibotnav/install/dwb_msgs/local/lib/python3.10/dist-packages/dwb_msgs/srv/_generate_trajectory.py
[22.972s] -- Installing: /home/orin-001/sda/agibotnav/install/dwb_msgs/local/lib/python3.10/dist-packages/dwb_msgs/srv/_generate_twists_s.c
[22.973s] -- Installing: /home/orin-001/sda/agibotnav/install/dwb_msgs/local/lib/python3.10/dist-packages/dwb_msgs/srv/_debug_local_plan_s.c
[22.973s] -- Installing: /home/orin-001/sda/agibotnav/install/dwb_msgs/local/lib/python3.10/dist-packages/dwb_msgs/__init__.py
[22.973s] -- Installing: /home/orin-001/sda/agibotnav/install/dwb_msgs/local/lib/python3.10/dist-packages/dwb_msgs/dwb_msgs_s__rosidl_typesupport_fastrtps_c.cpython-310-aarch64-linux-gnu.so
[22.974s] -- Installing: /home/orin-001/sda/agibotnav/install/dwb_msgs/local/lib/python3.10/dist-packages/dwb_msgs/dwb_msgs_s__rosidl_typesupport_c.cpython-310-aarch64-linux-gnu.so
[22.974s] -- Installing: /home/orin-001/sda/agibotnav/install/dwb_msgs/local/lib/python3.10/dist-packages/dwb_msgs/_dwb_msgs_s.ep.rosidl_typesupport_fastrtps_c.c
[22.975s] -- Installing: /home/orin-001/sda/agibotnav/install/dwb_msgs/local/lib/python3.10/dist-packages/dwb_msgs/_dwb_msgs_s.ep.rosidl_typesupport_c.c
[22.975s] -- Installing: /home/orin-001/sda/agibotnav/install/dwb_msgs/local/lib/python3.10/dist-packages/dwb_msgs/msg
[22.975s] -- Installing: /home/orin-001/sda/agibotnav/install/dwb_msgs/local/lib/python3.10/dist-packages/dwb_msgs/msg/_local_plan_evaluation.py
[22.976s] -- Installing: /home/orin-001/sda/agibotnav/install/dwb_msgs/local/lib/python3.10/dist-packages/dwb_msgs/msg/_critic_score_s.c
[22.976s] -- Installing: /home/orin-001/sda/agibotnav/install/dwb_msgs/local/lib/python3.10/dist-packages/dwb_msgs/msg/_trajectory_score_s.c
[22.976s] -- Installing: /home/orin-001/sda/agibotnav/install/dwb_msgs/local/lib/python3.10/dist-packages/dwb_msgs/msg/_local_plan_evaluation_s.c
[22.977s] -- Installing: /home/orin-001/sda/agibotnav/install/dwb_msgs/local/lib/python3.10/dist-packages/dwb_msgs/msg/__init__.py
[22.977s] -- Installing: /home/orin-001/sda/agibotnav/install/dwb_msgs/local/lib/python3.10/dist-packages/dwb_msgs/msg/_trajectory2_d_s.c
[22.977s] -- Installing: /home/orin-001/sda/agibotnav/install/dwb_msgs/local/lib/python3.10/dist-packages/dwb_msgs/msg/_trajectory_score.py
[22.978s] -- Installing: /home/orin-001/sda/agibotnav/install/dwb_msgs/local/lib/python3.10/dist-packages/dwb_msgs/msg/_critic_score.py
[22.978s] -- Installing: /home/orin-001/sda/agibotnav/install/dwb_msgs/local/lib/python3.10/dist-packages/dwb_msgs/msg/_trajectory2_d.py
[22.987s] -- Installing: /home/orin-001/sda/agibotnav/install/dwb_msgs/local/lib/python3.10/dist-packages/dwb_msgs/libdwb_msgs__rosidl_generator_py.so
[22.987s] -- Installing: /home/orin-001/sda/agibotnav/install/dwb_msgs/local/lib/python3.10/dist-packages/dwb_msgs/_dwb_msgs_s.ep.rosidl_typesupport_introspection_c.c
[22.987s] -- Installing: /home/orin-001/sda/agibotnav/install/dwb_msgs/local/lib/python3.10/dist-packages/dwb_msgs/dwb_msgs_s__rosidl_typesupport_introspection_c.cpython-310-aarch64-linux-gnu.so
[23.071s] Listing '/home/orin-001/sda/agibotnav/install/dwb_msgs/local/lib/python3.10/dist-packages/dwb_msgs'...
[23.071s] Compiling '/home/orin-001/sda/agibotnav/install/dwb_msgs/local/lib/python3.10/dist-packages/dwb_msgs/__init__.py'...
[23.071s] Listing '/home/orin-001/sda/agibotnav/install/dwb_msgs/local/lib/python3.10/dist-packages/dwb_msgs/msg'...
[23.071s] Compiling '/home/orin-001/sda/agibotnav/install/dwb_msgs/local/lib/python3.10/dist-packages/dwb_msgs/msg/__init__.py'...
[23.071s] Compiling '/home/orin-001/sda/agibotnav/install/dwb_msgs/local/lib/python3.10/dist-packages/dwb_msgs/msg/_critic_score.py'...
[23.071s] Compiling '/home/orin-001/sda/agibotnav/install/dwb_msgs/local/lib/python3.10/dist-packages/dwb_msgs/msg/_local_plan_evaluation.py'...
[23.071s] Compiling '/home/orin-001/sda/agibotnav/install/dwb_msgs/local/lib/python3.10/dist-packages/dwb_msgs/msg/_trajectory2_d.py'...
[23.072s] Compiling '/home/orin-001/sda/agibotnav/install/dwb_msgs/local/lib/python3.10/dist-packages/dwb_msgs/msg/_trajectory_score.py'...
[23.072s] Listing '/home/orin-001/sda/agibotnav/install/dwb_msgs/local/lib/python3.10/dist-packages/dwb_msgs/srv'...
[23.072s] Compiling '/home/orin-001/sda/agibotnav/install/dwb_msgs/local/lib/python3.10/dist-packages/dwb_msgs/srv/__init__.py'...
[23.072s] Compiling '/home/orin-001/sda/agibotnav/install/dwb_msgs/local/lib/python3.10/dist-packages/dwb_msgs/srv/_debug_local_plan.py'...
[23.072s] Compiling '/home/orin-001/sda/agibotnav/install/dwb_msgs/local/lib/python3.10/dist-packages/dwb_msgs/srv/_generate_trajectory.py'...
[23.072s] Compiling '/home/orin-001/sda/agibotnav/install/dwb_msgs/local/lib/python3.10/dist-packages/dwb_msgs/srv/_generate_twists.py'...
[23.072s] Compiling '/home/orin-001/sda/agibotnav/install/dwb_msgs/local/lib/python3.10/dist-packages/dwb_msgs/srv/_get_critic_score.py'...
[23.072s] Compiling '/home/orin-001/sda/agibotnav/install/dwb_msgs/local/lib/python3.10/dist-packages/dwb_msgs/srv/_score_trajectory.py'...
[23.091s] -- Installing: /home/orin-001/sda/agibotnav/install/dwb_msgs/local/lib/python3.10/dist-packages/dwb_msgs/dwb_msgs_s__rosidl_typesupport_fastrtps_c.cpython-310-aarch64-linux-gnu.so
[23.091s] -- Set runtime path of "/home/orin-001/sda/agibotnav/install/dwb_msgs/local/lib/python3.10/dist-packages/dwb_msgs/dwb_msgs_s__rosidl_typesupport_fastrtps_c.cpython-310-aarch64-linux-gnu.so" to ""
[23.092s] -- Installing: /home/orin-001/sda/agibotnav/install/dwb_msgs/local/lib/python3.10/dist-packages/dwb_msgs/dwb_msgs_s__rosidl_typesupport_introspection_c.cpython-310-aarch64-linux-gnu.so
[23.092s] -- Set runtime path of "/home/orin-001/sda/agibotnav/install/dwb_msgs/local/lib/python3.10/dist-packages/dwb_msgs/dwb_msgs_s__rosidl_typesupport_introspection_c.cpython-310-aarch64-linux-gnu.so" to ""
[23.092s] -- Installing: /home/orin-001/sda/agibotnav/install/dwb_msgs/local/lib/python3.10/dist-packages/dwb_msgs/dwb_msgs_s__rosidl_typesupport_c.cpython-310-aarch64-linux-gnu.so
[23.092s] -- Set runtime path of "/home/orin-001/sda/agibotnav/install/dwb_msgs/local/lib/python3.10/dist-packages/dwb_msgs/dwb_msgs_s__rosidl_typesupport_c.cpython-310-aarch64-linux-gnu.so" to ""
[23.092s] -- Installing: /home/orin-001/sda/agibotnav/install/dwb_msgs/lib/libdwb_msgs__rosidl_generator_py.so
[23.092s] -- Set runtime path of "/home/orin-001/sda/agibotnav/install/dwb_msgs/lib/libdwb_msgs__rosidl_generator_py.so" to ""
[23.092s] -- Installing: /home/orin-001/sda/agibotnav/install/dwb_msgs/share/dwb_msgs/msg/CriticScore.idl
[23.092s] -- Installing: /home/orin-001/sda/agibotnav/install/dwb_msgs/share/dwb_msgs/msg/LocalPlanEvaluation.idl
[23.092s] -- Installing: /home/orin-001/sda/agibotnav/install/dwb_msgs/share/dwb_msgs/msg/Trajectory2D.idl
[23.092s] -- Installing: /home/orin-001/sda/agibotnav/install/dwb_msgs/share/dwb_msgs/msg/TrajectoryScore.idl
[23.093s] -- Installing: /home/orin-001/sda/agibotnav/install/dwb_msgs/share/dwb_msgs/srv/DebugLocalPlan.idl
[23.093s] -- Installing: /home/orin-001/sda/agibotnav/install/dwb_msgs/share/dwb_msgs/srv/GenerateTrajectory.idl
[23.093s] -- Installing: /home/orin-001/sda/agibotnav/install/dwb_msgs/share/dwb_msgs/srv/GenerateTwists.idl
[23.093s] -- Installing: /home/orin-001/sda/agibotnav/install/dwb_msgs/share/dwb_msgs/srv/GetCriticScore.idl
[23.093s] -- Installing: /home/orin-001/sda/agibotnav/install/dwb_msgs/share/dwb_msgs/srv/ScoreTrajectory.idl
[23.093s] -- Installing: /home/orin-001/sda/agibotnav/install/dwb_msgs/share/dwb_msgs/msg/CriticScore.msg
[23.093s] -- Installing: /home/orin-001/sda/agibotnav/install/dwb_msgs/share/dwb_msgs/msg/LocalPlanEvaluation.msg
[23.094s] -- Installing: /home/orin-001/sda/agibotnav/install/dwb_msgs/share/dwb_msgs/msg/Trajectory2D.msg
[23.094s] -- Installing: /home/orin-001/sda/agibotnav/install/dwb_msgs/share/dwb_msgs/msg/TrajectoryScore.msg
[23.095s] -- Installing: /home/orin-001/sda/agibotnav/install/dwb_msgs/share/dwb_msgs/srv/DebugLocalPlan.srv
[23.096s] -- Installing: /home/orin-001/sda/agibotnav/install/dwb_msgs/share/dwb_msgs/srv/DebugLocalPlan_Request.msg
[23.097s] -- Installing: /home/orin-001/sda/agibotnav/install/dwb_msgs/share/dwb_msgs/srv/DebugLocalPlan_Response.msg
[23.097s] -- Installing: /home/orin-001/sda/agibotnav/install/dwb_msgs/share/dwb_msgs/srv/GenerateTrajectory.srv
[23.098s] -- Installing: /home/orin-001/sda/agibotnav/install/dwb_msgs/share/dwb_msgs/srv/GenerateTrajectory_Request.msg
[23.098s] -- Installing: /home/orin-001/sda/agibotnav/install/dwb_msgs/share/dwb_msgs/srv/GenerateTrajectory_Response.msg
[23.099s] -- Installing: /home/orin-001/sda/agibotnav/install/dwb_msgs/share/dwb_msgs/srv/GenerateTwists.srv
[23.100s] -- Installing: /home/orin-001/sda/agibotnav/install/dwb_msgs/share/dwb_msgs/srv/GenerateTwists_Request.msg
[23.100s] -- Installing: /home/orin-001/sda/agibotnav/install/dwb_msgs/share/dwb_msgs/srv/GenerateTwists_Response.msg
[23.101s] -- Installing: /home/orin-001/sda/agibotnav/install/dwb_msgs/share/dwb_msgs/srv/GetCriticScore.srv
[23.101s] -- Installing: /home/orin-001/sda/agibotnav/install/dwb_msgs/share/dwb_msgs/srv/GetCriticScore_Request.msg
[23.102s] -- Installing: /home/orin-001/sda/agibotnav/install/dwb_msgs/share/dwb_msgs/srv/GetCriticScore_Response.msg
[23.103s] -- Installing: /home/orin-001/sda/agibotnav/install/dwb_msgs/share/dwb_msgs/srv/ScoreTrajectory.srv
[23.103s] -- Installing: /home/orin-001/sda/agibotnav/install/dwb_msgs/share/dwb_msgs/srv/ScoreTrajectory_Request.msg
[23.104s] -- Installing: /home/orin-001/sda/agibotnav/install/dwb_msgs/share/dwb_msgs/srv/ScoreTrajectory_Response.msg
[23.105s] -- Installing: /home/orin-001/sda/agibotnav/install/dwb_msgs/share/ament_index/resource_index/package_run_dependencies/dwb_msgs
[23.105s] -- Installing: /home/orin-001/sda/agibotnav/install/dwb_msgs/share/ament_index/resource_index/parent_prefix_path/dwb_msgs
[23.106s] -- Installing: /home/orin-001/sda/agibotnav/install/dwb_msgs/share/dwb_msgs/environment/ament_prefix_path.sh
[23.106s] -- Installing: /home/orin-001/sda/agibotnav/install/dwb_msgs/share/dwb_msgs/environment/ament_prefix_path.dsv
[23.107s] -- Installing: /home/orin-001/sda/agibotnav/install/dwb_msgs/share/dwb_msgs/environment/path.sh
[23.108s] -- Installing: /home/orin-001/sda/agibotnav/install/dwb_msgs/share/dwb_msgs/environment/path.dsv
[23.108s] -- Installing: /home/orin-001/sda/agibotnav/install/dwb_msgs/share/dwb_msgs/local_setup.bash
[23.109s] -- Installing: /home/orin-001/sda/agibotnav/install/dwb_msgs/share/dwb_msgs/local_setup.sh
[23.110s] -- Installing: /home/orin-001/sda/agibotnav/install/dwb_msgs/share/dwb_msgs/local_setup.zsh
[23.110s] -- Installing: /home/orin-001/sda/agibotnav/install/dwb_msgs/share/dwb_msgs/local_setup.dsv
[23.111s] -- Installing: /home/orin-001/sda/agibotnav/install/dwb_msgs/share/dwb_msgs/package.dsv
[23.111s] -- Installing: /home/orin-001/sda/agibotnav/install/dwb_msgs/share/ament_index/resource_index/packages/dwb_msgs
[23.112s] -- Installing: /home/orin-001/sda/agibotnav/install/dwb_msgs/share/dwb_msgs/cmake/export_dwb_msgs__rosidl_generator_cExport.cmake
[23.113s] -- Installing: /home/orin-001/sda/agibotnav/install/dwb_msgs/share/dwb_msgs/cmake/export_dwb_msgs__rosidl_generator_cExport-noconfig.cmake
[23.114s] -- Installing: /home/orin-001/sda/agibotnav/install/dwb_msgs/share/dwb_msgs/cmake/export_dwb_msgs__rosidl_typesupport_fastrtps_cExport.cmake
[23.114s] -- Installing: /home/orin-001/sda/agibotnav/install/dwb_msgs/share/dwb_msgs/cmake/export_dwb_msgs__rosidl_typesupport_fastrtps_cExport-noconfig.cmake
[23.115s] -- Installing: /home/orin-001/sda/agibotnav/install/dwb_msgs/share/dwb_msgs/cmake/export_dwb_msgs__rosidl_generator_cppExport.cmake
[23.115s] -- Installing: /home/orin-001/sda/agibotnav/install/dwb_msgs/share/dwb_msgs/cmake/export_dwb_msgs__rosidl_typesupport_fastrtps_cppExport.cmake
[23.116s] -- Installing: /home/orin-001/sda/agibotnav/install/dwb_msgs/share/dwb_msgs/cmake/export_dwb_msgs__rosidl_typesupport_fastrtps_cppExport-noconfig.cmake
[23.117s] -- Installing: /home/orin-001/sda/agibotnav/install/dwb_msgs/share/dwb_msgs/cmake/dwb_msgs__rosidl_typesupport_introspection_cExport.cmake
[23.117s] -- Installing: /home/orin-001/sda/agibotnav/install/dwb_msgs/share/dwb_msgs/cmake/dwb_msgs__rosidl_typesupport_introspection_cExport-noconfig.cmake
[23.118s] -- Installing: /home/orin-001/sda/agibotnav/install/dwb_msgs/share/dwb_msgs/cmake/dwb_msgs__rosidl_typesupport_cExport.cmake
[23.119s] -- Installing: /home/orin-001/sda/agibotnav/install/dwb_msgs/share/dwb_msgs/cmake/dwb_msgs__rosidl_typesupport_cExport-noconfig.cmake
[23.120s] -- Installing: /home/orin-001/sda/agibotnav/install/dwb_msgs/share/dwb_msgs/cmake/dwb_msgs__rosidl_typesupport_introspection_cppExport.cmake
[23.121s] -- Installing: /home/orin-001/sda/agibotnav/install/dwb_msgs/share/dwb_msgs/cmake/dwb_msgs__rosidl_typesupport_introspection_cppExport-noconfig.cmake
[23.121s] -- Installing: /home/orin-001/sda/agibotnav/install/dwb_msgs/share/dwb_msgs/cmake/dwb_msgs__rosidl_typesupport_cppExport.cmake
[23.122s] -- Installing: /home/orin-001/sda/agibotnav/install/dwb_msgs/share/dwb_msgs/cmake/dwb_msgs__rosidl_typesupport_cppExport-noconfig.cmake
[23.123s] -- Installing: /home/orin-001/sda/agibotnav/install/dwb_msgs/share/dwb_msgs/cmake/export_dwb_msgs__rosidl_generator_pyExport.cmake
[23.123s] -- Installing: /home/orin-001/sda/agibotnav/install/dwb_msgs/share/dwb_msgs/cmake/export_dwb_msgs__rosidl_generator_pyExport-noconfig.cmake
[23.124s] -- Installing: /home/orin-001/sda/agibotnav/install/dwb_msgs/share/dwb_msgs/cmake/rosidl_cmake-extras.cmake
[23.125s] -- Installing: /home/orin-001/sda/agibotnav/install/dwb_msgs/share/dwb_msgs/cmake/ament_cmake_export_dependencies-extras.cmake
[23.125s] -- Installing: /home/orin-001/sda/agibotnav/install/dwb_msgs/share/dwb_msgs/cmake/ament_cmake_export_include_directories-extras.cmake
[23.126s] -- Installing: /home/orin-001/sda/agibotnav/install/dwb_msgs/share/dwb_msgs/cmake/ament_cmake_export_libraries-extras.cmake
[23.126s] -- Installing: /home/orin-001/sda/agibotnav/install/dwb_msgs/share/dwb_msgs/cmake/ament_cmake_export_targets-extras.cmake
[23.127s] -- Installing: /home/orin-001/sda/agibotnav/install/dwb_msgs/share/dwb_msgs/cmake/rosidl_cmake_export_typesupport_targets-extras.cmake
[23.128s] -- Installing: /home/orin-001/sda/agibotnav/install/dwb_msgs/share/dwb_msgs/cmake/rosidl_cmake_export_typesupport_libraries-extras.cmake
[23.141s] -- Installing: /home/orin-001/sda/agibotnav/install/dwb_msgs/share/dwb_msgs/cmake/dwb_msgsConfig.cmake
[23.142s] -- Installing: /home/orin-001/sda/agibotnav/install/dwb_msgs/share/dwb_msgs/cmake/dwb_msgsConfig-version.cmake
[23.142s] -- Installing: /home/orin-001/sda/agibotnav/install/dwb_msgs/share/dwb_msgs/package.xml
[23.155s] Invoked command in '/home/orin-001/sda/agibotnav/build/dwb_msgs' returned '0': AMENT_PREFIX_PATH=/home/orin-001/sda/agibotnav/install/nav_2d_msgs:${AMENT_PREFIX_PATH} CMAKE_PREFIX_PATH=/home/orin-001/sda/agibotnav/install/nav_2d_msgs:/home/orin-001/sda/driver/install/livox_ros_driver2:/home/orin-001/sda/agibotnav/install/fast_lio:/opt/ros/humble LD_LIBRARY_PATH=/home/orin-001/sda/agibotnav/install/nav_2d_msgs/lib:/home/orin-001/sda/driver/install/livox_sdk2/lib:/home/orin-001/sda/driver/install/livox_ros_driver2/lib:/home/orin-001/sda/agibotnav/install/fast_lio/lib:/opt/ros/humble/opt/rviz_ogre_vendor/lib:/opt/ros/humble/lib/aarch64-linux-gnu:/opt/ros/humble/lib:/home/orin-001/ros_noetic_ws/devel/lib PYTHONPATH=/home/orin-001/sda/agibotnav/install/nav_2d_msgs/local/lib/python3.10/dist-packages:${PYTHONPATH} /usr/bin/cmake --install /home/orin-001/sda/agibotnav/build/dwb_msgs
