[1.266s] Invoking command in '/home/orin-001/sda/agibotnav/src/fastlio2_nav': PYTHONPATH=/home/orin-001/sda/agibotnav/build/fastlio2_nav/prefix_override:/usr/lib/python3/dist-packages/colcon_core/task/python/colcon_distutils_commands:/home/orin-001/sda/agibotnav/install/fastlio2_nav/lib/python3.10/site-packages:${PYTHONPATH} /usr/bin/python3 -W ignore:setup.py install is deprecated -W ignore:easy_install command is deprecated setup.py egg_info --egg-base ../../build/fastlio2_nav build --build-base /home/orin-001/sda/agibotnav/build/fastlio2_nav/build install --record /home/orin-001/sda/agibotnav/build/fastlio2_nav/install.log --single-version-externally-managed install_data
[1.734s] running egg_info
[1.735s] writing ../../build/fastlio2_nav/fastlio2_nav.egg-info/PKG-INFO
[1.735s] writing dependency_links to ../../build/fastlio2_nav/fastlio2_nav.egg-info/dependency_links.txt
[1.736s] writing entry points to ../../build/fastlio2_nav/fastlio2_nav.egg-info/entry_points.txt
[1.736s] writing requirements to ../../build/fastlio2_nav/fastlio2_nav.egg-info/requires.txt
[1.736s] writing top-level names to ../../build/fastlio2_nav/fastlio2_nav.egg-info/top_level.txt
[1.742s] reading manifest file '../../build/fastlio2_nav/fastlio2_nav.egg-info/SOURCES.txt'
[1.743s] writing manifest file '../../build/fastlio2_nav/fastlio2_nav.egg-info/SOURCES.txt'
[1.743s] running build
[1.744s] running build_py
[1.744s] running install
[1.744s] running install_lib
[1.747s] running install_data
[1.747s] copying launch/fastlio2_nav_launch.py -> /home/orin-001/sda/agibotnav/install/fastlio2_nav/share/fastlio2_nav/launch
[1.747s] copying config/empty_map.yaml -> /home/orin-001/sda/agibotnav/install/fastlio2_nav/share/fastlio2_nav/config
[1.747s] running install_egg_info
[1.753s] removing '/home/orin-001/sda/agibotnav/install/fastlio2_nav/lib/python3.10/site-packages/fastlio2_nav-0.0.0-py3.10.egg-info' (and everything under it)
[1.754s] Copying ../../build/fastlio2_nav/fastlio2_nav.egg-info to /home/orin-001/sda/agibotnav/install/fastlio2_nav/lib/python3.10/site-packages/fastlio2_nav-0.0.0-py3.10.egg-info
[1.755s] running install_scripts
[1.793s] writing list of installed files to '/home/orin-001/sda/agibotnav/build/fastlio2_nav/install.log'
[1.850s] Invoked command in '/home/orin-001/sda/agibotnav/src/fastlio2_nav' returned '0': PYTHONPATH=/home/orin-001/sda/agibotnav/build/fastlio2_nav/prefix_override:/usr/lib/python3/dist-packages/colcon_core/task/python/colcon_distutils_commands:/home/orin-001/sda/agibotnav/install/fastlio2_nav/lib/python3.10/site-packages:${PYTHONPATH} /usr/bin/python3 -W ignore:setup.py install is deprecated -W ignore:easy_install command is deprecated setup.py egg_info --egg-base ../../build/fastlio2_nav build --build-base /home/orin-001/sda/agibotnav/build/fastlio2_nav/build install --record /home/orin-001/sda/agibotnav/build/fastlio2_nav/install.log --single-version-externally-managed install_data
