[0.027s] Invoking command in '/home/orin-001/sda/agibotnav/build/nav2_util': AMENT_PREFIX_PATH=/home/orin-001/sda/agibotnav/install/nav2_msgs:/home/orin-001/sda/agibotnav/install/nav2_common:${AMENT_PREFIX_PATH} CMAKE_PREFIX_PATH=/home/orin-001/sda/agibotnav/install/nav2_msgs:/home/orin-001/sda/agibotnav/install/nav2_common:/home/orin-001/sda/driver/install/livox_ros_driver2:/home/orin-001/sda/agibotnav/install/fast_lio:/opt/ros/humble LD_LIBRARY_PATH=/home/orin-001/sda/agibotnav/install/nav2_msgs/lib:/home/orin-001/sda/driver/install/livox_sdk2/lib:/home/orin-001/sda/driver/install/livox_ros_driver2/lib:/home/orin-001/sda/agibotnav/install/fast_lio/lib:/opt/ros/humble/opt/rviz_ogre_vendor/lib:/opt/ros/humble/lib/aarch64-linux-gnu:/opt/ros/humble/lib:/home/orin-001/ros_noetic_ws/devel/lib PYTHONPATH=/home/orin-001/sda/agibotnav/install/nav2_msgs/local/lib/python3.10/dist-packages:/home/orin-001/sda/agibotnav/install/nav2_common/local/lib/python3.10/dist-packages:${PYTHONPATH} /usr/bin/cmake /home/orin-001/sda/agibotnav/src/navigation2/nav2_util -DCMAKE_INSTALL_PREFIX=/home/orin-001/sda/agibotnav/install/nav2_util
[0.120s] -- The C compiler identification is GNU 11.4.0
[0.225s] -- The CXX compiler identification is GNU 11.4.0
[0.243s] -- Detecting C compiler ABI info
[0.368s] -- Detecting C compiler ABI info - done
[0.383s] -- Check for working C compiler: /usr/bin/cc - skipped
[0.383s] -- Detecting C compile features
[0.385s] -- Detecting C compile features - done
[0.393s] -- Detecting CXX compiler ABI info
[0.532s] -- Detecting CXX compiler ABI info - done
[0.550s] -- Check for working CXX compiler: /usr/bin/c++ - skipped
[0.551s] -- Detecting CXX compile features
[0.552s] -- Detecting CXX compile features - done
[0.559s] -- Found ament_cmake: 1.3.12 (/opt/ros/humble/share/ament_cmake/cmake)
[0.850s] -- Found Python3: /usr/bin/python3 (found version "3.10.12") found components: Interpreter 
[1.061s] -- Found nav2_common: 1.1.20 (/home/orin-001/sda/agibotnav/install/nav2_common/share/nav2_common/cmake)
[1.062s] -- Found nav2_msgs: 1.1.20 (/home/orin-001/sda/agibotnav/install/nav2_msgs/share/nav2_msgs/cmake)
[1.126s] -- Found rosidl_generator_c: 3.1.8 (/opt/ros/humble/share/rosidl_generator_c/cmake)
[1.135s] -- Found rosidl_adapter: 3.1.8 (/opt/ros/humble/share/rosidl_adapter/cmake)
[1.151s] -- Found rosidl_generator_cpp: 3.1.8 (/opt/ros/humble/share/rosidl_generator_cpp/cmake)
[1.172s] -- Using all available rosidl_typesupport_c: rosidl_typesupport_fastrtps_c;rosidl_typesupport_introspection_c
[1.202s] -- Using all available rosidl_typesupport_cpp: rosidl_typesupport_fastrtps_cpp;rosidl_typesupport_introspection_cpp
[1.388s] -- Found tf2_ros: 0.25.18 (/opt/ros/humble/share/tf2_ros/cmake)
[1.509s] -- Found rmw_implementation_cmake: 6.1.2 (/opt/ros/humble/share/rmw_implementation_cmake/cmake)
[1.514s] -- Found rmw_fastrtps_cpp: 6.2.9 (/opt/ros/humble/share/rmw_fastrtps_cpp/cmake)
[1.650s] -- Found OpenSSL: /usr/lib/aarch64-linux-gnu/libcrypto.so (found version "3.0.2")  
[1.687s] -- Found FastRTPS: /opt/ros/humble/include  
[1.738s] -- Using RMW implementation 'rmw_fastrtps_cpp' as default
[1.755s] -- Looking for pthread.h
[1.877s] -- Looking for pthread.h - found
[1.878s] -- Performing Test CMAKE_HAVE_LIBC_PTHREAD
[2.005s] -- Performing Test CMAKE_HAVE_LIBC_PTHREAD - Success
[2.007s] -- Found Threads: TRUE  
[2.169s] -- Found tf2_geometry_msgs: 0.25.18 (/opt/ros/humble/share/tf2_geometry_msgs/cmake)
[2.194s] -- Found eigen3_cmake_module: 0.1.1 (/opt/ros/humble/share/eigen3_cmake_module/cmake)
[2.196s] -- Found Eigen3: TRUE (found version "3.4.0") 
[2.196s] -- Ensuring Eigen3 include directory is part of orocos-kdl CMake target
[2.207s] -- Found lifecycle_msgs: 1.2.2 (/opt/ros/humble/share/lifecycle_msgs/cmake)
[2.238s] -- Found rclcpp_lifecycle: 16.0.17 (/opt/ros/humble/share/rclcpp_lifecycle/cmake)
[2.264s] -- Found bondcpp: 4.1.2 (/opt/ros/humble/share/bondcpp/cmake)
[2.319s] -- Setting build type to Release as none was specified.
[2.346s] -- Found Boost: /usr/lib/aarch64-linux-gnu/cmake/Boost-1.74.0/BoostConfig.cmake (found version "1.74.0") found components: program_options 
[2.350s] -- Found ament_lint_auto: 0.12.14 (/opt/ros/humble/share/ament_lint_auto/cmake)
[2.354s] -- Found ament_cmake_pytest: 1.3.12 (/opt/ros/humble/share/ament_cmake_pytest/cmake)
[2.358s] -- Found launch_testing_ament_cmake: 1.0.13 (/opt/ros/humble/share/launch_testing_ament_cmake/cmake)
[2.361s] -- Found python_cmake_module: 0.10.0 (/opt/ros/humble/share/python_cmake_module/cmake)
[2.404s] -- Found PythonInterp: /usr/bin/python3 (found suitable version "3.10.12", minimum required is "3.6") 
[2.413s] -- Found PythonLibs: /usr/lib/aarch64-linux-gnu/libpython3.10.so (found suitable version "3.10.12", minimum required is "3.5") 
[2.414s] -- Using PYTHON_EXECUTABLE: /usr/bin/python3
[2.414s] -- Using PYTHON_INCLUDE_DIRS: /usr/include/python3.10
[2.414s] -- Using PYTHON_LIBRARIES: /usr/lib/aarch64-linux-gnu/libpython3.10.so
[2.459s] -- Found PythonExtra: .so  
[2.719s] -- Found gtest sources under '/opt/ros/humble/src/gtest_vendor': C++ tests using 'Google Test' will be built
[2.744s] [31mCMake Error at test/CMakeLists.txt:7 (find_package):
[2.744s]   By not providing "Findtest_msgs.cmake" in CMAKE_MODULE_PATH this project
[2.744s]   has asked CMake to find a package configuration file provided by
[2.744s]   "test_msgs", but CMake did not find one.
[2.745s] 
[2.745s]   Could not find a package configuration file provided by "test_msgs" with
[2.745s]   any of the following names:
[2.745s] 
[2.745s]     test_msgsConfig.cmake
[2.745s]     test_msgs-config.cmake
[2.745s] 
[2.745s]   Add the installation prefix of "test_msgs" to CMAKE_PREFIX_PATH or set
[2.745s]   "test_msgs_DIR" to a directory containing one of the above files.  If
[2.745s]   "test_msgs" provides a separate development package or SDK, be sure it has
[2.746s]   been installed.
[2.746s] 
[2.746s] [0m
[2.746s] -- Configuring incomplete, errors occurred!
[2.746s] See also "/home/orin-001/sda/agibotnav/build/nav2_util/CMakeFiles/CMakeOutput.log".
[2.774s] Invoked command in '/home/orin-001/sda/agibotnav/build/nav2_util' returned '1': AMENT_PREFIX_PATH=/home/orin-001/sda/agibotnav/install/nav2_msgs:/home/orin-001/sda/agibotnav/install/nav2_common:${AMENT_PREFIX_PATH} CMAKE_PREFIX_PATH=/home/orin-001/sda/agibotnav/install/nav2_msgs:/home/orin-001/sda/agibotnav/install/nav2_common:/home/orin-001/sda/driver/install/livox_ros_driver2:/home/orin-001/sda/agibotnav/install/fast_lio:/opt/ros/humble LD_LIBRARY_PATH=/home/orin-001/sda/agibotnav/install/nav2_msgs/lib:/home/orin-001/sda/driver/install/livox_sdk2/lib:/home/orin-001/sda/driver/install/livox_ros_driver2/lib:/home/orin-001/sda/agibotnav/install/fast_lio/lib:/opt/ros/humble/opt/rviz_ogre_vendor/lib:/opt/ros/humble/lib/aarch64-linux-gnu:/opt/ros/humble/lib:/home/orin-001/ros_noetic_ws/devel/lib PYTHONPATH=/home/orin-001/sda/agibotnav/install/nav2_msgs/local/lib/python3.10/dist-packages:/home/orin-001/sda/agibotnav/install/nav2_common/local/lib/python3.10/dist-packages:${PYTHONPATH} /usr/bin/cmake /home/orin-001/sda/agibotnav/src/navigation2/nav2_util -DCMAKE_INSTALL_PREFIX=/home/orin-001/sda/agibotnav/install/nav2_util
