[0.033s] Invoking command in '/home/orin-001/sda/agibotnav/build/fast_lio': CMAKE_PREFIX_PATH=${CMAKE_PREFIX_PATH}:/home/orin-001/sda/nav/src/install/nav2_simple_commander:/home/orin-001/sda/agibotnav/install/nav2_simple_commander:/opt/ros/humble /usr/bin/cmake /home/orin-001/sda/agibotnav/src/FAST_LIO -DCMAKE_INSTALL_PREFIX=/home/orin-001/sda/agibotnav/install/fast_lio
[0.109s] [0mCurrent CPU archtecture: aarch64[0m
[0.121s] -- Found PythonLibs: /usr/lib/aarch64-linux-gnu/libpython3.10.so (found version "3.10.12") 
[0.129s] -- Found ament_cmake: 1.3.12 (/opt/ros/humble/share/ament_cmake/cmake)
[0.399s] -- Override CMake install command with custom implementation using symlinks instead of copying resources
[0.440s] -- Found rclcpp: 16.0.17 (/opt/ros/humble/share/rclcpp/cmake)
[0.526s] -- Found rosidl_generator_c: 3.1.8 (/opt/ros/humble/share/rosidl_generator_c/cmake)
[0.534s] -- Found rosidl_adapter: 3.1.8 (/opt/ros/humble/share/rosidl_adapter/cmake)
[0.552s] -- Found rosidl_generator_cpp: 3.1.8 (/opt/ros/humble/share/rosidl_generator_cpp/cmake)
[0.579s] -- Using all available rosidl_typesupport_c: rosidl_typesupport_fastrtps_c;rosidl_typesupport_introspection_c
[0.612s] -- Using all available rosidl_typesupport_cpp: rosidl_typesupport_fastrtps_cpp;rosidl_typesupport_introspection_cpp
[0.702s] -- Found rmw_implementation_cmake: 6.1.2 (/opt/ros/humble/share/rmw_implementation_cmake/cmake)
[0.709s] -- Found rmw_fastrtps_cpp: 6.2.9 (/opt/ros/humble/share/rmw_fastrtps_cpp/cmake)
[0.874s] -- Using RMW implementation 'rmw_fastrtps_cpp' as default
[0.996s] -- Found rclcpp_components: 16.0.17 (/opt/ros/humble/share/rclcpp_components/cmake)
[1.046s] -- Found geometry_msgs: 4.9.0 (/opt/ros/humble/share/geometry_msgs/cmake)
[1.075s] -- Found nav_msgs: 4.9.0 (/opt/ros/humble/share/nav_msgs/cmake)
[1.110s] -- Found sensor_msgs: 4.9.0 (/opt/ros/humble/share/sensor_msgs/cmake)
[1.146s] -- Found std_srvs: 4.9.0 (/opt/ros/humble/share/std_srvs/cmake)
[1.169s] -- Found visualization_msgs: 4.9.0 (/opt/ros/humble/share/visualization_msgs/cmake)
[1.208s] -- Found pcl_ros: 2.4.5 (/opt/ros/humble/share/pcl_ros/cmake)
[1.301s] -- Eigen found (include: /usr/include/eigen3, version: 3.4.0)
[1.380s] -- FLANN found (include: /usr/include, lib: /usr/lib/aarch64-linux-gnu/libflann_cpp.so)
[2.381s] -- OpenNI found (version: 1.5.4.0, include: /usr/include/ni, lib: /usr/lib/libOpenNI.so;libusb::libusb)
[2.396s] -- OpenNI2 found (version: 2.2.0.33, include: /usr/include/openni2, lib: /usr/lib/aarch64-linux-gnu/libOpenNI2.so;libusb::libusb)
[2.686s] -- Eigen found (include: /usr/include/eigen3, version: 3.4.0)
[2.699s] -- OpenNI found (version: 1.5.4.0, include: /usr/include/ni, lib: /usr/lib/libOpenNI.so;libusb::libusb)
[2.711s] -- OpenNI2 found (version: 2.2.0.33, include: /usr/include/openni2, lib: /usr/lib/aarch64-linux-gnu/libOpenNI2.so;libusb::libusb)
[2.978s] -- Found Qhull version 8.0.2
[3.260s] -- OpenNI found (version: 1.5.4.0, include: /usr/include/ni, lib: /usr/lib/libOpenNI.so;libusb::libusb)
[3.571s] -- Found eigen3_cmake_module: 0.1.1 (/opt/ros/humble/share/eigen3_cmake_module/cmake)
[3.573s] -- Ensuring Eigen3 include directory is part of orocos-kdl CMake target
[3.710s] -- Found livox_ros_driver2: 1.0.0 (/home/orin-001/sda/driver/install/livox_ros_driver2/share/livox_ros_driver2/cmake)
[3.745s] -- Found rosidl_default_generators: 1.2.0 (/opt/ros/humble/share/rosidl_default_generators/cmake)
[3.767s] [33mCMake Warning (dev) at CMakeLists.txt:81 (find_package):
[3.767s]   Policy CMP0074 is not set: find_package uses <PackageName>_ROOT variables.
[3.768s]   Run "cmake --help-policy CMP0074" for policy details.  Use the cmake_policy
[3.768s]   command to set the policy and suppress this warning.
[3.768s] 
[3.768s]   CMake variable PCL_ROOT is set to:
[3.769s] 
[3.769s]     /usr
[3.769s] 
[3.769s]   For compatibility, CMake is ignoring the variable.
[3.769s] This warning is for project developers.  Use -Wno-dev to suppress it.
[3.770s] [0m
[3.782s] [0mEigen:/usr/include/eigen3[0m
[3.782s] -- PCL: /usr/include/pcl-1.12
[4.323s] -- Found ament_cmake_ros: 0.10.0 (/opt/ros/humble/share/ament_cmake_ros/cmake)
[4.993s] -- Using all available rosidl_typesupport_c: rosidl_typesupport_fastrtps_c;rosidl_typesupport_introspection_c
[5.267s] -- Using all available rosidl_typesupport_cpp: rosidl_typesupport_fastrtps_cpp;rosidl_typesupport_introspection_cpp
[5.322s] -- Found python_cmake_module: 0.10.0 (/opt/ros/humble/share/python_cmake_module/cmake)
[5.380s] -- Found PythonLibs: /usr/lib/aarch64-linux-gnu/libpython3.10.so (found suitable version "3.10.12", minimum required is "3.5") 
[5.380s] -- Using PYTHON_EXECUTABLE: /usr/bin/python3
[5.380s] -- Using PYTHON_INCLUDE_DIRS: /usr/include/python3.10
[5.381s] -- Using PYTHON_LIBRARIES: /usr/lib/aarch64-linux-gnu/libpython3.10.so
[5.510s] -- Configuring done
[5.708s] -- Generating done
[5.747s] -- Build files have been written to: /home/orin-001/sda/agibotnav/build/fast_lio
[5.788s] Invoked command in '/home/orin-001/sda/agibotnav/build/fast_lio' returned '0': CMAKE_PREFIX_PATH=${CMAKE_PREFIX_PATH}:/home/orin-001/sda/nav/src/install/nav2_simple_commander:/home/orin-001/sda/agibotnav/install/nav2_simple_commander:/opt/ros/humble /usr/bin/cmake /home/orin-001/sda/agibotnav/src/FAST_LIO -DCMAKE_INSTALL_PREFIX=/home/orin-001/sda/agibotnav/install/fast_lio
[5.793s] Invoking command in '/home/orin-001/sda/agibotnav/build/fast_lio': CMAKE_PREFIX_PATH=${CMAKE_PREFIX_PATH}:/home/orin-001/sda/nav/src/install/nav2_simple_commander:/home/orin-001/sda/agibotnav/install/nav2_simple_commander:/opt/ros/humble /usr/bin/cmake --build /home/orin-001/sda/agibotnav/build/fast_lio -- -j8 -l8
[5.909s] [35m[1mConsolidate compiler generated dependencies of target fast_lio__rosidl_generator_c[0m
[5.934s] [  2%] Built target fast_lio__cpp
[5.939s] [ 11%] Built target fast_lio__rosidl_generator_c
[5.956s] [ 11%] Built target ament_cmake_python_symlink_fast_lio
[5.959s] [35m[1mConsolidate compiler generated dependencies of target fast_lio__rosidl_typesupport_cpp[0m
[5.959s] [35m[1mConsolidate compiler generated dependencies of target fast_lio__rosidl_typesupport_introspection_cpp[0m
[5.964s] [35m[1mConsolidate compiler generated dependencies of target fast_lio__rosidl_typesupport_introspection_c[0m
[5.964s] [35m[1mConsolidate compiler generated dependencies of target fast_lio__rosidl_typesupport_c[0m
[5.964s] [35m[1mConsolidate compiler generated dependencies of target fast_lio__rosidl_typesupport_fastrtps_c[0m
[5.970s] [35m[1mConsolidate compiler generated dependencies of target fast_lio__rosidl_typesupport_fastrtps_cpp[0m
[5.991s] [ 20%] Built target fast_lio__rosidl_typesupport_c
[5.992s] [ 37%] Built target fast_lio__rosidl_typesupport_introspection_cpp
[5.992s] [ 37%] Built target fast_lio__rosidl_typesupport_cpp
[5.992s] [ 45%] Built target fast_lio__rosidl_typesupport_introspection_c
[5.996s] [ 54%] Built target fast_lio__rosidl_typesupport_fastrtps_c
[6.002s] [ 62%] Built target fast_lio__rosidl_typesupport_fastrtps_cpp
[6.026s] [35m[1mConsolidate compiler generated dependencies of target fastlio_mapping[0m
[6.051s] [ 62%] Built target fast_lio
[6.105s] [ 65%] Built target fast_lio__py
[6.131s] [35m[1mConsolidate compiler generated dependencies of target fast_lio__rosidl_generator_py[0m
[6.166s] [ 71%] Built target fast_lio__rosidl_generator_py
[6.193s] [35m[1mConsolidate compiler generated dependencies of target fast_lio__rosidl_typesupport_introspection_c__pyext[0m
[6.193s] [35m[1mConsolidate compiler generated dependencies of target fast_lio__rosidl_typesupport_fastrtps_c__pyext[0m
[6.193s] [35m[1mConsolidate compiler generated dependencies of target fast_lio__rosidl_typesupport_c__pyext[0m
[6.224s] [ 88%] Built target fast_lio__rosidl_typesupport_fastrtps_c__pyext
[6.225s] [ 88%] Built target fast_lio__rosidl_typesupport_c__pyext
[6.225s] [ 88%] Built target fast_lio__rosidl_typesupport_introspection_c__pyext
[6.225s] [ 91%] [32mBuilding CXX object CMakeFiles/fastlio_mapping.dir/src/laserMapping.cpp.o[0m
[6.442s] running egg_info
[6.443s] writing fast_lio.egg-info/PKG-INFO
[6.444s] writing dependency_links to fast_lio.egg-info/dependency_links.txt
[6.444s] writing top-level names to fast_lio.egg-info/top_level.txt
[6.455s] reading manifest file 'fast_lio.egg-info/SOURCES.txt'
[6.456s] writing manifest file 'fast_lio.egg-info/SOURCES.txt'
[6.520s] [ 91%] Built target ament_cmake_python_build_fast_lio_egg
[19.132s] In file included from [01m[K/usr/include/boost/smart_ptr/detail/sp_thread_sleep.hpp:22[m[K,
[19.133s]                  from [01m[K/usr/include/boost/smart_ptr/detail/yield_k.hpp:23[m[K,
[19.133s]                  from [01m[K/usr/include/boost/smart_ptr/detail/spinlock_gcc_atomic.hpp:14[m[K,
[19.133s]                  from [01m[K/usr/include/boost/smart_ptr/detail/spinlock.hpp:42[m[K,
[19.133s]                  from [01m[K/usr/include/boost/smart_ptr/detail/spinlock_pool.hpp:25[m[K,
[19.133s]                  from [01m[K/usr/include/boost/smart_ptr/shared_ptr.hpp:29[m[K,
[19.133s]                  from [01m[K/usr/include/boost/shared_ptr.hpp:17[m[K,
[19.133s]                  from [01m[K/usr/include/boost/date_time/microsec_time_clock.hpp:18[m[K,
[19.133s]                  from [01m[K/usr/include/boost/interprocess/detail/posix_time_types_wrk.hpp:31[m[K,
[19.133s]                  from [01m[K/usr/include/boost/interprocess/detail/os_thread_functions.hpp:36[m[K,
[19.134s]                  from [01m[K/usr/include/boost/interprocess/sync/file_lock.hpp:26[m[K,
[19.134s]                  from [01m[K/usr/include/pcl-1.12/pcl/io/pcd_io.h:46[m[K,
[19.134s]                  from [01m[K/opt/ros/humble/include/pcl_conversions/pcl_conversions/pcl_conversions.h:73[m[K,
[19.134s]                  from [01m[K/home/orin-001/sda/agibotnav/src/FAST_LIO/src/IMU_Processing.hpp:18[m[K,
[19.134s]                  from [01m[K/home/orin-001/sda/agibotnav/src/FAST_LIO/src/laserMapping.cpp:49[m[K:
[19.134s] [01m[K/usr/include/boost/bind.hpp:36:1:[m[K [01;36m[Knote: [m[K‘[01m[K#pragma message: The practice of declaring the Bind placeholders (_1, _2, ...) in the global namespace is deprecated. Please use <boost/bind/bind.hpp> + using namespace boost::placeholders, or define BOOST_BIND_GLOBAL_PLACEHOLDERS to retain the current behavior.[m[K’
[19.134s]    36 | [01;36m[KBOOST_PRAGMA_MESSAGE[m[K(
[19.134s]       | [01;36m[K^~~~~~~~~~~~~~~~~~~~[m[K
[22.813s] [01m[K/home/orin-001/sda/agibotnav/src/FAST_LIO/src/laserMapping.cpp:[m[K In function ‘[01m[Kvoid publish_frame_world(rclcpp::Publisher<sensor_msgs::msg::PointCloud2_<std::allocator<void> > >::SharedPtr)[m[K’:
[22.813s] [01m[K/home/orin-001/sda/agibotnav/src/FAST_LIO/src/laserMapping.cpp:523:36:[m[K [01;31m[Kerror: [m[K‘[01m[KpubGridMap_[m[K’ was not declared in this scope
[22.813s]   523 | generate_grid_map(laserCloudWorld, [01;31m[KpubGridMap_[m[K, laserCloudmsg.header.stamp);
[22.813s]       |                                    [01;31m[K^~~~~~~~~~~[m[K
[22.854s] [01m[K/home/orin-001/sda/agibotnav/src/FAST_LIO/src/laserMapping.cpp:523:1:[m[K [01;31m[Kerror: [m[K‘[01m[Kgenerate_grid_map[m[K’ was not declared in this scope
[22.854s]   523 | [01;31m[Kgenerate_grid_map[m[K(laserCloudWorld, pubGridMap_, laserCloudmsg.header.stamp);
[22.854s]       | [01;31m[K^~~~~~~~~~~~~~~~~[m[K
[22.890s] [01m[K/home/orin-001/sda/agibotnav/src/FAST_LIO/src/laserMapping.cpp:525:21:[m[K [01;31m[Kerror: [m[K‘[01m[Ktf_broadcaster_[m[K’ was not declared in this scope
[22.890s]   525 | publish_map_odom_tf([01;31m[Ktf_broadcaster_[m[K, laserCloudmsg.header.stamp);
[22.890s]       |                     [01;31m[K^~~~~~~~~~~~~~~[m[K
[22.930s] [01m[K/home/orin-001/sda/agibotnav/src/FAST_LIO/src/laserMapping.cpp:525:1:[m[K [01;31m[Kerror: [m[K‘[01m[Kpublish_map_odom_tf[m[K’ was not declared in this scope
[22.931s]   525 | [01;31m[Kpublish_map_odom_tf[m[K(tf_broadcaster_, laserCloudmsg.header.stamp);
[22.931s]       | [01;31m[K^~~~~~~~~~~~~~~~~~~[m[K
[30.134s] In file included from [01m[K/home/orin-001/sda/agibotnav/src/FAST_LIO/include/IKFoM_toolkit/esekfom/../mtk/types/SOn.hpp:83[m[K,
[30.134s]                  from [01m[K/home/orin-001/sda/agibotnav/src/FAST_LIO/include/IKFoM_toolkit/esekfom/esekfom.hpp:49[m[K,
[30.134s]                  from [01m[K/home/orin-001/sda/agibotnav/src/FAST_LIO/include/use-ikfom.hpp:4[m[K,
[30.134s]                  from [01m[K/home/orin-001/sda/agibotnav/src/FAST_LIO/src/IMU_Processing.hpp:22[m[K,
[30.134s]                  from [01m[K/home/orin-001/sda/agibotnav/src/FAST_LIO/src/laserMapping.cpp:49[m[K:
[30.134s] /home/orin-001/sda/agibotnav/src/FAST_LIO/include/IKFoM_toolkit/esekfom/../mtk/types/../src/mtkmath.hpp: In instantiation of ‘[01m[Kstd::pair<_FIter, _FIter> MTK::cos_sinc_sqrt(const scalar&) [with scalar = double][m[K’:
[30.135s] [01m[K/home/orin-001/sda/agibotnav/src/FAST_LIO/include/IKFoM_toolkit/esekfom/../mtk/types/../src/mtkmath.hpp:252:52:[m[K   required from ‘[01m[Kscalar MTK::exp(MTK::vectview<scalar, dim>, MTK::vectview<const scalar, dim>, const scalar&) [with scalar = double; int n = 3][m[K’
[30.135s] [01m[K/home/orin-001/sda/agibotnav/src/FAST_LIO/include/IKFoM_toolkit/esekfom/../mtk/types/S2.hpp:140:32:[m[K   required from ‘[01m[Kvoid MTK::S2<_scalar, den, num, S2_typ>::boxplus(MTK::vectview<const _scalar, 2>, MTK::S2<_scalar, den, num, S2_typ>::scalar) [with _scalar = double; int den = 98090; int num = 10000; int S2_typ = 1; MTK::S2<_scalar, den, num, S2_typ>::scalar = double][m[K’
[30.135s] [01m[K/home/orin-001/sda/agibotnav/src/FAST_LIO/include/use-ikfom.hpp:12:1:[m[K   required from here
[30.135s] [01m[K/home/orin-001/sda/agibotnav/src/FAST_LIO/include/IKFoM_toolkit/esekfom/../mtk/types/../src/mtkmath.hpp:143:27:[m[K [01;36m[Knote: [m[Kparameter passing for argument of type ‘[01m[Kstd::pair<double, double>[m[K’ when C++17 is enabled changed to match C++14 ]8;;https://gcc.gnu.org/gcc-10/changes.html#empty_basein GCC 10.1]8;;
[30.135s]   143 | std::pair<scalar, scalar> [01;36m[Kcos_sinc_sqrt[m[K(const scalar &x2){
[30.135s]       |                           [01;36m[K^~~~~~~~~~~~~[m[K
[87.032s] gmake[2]: *** [CMakeFiles/fastlio_mapping.dir/build.make:76: CMakeFiles/fastlio_mapping.dir/src/laserMapping.cpp.o] Error 1
[87.032s] gmake[1]: *** [CMakeFiles/Makefile2:593: CMakeFiles/fastlio_mapping.dir/all] Error 2
[87.033s] gmake: *** [Makefile:146: all] Error 2
[87.039s] Invoked command in '/home/orin-001/sda/agibotnav/build/fast_lio' returned '2': CMAKE_PREFIX_PATH=${CMAKE_PREFIX_PATH}:/home/orin-001/sda/nav/src/install/nav2_simple_commander:/home/orin-001/sda/agibotnav/install/nav2_simple_commander:/opt/ros/humble /usr/bin/cmake --build /home/orin-001/sda/agibotnav/build/fast_lio -- -j8 -l8
