[0mCurrent CPU archtecture: aarch64[0m
[33mCMake Warning (dev) at CMakeLists.txt:81 (find_package):
  Policy CMP0074 is not set: find_package uses <PackageName>_ROOT variables.
  Run "cmake --help-policy CMP0074" for policy details.  Use the cmake_policy
  command to set the policy and suppress this warning.

  CMake variable PCL_ROOT is set to:

    /usr

  For compatibility, CMake is ignoring the variable.
This warning is for project developers.  Use -Wno-dev to suppress it.
[0m
[0mEigen:/usr/include/eigen3[0m
In file included from [01m[K/usr/include/boost/smart_ptr/detail/sp_thread_sleep.hpp:22[m[K,
                 from [01m[K/usr/include/boost/smart_ptr/detail/yield_k.hpp:23[m[K,
                 from [01m[K/usr/include/boost/smart_ptr/detail/spinlock_gcc_atomic.hpp:14[m[K,
                 from [01m[K/usr/include/boost/smart_ptr/detail/spinlock.hpp:42[m[K,
                 from [01m[K/usr/include/boost/smart_ptr/detail/spinlock_pool.hpp:25[m[K,
                 from [01m[K/usr/include/boost/smart_ptr/shared_ptr.hpp:29[m[K,
                 from [01m[K/usr/include/boost/shared_ptr.hpp:17[m[K,
                 from [01m[K/usr/include/boost/date_time/microsec_time_clock.hpp:18[m[K,
                 from [01m[K/usr/include/boost/interprocess/detail/posix_time_types_wrk.hpp:31[m[K,
                 from [01m[K/usr/include/boost/interprocess/detail/os_thread_functions.hpp:36[m[K,
                 from [01m[K/usr/include/boost/interprocess/sync/file_lock.hpp:26[m[K,
                 from [01m[K/usr/include/pcl-1.12/pcl/io/pcd_io.h:46[m[K,
                 from [01m[K/opt/ros/humble/include/pcl_conversions/pcl_conversions/pcl_conversions.h:73[m[K,
                 from [01m[K/home/orin-001/sda/agibotnav/src/FAST_LIO/src/IMU_Processing.hpp:18[m[K,
                 from [01m[K/home/orin-001/sda/agibotnav/src/FAST_LIO/src/laserMapping.cpp:16[m[K:
[01m[K/usr/include/boost/bind.hpp:36:1:[m[K [01;36m[Knote: [m[K‘[01m[K#pragma message: The practice of declaring the Bind placeholders (_1, _2, ...) in the global namespace is deprecated. Please use <boost/bind/bind.hpp> + using namespace boost::placeholders, or define BOOST_BIND_GLOBAL_PLACEHOLDERS to retain the current behavior.[m[K’
   36 | [01;36m[KBOOST_PRAGMA_MESSAGE[m[K(
      | [01;36m[K^~~~~~~~~~~~~~~~~~~~[m[K
In file included from [01m[K/home/orin-001/sda/agibotnav/src/FAST_LIO/include/IKFoM_toolkit/esekfom/../mtk/types/SOn.hpp:83[m[K,
                 from [01m[K/home/orin-001/sda/agibotnav/src/FAST_LIO/include/IKFoM_toolkit/esekfom/esekfom.hpp:49[m[K,
                 from [01m[K/home/orin-001/sda/agibotnav/src/FAST_LIO/include/use-ikfom.hpp:4[m[K,
                 from [01m[K/home/orin-001/sda/agibotnav/src/FAST_LIO/src/IMU_Processing.hpp:22[m[K,
                 from [01m[K/home/orin-001/sda/agibotnav/src/FAST_LIO/src/laserMapping.cpp:16[m[K:
/home/orin-001/sda/agibotnav/src/FAST_LIO/include/IKFoM_toolkit/esekfom/../mtk/types/../src/mtkmath.hpp: In instantiation of ‘[01m[Kstd::pair<_FIter, _FIter> MTK::cos_sinc_sqrt(const scalar&) [with scalar = double][m[K’:
[01m[K/home/orin-001/sda/agibotnav/src/FAST_LIO/include/IKFoM_toolkit/esekfom/../mtk/types/../src/mtkmath.hpp:252:52:[m[K   required from ‘[01m[Kscalar MTK::exp(MTK::vectview<scalar, dim>, MTK::vectview<const scalar, dim>, const scalar&) [with scalar = double; int n = 3][m[K’
[01m[K/home/orin-001/sda/agibotnav/src/FAST_LIO/include/IKFoM_toolkit/esekfom/../mtk/types/S2.hpp:140:32:[m[K   required from ‘[01m[Kvoid MTK::S2<_scalar, den, num, S2_typ>::boxplus(MTK::vectview<const _scalar, 2>, MTK::S2<_scalar, den, num, S2_typ>::scalar) [with _scalar = double; int den = 98090; int num = 10000; int S2_typ = 1; MTK::S2<_scalar, den, num, S2_typ>::scalar = double][m[K’
[01m[K/home/orin-001/sda/agibotnav/src/FAST_LIO/include/use-ikfom.hpp:12:1:[m[K   required from here
[01m[K/home/orin-001/sda/agibotnav/src/FAST_LIO/include/IKFoM_toolkit/esekfom/../mtk/types/../src/mtkmath.hpp:143:27:[m[K [01;36m[Knote: [m[Kparameter passing for argument of type ‘[01m[Kstd::pair<double, double>[m[K’ when C++17 is enabled changed to match C++14 ]8;;https://gcc.gnu.org/gcc-10/changes.html#empty_basein GCC 10.1]8;;
  143 | std::pair<scalar, scalar> [01;36m[Kcos_sinc_sqrt[m[K(const scalar &x2){
      |                           [01;36m[K^~~~~~~~~~~~~[m[K
/usr/bin/ld: CMakeFiles/fastlio_mapping.dir/src/laserMapping.cpp.o: in function `YAML::TypedBadConversion<double>::~TypedBadConversion()':
laserMapping.cpp:(.text._ZN4YAML18TypedBadConversionIdED2Ev[_ZN4YAML18TypedBadConversionIdED5Ev]+0x10): undefined reference to `YAML::BadConversion::~BadConversion()'
/usr/bin/ld: CMakeFiles/fastlio_mapping.dir/src/laserMapping.cpp.o: in function `YAML::TypedBadConversion<double>::~TypedBadConversion()':
laserMapping.cpp:(.text._ZN4YAML18TypedBadConversionIdED0Ev[_ZN4YAML18TypedBadConversionIdED5Ev]+0x20): undefined reference to `YAML::BadConversion::~BadConversion()'
/usr/bin/ld: CMakeFiles/fastlio_mapping.dir/src/laserMapping.cpp.o: in function `YAML::detail::node::mark_defined()':
laserMapping.cpp:(.text._ZN4YAML6detail4node12mark_definedEv[_ZN4YAML6detail4node12mark_definedEv]+0x34): undefined reference to `YAML::detail::node_data::mark_defined()'
/usr/bin/ld: laserMapping.cpp:(.text._ZN4YAML6detail4node12mark_definedEv[_ZN4YAML6detail4node12mark_definedEv]+0x80): undefined reference to `YAML::detail::node_data::mark_defined()'
/usr/bin/ld: laserMapping.cpp:(.text._ZN4YAML6detail4node12mark_definedEv[_ZN4YAML6detail4node12mark_definedEv]+0xbc): undefined reference to `YAML::detail::node_data::mark_defined()'
/usr/bin/ld: laserMapping.cpp:(.text._ZN4YAML6detail4node12mark_definedEv[_ZN4YAML6detail4node12mark_definedEv]+0xf8): undefined reference to `YAML::detail::node_data::mark_defined()'
/usr/bin/ld: laserMapping.cpp:(.text._ZN4YAML6detail4node12mark_definedEv[_ZN4YAML6detail4node12mark_definedEv]+0x134): undefined reference to `YAML::detail::node_data::mark_defined()'
/usr/bin/ld: CMakeFiles/fastlio_mapping.dir/src/laserMapping.cpp.o:laserMapping.cpp:(.text._ZN4YAML6detail4node12mark_definedEv[_ZN4YAML6detail4node12mark_definedEv]+0x168): more undefined references to `YAML::detail::node_data::mark_defined()' follow
/usr/bin/ld: CMakeFiles/fastlio_mapping.dir/src/laserMapping.cpp.o: in function `YAML::BadConversion::BadConversion(YAML::Mark const&)':
laserMapping.cpp:(.text._ZN4YAML13BadConversionC2ERKNS_4MarkE[_ZN4YAML13BadConversionC5ERKNS_4MarkE]+0x94): undefined reference to `vtable for YAML::Exception'
/usr/bin/ld: laserMapping.cpp:(.text._ZN4YAML13BadConversionC2ERKNS_4MarkE[_ZN4YAML13BadConversionC5ERKNS_4MarkE]+0xa4): undefined reference to `vtable for YAML::Exception'
/usr/bin/ld: laserMapping.cpp:(.text._ZN4YAML13BadConversionC2ERKNS_4MarkE[_ZN4YAML13BadConversionC5ERKNS_4MarkE]+0xd0): undefined reference to `vtable for YAML::RepresentationException'
/usr/bin/ld: laserMapping.cpp:(.text._ZN4YAML13BadConversionC2ERKNS_4MarkE[_ZN4YAML13BadConversionC5ERKNS_4MarkE]+0xd8): undefined reference to `vtable for YAML::RepresentationException'
/usr/bin/ld: laserMapping.cpp:(.text._ZN4YAML13BadConversionC2ERKNS_4MarkE[_ZN4YAML13BadConversionC5ERKNS_4MarkE]+0xf8): undefined reference to `vtable for YAML::BadConversion'
/usr/bin/ld: laserMapping.cpp:(.text._ZN4YAML13BadConversionC2ERKNS_4MarkE[_ZN4YAML13BadConversionC5ERKNS_4MarkE]+0x100): undefined reference to `vtable for YAML::BadConversion'
/usr/bin/ld: CMakeFiles/fastlio_mapping.dir/src/laserMapping.cpp.o: in function `YAML::InvalidNode::InvalidNode(std::__cxx11::basic_string<char, std::char_traits<char>, std::allocator<char> > const&)':
laserMapping.cpp:(.text._ZN4YAML11InvalidNodeC2ERKNSt7__cxx1112basic_stringIcSt11char_traitsIcESaIcEEE[_ZN4YAML11InvalidNodeC5ERKNSt7__cxx1112basic_stringIcSt11char_traitsIcESaIcEEE]+0x264): undefined reference to `vtable for YAML::Exception'
/usr/bin/ld: laserMapping.cpp:(.text._ZN4YAML11InvalidNodeC2ERKNSt7__cxx1112basic_stringIcSt11char_traitsIcESaIcEEE[_ZN4YAML11InvalidNodeC5ERKNSt7__cxx1112basic_stringIcSt11char_traitsIcESaIcEEE]+0x274): undefined reference to `vtable for YAML::Exception'
/usr/bin/ld: laserMapping.cpp:(.text._ZN4YAML11InvalidNodeC2ERKNSt7__cxx1112basic_stringIcSt11char_traitsIcESaIcEEE[_ZN4YAML11InvalidNodeC5ERKNSt7__cxx1112basic_stringIcSt11char_traitsIcESaIcEEE]+0x29c): undefined reference to `vtable for YAML::RepresentationException'
/usr/bin/ld: laserMapping.cpp:(.text._ZN4YAML11InvalidNodeC2ERKNSt7__cxx1112basic_stringIcSt11char_traitsIcESaIcEEE[_ZN4YAML11InvalidNodeC5ERKNSt7__cxx1112basic_stringIcSt11char_traitsIcESaIcEEE]+0x2a8): undefined reference to `vtable for YAML::RepresentationException'
/usr/bin/ld: laserMapping.cpp:(.text._ZN4YAML11InvalidNodeC2ERKNSt7__cxx1112basic_stringIcSt11char_traitsIcESaIcEEE[_ZN4YAML11InvalidNodeC5ERKNSt7__cxx1112basic_stringIcSt11char_traitsIcESaIcEEE]+0x2c8): undefined reference to `vtable for YAML::InvalidNode'
/usr/bin/ld: laserMapping.cpp:(.text._ZN4YAML11InvalidNodeC2ERKNSt7__cxx1112basic_stringIcSt11char_traitsIcESaIcEEE[_ZN4YAML11InvalidNodeC5ERKNSt7__cxx1112basic_stringIcSt11char_traitsIcESaIcEEE]+0x2d0): undefined reference to `vtable for YAML::InvalidNode'
/usr/bin/ld: CMakeFiles/fastlio_mapping.dir/src/laserMapping.cpp.o: in function `YAML::convert<double>::decode(YAML::Node const&, double&)':
laserMapping.cpp:(.text._ZN4YAML7convertIdE6decodeERKNS_4NodeERd[_ZN4YAML7convertIdE6decodeERKNS_4NodeERd]+0x50c): undefined reference to `YAML::InvalidNode::~InvalidNode()'
/usr/bin/ld: laserMapping.cpp:(.text._ZN4YAML7convertIdE6decodeERKNS_4NodeERd[_ZN4YAML7convertIdE6decodeERKNS_4NodeERd]+0x510): undefined reference to `typeinfo for YAML::InvalidNode'
/usr/bin/ld: laserMapping.cpp:(.text._ZN4YAML7convertIdE6decodeERKNS_4NodeERd[_ZN4YAML7convertIdE6decodeERKNS_4NodeERd]+0x51c): undefined reference to `YAML::InvalidNode::~InvalidNode()'
/usr/bin/ld: laserMapping.cpp:(.text._ZN4YAML7convertIdE6decodeERKNS_4NodeERd[_ZN4YAML7convertIdE6decodeERKNS_4NodeERd]+0x524): undefined reference to `typeinfo for YAML::InvalidNode'
/usr/bin/ld: CMakeFiles/fastlio_mapping.dir/src/laserMapping.cpp.o: in function `YAML::Node::Mark() const':
laserMapping.cpp:(.text._ZNK4YAML4Node4MarkEv[_ZNK4YAML4Node4MarkEv]+0x90): undefined reference to `YAML::InvalidNode::~InvalidNode()'
/usr/bin/ld: laserMapping.cpp:(.text._ZNK4YAML4Node4MarkEv[_ZNK4YAML4Node4MarkEv]+0x94): undefined reference to `typeinfo for YAML::InvalidNode'
/usr/bin/ld: laserMapping.cpp:(.text._ZNK4YAML4Node4MarkEv[_ZNK4YAML4Node4MarkEv]+0x9c): undefined reference to `YAML::InvalidNode::~InvalidNode()'
/usr/bin/ld: laserMapping.cpp:(.text._ZNK4YAML4Node4MarkEv[_ZNK4YAML4Node4MarkEv]+0xa0): undefined reference to `typeinfo for YAML::InvalidNode'
/usr/bin/ld: CMakeFiles/fastlio_mapping.dir/src/laserMapping.cpp.o: in function `double YAML::Node::as<double>() const':
laserMapping.cpp:(.text._ZNK4YAML4Node2asIdEET_v[_ZNK4YAML4Node2asIdEET_v]+0x134): undefined reference to `YAML::InvalidNode::~InvalidNode()'
/usr/bin/ld: laserMapping.cpp:(.text._ZNK4YAML4Node2asIdEET_v[_ZNK4YAML4Node2asIdEET_v]+0x138): undefined reference to `typeinfo for YAML::InvalidNode'
/usr/bin/ld: laserMapping.cpp:(.text._ZNK4YAML4Node2asIdEET_v[_ZNK4YAML4Node2asIdEET_v]+0x140): undefined reference to `YAML::InvalidNode::~InvalidNode()'
/usr/bin/ld: laserMapping.cpp:(.text._ZNK4YAML4Node2asIdEET_v[_ZNK4YAML4Node2asIdEET_v]+0x144): undefined reference to `typeinfo for YAML::InvalidNode'
/usr/bin/ld: CMakeFiles/fastlio_mapping.dir/src/laserMapping.cpp.o: in function `YAML::detail::node_data::get<char [18]>(char const (&) [18], std::shared_ptr<YAML::detail::memory_holder>)::{lambda(std::pair<YAML::detail::node*, YAML::detail::node*>)#1}::operator()(std::pair<YAML::detail::node*, YAML::detail::node*>) const [clone .isra.0]':
laserMapping.cpp:(.text._ZZN4YAML6detail9node_data3getIA18_cEERNS0_4nodeERKT_St10shared_ptrINS0_13memory_holderEEENKUlSt4pairIPS4_SD_EE_clESE_.isra.0[_ZN4YAML4NodeixIA18_cEES0_RKT_]+0x1dc): undefined reference to `YAML::InvalidNode::~InvalidNode()'
/usr/bin/ld: laserMapping.cpp:(.text._ZZN4YAML6detail9node_data3getIA18_cEERNS0_4nodeERKT_St10shared_ptrINS0_13memory_holderEEENKUlSt4pairIPS4_SD_EE_clESE_.isra.0[_ZN4YAML4NodeixIA18_cEES0_RKT_]+0x1e0): undefined reference to `typeinfo for YAML::InvalidNode'
/usr/bin/ld: laserMapping.cpp:(.text._ZZN4YAML6detail9node_data3getIA18_cEERNS0_4nodeERKT_St10shared_ptrINS0_13memory_holderEEENKUlSt4pairIPS4_SD_EE_clESE_.isra.0[_ZN4YAML4NodeixIA18_cEES0_RKT_]+0x1e8): undefined reference to `YAML::InvalidNode::~InvalidNode()'
/usr/bin/ld: laserMapping.cpp:(.text._ZZN4YAML6detail9node_data3getIA18_cEERNS0_4nodeERKT_St10shared_ptrINS0_13memory_holderEEENKUlSt4pairIPS4_SD_EE_clESE_.isra.0[_ZN4YAML4NodeixIA18_cEES0_RKT_]+0x1ec): undefined reference to `typeinfo for YAML::InvalidNode'
/usr/bin/ld: CMakeFiles/fastlio_mapping.dir/src/laserMapping.cpp.o: in function `YAML::detail::node_data::get<char [17]>(char const (&) [17], std::shared_ptr<YAML::detail::memory_holder>)::{lambda(std::pair<YAML::detail::node*, YAML::detail::node*>)#1}::operator()(std::pair<YAML::detail::node*, YAML::detail::node*>) const [clone .isra.0]':
laserMapping.cpp:(.text._ZZN4YAML6detail9node_data3getIA17_cEERNS0_4nodeERKT_St10shared_ptrINS0_13memory_holderEEENKUlSt4pairIPS4_SD_EE_clESE_.isra.0[_ZN4YAML4NodeixIA17_cEES0_RKT_]+0x1dc): undefined reference to `YAML::InvalidNode::~InvalidNode()'
/usr/bin/ld: laserMapping.cpp:(.text._ZZN4YAML6detail9node_data3getIA17_cEERNS0_4nodeERKT_St10shared_ptrINS0_13memory_holderEEENKUlSt4pairIPS4_SD_EE_clESE_.isra.0[_ZN4YAML4NodeixIA17_cEES0_RKT_]+0x1e0): undefined reference to `typeinfo for YAML::InvalidNode'
/usr/bin/ld: laserMapping.cpp:(.text._ZZN4YAML6detail9node_data3getIA17_cEERNS0_4nodeERKT_St10shared_ptrINS0_13memory_holderEEENKUlSt4pairIPS4_SD_EE_clESE_.isra.0[_ZN4YAML4NodeixIA17_cEES0_RKT_]+0x1e8): undefined reference to `YAML::InvalidNode::~InvalidNode()'
/usr/bin/ld: laserMapping.cpp:(.text._ZZN4YAML6detail9node_data3getIA17_cEERNS0_4nodeERKT_St10shared_ptrINS0_13memory_holderEEENKUlSt4pairIPS4_SD_EE_clESE_.isra.0[_ZN4YAML4NodeixIA17_cEES0_RKT_]+0x1ec): undefined reference to `typeinfo for YAML::InvalidNode'
/usr/bin/ld: CMakeFiles/fastlio_mapping.dir/src/laserMapping.cpp.o: in function `YAML::Node::EnsureNodeExists() const':
laserMapping.cpp:(.text._ZNK4YAML4Node16EnsureNodeExistsEv[_ZNK4YAML4Node16EnsureNodeExistsEv]+0xcc): undefined reference to `YAML::detail::memory::create_node()'
/usr/bin/ld: laserMapping.cpp:(.text._ZNK4YAML4Node16EnsureNodeExistsEv[_ZNK4YAML4Node16EnsureNodeExistsEv]+0xec): undefined reference to `YAML::detail::node_data::mark_defined()'
/usr/bin/ld: laserMapping.cpp:(.text._ZNK4YAML4Node16EnsureNodeExistsEv[_ZNK4YAML4Node16EnsureNodeExistsEv]+0x15c): undefined reference to `YAML::detail::node_data::set_null()'
/usr/bin/ld: laserMapping.cpp:(.text._ZNK4YAML4Node16EnsureNodeExistsEv[_ZNK4YAML4Node16EnsureNodeExistsEv]+0x18c): undefined reference to `YAML::InvalidNode::~InvalidNode()'
/usr/bin/ld: laserMapping.cpp:(.text._ZNK4YAML4Node16EnsureNodeExistsEv[_ZNK4YAML4Node16EnsureNodeExistsEv]+0x190): undefined reference to `typeinfo for YAML::InvalidNode'
/usr/bin/ld: laserMapping.cpp:(.text._ZNK4YAML4Node16EnsureNodeExistsEv[_ZNK4YAML4Node16EnsureNodeExistsEv]+0x19c): undefined reference to `YAML::InvalidNode::~InvalidNode()'
/usr/bin/ld: laserMapping.cpp:(.text._ZNK4YAML4Node16EnsureNodeExistsEv[_ZNK4YAML4Node16EnsureNodeExistsEv]+0x1a0): undefined reference to `typeinfo for YAML::InvalidNode'
/usr/bin/ld: CMakeFiles/fastlio_mapping.dir/src/laserMapping.cpp.o: in function `YAML::Node::Node<char const*>(char const* const&)':
laserMapping.cpp:(.text._ZN4YAML4NodeC2IPKcEERKT_[_ZN4YAML4NodeC5IPKcEERKT_]+0xe8): undefined reference to `YAML::detail::memory::create_node()'
/usr/bin/ld: laserMapping.cpp:(.text._ZN4YAML4NodeC2IPKcEERKT_[_ZN4YAML4NodeC5IPKcEERKT_]+0x154): undefined reference to `YAML::detail::node_data::mark_defined()'
/usr/bin/ld: laserMapping.cpp:(.text._ZN4YAML4NodeC2IPKcEERKT_[_ZN4YAML4NodeC5IPKcEERKT_]+0x1c0): undefined reference to `YAML::detail::node_data::set_scalar(std::__cxx11::basic_string<char, std::char_traits<char>, std::allocator<char> > const&)'
/usr/bin/ld: CMakeFiles/fastlio_mapping.dir/src/laserMapping.cpp.o: in function `YAML::BadSubscript::BadSubscript<char [17]>(YAML::Mark const&, char const (&) [17])':
laserMapping.cpp:(.text._ZN4YAML12BadSubscriptC2IA17_cEERKNS_4MarkERKT_[_ZN4YAML12BadSubscriptC5IA17_cEERKNS_4MarkERKT_]+0x7c): undefined reference to `vtable for YAML::Exception'
/usr/bin/ld: laserMapping.cpp:(.text._ZN4YAML12BadSubscriptC2IA17_cEERKNS_4MarkERKT_[_ZN4YAML12BadSubscriptC5IA17_cEERKNS_4MarkERKT_]+0x8c): undefined reference to `vtable for YAML::Exception'
/usr/bin/ld: laserMapping.cpp:(.text._ZN4YAML12BadSubscriptC2IA17_cEERKNS_4MarkERKT_[_ZN4YAML12BadSubscriptC5IA17_cEERKNS_4MarkERKT_]+0xb8): undefined reference to `vtable for YAML::RepresentationException'
/usr/bin/ld: laserMapping.cpp:(.text._ZN4YAML12BadSubscriptC2IA17_cEERKNS_4MarkERKT_[_ZN4YAML12BadSubscriptC5IA17_cEERKNS_4MarkERKT_]+0xc4): undefined reference to `vtable for YAML::RepresentationException'
/usr/bin/ld: laserMapping.cpp:(.text._ZN4YAML12BadSubscriptC2IA17_cEERKNS_4MarkERKT_[_ZN4YAML12BadSubscriptC5IA17_cEERKNS_4MarkERKT_]+0xe4): undefined reference to `vtable for YAML::BadSubscript'
/usr/bin/ld: laserMapping.cpp:(.text._ZN4YAML12BadSubscriptC2IA17_cEERKNS_4MarkERKT_[_ZN4YAML12BadSubscriptC5IA17_cEERKNS_4MarkERKT_]+0xec): undefined reference to `vtable for YAML::BadSubscript'
/usr/bin/ld: CMakeFiles/fastlio_mapping.dir/src/laserMapping.cpp.o: in function `YAML::Node YAML::Node::operator[]<char [17]>(char const (&) [17])':
laserMapping.cpp:(.text._ZN4YAML4NodeixIA17_cEES0_RKT_[_ZN4YAML4NodeixIA17_cEES0_RKT_]+0xf4): undefined reference to `YAML::detail::node_data::convert_to_map(std::shared_ptr<YAML::detail::memory_holder> const&)'
/usr/bin/ld: laserMapping.cpp:(.text._ZN4YAML4NodeixIA17_cEES0_RKT_[_ZN4YAML4NodeixIA17_cEES0_RKT_]+0x7a8): undefined reference to `YAML::detail::memory_holder::merge(YAML::detail::memory_holder&)'
/usr/bin/ld: laserMapping.cpp:(.text._ZN4YAML4NodeixIA17_cEES0_RKT_[_ZN4YAML4NodeixIA17_cEES0_RKT_]+0x7cc): undefined reference to `YAML::detail::memory::create_node()'
/usr/bin/ld: laserMapping.cpp:(.text._ZN4YAML4NodeixIA17_cEES0_RKT_[_ZN4YAML4NodeixIA17_cEES0_RKT_]+0x7e0): undefined reference to `YAML::detail::node_data::insert_map_pair(YAML::detail::node&, YAML::detail::node&)'
/usr/bin/ld: laserMapping.cpp:(.text._ZN4YAML4NodeixIA17_cEES0_RKT_[_ZN4YAML4NodeixIA17_cEES0_RKT_]+0x8d8): undefined reference to `YAML::InvalidNode::~InvalidNode()'
/usr/bin/ld: laserMapping.cpp:(.text._ZN4YAML4NodeixIA17_cEES0_RKT_[_ZN4YAML4NodeixIA17_cEES0_RKT_]+0x8dc): undefined reference to `typeinfo for YAML::InvalidNode'
/usr/bin/ld: laserMapping.cpp:(.text._ZN4YAML4NodeixIA17_cEES0_RKT_[_ZN4YAML4NodeixIA17_cEES0_RKT_]+0x8e4): undefined reference to `YAML::InvalidNode::~InvalidNode()'
/usr/bin/ld: laserMapping.cpp:(.text._ZN4YAML4NodeixIA17_cEES0_RKT_[_ZN4YAML4NodeixIA17_cEES0_RKT_]+0x8e8): undefined reference to `typeinfo for YAML::InvalidNode'
/usr/bin/ld: laserMapping.cpp:(.text._ZN4YAML4NodeixIA17_cEES0_RKT_[_ZN4YAML4NodeixIA17_cEES0_RKT_]+0x934): undefined reference to `YAML::InvalidNode::~InvalidNode()'
/usr/bin/ld: laserMapping.cpp:(.text._ZN4YAML4NodeixIA17_cEES0_RKT_[_ZN4YAML4NodeixIA17_cEES0_RKT_]+0x938): undefined reference to `typeinfo for YAML::InvalidNode'
/usr/bin/ld: laserMapping.cpp:(.text._ZN4YAML4NodeixIA17_cEES0_RKT_[_ZN4YAML4NodeixIA17_cEES0_RKT_]+0x940): undefined reference to `YAML::InvalidNode::~InvalidNode()'
/usr/bin/ld: laserMapping.cpp:(.text._ZN4YAML4NodeixIA17_cEES0_RKT_[_ZN4YAML4NodeixIA17_cEES0_RKT_]+0x944): undefined reference to `typeinfo for YAML::InvalidNode'
/usr/bin/ld: laserMapping.cpp:(.text._ZN4YAML4NodeixIA17_cEES0_RKT_[_ZN4YAML4NodeixIA17_cEES0_RKT_]+0x9a8): undefined reference to `YAML::InvalidNode::~InvalidNode()'
/usr/bin/ld: laserMapping.cpp:(.text._ZN4YAML4NodeixIA17_cEES0_RKT_[_ZN4YAML4NodeixIA17_cEES0_RKT_]+0x9ac): undefined reference to `typeinfo for YAML::InvalidNode'
/usr/bin/ld: laserMapping.cpp:(.text._ZN4YAML4NodeixIA17_cEES0_RKT_[_ZN4YAML4NodeixIA17_cEES0_RKT_]+0x9b4): undefined reference to `YAML::InvalidNode::~InvalidNode()'
/usr/bin/ld: laserMapping.cpp:(.text._ZN4YAML4NodeixIA17_cEES0_RKT_[_ZN4YAML4NodeixIA17_cEES0_RKT_]+0x9b8): undefined reference to `typeinfo for YAML::InvalidNode'
/usr/bin/ld: laserMapping.cpp:(.text._ZN4YAML4NodeixIA17_cEES0_RKT_[_ZN4YAML4NodeixIA17_cEES0_RKT_]+0x9ec): undefined reference to `YAML::InvalidNode::~InvalidNode()'
/usr/bin/ld: laserMapping.cpp:(.text._ZN4YAML4NodeixIA17_cEES0_RKT_[_ZN4YAML4NodeixIA17_cEES0_RKT_]+0x9f0): undefined reference to `typeinfo for YAML::InvalidNode'
/usr/bin/ld: laserMapping.cpp:(.text._ZN4YAML4NodeixIA17_cEES0_RKT_[_ZN4YAML4NodeixIA17_cEES0_RKT_]+0x9f8): undefined reference to `YAML::InvalidNode::~InvalidNode()'
/usr/bin/ld: laserMapping.cpp:(.text._ZN4YAML4NodeixIA17_cEES0_RKT_[_ZN4YAML4NodeixIA17_cEES0_RKT_]+0x9fc): undefined reference to `typeinfo for YAML::InvalidNode'
/usr/bin/ld: laserMapping.cpp:(.text._ZN4YAML4NodeixIA17_cEES0_RKT_[_ZN4YAML4NodeixIA17_cEES0_RKT_]+0xc04): undefined reference to `YAML::BadSubscript::~BadSubscript()'
/usr/bin/ld: laserMapping.cpp:(.text._ZN4YAML4NodeixIA17_cEES0_RKT_[_ZN4YAML4NodeixIA17_cEES0_RKT_]+0xc08): undefined reference to `typeinfo for YAML::BadSubscript'
/usr/bin/ld: laserMapping.cpp:(.text._ZN4YAML4NodeixIA17_cEES0_RKT_[_ZN4YAML4NodeixIA17_cEES0_RKT_]+0xc10): undefined reference to `YAML::BadSubscript::~BadSubscript()'
/usr/bin/ld: laserMapping.cpp:(.text._ZN4YAML4NodeixIA17_cEES0_RKT_[_ZN4YAML4NodeixIA17_cEES0_RKT_]+0xc14): undefined reference to `typeinfo for YAML::BadSubscript'
/usr/bin/ld: CMakeFiles/fastlio_mapping.dir/src/laserMapping.cpp.o: in function `YAML::BadSubscript::BadSubscript<char [18]>(YAML::Mark const&, char const (&) [18])':
laserMapping.cpp:(.text._ZN4YAML12BadSubscriptC2IA18_cEERKNS_4MarkERKT_[_ZN4YAML12BadSubscriptC5IA18_cEERKNS_4MarkERKT_]+0x7c): undefined reference to `vtable for YAML::Exception'
/usr/bin/ld: laserMapping.cpp:(.text._ZN4YAML12BadSubscriptC2IA18_cEERKNS_4MarkERKT_[_ZN4YAML12BadSubscriptC5IA18_cEERKNS_4MarkERKT_]+0x8c): undefined reference to `vtable for YAML::Exception'
/usr/bin/ld: laserMapping.cpp:(.text._ZN4YAML12BadSubscriptC2IA18_cEERKNS_4MarkERKT_[_ZN4YAML12BadSubscriptC5IA18_cEERKNS_4MarkERKT_]+0xb8): undefined reference to `vtable for YAML::RepresentationException'
/usr/bin/ld: laserMapping.cpp:(.text._ZN4YAML12BadSubscriptC2IA18_cEERKNS_4MarkERKT_[_ZN4YAML12BadSubscriptC5IA18_cEERKNS_4MarkERKT_]+0xc4): undefined reference to `vtable for YAML::RepresentationException'
/usr/bin/ld: laserMapping.cpp:(.text._ZN4YAML12BadSubscriptC2IA18_cEERKNS_4MarkERKT_[_ZN4YAML12BadSubscriptC5IA18_cEERKNS_4MarkERKT_]+0xe4): undefined reference to `vtable for YAML::BadSubscript'
/usr/bin/ld: laserMapping.cpp:(.text._ZN4YAML12BadSubscriptC2IA18_cEERKNS_4MarkERKT_[_ZN4YAML12BadSubscriptC5IA18_cEERKNS_4MarkERKT_]+0xec): undefined reference to `vtable for YAML::BadSubscript'
/usr/bin/ld: CMakeFiles/fastlio_mapping.dir/src/laserMapping.cpp.o: in function `YAML::Node YAML::Node::operator[]<char [18]>(char const (&) [18])':
laserMapping.cpp:(.text._ZN4YAML4NodeixIA18_cEES0_RKT_[_ZN4YAML4NodeixIA18_cEES0_RKT_]+0xf4): undefined reference to `YAML::detail::node_data::convert_to_map(std::shared_ptr<YAML::detail::memory_holder> const&)'
/usr/bin/ld: laserMapping.cpp:(.text._ZN4YAML4NodeixIA18_cEES0_RKT_[_ZN4YAML4NodeixIA18_cEES0_RKT_]+0x808): undefined reference to `YAML::detail::memory_holder::merge(YAML::detail::memory_holder&)'
/usr/bin/ld: laserMapping.cpp:(.text._ZN4YAML4NodeixIA18_cEES0_RKT_[_ZN4YAML4NodeixIA18_cEES0_RKT_]+0x82c): undefined reference to `YAML::detail::memory::create_node()'
/usr/bin/ld: laserMapping.cpp:(.text._ZN4YAML4NodeixIA18_cEES0_RKT_[_ZN4YAML4NodeixIA18_cEES0_RKT_]+0x840): undefined reference to `YAML::detail::node_data::insert_map_pair(YAML::detail::node&, YAML::detail::node&)'
/usr/bin/ld: laserMapping.cpp:(.text._ZN4YAML4NodeixIA18_cEES0_RKT_[_ZN4YAML4NodeixIA18_cEES0_RKT_]+0x96c): undefined reference to `YAML::InvalidNode::~InvalidNode()'
/usr/bin/ld: laserMapping.cpp:(.text._ZN4YAML4NodeixIA18_cEES0_RKT_[_ZN4YAML4NodeixIA18_cEES0_RKT_]+0x970): undefined reference to `typeinfo for YAML::InvalidNode'
/usr/bin/ld: laserMapping.cpp:(.text._ZN4YAML4NodeixIA18_cEES0_RKT_[_ZN4YAML4NodeixIA18_cEES0_RKT_]+0x978): undefined reference to `YAML::InvalidNode::~InvalidNode()'
/usr/bin/ld: laserMapping.cpp:(.text._ZN4YAML4NodeixIA18_cEES0_RKT_[_ZN4YAML4NodeixIA18_cEES0_RKT_]+0x97c): undefined reference to `typeinfo for YAML::InvalidNode'
/usr/bin/ld: laserMapping.cpp:(.text._ZN4YAML4NodeixIA18_cEES0_RKT_[_ZN4YAML4NodeixIA18_cEES0_RKT_]+0x9b0): undefined reference to `YAML::InvalidNode::~InvalidNode()'
/usr/bin/ld: laserMapping.cpp:(.text._ZN4YAML4NodeixIA18_cEES0_RKT_[_ZN4YAML4NodeixIA18_cEES0_RKT_]+0x9b4): undefined reference to `typeinfo for YAML::InvalidNode'
/usr/bin/ld: laserMapping.cpp:(.text._ZN4YAML4NodeixIA18_cEES0_RKT_[_ZN4YAML4NodeixIA18_cEES0_RKT_]+0x9bc): undefined reference to `YAML::InvalidNode::~InvalidNode()'
/usr/bin/ld: laserMapping.cpp:(.text._ZN4YAML4NodeixIA18_cEES0_RKT_[_ZN4YAML4NodeixIA18_cEES0_RKT_]+0x9c0): undefined reference to `typeinfo for YAML::InvalidNode'
/usr/bin/ld: laserMapping.cpp:(.text._ZN4YAML4NodeixIA18_cEES0_RKT_[_ZN4YAML4NodeixIA18_cEES0_RKT_]+0xa24): undefined reference to `YAML::InvalidNode::~InvalidNode()'
/usr/bin/ld: laserMapping.cpp:(.text._ZN4YAML4NodeixIA18_cEES0_RKT_[_ZN4YAML4NodeixIA18_cEES0_RKT_]+0xa28): undefined reference to `typeinfo for YAML::InvalidNode'
/usr/bin/ld: laserMapping.cpp:(.text._ZN4YAML4NodeixIA18_cEES0_RKT_[_ZN4YAML4NodeixIA18_cEES0_RKT_]+0xa30): undefined reference to `YAML::InvalidNode::~InvalidNode()'
/usr/bin/ld: laserMapping.cpp:(.text._ZN4YAML4NodeixIA18_cEES0_RKT_[_ZN4YAML4NodeixIA18_cEES0_RKT_]+0xa34): undefined reference to `typeinfo for YAML::InvalidNode'
/usr/bin/ld: laserMapping.cpp:(.text._ZN4YAML4NodeixIA18_cEES0_RKT_[_ZN4YAML4NodeixIA18_cEES0_RKT_]+0xa68): undefined reference to `YAML::InvalidNode::~InvalidNode()'
/usr/bin/ld: laserMapping.cpp:(.text._ZN4YAML4NodeixIA18_cEES0_RKT_[_ZN4YAML4NodeixIA18_cEES0_RKT_]+0xa6c): undefined reference to `typeinfo for YAML::InvalidNode'
/usr/bin/ld: laserMapping.cpp:(.text._ZN4YAML4NodeixIA18_cEES0_RKT_[_ZN4YAML4NodeixIA18_cEES0_RKT_]+0xa74): undefined reference to `YAML::InvalidNode::~InvalidNode()'
/usr/bin/ld: laserMapping.cpp:(.text._ZN4YAML4NodeixIA18_cEES0_RKT_[_ZN4YAML4NodeixIA18_cEES0_RKT_]+0xa78): undefined reference to `typeinfo for YAML::InvalidNode'
/usr/bin/ld: laserMapping.cpp:(.text._ZN4YAML4NodeixIA18_cEES0_RKT_[_ZN4YAML4NodeixIA18_cEES0_RKT_]+0xca0): undefined reference to `YAML::BadSubscript::~BadSubscript()'
/usr/bin/ld: laserMapping.cpp:(.text._ZN4YAML4NodeixIA18_cEES0_RKT_[_ZN4YAML4NodeixIA18_cEES0_RKT_]+0xca4): undefined reference to `typeinfo for YAML::BadSubscript'
/usr/bin/ld: laserMapping.cpp:(.text._ZN4YAML4NodeixIA18_cEES0_RKT_[_ZN4YAML4NodeixIA18_cEES0_RKT_]+0xcac): undefined reference to `YAML::BadSubscript::~BadSubscript()'
/usr/bin/ld: laserMapping.cpp:(.text._ZN4YAML4NodeixIA18_cEES0_RKT_[_ZN4YAML4NodeixIA18_cEES0_RKT_]+0xcb0): undefined reference to `typeinfo for YAML::BadSubscript'
/usr/bin/ld: CMakeFiles/fastlio_mapping.dir/src/laserMapping.cpp.o: in function `LaserMappingNode::LaserMappingNode(rclcpp::NodeOptions const&)':
laserMapping.cpp:(.text._ZN16LaserMappingNodeC2ERKN6rclcpp11NodeOptionsE[_ZN16LaserMappingNodeC5ERKN6rclcpp11NodeOptionsE]+0x158): undefined reference to `YAML::LoadFile(std::__cxx11::basic_string<char, std::char_traits<char>, std::allocator<char> > const&)'
/usr/bin/ld: laserMapping.cpp:(.text._ZN16LaserMappingNodeC2ERKN6rclcpp11NodeOptionsE[_ZN16LaserMappingNodeC5ERKN6rclcpp11NodeOptionsE]+0x33dc): undefined reference to `YAML::LoadFile(std::__cxx11::basic_string<char, std::char_traits<char>, std::allocator<char> > const&)'
/usr/bin/ld: CMakeFiles/fastlio_mapping.dir/src/laserMapping.cpp.o:(.data.rel.ro._ZTIN4YAML18TypedBadConversionIdEE[_ZTIN4YAML18TypedBadConversionIdEE]+0x10): undefined reference to `typeinfo for YAML::BadConversion'
/usr/bin/ld: CMakeFiles/fastlio_mapping.dir/src/laserMapping.cpp.o:(.data.rel.local.DW.ref._ZTIN4YAML9ExceptionE[DW.ref._ZTIN4YAML9ExceptionE]+0x0): undefined reference to `typeinfo for YAML::Exception'
collect2: error: ld returned 1 exit status
gmake[2]: *** [CMakeFiles/fastlio_mapping.dir/build.make:480: fastlio_mapping] Error 1
gmake[1]: *** [CMakeFiles/Makefile2:593: CMakeFiles/fastlio_mapping.dir/all] Error 2
gmake: *** [Makefile:146: all] Error 2
