[0.050s] Invoking command in '/home/orin-001/sda/agibotnav/build/fast_lio': CMAKE_PREFIX_PATH=${CMAKE_PREFIX_PATH}:/home/orin-001/sda/nav/src/install/nav2_simple_commander:/home/orin-001/sda/agibotnav/install/nav2_simple_commander:/home/orin-001/sda/agibotnav/install/fastlio2_nav:/opt/ros/humble /usr/bin/cmake --build /home/orin-001/sda/agibotnav/build/fast_lio -- -j8 -l8
[0.615s] -- Found PythonLibs: /usr/lib/aarch64-linux-gnu/libpython3.10.so (found version "3.10.12") 
[0.615s] -- Found ament_cmake: 1.3.12 (/opt/ros/humble/share/ament_cmake/cmake)
[0.616s] -- Override CMake install command with custom implementation using symlinks instead of copying resources
[0.616s] -- Found rclcpp: 16.0.17 (/opt/ros/humble/share/rclcpp/cmake)
[0.617s] -- Found rosidl_generator_c: 3.1.8 (/opt/ros/humble/share/rosidl_generator_c/cmake)
[0.617s] -- Found rosidl_adapter: 3.1.8 (/opt/ros/humble/share/rosidl_adapter/cmake)
[0.617s] -- Found rosidl_generator_cpp: 3.1.8 (/opt/ros/humble/share/rosidl_generator_cpp/cmake)
[0.617s] -- Using all available rosidl_typesupport_c: rosidl_typesupport_fastrtps_c;rosidl_typesupport_introspection_c
[0.618s] -- Using all available rosidl_typesupport_cpp: rosidl_typesupport_fastrtps_cpp;rosidl_typesupport_introspection_cpp
[0.619s] [0mCurrent CPU archtecture: aarch64[0m
[0.694s] -- Found rmw_implementation_cmake: 6.1.2 (/opt/ros/humble/share/rmw_implementation_cmake/cmake)
[0.701s] -- Found rmw_fastrtps_cpp: 6.2.9 (/opt/ros/humble/share/rmw_fastrtps_cpp/cmake)
[0.854s] -- Using RMW implementation 'rmw_fastrtps_cpp' as default
[0.969s] -- Found rclcpp_components: 16.0.17 (/opt/ros/humble/share/rclcpp_components/cmake)
[1.014s] -- Found geometry_msgs: 4.9.0 (/opt/ros/humble/share/geometry_msgs/cmake)
[1.043s] -- Found nav_msgs: 4.9.0 (/opt/ros/humble/share/nav_msgs/cmake)
[1.078s] -- Found sensor_msgs: 4.9.0 (/opt/ros/humble/share/sensor_msgs/cmake)
[1.114s] -- Found std_srvs: 4.9.0 (/opt/ros/humble/share/std_srvs/cmake)
[1.137s] -- Found visualization_msgs: 4.9.0 (/opt/ros/humble/share/visualization_msgs/cmake)
[1.176s] -- Found pcl_ros: 2.4.5 (/opt/ros/humble/share/pcl_ros/cmake)
[1.257s] -- Eigen found (include: /usr/include/eigen3, version: 3.4.0)
[1.330s] -- FLANN found (include: /usr/include, lib: /usr/lib/aarch64-linux-gnu/libflann_cpp.so)
[2.153s] -- OpenNI found (version: 1.5.4.0, include: /usr/include/ni, lib: /usr/lib/libOpenNI.so;libusb::libusb)
[2.170s] -- OpenNI2 found (version: 2.2.0.33, include: /usr/include/openni2, lib: /usr/lib/aarch64-linux-gnu/libOpenNI2.so;libusb::libusb)
[2.465s] -- Eigen found (include: /usr/include/eigen3, version: 3.4.0)
[2.479s] -- OpenNI found (version: 1.5.4.0, include: /usr/include/ni, lib: /usr/lib/libOpenNI.so;libusb::libusb)
[2.490s] -- OpenNI2 found (version: 2.2.0.33, include: /usr/include/openni2, lib: /usr/lib/aarch64-linux-gnu/libOpenNI2.so;libusb::libusb)
[2.762s] -- Found Qhull version 8.0.2
[3.045s] -- OpenNI found (version: 1.5.4.0, include: /usr/include/ni, lib: /usr/lib/libOpenNI.so;libusb::libusb)
[3.370s] -- Found eigen3_cmake_module: 0.1.1 (/opt/ros/humble/share/eigen3_cmake_module/cmake)
[3.373s] -- Ensuring Eigen3 include directory is part of orocos-kdl CMake target
[3.509s] -- Found livox_ros_driver2: 1.0.0 (/home/orin-001/sda/driver/install/livox_ros_driver2/share/livox_ros_driver2/cmake)
[3.546s] -- Found rosidl_default_generators: 1.2.0 (/opt/ros/humble/share/rosidl_default_generators/cmake)
[3.570s] [33mCMake Warning (dev) at CMakeLists.txt:81 (find_package):
[3.570s]   Policy CMP0074 is not set: find_package uses <PackageName>_ROOT variables.
[3.571s]   Run "cmake --help-policy CMP0074" for policy details.  Use the cmake_policy
[3.571s]   command to set the policy and suppress this warning.
[3.571s] 
[3.571s]   CMake variable PCL_ROOT is set to:
[3.571s] 
[3.572s]     /usr
[3.572s] 
[3.572s]   For compatibility, CMake is ignoring the variable.
[3.572s] This warning is for project developers.  Use -Wno-dev to suppress it.
[3.572s] [0m
[3.585s] [0mEigen:/usr/include/eigen3[0m
[3.585s] -- PCL: /usr/include/pcl-1.12
[4.124s] -- Found ament_cmake_ros: 0.10.0 (/opt/ros/humble/share/ament_cmake_ros/cmake)
[4.823s] -- Using all available rosidl_typesupport_c: rosidl_typesupport_fastrtps_c;rosidl_typesupport_introspection_c
[5.097s] -- Using all available rosidl_typesupport_cpp: rosidl_typesupport_fastrtps_cpp;rosidl_typesupport_introspection_cpp
[5.153s] -- Found python_cmake_module: 0.10.0 (/opt/ros/humble/share/python_cmake_module/cmake)
[5.206s] -- Found PythonLibs: /usr/lib/aarch64-linux-gnu/libpython3.10.so (found suitable version "3.10.12", minimum required is "3.5") 
[5.206s] -- Using PYTHON_EXECUTABLE: /usr/bin/python3
[5.206s] -- Using PYTHON_INCLUDE_DIRS: /usr/include/python3.10
[5.207s] -- Using PYTHON_LIBRARIES: /usr/lib/aarch64-linux-gnu/libpython3.10.so
[5.345s] -- Configuring done
[5.487s] -- Generating done
[5.524s] -- Build files have been written to: /home/orin-001/sda/agibotnav/build/fast_lio
[5.618s] [35m[1mConsolidate compiler generated dependencies of target fast_lio__rosidl_generator_c[0m
[5.642s] [  2%] Built target fast_lio__cpp
[5.646s] [ 11%] Built target fast_lio__rosidl_generator_c
[5.662s] [ 11%] Built target ament_cmake_python_symlink_fast_lio
[5.668s] [35m[1mConsolidate compiler generated dependencies of target fast_lio__rosidl_typesupport_fastrtps_cpp[0m
[5.668s] [35m[1mConsolidate compiler generated dependencies of target fast_lio__rosidl_typesupport_cpp[0m
[5.670s] [35m[1mConsolidate compiler generated dependencies of target fast_lio__rosidl_typesupport_c[0m
[5.671s] [35m[1mConsolidate compiler generated dependencies of target fast_lio__rosidl_typesupport_introspection_cpp[0m
[5.671s] [35m[1mConsolidate compiler generated dependencies of target fast_lio__rosidl_typesupport_introspection_c[0m
[5.673s] [35m[1mConsolidate compiler generated dependencies of target fast_lio__rosidl_typesupport_fastrtps_c[0m
[5.700s] [ 34%] Built target fast_lio__rosidl_typesupport_c
[5.700s] [ 37%] Built target fast_lio__rosidl_typesupport_introspection_c
[5.700s] [ 37%] Built target fast_lio__rosidl_typesupport_fastrtps_cpp
[5.700s] [ 45%] Built target fast_lio__rosidl_typesupport_introspection_cpp
[5.703s] [ 60%] Built target fast_lio__rosidl_typesupport_fastrtps_c
[5.703s] [ 62%] Built target fast_lio__rosidl_typesupport_cpp
[5.736s] [35m[1mConsolidate compiler generated dependencies of target fastlio_mapping[0m
[5.755s] [ 62%] Built target fast_lio
[5.807s] [ 65%] Built target fast_lio__py
[5.808s] [ 68%] [32mBuilding CXX object CMakeFiles/fastlio_mapping.dir/src/laserMapping.cpp.o[0m
[5.833s] [35m[1mConsolidate compiler generated dependencies of target fast_lio__rosidl_generator_py[0m
[5.864s] [ 74%] Built target fast_lio__rosidl_generator_py
[5.890s] [35m[1mConsolidate compiler generated dependencies of target fast_lio__rosidl_typesupport_introspection_c__pyext[0m
[5.890s] [35m[1mConsolidate compiler generated dependencies of target fast_lio__rosidl_typesupport_fastrtps_c__pyext[0m
[5.890s] [35m[1mConsolidate compiler generated dependencies of target fast_lio__rosidl_typesupport_c__pyext[0m
[5.921s] [ 85%] Built target fast_lio__rosidl_typesupport_fastrtps_c__pyext
[5.921s] [ 85%] Built target fast_lio__rosidl_typesupport_introspection_c__pyext
[5.921s] [ 91%] Built target fast_lio__rosidl_typesupport_c__pyext
[6.190s] running egg_info
[6.191s] writing fast_lio.egg-info/PKG-INFO
[6.191s] writing dependency_links to fast_lio.egg-info/dependency_links.txt
[6.192s] writing top-level names to fast_lio.egg-info/top_level.txt
[6.199s] reading manifest file 'fast_lio.egg-info/SOURCES.txt'
[6.200s] writing manifest file 'fast_lio.egg-info/SOURCES.txt'
[6.267s] [ 91%] Built target ament_cmake_python_build_fast_lio_egg
[18.015s] In file included from [01m[K/usr/include/boost/smart_ptr/detail/sp_thread_sleep.hpp:22[m[K,
[18.016s]                  from [01m[K/usr/include/boost/smart_ptr/detail/yield_k.hpp:23[m[K,
[18.016s]                  from [01m[K/usr/include/boost/smart_ptr/detail/spinlock_gcc_atomic.hpp:14[m[K,
[18.016s]                  from [01m[K/usr/include/boost/smart_ptr/detail/spinlock.hpp:42[m[K,
[18.016s]                  from [01m[K/usr/include/boost/smart_ptr/detail/spinlock_pool.hpp:25[m[K,
[18.016s]                  from [01m[K/usr/include/boost/smart_ptr/shared_ptr.hpp:29[m[K,
[18.016s]                  from [01m[K/usr/include/boost/shared_ptr.hpp:17[m[K,
[18.016s]                  from [01m[K/usr/include/boost/date_time/microsec_time_clock.hpp:18[m[K,
[18.016s]                  from [01m[K/usr/include/boost/interprocess/detail/posix_time_types_wrk.hpp:31[m[K,
[18.016s]                  from [01m[K/usr/include/boost/interprocess/detail/os_thread_functions.hpp:36[m[K,
[18.017s]                  from [01m[K/usr/include/boost/interprocess/sync/file_lock.hpp:26[m[K,
[18.017s]                  from [01m[K/usr/include/pcl-1.12/pcl/io/pcd_io.h:46[m[K,
[18.017s]                  from [01m[K/opt/ros/humble/include/pcl_conversions/pcl_conversions/pcl_conversions.h:73[m[K,
[18.017s]                  from [01m[K/home/orin-001/sda/agibotnav/src/FAST_LIO/src/IMU_Processing.hpp:18[m[K,
[18.017s]                  from [01m[K/home/orin-001/sda/agibotnav/src/FAST_LIO/src/laserMapping.cpp:16[m[K:
[18.017s] [01m[K/usr/include/boost/bind.hpp:36:1:[m[K [01;36m[Knote: [m[K‘[01m[K#pragma message: The practice of declaring the Bind placeholders (_1, _2, ...) in the global namespace is deprecated. Please use <boost/bind/bind.hpp> + using namespace boost::placeholders, or define BOOST_BIND_GLOBAL_PLACEHOLDERS to retain the current behavior.[m[K’
[18.017s]    36 | [01;36m[KBOOST_PRAGMA_MESSAGE[m[K(
[18.017s]       | [01;36m[K^~~~~~~~~~~~~~~~~~~~[m[K
[29.037s] In file included from [01m[K/home/orin-001/sda/agibotnav/src/FAST_LIO/include/IKFoM_toolkit/esekfom/../mtk/types/SOn.hpp:83[m[K,
[29.038s]                  from [01m[K/home/orin-001/sda/agibotnav/src/FAST_LIO/include/IKFoM_toolkit/esekfom/esekfom.hpp:49[m[K,
[29.038s]                  from [01m[K/home/orin-001/sda/agibotnav/src/FAST_LIO/include/use-ikfom.hpp:4[m[K,
[29.038s]                  from [01m[K/home/orin-001/sda/agibotnav/src/FAST_LIO/src/IMU_Processing.hpp:22[m[K,
[29.038s]                  from [01m[K/home/orin-001/sda/agibotnav/src/FAST_LIO/src/laserMapping.cpp:16[m[K:
[29.038s] /home/orin-001/sda/agibotnav/src/FAST_LIO/include/IKFoM_toolkit/esekfom/../mtk/types/../src/mtkmath.hpp: In instantiation of ‘[01m[Kstd::pair<_FIter, _FIter> MTK::cos_sinc_sqrt(const scalar&) [with scalar = double][m[K’:
[29.038s] [01m[K/home/orin-001/sda/agibotnav/src/FAST_LIO/include/IKFoM_toolkit/esekfom/../mtk/types/../src/mtkmath.hpp:252:52:[m[K   required from ‘[01m[Kscalar MTK::exp(MTK::vectview<scalar, dim>, MTK::vectview<const scalar, dim>, const scalar&) [with scalar = double; int n = 3][m[K’
[29.039s] [01m[K/home/orin-001/sda/agibotnav/src/FAST_LIO/include/IKFoM_toolkit/esekfom/../mtk/types/S2.hpp:140:32:[m[K   required from ‘[01m[Kvoid MTK::S2<_scalar, den, num, S2_typ>::boxplus(MTK::vectview<const _scalar, 2>, MTK::S2<_scalar, den, num, S2_typ>::scalar) [with _scalar = double; int den = 98090; int num = 10000; int S2_typ = 1; MTK::S2<_scalar, den, num, S2_typ>::scalar = double][m[K’
[29.039s] [01m[K/home/orin-001/sda/agibotnav/src/FAST_LIO/include/use-ikfom.hpp:12:1:[m[K   required from here
[29.039s] [01m[K/home/orin-001/sda/agibotnav/src/FAST_LIO/include/IKFoM_toolkit/esekfom/../mtk/types/../src/mtkmath.hpp:143:27:[m[K [01;36m[Knote: [m[Kparameter passing for argument of type ‘[01m[Kstd::pair<double, double>[m[K’ when C++17 is enabled changed to match C++14 ]8;;https://gcc.gnu.org/gcc-10/changes.html#empty_basein GCC 10.1]8;;
[29.039s]   143 | std::pair<scalar, scalar> [01;36m[Kcos_sinc_sqrt[m[K(const scalar &x2){
[29.039s]       |                           [01;36m[K^~~~~~~~~~~~~[m[K
[139.663s] [ 94%] [32m[1mLinking CXX executable fastlio_mapping[0m
[141.856s] /usr/bin/ld: CMakeFiles/fastlio_mapping.dir/src/laserMapping.cpp.o: in function `YAML::TypedBadConversion<double>::~TypedBadConversion()':
[141.857s] laserMapping.cpp:(.text._ZN4YAML18TypedBadConversionIdED2Ev[_ZN4YAML18TypedBadConversionIdED5Ev]+0x10): undefined reference to `YAML::BadConversion::~BadConversion()'
[141.857s] /usr/bin/ld: CMakeFiles/fastlio_mapping.dir/src/laserMapping.cpp.o: in function `YAML::TypedBadConversion<double>::~TypedBadConversion()':
[141.857s] laserMapping.cpp:(.text._ZN4YAML18TypedBadConversionIdED0Ev[_ZN4YAML18TypedBadConversionIdED5Ev]+0x20): undefined reference to `YAML::BadConversion::~BadConversion()'
[141.865s] /usr/bin/ld: CMakeFiles/fastlio_mapping.dir/src/laserMapping.cpp.o: in function `YAML::detail::node::mark_defined()':
[141.865s] laserMapping.cpp:(.text._ZN4YAML6detail4node12mark_definedEv[_ZN4YAML6detail4node12mark_definedEv]+0x34): undefined reference to `YAML::detail::node_data::mark_defined()'
[141.865s] /usr/bin/ld: laserMapping.cpp:(.text._ZN4YAML6detail4node12mark_definedEv[_ZN4YAML6detail4node12mark_definedEv]+0x80): undefined reference to `YAML::detail::node_data::mark_defined()'
[141.866s] /usr/bin/ld: laserMapping.cpp:(.text._ZN4YAML6detail4node12mark_definedEv[_ZN4YAML6detail4node12mark_definedEv]+0xbc): undefined reference to `YAML::detail::node_data::mark_defined()'
[141.866s] /usr/bin/ld: laserMapping.cpp:(.text._ZN4YAML6detail4node12mark_definedEv[_ZN4YAML6detail4node12mark_definedEv]+0xf8): undefined reference to `YAML::detail::node_data::mark_defined()'
[141.867s] /usr/bin/ld: laserMapping.cpp:(.text._ZN4YAML6detail4node12mark_definedEv[_ZN4YAML6detail4node12mark_definedEv]+0x134): undefined reference to `YAML::detail::node_data::mark_defined()'
[141.867s] /usr/bin/ld: CMakeFiles/fastlio_mapping.dir/src/laserMapping.cpp.o:laserMapping.cpp:(.text._ZN4YAML6detail4node12mark_definedEv[_ZN4YAML6detail4node12mark_definedEv]+0x168): more undefined references to `YAML::detail::node_data::mark_defined()' follow
[141.867s] /usr/bin/ld: CMakeFiles/fastlio_mapping.dir/src/laserMapping.cpp.o: in function `YAML::BadConversion::BadConversion(YAML::Mark const&)':
[141.867s] laserMapping.cpp:(.text._ZN4YAML13BadConversionC2ERKNS_4MarkE[_ZN4YAML13BadConversionC5ERKNS_4MarkE]+0x94): undefined reference to `vtable for YAML::Exception'
[141.867s] /usr/bin/ld: laserMapping.cpp:(.text._ZN4YAML13BadConversionC2ERKNS_4MarkE[_ZN4YAML13BadConversionC5ERKNS_4MarkE]+0xa4): undefined reference to `vtable for YAML::Exception'
[141.867s] /usr/bin/ld: laserMapping.cpp:(.text._ZN4YAML13BadConversionC2ERKNS_4MarkE[_ZN4YAML13BadConversionC5ERKNS_4MarkE]+0xd0): undefined reference to `vtable for YAML::RepresentationException'
[141.868s] /usr/bin/ld: laserMapping.cpp:(.text._ZN4YAML13BadConversionC2ERKNS_4MarkE[_ZN4YAML13BadConversionC5ERKNS_4MarkE]+0xd8): undefined reference to `vtable for YAML::RepresentationException'
[141.868s] /usr/bin/ld: laserMapping.cpp:(.text._ZN4YAML13BadConversionC2ERKNS_4MarkE[_ZN4YAML13BadConversionC5ERKNS_4MarkE]+0xf8): undefined reference to `vtable for YAML::BadConversion'
[141.868s] /usr/bin/ld: laserMapping.cpp:(.text._ZN4YAML13BadConversionC2ERKNS_4MarkE[_ZN4YAML13BadConversionC5ERKNS_4MarkE]+0x100): undefined reference to `vtable for YAML::BadConversion'
[141.868s] /usr/bin/ld: CMakeFiles/fastlio_mapping.dir/src/laserMapping.cpp.o: in function `YAML::InvalidNode::InvalidNode(std::__cxx11::basic_string<char, std::char_traits<char>, std::allocator<char> > const&)':
[141.868s] laserMapping.cpp:(.text._ZN4YAML11InvalidNodeC2ERKNSt7__cxx1112basic_stringIcSt11char_traitsIcESaIcEEE[_ZN4YAML11InvalidNodeC5ERKNSt7__cxx1112basic_stringIcSt11char_traitsIcESaIcEEE]+0x264): undefined reference to `vtable for YAML::Exception'
[141.868s] /usr/bin/ld: laserMapping.cpp:(.text._ZN4YAML11InvalidNodeC2ERKNSt7__cxx1112basic_stringIcSt11char_traitsIcESaIcEEE[_ZN4YAML11InvalidNodeC5ERKNSt7__cxx1112basic_stringIcSt11char_traitsIcESaIcEEE]+0x274): undefined reference to `vtable for YAML::Exception'
[141.869s] /usr/bin/ld: laserMapping.cpp:(.text._ZN4YAML11InvalidNodeC2ERKNSt7__cxx1112basic_stringIcSt11char_traitsIcESaIcEEE[_ZN4YAML11InvalidNodeC5ERKNSt7__cxx1112basic_stringIcSt11char_traitsIcESaIcEEE]+0x29c): undefined reference to `vtable for YAML::RepresentationException'
[141.869s] /usr/bin/ld: laserMapping.cpp:(.text._ZN4YAML11InvalidNodeC2ERKNSt7__cxx1112basic_stringIcSt11char_traitsIcESaIcEEE[_ZN4YAML11InvalidNodeC5ERKNSt7__cxx1112basic_stringIcSt11char_traitsIcESaIcEEE]+0x2a8): undefined reference to `vtable for YAML::RepresentationException'
[141.869s] /usr/bin/ld: laserMapping.cpp:(.text._ZN4YAML11InvalidNodeC2ERKNSt7__cxx1112basic_stringIcSt11char_traitsIcESaIcEEE[_ZN4YAML11InvalidNodeC5ERKNSt7__cxx1112basic_stringIcSt11char_traitsIcESaIcEEE]+0x2c8): undefined reference to `vtable for YAML::InvalidNode'
[141.869s] /usr/bin/ld: laserMapping.cpp:(.text._ZN4YAML11InvalidNodeC2ERKNSt7__cxx1112basic_stringIcSt11char_traitsIcESaIcEEE[_ZN4YAML11InvalidNodeC5ERKNSt7__cxx1112basic_stringIcSt11char_traitsIcESaIcEEE]+0x2d0): undefined reference to `vtable for YAML::InvalidNode'
[141.870s] /usr/bin/ld: CMakeFiles/fastlio_mapping.dir/src/laserMapping.cpp.o: in function `YAML::convert<double>::decode(YAML::Node const&, double&)':
[141.870s] laserMapping.cpp:(.text._ZN4YAML7convertIdE6decodeERKNS_4NodeERd[_ZN4YAML7convertIdE6decodeERKNS_4NodeERd]+0x50c): undefined reference to `YAML::InvalidNode::~InvalidNode()'
[141.870s] /usr/bin/ld: laserMapping.cpp:(.text._ZN4YAML7convertIdE6decodeERKNS_4NodeERd[_ZN4YAML7convertIdE6decodeERKNS_4NodeERd]+0x510): undefined reference to `typeinfo for YAML::InvalidNode'
[141.871s] /usr/bin/ld: laserMapping.cpp:(.text._ZN4YAML7convertIdE6decodeERKNS_4NodeERd[_ZN4YAML7convertIdE6decodeERKNS_4NodeERd]+0x51c): undefined reference to `YAML::InvalidNode::~InvalidNode()'
[141.871s] /usr/bin/ld: laserMapping.cpp:(.text._ZN4YAML7convertIdE6decodeERKNS_4NodeERd[_ZN4YAML7convertIdE6decodeERKNS_4NodeERd]+0x524): undefined reference to `typeinfo for YAML::InvalidNode'
[141.871s] /usr/bin/ld: CMakeFiles/fastlio_mapping.dir/src/laserMapping.cpp.o: in function `YAML::Node::Mark() const':
[141.871s] laserMapping.cpp:(.text._ZNK4YAML4Node4MarkEv[_ZNK4YAML4Node4MarkEv]+0x90): undefined reference to `YAML::InvalidNode::~InvalidNode()'
[141.872s] /usr/bin/ld: laserMapping.cpp:(.text._ZNK4YAML4Node4MarkEv[_ZNK4YAML4Node4MarkEv]+0x94): undefined reference to `typeinfo for YAML::InvalidNode'
[141.872s] /usr/bin/ld: laserMapping.cpp:(.text._ZNK4YAML4Node4MarkEv[_ZNK4YAML4Node4MarkEv]+0x9c): undefined reference to `YAML::InvalidNode::~InvalidNode()'
[141.872s] /usr/bin/ld: laserMapping.cpp:(.text._ZNK4YAML4Node4MarkEv[_ZNK4YAML4Node4MarkEv]+0xa0): undefined reference to `typeinfo for YAML::InvalidNode'
[141.873s] /usr/bin/ld: CMakeFiles/fastlio_mapping.dir/src/laserMapping.cpp.o: in function `double YAML::Node::as<double>() const':
[141.873s] laserMapping.cpp:(.text._ZNK4YAML4Node2asIdEET_v[_ZNK4YAML4Node2asIdEET_v]+0x134): undefined reference to `YAML::InvalidNode::~InvalidNode()'
[141.873s] /usr/bin/ld: laserMapping.cpp:(.text._ZNK4YAML4Node2asIdEET_v[_ZNK4YAML4Node2asIdEET_v]+0x138): undefined reference to `typeinfo for YAML::InvalidNode'
[141.873s] /usr/bin/ld: laserMapping.cpp:(.text._ZNK4YAML4Node2asIdEET_v[_ZNK4YAML4Node2asIdEET_v]+0x140): undefined reference to `YAML::InvalidNode::~InvalidNode()'
[141.874s] /usr/bin/ld: laserMapping.cpp:(.text._ZNK4YAML4Node2asIdEET_v[_ZNK4YAML4Node2asIdEET_v]+0x144): undefined reference to `typeinfo for YAML::InvalidNode'
[141.874s] /usr/bin/ld: CMakeFiles/fastlio_mapping.dir/src/laserMapping.cpp.o: in function `YAML::detail::node_data::get<char [18]>(char const (&) [18], std::shared_ptr<YAML::detail::memory_holder>)::{lambda(std::pair<YAML::detail::node*, YAML::detail::node*>)#1}::operator()(std::pair<YAML::detail::node*, YAML::detail::node*>) const [clone .isra.0]':
[141.874s] laserMapping.cpp:(.text._ZZN4YAML6detail9node_data3getIA18_cEERNS0_4nodeERKT_St10shared_ptrINS0_13memory_holderEEENKUlSt4pairIPS4_SD_EE_clESE_.isra.0[_ZN4YAML4NodeixIA18_cEES0_RKT_]+0x1dc): undefined reference to `YAML::InvalidNode::~InvalidNode()'
[141.874s] /usr/bin/ld: laserMapping.cpp:(.text._ZZN4YAML6detail9node_data3getIA18_cEERNS0_4nodeERKT_St10shared_ptrINS0_13memory_holderEEENKUlSt4pairIPS4_SD_EE_clESE_.isra.0[_ZN4YAML4NodeixIA18_cEES0_RKT_]+0x1e0): undefined reference to `typeinfo for YAML::InvalidNode'
[141.875s] /usr/bin/ld: laserMapping.cpp:(.text._ZZN4YAML6detail9node_data3getIA18_cEERNS0_4nodeERKT_St10shared_ptrINS0_13memory_holderEEENKUlSt4pairIPS4_SD_EE_clESE_.isra.0[_ZN4YAML4NodeixIA18_cEES0_RKT_]+0x1e8): undefined reference to `YAML::InvalidNode::~InvalidNode()'
[141.875s] /usr/bin/ld: laserMapping.cpp:(.text._ZZN4YAML6detail9node_data3getIA18_cEERNS0_4nodeERKT_St10shared_ptrINS0_13memory_holderEEENKUlSt4pairIPS4_SD_EE_clESE_.isra.0[_ZN4YAML4NodeixIA18_cEES0_RKT_]+0x1ec): undefined reference to `typeinfo for YAML::InvalidNode'
[141.876s] /usr/bin/ld: CMakeFiles/fastlio_mapping.dir/src/laserMapping.cpp.o: in function `YAML::detail::node_data::get<char [17]>(char const (&) [17], std::shared_ptr<YAML::detail::memory_holder>)::{lambda(std::pair<YAML::detail::node*, YAML::detail::node*>)#1}::operator()(std::pair<YAML::detail::node*, YAML::detail::node*>) const [clone .isra.0]':
[141.876s] laserMapping.cpp:(.text._ZZN4YAML6detail9node_data3getIA17_cEERNS0_4nodeERKT_St10shared_ptrINS0_13memory_holderEEENKUlSt4pairIPS4_SD_EE_clESE_.isra.0[_ZN4YAML4NodeixIA17_cEES0_RKT_]+0x1dc): undefined reference to `YAML::InvalidNode::~InvalidNode()'
[141.877s] /usr/bin/ld: laserMapping.cpp:(.text._ZZN4YAML6detail9node_data3getIA17_cEERNS0_4nodeERKT_St10shared_ptrINS0_13memory_holderEEENKUlSt4pairIPS4_SD_EE_clESE_.isra.0[_ZN4YAML4NodeixIA17_cEES0_RKT_]+0x1e0): undefined reference to `typeinfo for YAML::InvalidNode'
[141.877s] /usr/bin/ld: laserMapping.cpp:(.text._ZZN4YAML6detail9node_data3getIA17_cEERNS0_4nodeERKT_St10shared_ptrINS0_13memory_holderEEENKUlSt4pairIPS4_SD_EE_clESE_.isra.0[_ZN4YAML4NodeixIA17_cEES0_RKT_]+0x1e8): undefined reference to `YAML::InvalidNode::~InvalidNode()'
[141.877s] /usr/bin/ld: laserMapping.cpp:(.text._ZZN4YAML6detail9node_data3getIA17_cEERNS0_4nodeERKT_St10shared_ptrINS0_13memory_holderEEENKUlSt4pairIPS4_SD_EE_clESE_.isra.0[_ZN4YAML4NodeixIA17_cEES0_RKT_]+0x1ec): undefined reference to `typeinfo for YAML::InvalidNode'
[141.878s] /usr/bin/ld: CMakeFiles/fastlio_mapping.dir/src/laserMapping.cpp.o: in function `YAML::Node::EnsureNodeExists() const':
[141.878s] laserMapping.cpp:(.text._ZNK4YAML4Node16EnsureNodeExistsEv[_ZNK4YAML4Node16EnsureNodeExistsEv]+0xcc): undefined reference to `YAML::detail::memory::create_node()'
[141.878s] /usr/bin/ld: laserMapping.cpp:(.text._ZNK4YAML4Node16EnsureNodeExistsEv[_ZNK4YAML4Node16EnsureNodeExistsEv]+0xec): undefined reference to `YAML::detail::node_data::mark_defined()'
[141.878s] /usr/bin/ld: laserMapping.cpp:(.text._ZNK4YAML4Node16EnsureNodeExistsEv[_ZNK4YAML4Node16EnsureNodeExistsEv]+0x15c): undefined reference to `YAML::detail::node_data::set_null()'
[141.878s] /usr/bin/ld: laserMapping.cpp:(.text._ZNK4YAML4Node16EnsureNodeExistsEv[_ZNK4YAML4Node16EnsureNodeExistsEv]+0x18c): undefined reference to `YAML::InvalidNode::~InvalidNode()'
[141.878s] /usr/bin/ld: laserMapping.cpp:(.text._ZNK4YAML4Node16EnsureNodeExistsEv[_ZNK4YAML4Node16EnsureNodeExistsEv]+0x190): undefined reference to `typeinfo for YAML::InvalidNode'
[141.879s] /usr/bin/ld: laserMapping.cpp:(.text._ZNK4YAML4Node16EnsureNodeExistsEv[_ZNK4YAML4Node16EnsureNodeExistsEv]+0x19c): undefined reference to `YAML::InvalidNode::~InvalidNode()'
[141.879s] /usr/bin/ld: laserMapping.cpp:(.text._ZNK4YAML4Node16EnsureNodeExistsEv[_ZNK4YAML4Node16EnsureNodeExistsEv]+0x1a0): undefined reference to `typeinfo for YAML::InvalidNode'
[141.879s] /usr/bin/ld: CMakeFiles/fastlio_mapping.dir/src/laserMapping.cpp.o: in function `YAML::Node::Node<char const*>(char const* const&)':
[141.879s] laserMapping.cpp:(.text._ZN4YAML4NodeC2IPKcEERKT_[_ZN4YAML4NodeC5IPKcEERKT_]+0xe8): undefined reference to `YAML::detail::memory::create_node()'
[141.879s] /usr/bin/ld: laserMapping.cpp:(.text._ZN4YAML4NodeC2IPKcEERKT_[_ZN4YAML4NodeC5IPKcEERKT_]+0x154): undefined reference to `YAML::detail::node_data::mark_defined()'
[141.879s] /usr/bin/ld: laserMapping.cpp:(.text._ZN4YAML4NodeC2IPKcEERKT_[_ZN4YAML4NodeC5IPKcEERKT_]+0x1c0): undefined reference to `YAML::detail::node_data::set_scalar(std::__cxx11::basic_string<char, std::char_traits<char>, std::allocator<char> > const&)'
[141.880s] /usr/bin/ld: CMakeFiles/fastlio_mapping.dir/src/laserMapping.cpp.o: in function `YAML::BadSubscript::BadSubscript<char [17]>(YAML::Mark const&, char const (&) [17])':
[141.880s] laserMapping.cpp:(.text._ZN4YAML12BadSubscriptC2IA17_cEERKNS_4MarkERKT_[_ZN4YAML12BadSubscriptC5IA17_cEERKNS_4MarkERKT_]+0x7c): undefined reference to `vtable for YAML::Exception'
[141.880s] /usr/bin/ld: laserMapping.cpp:(.text._ZN4YAML12BadSubscriptC2IA17_cEERKNS_4MarkERKT_[_ZN4YAML12BadSubscriptC5IA17_cEERKNS_4MarkERKT_]+0x8c): undefined reference to `vtable for YAML::Exception'
[141.880s] /usr/bin/ld: laserMapping.cpp:(.text._ZN4YAML12BadSubscriptC2IA17_cEERKNS_4MarkERKT_[_ZN4YAML12BadSubscriptC5IA17_cEERKNS_4MarkERKT_]+0xb8): undefined reference to `vtable for YAML::RepresentationException'
[141.881s] /usr/bin/ld: laserMapping.cpp:(.text._ZN4YAML12BadSubscriptC2IA17_cEERKNS_4MarkERKT_[_ZN4YAML12BadSubscriptC5IA17_cEERKNS_4MarkERKT_]+0xc4): undefined reference to `vtable for YAML::RepresentationException'
[141.881s] /usr/bin/ld: laserMapping.cpp:(.text._ZN4YAML12BadSubscriptC2IA17_cEERKNS_4MarkERKT_[_ZN4YAML12BadSubscriptC5IA17_cEERKNS_4MarkERKT_]+0xe4): undefined reference to `vtable for YAML::BadSubscript'
[141.881s] /usr/bin/ld: laserMapping.cpp:(.text._ZN4YAML12BadSubscriptC2IA17_cEERKNS_4MarkERKT_[_ZN4YAML12BadSubscriptC5IA17_cEERKNS_4MarkERKT_]+0xec): undefined reference to `vtable for YAML::BadSubscript'
[141.881s] /usr/bin/ld: CMakeFiles/fastlio_mapping.dir/src/laserMapping.cpp.o: in function `YAML::Node YAML::Node::operator[]<char [17]>(char const (&) [17])':
[141.881s] laserMapping.cpp:(.text._ZN4YAML4NodeixIA17_cEES0_RKT_[_ZN4YAML4NodeixIA17_cEES0_RKT_]+0xf4): undefined reference to `YAML::detail::node_data::convert_to_map(std::shared_ptr<YAML::detail::memory_holder> const&)'
[141.882s] /usr/bin/ld: laserMapping.cpp:(.text._ZN4YAML4NodeixIA17_cEES0_RKT_[_ZN4YAML4NodeixIA17_cEES0_RKT_]+0x7a8): undefined reference to `YAML::detail::memory_holder::merge(YAML::detail::memory_holder&)'
[141.882s] /usr/bin/ld: laserMapping.cpp:(.text._ZN4YAML4NodeixIA17_cEES0_RKT_[_ZN4YAML4NodeixIA17_cEES0_RKT_]+0x7cc): undefined reference to `YAML::detail::memory::create_node()'
[141.882s] /usr/bin/ld: laserMapping.cpp:(.text._ZN4YAML4NodeixIA17_cEES0_RKT_[_ZN4YAML4NodeixIA17_cEES0_RKT_]+0x7e0): undefined reference to `YAML::detail::node_data::insert_map_pair(YAML::detail::node&, YAML::detail::node&)'
[141.882s] /usr/bin/ld: laserMapping.cpp:(.text._ZN4YAML4NodeixIA17_cEES0_RKT_[_ZN4YAML4NodeixIA17_cEES0_RKT_]+0x8d8): undefined reference to `YAML::InvalidNode::~InvalidNode()'
[141.882s] /usr/bin/ld: laserMapping.cpp:(.text._ZN4YAML4NodeixIA17_cEES0_RKT_[_ZN4YAML4NodeixIA17_cEES0_RKT_]+0x8dc): undefined reference to `typeinfo for YAML::InvalidNode'
[141.883s] /usr/bin/ld: laserMapping.cpp:(.text._ZN4YAML4NodeixIA17_cEES0_RKT_[_ZN4YAML4NodeixIA17_cEES0_RKT_]+0x8e4): undefined reference to `YAML::InvalidNode::~InvalidNode()'
[141.883s] /usr/bin/ld: laserMapping.cpp:(.text._ZN4YAML4NodeixIA17_cEES0_RKT_[_ZN4YAML4NodeixIA17_cEES0_RKT_]+0x8e8): undefined reference to `typeinfo for YAML::InvalidNode'
[141.883s] /usr/bin/ld: laserMapping.cpp:(.text._ZN4YAML4NodeixIA17_cEES0_RKT_[_ZN4YAML4NodeixIA17_cEES0_RKT_]+0x934): undefined reference to `YAML::InvalidNode::~InvalidNode()'
[141.883s] /usr/bin/ld: laserMapping.cpp:(.text._ZN4YAML4NodeixIA17_cEES0_RKT_[_ZN4YAML4NodeixIA17_cEES0_RKT_]+0x938): undefined reference to `typeinfo for YAML::InvalidNode'
[141.883s] /usr/bin/ld: laserMapping.cpp:(.text._ZN4YAML4NodeixIA17_cEES0_RKT_[_ZN4YAML4NodeixIA17_cEES0_RKT_]+0x940): undefined reference to `YAML::InvalidNode::~InvalidNode()'
[141.883s] /usr/bin/ld: laserMapping.cpp:(.text._ZN4YAML4NodeixIA17_cEES0_RKT_[_ZN4YAML4NodeixIA17_cEES0_RKT_]+0x944): undefined reference to `typeinfo for YAML::InvalidNode'
[141.883s] /usr/bin/ld: laserMapping.cpp:(.text._ZN4YAML4NodeixIA17_cEES0_RKT_[_ZN4YAML4NodeixIA17_cEES0_RKT_]+0x9a8): undefined reference to `YAML::InvalidNode::~InvalidNode()'
[141.883s] /usr/bin/ld: laserMapping.cpp:(.text._ZN4YAML4NodeixIA17_cEES0_RKT_[_ZN4YAML4NodeixIA17_cEES0_RKT_]+0x9ac): undefined reference to `typeinfo for YAML::InvalidNode'
[141.883s] /usr/bin/ld: laserMapping.cpp:(.text._ZN4YAML4NodeixIA17_cEES0_RKT_[_ZN4YAML4NodeixIA17_cEES0_RKT_]+0x9b4): undefined reference to `YAML::InvalidNode::~InvalidNode()'
[141.884s] /usr/bin/ld: laserMapping.cpp:(.text._ZN4YAML4NodeixIA17_cEES0_RKT_[_ZN4YAML4NodeixIA17_cEES0_RKT_]+0x9b8): undefined reference to `typeinfo for YAML::InvalidNode'
[141.884s] /usr/bin/ld: laserMapping.cpp:(.text._ZN4YAML4NodeixIA17_cEES0_RKT_[_ZN4YAML4NodeixIA17_cEES0_RKT_]+0x9ec): undefined reference to `YAML::InvalidNode::~InvalidNode()'
[141.884s] /usr/bin/ld: laserMapping.cpp:(.text._ZN4YAML4NodeixIA17_cEES0_RKT_[_ZN4YAML4NodeixIA17_cEES0_RKT_]+0x9f0): undefined reference to `typeinfo for YAML::InvalidNode'
[141.884s] /usr/bin/ld: laserMapping.cpp:(.text._ZN4YAML4NodeixIA17_cEES0_RKT_[_ZN4YAML4NodeixIA17_cEES0_RKT_]+0x9f8): undefined reference to `YAML::InvalidNode::~InvalidNode()'
[141.884s] /usr/bin/ld: laserMapping.cpp:(.text._ZN4YAML4NodeixIA17_cEES0_RKT_[_ZN4YAML4NodeixIA17_cEES0_RKT_]+0x9fc): undefined reference to `typeinfo for YAML::InvalidNode'
[141.884s] /usr/bin/ld: laserMapping.cpp:(.text._ZN4YAML4NodeixIA17_cEES0_RKT_[_ZN4YAML4NodeixIA17_cEES0_RKT_]+0xc04): undefined reference to `YAML::BadSubscript::~BadSubscript()'
[141.884s] /usr/bin/ld: laserMapping.cpp:(.text._ZN4YAML4NodeixIA17_cEES0_RKT_[_ZN4YAML4NodeixIA17_cEES0_RKT_]+0xc08): undefined reference to `typeinfo for YAML::BadSubscript'
[141.884s] /usr/bin/ld: laserMapping.cpp:(.text._ZN4YAML4NodeixIA17_cEES0_RKT_[_ZN4YAML4NodeixIA17_cEES0_RKT_]+0xc10): undefined reference to `YAML::BadSubscript::~BadSubscript()'
[141.884s] /usr/bin/ld: laserMapping.cpp:(.text._ZN4YAML4NodeixIA17_cEES0_RKT_[_ZN4YAML4NodeixIA17_cEES0_RKT_]+0xc14): undefined reference to `typeinfo for YAML::BadSubscript'
[141.885s] /usr/bin/ld: CMakeFiles/fastlio_mapping.dir/src/laserMapping.cpp.o: in function `YAML::BadSubscript::BadSubscript<char [18]>(YAML::Mark const&, char const (&) [18])':
[141.885s] laserMapping.cpp:(.text._ZN4YAML12BadSubscriptC2IA18_cEERKNS_4MarkERKT_[_ZN4YAML12BadSubscriptC5IA18_cEERKNS_4MarkERKT_]+0x7c): undefined reference to `vtable for YAML::Exception'
[141.885s] /usr/bin/ld: laserMapping.cpp:(.text._ZN4YAML12BadSubscriptC2IA18_cEERKNS_4MarkERKT_[_ZN4YAML12BadSubscriptC5IA18_cEERKNS_4MarkERKT_]+0x8c): undefined reference to `vtable for YAML::Exception'
[141.885s] /usr/bin/ld: laserMapping.cpp:(.text._ZN4YAML12BadSubscriptC2IA18_cEERKNS_4MarkERKT_[_ZN4YAML12BadSubscriptC5IA18_cEERKNS_4MarkERKT_]+0xb8): undefined reference to `vtable for YAML::RepresentationException'
[141.885s] /usr/bin/ld: laserMapping.cpp:(.text._ZN4YAML12BadSubscriptC2IA18_cEERKNS_4MarkERKT_[_ZN4YAML12BadSubscriptC5IA18_cEERKNS_4MarkERKT_]+0xc4): undefined reference to `vtable for YAML::RepresentationException'
[141.885s] /usr/bin/ld: laserMapping.cpp:(.text._ZN4YAML12BadSubscriptC2IA18_cEERKNS_4MarkERKT_[_ZN4YAML12BadSubscriptC5IA18_cEERKNS_4MarkERKT_]+0xe4): undefined reference to `vtable for YAML::BadSubscript'
[141.885s] /usr/bin/ld: laserMapping.cpp:(.text._ZN4YAML12BadSubscriptC2IA18_cEERKNS_4MarkERKT_[_ZN4YAML12BadSubscriptC5IA18_cEERKNS_4MarkERKT_]+0xec): undefined reference to `vtable for YAML::BadSubscript'
[141.885s] /usr/bin/ld: CMakeFiles/fastlio_mapping.dir/src/laserMapping.cpp.o: in function `YAML::Node YAML::Node::operator[]<char [18]>(char const (&) [18])':
[141.885s] laserMapping.cpp:(.text._ZN4YAML4NodeixIA18_cEES0_RKT_[_ZN4YAML4NodeixIA18_cEES0_RKT_]+0xf4): undefined reference to `YAML::detail::node_data::convert_to_map(std::shared_ptr<YAML::detail::memory_holder> const&)'
[141.885s] /usr/bin/ld: laserMapping.cpp:(.text._ZN4YAML4NodeixIA18_cEES0_RKT_[_ZN4YAML4NodeixIA18_cEES0_RKT_]+0x808): undefined reference to `YAML::detail::memory_holder::merge(YAML::detail::memory_holder&)'
[141.886s] /usr/bin/ld: laserMapping.cpp:(.text._ZN4YAML4NodeixIA18_cEES0_RKT_[_ZN4YAML4NodeixIA18_cEES0_RKT_]+0x82c): undefined reference to `YAML::detail::memory::create_node()'
[141.886s] /usr/bin/ld: laserMapping.cpp:(.text._ZN4YAML4NodeixIA18_cEES0_RKT_[_ZN4YAML4NodeixIA18_cEES0_RKT_]+0x840): undefined reference to `YAML::detail::node_data::insert_map_pair(YAML::detail::node&, YAML::detail::node&)'
[141.886s] /usr/bin/ld: laserMapping.cpp:(.text._ZN4YAML4NodeixIA18_cEES0_RKT_[_ZN4YAML4NodeixIA18_cEES0_RKT_]+0x96c): undefined reference to `YAML::InvalidNode::~InvalidNode()'
[141.886s] /usr/bin/ld: laserMapping.cpp:(.text._ZN4YAML4NodeixIA18_cEES0_RKT_[_ZN4YAML4NodeixIA18_cEES0_RKT_]+0x970): undefined reference to `typeinfo for YAML::InvalidNode'
[141.886s] /usr/bin/ld: laserMapping.cpp:(.text._ZN4YAML4NodeixIA18_cEES0_RKT_[_ZN4YAML4NodeixIA18_cEES0_RKT_]+0x978): undefined reference to `YAML::InvalidNode::~InvalidNode()'
[141.887s] /usr/bin/ld: laserMapping.cpp:(.text._ZN4YAML4NodeixIA18_cEES0_RKT_[_ZN4YAML4NodeixIA18_cEES0_RKT_]+0x97c): undefined reference to `typeinfo for YAML::InvalidNode'
[141.887s] /usr/bin/ld: laserMapping.cpp:(.text._ZN4YAML4NodeixIA18_cEES0_RKT_[_ZN4YAML4NodeixIA18_cEES0_RKT_]+0x9b0): undefined reference to `YAML::InvalidNode::~InvalidNode()'
[141.887s] /usr/bin/ld: laserMapping.cpp:(.text._ZN4YAML4NodeixIA18_cEES0_RKT_[_ZN4YAML4NodeixIA18_cEES0_RKT_]+0x9b4): undefined reference to `typeinfo for YAML::InvalidNode'
[141.887s] /usr/bin/ld: laserMapping.cpp:(.text._ZN4YAML4NodeixIA18_cEES0_RKT_[_ZN4YAML4NodeixIA18_cEES0_RKT_]+0x9bc): undefined reference to `YAML::InvalidNode::~InvalidNode()'
[141.887s] /usr/bin/ld: laserMapping.cpp:(.text._ZN4YAML4NodeixIA18_cEES0_RKT_[_ZN4YAML4NodeixIA18_cEES0_RKT_]+0x9c0): undefined reference to `typeinfo for YAML::InvalidNode'
[141.888s] /usr/bin/ld: laserMapping.cpp:(.text._ZN4YAML4NodeixIA18_cEES0_RKT_[_ZN4YAML4NodeixIA18_cEES0_RKT_]+0xa24): undefined reference to `YAML::InvalidNode::~InvalidNode()'
[141.888s] /usr/bin/ld: laserMapping.cpp:(.text._ZN4YAML4NodeixIA18_cEES0_RKT_[_ZN4YAML4NodeixIA18_cEES0_RKT_]+0xa28): undefined reference to `typeinfo for YAML::InvalidNode'
[141.888s] /usr/bin/ld: laserMapping.cpp:(.text._ZN4YAML4NodeixIA18_cEES0_RKT_[_ZN4YAML4NodeixIA18_cEES0_RKT_]+0xa30): undefined reference to `YAML::InvalidNode::~InvalidNode()'
[141.888s] /usr/bin/ld: laserMapping.cpp:(.text._ZN4YAML4NodeixIA18_cEES0_RKT_[_ZN4YAML4NodeixIA18_cEES0_RKT_]+0xa34): undefined reference to `typeinfo for YAML::InvalidNode'
[141.889s] /usr/bin/ld: laserMapping.cpp:(.text._ZN4YAML4NodeixIA18_cEES0_RKT_[_ZN4YAML4NodeixIA18_cEES0_RKT_]+0xa68): undefined reference to `YAML::InvalidNode::~InvalidNode()'
[141.889s] /usr/bin/ld: laserMapping.cpp:(.text._ZN4YAML4NodeixIA18_cEES0_RKT_[_ZN4YAML4NodeixIA18_cEES0_RKT_]+0xa6c): undefined reference to `typeinfo for YAML::InvalidNode'
[141.889s] /usr/bin/ld: laserMapping.cpp:(.text._ZN4YAML4NodeixIA18_cEES0_RKT_[_ZN4YAML4NodeixIA18_cEES0_RKT_]+0xa74): undefined reference to `YAML::InvalidNode::~InvalidNode()'
[141.889s] /usr/bin/ld: laserMapping.cpp:(.text._ZN4YAML4NodeixIA18_cEES0_RKT_[_ZN4YAML4NodeixIA18_cEES0_RKT_]+0xa78): undefined reference to `typeinfo for YAML::InvalidNode'
[141.889s] /usr/bin/ld: laserMapping.cpp:(.text._ZN4YAML4NodeixIA18_cEES0_RKT_[_ZN4YAML4NodeixIA18_cEES0_RKT_]+0xca0): undefined reference to `YAML::BadSubscript::~BadSubscript()'
[141.890s] /usr/bin/ld: laserMapping.cpp:(.text._ZN4YAML4NodeixIA18_cEES0_RKT_[_ZN4YAML4NodeixIA18_cEES0_RKT_]+0xca4): undefined reference to `typeinfo for YAML::BadSubscript'
[141.890s] /usr/bin/ld: laserMapping.cpp:(.text._ZN4YAML4NodeixIA18_cEES0_RKT_[_ZN4YAML4NodeixIA18_cEES0_RKT_]+0xcac): undefined reference to `YAML::BadSubscript::~BadSubscript()'
[141.890s] /usr/bin/ld: laserMapping.cpp:(.text._ZN4YAML4NodeixIA18_cEES0_RKT_[_ZN4YAML4NodeixIA18_cEES0_RKT_]+0xcb0): undefined reference to `typeinfo for YAML::BadSubscript'
[141.890s] /usr/bin/ld: CMakeFiles/fastlio_mapping.dir/src/laserMapping.cpp.o: in function `LaserMappingNode::LaserMappingNode(rclcpp::NodeOptions const&)':
[141.890s] laserMapping.cpp:(.text._ZN16LaserMappingNodeC2ERKN6rclcpp11NodeOptionsE[_ZN16LaserMappingNodeC5ERKN6rclcpp11NodeOptionsE]+0x158): undefined reference to `YAML::LoadFile(std::__cxx11::basic_string<char, std::char_traits<char>, std::allocator<char> > const&)'
[141.890s] /usr/bin/ld: laserMapping.cpp:(.text._ZN16LaserMappingNodeC2ERKN6rclcpp11NodeOptionsE[_ZN16LaserMappingNodeC5ERKN6rclcpp11NodeOptionsE]+0x33dc): undefined reference to `YAML::LoadFile(std::__cxx11::basic_string<char, std::char_traits<char>, std::allocator<char> > const&)'
[141.890s] /usr/bin/ld: CMakeFiles/fastlio_mapping.dir/src/laserMapping.cpp.o:(.data.rel.ro._ZTIN4YAML18TypedBadConversionIdEE[_ZTIN4YAML18TypedBadConversionIdEE]+0x10): undefined reference to `typeinfo for YAML::BadConversion'
[141.893s] /usr/bin/ld: CMakeFiles/fastlio_mapping.dir/src/laserMapping.cpp.o:(.data.rel.local.DW.ref._ZTIN4YAML9ExceptionE[DW.ref._ZTIN4YAML9ExceptionE]+0x0): undefined reference to `typeinfo for YAML::Exception'
[141.959s] collect2: error: ld returned 1 exit status
[141.963s] gmake[2]: *** [CMakeFiles/fastlio_mapping.dir/build.make:480: fastlio_mapping] Error 1
[141.963s] gmake[1]: *** [CMakeFiles/Makefile2:593: CMakeFiles/fastlio_mapping.dir/all] Error 2
[141.964s] gmake: *** [Makefile:146: all] Error 2
[141.970s] Invoked command in '/home/orin-001/sda/agibotnav/build/fast_lio' returned '2': CMAKE_PREFIX_PATH=${CMAKE_PREFIX_PATH}:/home/orin-001/sda/nav/src/install/nav2_simple_commander:/home/orin-001/sda/agibotnav/install/nav2_simple_commander:/home/orin-001/sda/agibotnav/install/fastlio2_nav:/opt/ros/humble /usr/bin/cmake --build /home/orin-001/sda/agibotnav/build/fast_lio -- -j8 -l8
