[1.254s] Invoking command in '/home/orin-001/sda/agibotnav/src/fastlio2_nav': PYTHONPATH=/home/orin-001/sda/agibotnav/build/fastlio2_nav/prefix_override:/usr/lib/python3/dist-packages/colcon_core/task/python/colcon_distutils_commands:/home/orin-001/sda/agibotnav/install/fastlio2_nav/lib/python3.10/site-packages:${PYTHONPATH} /usr/bin/python3 -W ignore:setup.py install is deprecated -W ignore:easy_install command is deprecated setup.py egg_info --egg-base ../../build/fastlio2_nav build --build-base /home/orin-001/sda/agibotnav/build/fastlio2_nav/build install --record /home/orin-001/sda/agibotnav/build/fastlio2_nav/install.log --single-version-externally-managed install_data
[1.713s] running egg_info
[1.714s] writing ../../build/fastlio2_nav/fastlio2_nav.egg-info/PKG-INFO
[1.715s] writing dependency_links to ../../build/fastlio2_nav/fastlio2_nav.egg-info/dependency_links.txt
[1.715s] writing entry points to ../../build/fastlio2_nav/fastlio2_nav.egg-info/entry_points.txt
[1.715s] writing requirements to ../../build/fastlio2_nav/fastlio2_nav.egg-info/requires.txt
[1.715s] writing top-level names to ../../build/fastlio2_nav/fastlio2_nav.egg-info/top_level.txt
[1.721s] reading manifest file '../../build/fastlio2_nav/fastlio2_nav.egg-info/SOURCES.txt'
[1.722s] writing manifest file '../../build/fastlio2_nav/fastlio2_nav.egg-info/SOURCES.txt'
[1.722s] running build
[1.722s] running build_py
[1.723s] running install
[1.723s] running install_lib
[1.725s] running install_data
[1.725s] copying resource/fastlio2_nav -> /home/orin-001/sda/agibotnav/install/fastlio2_nav/share/ament_index/resource_index/packages
[1.726s] copying package.xml -> /home/orin-001/sda/agibotnav/install/fastlio2_nav/share/fastlio2_nav
[1.726s] creating /home/orin-001/sda/agibotnav/install/fastlio2_nav/share/fastlio2_nav/launch
[1.726s] copying launch/fastlio2_nav_launch.py -> /home/orin-001/sda/agibotnav/install/fastlio2_nav/share/fastlio2_nav/launch
[1.727s] creating /home/orin-001/sda/agibotnav/install/fastlio2_nav/share/fastlio2_nav/config
[1.727s] copying config/nav2_params.yaml -> /home/orin-001/sda/agibotnav/install/fastlio2_nav/share/fastlio2_nav/config
[1.727s] copying config/costmap_common_params.yaml -> /home/orin-001/sda/agibotnav/install/fastlio2_nav/share/fastlio2_nav/config
[1.727s] running install_egg_info
[1.732s] Copying ../../build/fastlio2_nav/fastlio2_nav.egg-info to /home/orin-001/sda/agibotnav/install/fastlio2_nav/lib/python3.10/site-packages/fastlio2_nav-0.0.0-py3.10.egg-info
[1.734s] running install_scripts
[1.770s] writing list of installed files to '/home/orin-001/sda/agibotnav/build/fastlio2_nav/install.log'
[1.822s] Invoked command in '/home/orin-001/sda/agibotnav/src/fastlio2_nav' returned '0': PYTHONPATH=/home/orin-001/sda/agibotnav/build/fastlio2_nav/prefix_override:/usr/lib/python3/dist-packages/colcon_core/task/python/colcon_distutils_commands:/home/orin-001/sda/agibotnav/install/fastlio2_nav/lib/python3.10/site-packages:${PYTHONPATH} /usr/bin/python3 -W ignore:setup.py install is deprecated -W ignore:easy_install command is deprecated setup.py egg_info --egg-base ../../build/fastlio2_nav build --build-base /home/orin-001/sda/agibotnav/build/fastlio2_nav/build install --record /home/orin-001/sda/agibotnav/build/fastlio2_nav/install.log --single-version-externally-managed install_data
