[0.022s] Invoking command in '/home/orin-001/sda/agibotnav/build/fast_lio': CMAKE_PREFIX_PATH=${CMAKE_PREFIX_PATH}:/opt/ros/humble /usr/bin/cmake --build /home/orin-001/sda/agibotnav/build/fast_lio -- -j8 -l8
[0.119s] [  2%] Built target fast_lio__cpp
[0.119s] [ 11%] Built target fast_lio__rosidl_generator_c
[0.136s] [ 11%] Built target ament_cmake_python_symlink_fast_lio
[0.156s] [ 20%] Built target fast_lio__rosidl_typesupport_introspection_c
[0.158s] [ 28%] Built target fast_lio__rosidl_typesupport_fastrtps_cpp
[0.160s] [ 45%] Built target fast_lio__rosidl_typesupport_cpp
[0.160s] [ 45%] Built target fast_lio__rosidl_typesupport_introspection_cpp
[0.164s] [ 54%] Built target fast_lio__rosidl_typesupport_c
[0.175s] [ 62%] Built target fast_lio__rosidl_typesupport_fastrtps_c
[0.193s] [35m[1mConsolidate compiler generated dependencies of target fastlio_mapping[0m
[0.208s] [ 62%] Built target fast_lio
[0.247s] [ 65%] Built target fast_lio__py
[0.259s] [ 68%] [32mBuilding CXX object CMakeFiles/fastlio_mapping.dir/src/preprocess.cpp.o[0m
[0.284s] [ 74%] Built target fast_lio__rosidl_generator_py
[0.322s] [ 91%] Built target fast_lio__rosidl_typesupport_fastrtps_c__pyext
[0.322s] [ 91%] Built target fast_lio__rosidl_typesupport_introspection_c__pyext
[0.323s] [ 91%] Built target fast_lio__rosidl_typesupport_c__pyext
[0.582s] running egg_info
[0.583s] writing fast_lio.egg-info/PKG-INFO
[0.584s] writing dependency_links to fast_lio.egg-info/dependency_links.txt
[0.584s] writing top-level names to fast_lio.egg-info/top_level.txt
[0.590s] reading manifest file 'fast_lio.egg-info/SOURCES.txt'
[0.591s] writing manifest file 'fast_lio.egg-info/SOURCES.txt'
[0.648s] [ 91%] Built target ament_cmake_python_build_fast_lio_egg
[10.200s] [01m[K/home/orin-001/sda/agibotnav/src/FAST_LIO/src/preprocess.cpp:[m[K In member function ‘[01m[Kvoid Preprocess::mid360_handler(const UniquePtr&)[m[K’:
[10.200s] [01m[K/home/orin-001/sda/agibotnav/src/FAST_LIO/src/preprocess.cpp:584:98:[m[K [01;31m[Kerror: [m[Kno matching function for call to ‘[01m[Kpcl::PointCloud<pcl::PointXYZI>::PointCloud(PointCloudXYZI&)[m[K’
[10.200s]   584 | XYZI>::Ptr rotate_cloud(new pcl::PointCloud<pcl::PointXYZI>(pl_surf[01;31m[K)[m[K);
[10.200s]       |                                                                    [01;31m[K^[m[K
[10.201s] 
[10.201s] In file included from [01m[K/usr/include/pcl-1.12/pcl/conversions.h:49[m[K,
[10.201s]                  from [01m[K/opt/ros/humble/include/pcl_conversions/pcl_conversions/pcl_conversions.h:47[m[K,
[10.201s]                  from [01m[K/home/orin-001/sda/agibotnav/src/FAST_LIO/src/preprocess.h:3[m[K,
[10.202s]                  from [01m[K/home/orin-001/sda/agibotnav/src/FAST_LIO/src/preprocess.cpp:1[m[K:
[10.202s] [01m[K/usr/include/pcl-1.12/pcl/point_cloud.h:201:7:[m[K [01;36m[Knote: [m[Kcandidate: ‘[01m[Kpcl::PointCloud<PointT>::PointCloud(uint32_t, uint32_t, const PointT&) [with PointT = pcl::PointXYZI; uint32_t = unsigned int][m[K’
[10.202s]   201 |       [01;36m[KPointCloud[m[K (std::uint32_t width_, std::uint32_t height_, const PointT& value_ = PointT ())
[10.202s]       |       [01;36m[K^~~~~~~~~~[m[K
[10.202s] [01m[K/usr/include/pcl-1.12/pcl/point_cloud.h:201:7:[m[K [01;36m[Knote: [m[K  candidate expects 3 arguments, 1 provided
[10.202s] [01m[K/usr/include/pcl-1.12/pcl/point_cloud.h:185:7:[m[K [01;36m[Knote: [m[Kcandidate: ‘[01m[Kpcl::PointCloud<PointT>::PointCloud(const pcl::PointCloud<PointT>&, const Indices&) [with PointT = pcl::PointXYZI; pcl::Indices = std::vector<int>][m[K’
[10.202s]   185 |       [01;36m[KPointCloud[m[K (const PointCloud<PointT> &pc,
[10.202s]       |       [01;36m[K^~~~~~~~~~[m[K
[10.202s] [01m[K/usr/include/pcl-1.12/pcl/point_cloud.h:185:7:[m[K [01;36m[Knote: [m[K  candidate expects 2 arguments, 1 provided
[10.203s] [01m[K/usr/include/pcl-1.12/pcl/point_cloud.h:179:7:[m[K [01;36m[Knote: [m[Kcandidate: ‘[01m[Kpcl::PointCloud<PointT>::PointCloud() [with PointT = pcl::PointXYZI][m[K’
[10.203s]   179 |       [01;36m[KPointCloud[m[K () = default;
[10.203s]       |       [01;36m[K^~~~~~~~~~[m[K
[10.203s] [01m[K/usr/include/pcl-1.12/pcl/point_cloud.h:179:7:[m[K [01;36m[Knote: [m[K  candidate expects 0 arguments, 1 provided
[10.203s] [01m[K/usr/include/pcl-1.12/pcl/point_cloud.h:172:21:[m[K [01;36m[Knote: [m[Kcandidate: ‘[01m[Kpcl::PointCloud<pcl::PointXYZI>::PointCloud(const pcl::PointCloud<pcl::PointXYZI>&)[m[K’
[10.203s]   172 |   class PCL_EXPORTS [01;36m[KPointCloud[m[K
[10.203s]       |                     [01;36m[K^~~~~~~~~~[m[K
[10.203s] [01m[K/usr/include/pcl-1.12/pcl/point_cloud.h:172:21:[m[K [01;36m[Knote: [m[K  no known conversion for argument 1 from ‘[01m[KPointCloudXYZI[m[K’ {aka ‘[01m[Kpcl::PointCloud<pcl::PointXYZINormal>[m[K’} to ‘[01m[Kconst pcl::PointCloud<pcl::PointXYZI>&[m[K’
[10.203s] [01m[K/usr/include/pcl-1.12/pcl/point_cloud.h:172:21:[m[K [01;36m[Knote: [m[Kcandidate: ‘[01m[Kpcl::PointCloud<pcl::PointXYZI>::PointCloud(pcl::PointCloud<pcl::PointXYZI>&&)[m[K’
[10.203s] [01m[K/usr/include/pcl-1.12/pcl/point_cloud.h:172:21:[m[K [01;36m[Knote: [m[K  no known conversion for argument 1 from ‘[01m[KPointCloudXYZI[m[K’ {aka ‘[01m[Kpcl::PointCloud<pcl::PointXYZINormal>[m[K’} to ‘[01m[Kpcl::PointCloud<pcl::PointXYZI>&&[m[K’
[10.204s] [01m[K/home/orin-001/sda/agibotnav/src/FAST_LIO/src/preprocess.cpp:588:16:[m[K [01;31m[Kerror: [m[Kno match for ‘[01m[Koperator=[m[K’ (operand types are ‘[01m[KPointCloudXYZI[m[K’ {aka ‘[01m[Kpcl::PointCloud<pcl::PointXYZINormal>[m[K’} and ‘[01m[Kstd::__shared_ptr_access<pcl::PointCloud<pcl::PointXYZI>, __gnu_cxx::_S_atomic, false, false>::element_type[m[K’ {aka ‘[01m[Kpcl::PointCloud<pcl::PointXYZI>[m[K’})
[10.204s]   588 |     pl_surf = *[01;31m[Krotate_cloud[m[K;
[10.204s]       |                [01;31m[K^~~~~~~~~~~~[m[K
[10.204s] In file included from [01m[K/usr/include/pcl-1.12/pcl/conversions.h:49[m[K,
[10.204s]                  from [01m[K/opt/ros/humble/include/pcl_conversions/pcl_conversions/pcl_conversions.h:47[m[K,
[10.204s]                  from [01m[K/home/orin-001/sda/agibotnav/src/FAST_LIO/src/preprocess.h:3[m[K,
[10.204s]                  from [01m[K/home/orin-001/sda/agibotnav/src/FAST_LIO/src/preprocess.cpp:1[m[K:
[10.204s] [01m[K/usr/include/pcl-1.12/pcl/point_cloud.h:172:21:[m[K [01;36m[Knote: [m[Kcandidate: ‘[01m[Kpcl::PointCloud<pcl::PointXYZINormal>& pcl::PointCloud<pcl::PointXYZINormal>::operator=(const pcl::PointCloud<pcl::PointXYZINormal>&)[m[K’
[10.205s]   172 |   class PCL_EXPORTS [01;36m[KPointCloud[m[K
[10.205s]       |                     [01;36m[K^~~~~~~~~~[m[K
[10.205s] [01m[K/usr/include/pcl-1.12/pcl/point_cloud.h:172:21:[m[K [01;36m[Knote: [m[K  no known conversion for argument 1 from ‘[01m[Kstd::__shared_ptr_access<pcl::PointCloud<pcl::PointXYZI>, __gnu_cxx::_S_atomic, false, false>::element_type[m[K’ {aka ‘[01m[Kpcl::PointCloud<pcl::PointXYZI>[m[K’} to ‘[01m[Kconst pcl::PointCloud<pcl::PointXYZINormal>&[m[K’
[10.205s] [01m[K/usr/include/pcl-1.12/pcl/point_cloud.h:172:21:[m[K [01;36m[Knote: [m[Kcandidate: ‘[01m[Kpcl::PointCloud<pcl::PointXYZINormal>& pcl::PointCloud<pcl::PointXYZINormal>::operator=(pcl::PointCloud<pcl::PointXYZINormal>&&)[m[K’
[10.206s] [01m[K/usr/include/pcl-1.12/pcl/point_cloud.h:172:21:[m[K [01;36m[Knote: [m[K  no known conversion for argument 1 from ‘[01m[Kstd::__shared_ptr_access<pcl::PointCloud<pcl::PointXYZI>, __gnu_cxx::_S_atomic, false, false>::element_type[m[K’ {aka ‘[01m[Kpcl::PointCloud<pcl::PointXYZI>[m[K’} to ‘[01m[Kpcl::PointCloud<pcl::PointXYZINormal>&&[m[K’
[12.708s] gmake[2]: *** [CMakeFiles/fastlio_mapping.dir/build.make:104: CMakeFiles/fastlio_mapping.dir/src/preprocess.cpp.o] Error 1
[12.709s] gmake[1]: *** [CMakeFiles/Makefile2:593: CMakeFiles/fastlio_mapping.dir/all] Error 2
[12.709s] gmake: *** [Makefile:146: all] Error 2
[12.714s] Invoked command in '/home/orin-001/sda/agibotnav/build/fast_lio' returned '2': CMAKE_PREFIX_PATH=${CMAKE_PREFIX_PATH}:/opt/ros/humble /usr/bin/cmake --build /home/orin-001/sda/agibotnav/build/fast_lio -- -j8 -l8
