[0.040s] Invoking command in '/home/orin-001/sda/agibotnav/build/fast_lio': CMAKE_PREFIX_PATH=${CMAKE_PREFIX_PATH}:/home/orin-001/sda/nav/src/install/nav2_simple_commander:/home/orin-001/sda/agibotnav/install/nav2_simple_commander:/home/orin-001/sda/agibotnav/install/fastlio2_nav:/opt/ros/humble /usr/bin/cmake --build /home/orin-001/sda/agibotnav/build/fast_lio -- -j8 -l8
[0.182s] [  2%] Built target fast_lio__cpp
[0.184s] [ 11%] Built target fast_lio__rosidl_generator_c
[0.205s] [ 11%] Built target ament_cmake_python_symlink_fast_lio
[0.259s] [ 20%] Built target fast_lio__rosidl_typesupport_cpp
[0.263s] [ 37%] Built target fast_lio__rosidl_typesupport_introspection_cpp
[0.264s] [ 37%] Built target fast_lio__rosidl_typesupport_fastrtps_cpp
[0.268s] [ 45%] Built target fast_lio__rosidl_typesupport_introspection_c
[0.269s] [ 54%] Built target fast_lio__rosidl_typesupport_c
[0.284s] [ 62%] Built target fast_lio__rosidl_typesupport_fastrtps_c
[0.306s] [35m[1mConsolidate compiler generated dependencies of target fastlio_mapping[0m
[0.340s] [ 62%] Built target fast_lio
[0.382s] [ 74%] Built target fastlio_mapping
[0.398s] [ 77%] Built target fast_lio__py
[0.453s] [ 82%] Built target fast_lio__rosidl_generator_py
[0.508s] [ 88%] Built target fast_lio__rosidl_typesupport_c__pyext
[0.513s] [100%] Built target fast_lio__rosidl_typesupport_fastrtps_c__pyext
[0.513s] [100%] Built target fast_lio__rosidl_typesupport_introspection_c__pyext
[0.744s] running egg_info
[0.745s] writing fast_lio.egg-info/PKG-INFO
[0.746s] writing dependency_links to fast_lio.egg-info/dependency_links.txt
[0.746s] writing top-level names to fast_lio.egg-info/top_level.txt
[0.753s] reading manifest file 'fast_lio.egg-info/SOURCES.txt'
[0.754s] writing manifest file 'fast_lio.egg-info/SOURCES.txt'
[0.819s] [100%] Built target ament_cmake_python_build_fast_lio_egg
[0.848s] Invoked command in '/home/orin-001/sda/agibotnav/build/fast_lio' returned '0': CMAKE_PREFIX_PATH=${CMAKE_PREFIX_PATH}:/home/orin-001/sda/nav/src/install/nav2_simple_commander:/home/orin-001/sda/agibotnav/install/nav2_simple_commander:/home/orin-001/sda/agibotnav/install/fastlio2_nav:/opt/ros/humble /usr/bin/cmake --build /home/orin-001/sda/agibotnav/build/fast_lio -- -j8 -l8
[0.871s] Invoking command in '/home/orin-001/sda/agibotnav/build/fast_lio': CMAKE_PREFIX_PATH=${CMAKE_PREFIX_PATH}:/home/orin-001/sda/nav/src/install/nav2_simple_commander:/home/orin-001/sda/agibotnav/install/nav2_simple_commander:/home/orin-001/sda/agibotnav/install/fastlio2_nav:/opt/ros/humble /usr/bin/cmake --install /home/orin-001/sda/agibotnav/build/fast_lio
[0.891s] -- Install configuration: "Release"
[0.891s] -- Execute custom install script
[0.892s] -- Up-to-date symlink: /home/orin-001/sda/agibotnav/install/fast_lio/share/ament_index/resource_index/rosidl_interfaces/fast_lio
[0.893s] -- Up-to-date symlink: /home/orin-001/sda/agibotnav/install/fast_lio/include/fast_lio/fast_lio/msg/detail/pose6_d__functions.h
[0.893s] -- Up-to-date symlink: /home/orin-001/sda/agibotnav/install/fast_lio/include/fast_lio/fast_lio/msg/detail/pose6_d__struct.h
[0.893s] -- Up-to-date symlink: /home/orin-001/sda/agibotnav/install/fast_lio/include/fast_lio/fast_lio/msg/detail/pose6_d__type_support.h
[0.893s] -- Up-to-date symlink: /home/orin-001/sda/agibotnav/install/fast_lio/include/fast_lio/fast_lio/msg/pose6_d.h
[0.893s] -- Up-to-date symlink: /home/orin-001/sda/agibotnav/install/fast_lio/include/fast_lio/fast_lio/msg/rosidl_generator_c__visibility_control.h
[0.894s] -- Up-to-date symlink: /home/orin-001/sda/agibotnav/install/fast_lio/share/fast_lio/environment/library_path.sh
[0.894s] -- Up-to-date symlink: /home/orin-001/sda/agibotnav/install/fast_lio/share/fast_lio/environment/library_path.dsv
[0.895s] -- Up-to-date symlink: /home/orin-001/sda/agibotnav/install/fast_lio/include/fast_lio/fast_lio/msg/detail/pose6_d__rosidl_typesupport_fastrtps_c.h
[0.895s] -- Up-to-date symlink: /home/orin-001/sda/agibotnav/install/fast_lio/include/fast_lio/fast_lio/msg/rosidl_typesupport_fastrtps_c__visibility_control.h
[0.895s] -- Up-to-date symlink: /home/orin-001/sda/agibotnav/install/fast_lio/include/fast_lio/fast_lio/msg/detail/pose6_d__builder.hpp
[0.896s] -- Up-to-date symlink: /home/orin-001/sda/agibotnav/install/fast_lio/include/fast_lio/fast_lio/msg/detail/pose6_d__struct.hpp
[0.896s] -- Up-to-date symlink: /home/orin-001/sda/agibotnav/install/fast_lio/include/fast_lio/fast_lio/msg/detail/pose6_d__traits.hpp
[0.896s] -- Up-to-date symlink: /home/orin-001/sda/agibotnav/install/fast_lio/include/fast_lio/fast_lio/msg/detail/pose6_d__type_support.hpp
[0.896s] -- Up-to-date symlink: /home/orin-001/sda/agibotnav/install/fast_lio/include/fast_lio/fast_lio/msg/pose6_d.hpp
[0.896s] -- Up-to-date symlink: /home/orin-001/sda/agibotnav/install/fast_lio/include/fast_lio/fast_lio/msg/rosidl_generator_cpp__visibility_control.hpp
[0.897s] -- Up-to-date symlink: /home/orin-001/sda/agibotnav/install/fast_lio/include/fast_lio/fast_lio/msg/detail/pose6_d__rosidl_typesupport_fastrtps_cpp.hpp
[0.897s] -- Up-to-date symlink: /home/orin-001/sda/agibotnav/install/fast_lio/include/fast_lio/fast_lio/msg/rosidl_typesupport_fastrtps_cpp__visibility_control.h
[0.898s] -- Up-to-date symlink: /home/orin-001/sda/agibotnav/install/fast_lio/include/fast_lio/fast_lio/msg/detail/pose6_d__rosidl_typesupport_introspection_c.h
[0.898s] -- Up-to-date symlink: /home/orin-001/sda/agibotnav/install/fast_lio/include/fast_lio/fast_lio/msg/rosidl_typesupport_introspection_c__visibility_control.h
[0.898s] -- Up-to-date symlink: /home/orin-001/sda/agibotnav/install/fast_lio/include/fast_lio/fast_lio/msg/detail/pose6_d__rosidl_typesupport_introspection_cpp.hpp
[0.899s] -- Up-to-date symlink: /home/orin-001/sda/agibotnav/install/fast_lio/share/fast_lio/environment/pythonpath.sh
[0.899s] -- Up-to-date symlink: /home/orin-001/sda/agibotnav/install/fast_lio/share/fast_lio/environment/pythonpath.dsv
[0.899s] -- Up-to-date symlink: /home/orin-001/sda/agibotnav/install/fast_lio/local/lib/python3.10/dist-packages/fast_lio-0.0.0-py3.10.egg-info/PKG-INFO
[0.899s] -- Up-to-date symlink: /home/orin-001/sda/agibotnav/install/fast_lio/local/lib/python3.10/dist-packages/fast_lio-0.0.0-py3.10.egg-info/SOURCES.txt
[0.900s] -- Up-to-date symlink: /home/orin-001/sda/agibotnav/install/fast_lio/local/lib/python3.10/dist-packages/fast_lio-0.0.0-py3.10.egg-info/dependency_links.txt
[0.900s] -- Up-to-date symlink: /home/orin-001/sda/agibotnav/install/fast_lio/local/lib/python3.10/dist-packages/fast_lio-0.0.0-py3.10.egg-info/top_level.txt
[0.901s] -- Up-to-date symlink: /home/orin-001/sda/agibotnav/install/fast_lio/local/lib/python3.10/dist-packages/fast_lio/__init__.py
[0.901s] -- Up-to-date symlink: /home/orin-001/sda/agibotnav/install/fast_lio/local/lib/python3.10/dist-packages/fast_lio/_fast_lio_s.ep.rosidl_typesupport_c.c
[0.902s] -- Up-to-date symlink: /home/orin-001/sda/agibotnav/install/fast_lio/local/lib/python3.10/dist-packages/fast_lio/_fast_lio_s.ep.rosidl_typesupport_fastrtps_c.c
[0.902s] -- Up-to-date symlink: /home/orin-001/sda/agibotnav/install/fast_lio/local/lib/python3.10/dist-packages/fast_lio/_fast_lio_s.ep.rosidl_typesupport_introspection_c.c
[0.902s] -- Up-to-date symlink: /home/orin-001/sda/agibotnav/install/fast_lio/local/lib/python3.10/dist-packages/fast_lio/fast_lio_s__rosidl_typesupport_c.cpython-310-aarch64-linux-gnu.so
[0.902s] -- Up-to-date symlink: /home/orin-001/sda/agibotnav/install/fast_lio/local/lib/python3.10/dist-packages/fast_lio/fast_lio_s__rosidl_typesupport_fastrtps_c.cpython-310-aarch64-linux-gnu.so
[0.902s] -- Up-to-date symlink: /home/orin-001/sda/agibotnav/install/fast_lio/local/lib/python3.10/dist-packages/fast_lio/fast_lio_s__rosidl_typesupport_introspection_c.cpython-310-aarch64-linux-gnu.so
[0.902s] -- Up-to-date symlink: /home/orin-001/sda/agibotnav/install/fast_lio/local/lib/python3.10/dist-packages/fast_lio/libfast_lio__rosidl_generator_py.so
[0.902s] -- Up-to-date symlink: /home/orin-001/sda/agibotnav/install/fast_lio/local/lib/python3.10/dist-packages/fast_lio/msg/__init__.py
[0.903s] -- Up-to-date symlink: /home/orin-001/sda/agibotnav/install/fast_lio/local/lib/python3.10/dist-packages/fast_lio/msg/_pose6_d.py
[0.903s] -- Up-to-date symlink: /home/orin-001/sda/agibotnav/install/fast_lio/local/lib/python3.10/dist-packages/fast_lio/msg/_pose6_d_s.c
[0.903s] -- Up-to-date symlink: /home/orin-001/sda/agibotnav/install/fast_lio/local/lib/python3.10/dist-packages/fast_lio/fast_lio_s__rosidl_typesupport_fastrtps_c.cpython-310-aarch64-linux-gnu.so
[0.904s] -- Up-to-date symlink: /home/orin-001/sda/agibotnav/install/fast_lio/local/lib/python3.10/dist-packages/fast_lio/fast_lio_s__rosidl_typesupport_introspection_c.cpython-310-aarch64-linux-gnu.so
[0.904s] -- Up-to-date symlink: /home/orin-001/sda/agibotnav/install/fast_lio/local/lib/python3.10/dist-packages/fast_lio/fast_lio_s__rosidl_typesupport_c.cpython-310-aarch64-linux-gnu.so
[0.904s] -- Up-to-date symlink: /home/orin-001/sda/agibotnav/install/fast_lio/share/fast_lio/msg/Pose6D.idl
[0.905s] -- Up-to-date symlink: /home/orin-001/sda/agibotnav/install/fast_lio/share/fast_lio/msg/Pose6D.msg
[0.905s] -- Up-to-date symlink: /home/orin-001/sda/agibotnav/install/fast_lio/lib/fast_lio/fastlio_mapping
[0.906s] -- Up-to-date symlink: /home/orin-001/sda/agibotnav/install/fast_lio/share/fast_lio/config/mid360.yaml
[0.906s] -- Up-to-date symlink: /home/orin-001/sda/agibotnav/install/fast_lio/share/fast_lio/launch/gdb_debug_example.launch
[0.906s] -- Up-to-date symlink: /home/orin-001/sda/agibotnav/install/fast_lio/share/fast_lio/launch/mapping.launch.py
[0.907s] -- Up-to-date symlink: /home/orin-001/sda/agibotnav/install/fast_lio/share/fast_lio/rviz/fastlio.rviz
[0.907s] -- Up-to-date symlink: /home/orin-001/sda/agibotnav/install/fast_lio/share/ament_index/resource_index/package_run_dependencies/fast_lio
[0.908s] -- Up-to-date symlink: /home/orin-001/sda/agibotnav/install/fast_lio/share/ament_index/resource_index/parent_prefix_path/fast_lio
[0.908s] -- Up-to-date symlink: /home/orin-001/sda/agibotnav/install/fast_lio/share/fast_lio/environment/ament_prefix_path.sh
[0.908s] -- Up-to-date symlink: /home/orin-001/sda/agibotnav/install/fast_lio/share/fast_lio/environment/ament_prefix_path.dsv
[0.908s] -- Up-to-date symlink: /home/orin-001/sda/agibotnav/install/fast_lio/share/fast_lio/environment/path.sh
[0.908s] -- Up-to-date symlink: /home/orin-001/sda/agibotnav/install/fast_lio/share/fast_lio/environment/path.dsv
[0.909s] -- Up-to-date symlink: /home/orin-001/sda/agibotnav/install/fast_lio/share/fast_lio/local_setup.bash
[0.909s] -- Up-to-date symlink: /home/orin-001/sda/agibotnav/install/fast_lio/share/fast_lio/local_setup.sh
[0.909s] -- Up-to-date symlink: /home/orin-001/sda/agibotnav/install/fast_lio/share/fast_lio/local_setup.zsh
[0.909s] -- Up-to-date symlink: /home/orin-001/sda/agibotnav/install/fast_lio/share/fast_lio/local_setup.dsv
[0.909s] -- Symlinking: /home/orin-001/sda/agibotnav/install/fast_lio/share/fast_lio/package.dsv
[0.931s] -- Up-to-date symlink: /home/orin-001/sda/agibotnav/install/fast_lio/share/ament_index/resource_index/packages/fast_lio
[0.931s] -- Up-to-date symlink: /home/orin-001/sda/agibotnav/install/fast_lio/share/fast_lio/cmake/rosidl_cmake-extras.cmake
[0.932s] -- Up-to-date symlink: /home/orin-001/sda/agibotnav/install/fast_lio/share/fast_lio/cmake/ament_cmake_export_include_directories-extras.cmake
[0.932s] -- Up-to-date symlink: /home/orin-001/sda/agibotnav/install/fast_lio/share/fast_lio/cmake/ament_cmake_export_libraries-extras.cmake
[0.932s] -- Up-to-date symlink: /home/orin-001/sda/agibotnav/install/fast_lio/share/fast_lio/cmake/ament_cmake_export_targets-extras.cmake
[0.932s] -- Up-to-date symlink: /home/orin-001/sda/agibotnav/install/fast_lio/share/fast_lio/cmake/rosidl_cmake_export_typesupport_targets-extras.cmake
[0.933s] -- Up-to-date symlink: /home/orin-001/sda/agibotnav/install/fast_lio/share/fast_lio/cmake/ament_cmake_export_dependencies-extras.cmake
[0.933s] -- Up-to-date symlink: /home/orin-001/sda/agibotnav/install/fast_lio/share/fast_lio/cmake/rosidl_cmake_export_typesupport_libraries-extras.cmake
[0.933s] -- Up-to-date symlink: /home/orin-001/sda/agibotnav/install/fast_lio/share/fast_lio/cmake/fast_lioConfig.cmake
[0.933s] -- Up-to-date symlink: /home/orin-001/sda/agibotnav/install/fast_lio/share/fast_lio/cmake/fast_lioConfig-version.cmake
[0.933s] -- Up-to-date symlink: /home/orin-001/sda/agibotnav/install/fast_lio/share/fast_lio/package.xml
[0.934s] -- Up-to-date: /home/orin-001/sda/agibotnav/install/fast_lio/lib/libfast_lio__rosidl_generator_c.so
[0.934s] -- Up-to-date: /home/orin-001/sda/agibotnav/install/fast_lio/lib/libfast_lio__rosidl_typesupport_fastrtps_c.so
[0.935s] -- Up-to-date: /home/orin-001/sda/agibotnav/install/fast_lio/lib/libfast_lio__rosidl_typesupport_fastrtps_cpp.so
[0.935s] -- Up-to-date: /home/orin-001/sda/agibotnav/install/fast_lio/lib/libfast_lio__rosidl_typesupport_introspection_c.so
[0.935s] -- Up-to-date: /home/orin-001/sda/agibotnav/install/fast_lio/lib/libfast_lio__rosidl_typesupport_c.so
[0.936s] -- Up-to-date: /home/orin-001/sda/agibotnav/install/fast_lio/lib/libfast_lio__rosidl_typesupport_introspection_cpp.so
[0.936s] -- Up-to-date: /home/orin-001/sda/agibotnav/install/fast_lio/lib/libfast_lio__rosidl_typesupport_cpp.so
[1.014s] Listing '/home/orin-001/sda/agibotnav/install/fast_lio/local/lib/python3.10/dist-packages/fast_lio'...
[1.014s] Listing '/home/orin-001/sda/agibotnav/install/fast_lio/local/lib/python3.10/dist-packages/fast_lio/msg'...
[1.024s] -- Up-to-date: /home/orin-001/sda/agibotnav/install/fast_lio/lib/libfast_lio__rosidl_generator_py.so
[1.025s] -- Up-to-date: /home/orin-001/sda/agibotnav/install/fast_lio/share/fast_lio/cmake/export_fast_lio__rosidl_generator_cExport.cmake
[1.025s] -- Up-to-date: /home/orin-001/sda/agibotnav/install/fast_lio/share/fast_lio/cmake/export_fast_lio__rosidl_generator_cExport-release.cmake
[1.025s] -- Up-to-date: /home/orin-001/sda/agibotnav/install/fast_lio/share/fast_lio/cmake/export_fast_lio__rosidl_typesupport_fastrtps_cExport.cmake
[1.025s] -- Up-to-date: /home/orin-001/sda/agibotnav/install/fast_lio/share/fast_lio/cmake/export_fast_lio__rosidl_typesupport_fastrtps_cExport-release.cmake
[1.026s] -- Up-to-date: /home/orin-001/sda/agibotnav/install/fast_lio/share/fast_lio/cmake/export_fast_lio__rosidl_generator_cppExport.cmake
[1.026s] -- Up-to-date: /home/orin-001/sda/agibotnav/install/fast_lio/share/fast_lio/cmake/export_fast_lio__rosidl_typesupport_fastrtps_cppExport.cmake
[1.026s] -- Up-to-date: /home/orin-001/sda/agibotnav/install/fast_lio/share/fast_lio/cmake/export_fast_lio__rosidl_typesupport_fastrtps_cppExport-release.cmake
[1.026s] -- Up-to-date: /home/orin-001/sda/agibotnav/install/fast_lio/share/fast_lio/cmake/fast_lio__rosidl_typesupport_introspection_cExport.cmake
[1.026s] -- Up-to-date: /home/orin-001/sda/agibotnav/install/fast_lio/share/fast_lio/cmake/fast_lio__rosidl_typesupport_introspection_cExport-release.cmake
[1.026s] -- Up-to-date: /home/orin-001/sda/agibotnav/install/fast_lio/share/fast_lio/cmake/fast_lio__rosidl_typesupport_cExport.cmake
[1.026s] -- Up-to-date: /home/orin-001/sda/agibotnav/install/fast_lio/share/fast_lio/cmake/fast_lio__rosidl_typesupport_cExport-release.cmake
[1.027s] -- Up-to-date: /home/orin-001/sda/agibotnav/install/fast_lio/share/fast_lio/cmake/fast_lio__rosidl_typesupport_introspection_cppExport.cmake
[1.027s] -- Up-to-date: /home/orin-001/sda/agibotnav/install/fast_lio/share/fast_lio/cmake/fast_lio__rosidl_typesupport_introspection_cppExport-release.cmake
[1.027s] -- Up-to-date: /home/orin-001/sda/agibotnav/install/fast_lio/share/fast_lio/cmake/fast_lio__rosidl_typesupport_cppExport.cmake
[1.027s] -- Up-to-date: /home/orin-001/sda/agibotnav/install/fast_lio/share/fast_lio/cmake/fast_lio__rosidl_typesupport_cppExport-release.cmake
[1.027s] -- Up-to-date: /home/orin-001/sda/agibotnav/install/fast_lio/share/fast_lio/cmake/export_fast_lio__rosidl_generator_pyExport.cmake
[1.027s] -- Up-to-date: /home/orin-001/sda/agibotnav/install/fast_lio/share/fast_lio/cmake/export_fast_lio__rosidl_generator_pyExport-release.cmake
[1.031s] Invoked command in '/home/orin-001/sda/agibotnav/build/fast_lio' returned '0': CMAKE_PREFIX_PATH=${CMAKE_PREFIX_PATH}:/home/orin-001/sda/nav/src/install/nav2_simple_commander:/home/orin-001/sda/agibotnav/install/nav2_simple_commander:/home/orin-001/sda/agibotnav/install/fastlio2_nav:/opt/ros/humble /usr/bin/cmake --install /home/orin-001/sda/agibotnav/build/fast_lio
