[01m[K/home/orin-001/sda/agibotnav/src/FAST_LIO/src/preprocess.cpp:[m[K In member function ‘[01m[Kvoid Preprocess::mid360_handler(const UniquePtr&)[m[K’:
[01m[K/home/orin-001/sda/agibotnav/src/FAST_LIO/src/preprocess.cpp:584:98:[m[K [01;31m[Kerror: [m[Kno matching function for call to ‘[01m[Kpcl::PointCloud<pcl::PointXYZI>::PointCloud(PointCloudXYZI&)[m[K’
  584 | tXYZI>::Ptr rotate_cloud(new pcl::PointCloud<pcl::PointXYZI>(pl_surf[01;31m[K)[m[K);
      |                                                                     [01;31m[K^[m[K

In file included from [01m[K/usr/include/pcl-1.12/pcl/conversions.h:49[m[K,
                 from [01m[K/opt/ros/humble/include/pcl_conversions/pcl_conversions/pcl_conversions.h:47[m[K,
                 from [01m[K/home/orin-001/sda/agibotnav/src/FAST_LIO/src/preprocess.h:3[m[K,
                 from [01m[K/home/orin-001/sda/agibotnav/src/FAST_LIO/src/preprocess.cpp:1[m[K:
[01m[K/usr/include/pcl-1.12/pcl/point_cloud.h:201:7:[m[K [01;36m[Knote: [m[Kcandidate: ‘[01m[Kpcl::PointCloud<PointT>::PointCloud(uint32_t, uint32_t, const PointT&) [with PointT = pcl::PointXYZI; uint32_t = unsigned int][m[K’
  201 |       [01;36m[KPointCloud[m[K (std::uint32_t width_, std::uint32_t height_, const PointT& value_ = PointT ())
      |       [01;36m[K^~~~~~~~~~[m[K
[01m[K/usr/include/pcl-1.12/pcl/point_cloud.h:201:7:[m[K [01;36m[Knote: [m[K  candidate expects 3 arguments, 1 provided
[01m[K/usr/include/pcl-1.12/pcl/point_cloud.h:185:7:[m[K [01;36m[Knote: [m[Kcandidate: ‘[01m[Kpcl::PointCloud<PointT>::PointCloud(const pcl::PointCloud<PointT>&, const Indices&) [with PointT = pcl::PointXYZI; pcl::Indices = std::vector<int>][m[K’
  185 |       [01;36m[KPointCloud[m[K (const PointCloud<PointT> &pc,
      |       [01;36m[K^~~~~~~~~~[m[K
[01m[K/usr/include/pcl-1.12/pcl/point_cloud.h:185:7:[m[K [01;36m[Knote: [m[K  candidate expects 2 arguments, 1 provided
[01m[K/usr/include/pcl-1.12/pcl/point_cloud.h:179:7:[m[K [01;36m[Knote: [m[Kcandidate: ‘[01m[Kpcl::PointCloud<PointT>::PointCloud() [with PointT = pcl::PointXYZI][m[K’
  179 |       [01;36m[KPointCloud[m[K () = default;
      |       [01;36m[K^~~~~~~~~~[m[K
[01m[K/usr/include/pcl-1.12/pcl/point_cloud.h:179:7:[m[K [01;36m[Knote: [m[K  candidate expects 0 arguments, 1 provided
[01m[K/usr/include/pcl-1.12/pcl/point_cloud.h:172:21:[m[K [01;36m[Knote: [m[Kcandidate: ‘[01m[Kpcl::PointCloud<pcl::PointXYZI>::PointCloud(const pcl::PointCloud<pcl::PointXYZI>&)[m[K’
  172 |   class PCL_EXPORTS [01;36m[KPointCloud[m[K
      |                     [01;36m[K^~~~~~~~~~[m[K
[01m[K/usr/include/pcl-1.12/pcl/point_cloud.h:172:21:[m[K [01;36m[Knote: [m[K  no known conversion for argument 1 from ‘[01m[KPointCloudXYZI[m[K’ {aka ‘[01m[Kpcl::PointCloud<pcl::PointXYZINormal>[m[K’} to ‘[01m[Kconst pcl::PointCloud<pcl::PointXYZI>&[m[K’
[01m[K/usr/include/pcl-1.12/pcl/point_cloud.h:172:21:[m[K [01;36m[Knote: [m[Kcandidate: ‘[01m[Kpcl::PointCloud<pcl::PointXYZI>::PointCloud(pcl::PointCloud<pcl::PointXYZI>&&)[m[K’
[01m[K/usr/include/pcl-1.12/pcl/point_cloud.h:172:21:[m[K [01;36m[Knote: [m[K  no known conversion for argument 1 from ‘[01m[KPointCloudXYZI[m[K’ {aka ‘[01m[Kpcl::PointCloud<pcl::PointXYZINormal>[m[K’} to ‘[01m[Kpcl::PointCloud<pcl::PointXYZI>&&[m[K’
[01m[K/home/orin-001/sda/agibotnav/src/FAST_LIO/src/preprocess.cpp:588:16:[m[K [01;31m[Kerror: [m[Kno match for ‘[01m[Koperator=[m[K’ (operand types are ‘[01m[KPointCloudXYZI[m[K’ {aka ‘[01m[Kpcl::PointCloud<pcl::PointXYZINormal>[m[K’} and ‘[01m[Kstd::__shared_ptr_access<pcl::PointCloud<pcl::PointXYZI>, __gnu_cxx::_S_atomic, false, false>::element_type[m[K’ {aka ‘[01m[Kpcl::PointCloud<pcl::PointXYZI>[m[K’})
  588 |     pl_surf = *[01;31m[Krotate_cloud[m[K;
      |                [01;31m[K^~~~~~~~~~~~[m[K
In file included from [01m[K/usr/include/pcl-1.12/pcl/conversions.h:49[m[K,
                 from [01m[K/opt/ros/humble/include/pcl_conversions/pcl_conversions/pcl_conversions.h:47[m[K,
                 from [01m[K/home/orin-001/sda/agibotnav/src/FAST_LIO/src/preprocess.h:3[m[K,
                 from [01m[K/home/orin-001/sda/agibotnav/src/FAST_LIO/src/preprocess.cpp:1[m[K:
[01m[K/usr/include/pcl-1.12/pcl/point_cloud.h:172:21:[m[K [01;36m[Knote: [m[Kcandidate: ‘[01m[Kpcl::PointCloud<pcl::PointXYZINormal>& pcl::PointCloud<pcl::PointXYZINormal>::operator=(const pcl::PointCloud<pcl::PointXYZINormal>&)[m[K’
  172 |   class PCL_EXPORTS [01;36m[KPointCloud[m[K
      |                     [01;36m[K^~~~~~~~~~[m[K
[01m[K/usr/include/pcl-1.12/pcl/point_cloud.h:172:21:[m[K [01;36m[Knote: [m[K  no known conversion for argument 1 from ‘[01m[Kstd::__shared_ptr_access<pcl::PointCloud<pcl::PointXYZI>, __gnu_cxx::_S_atomic, false, false>::element_type[m[K’ {aka ‘[01m[Kpcl::PointCloud<pcl::PointXYZI>[m[K’} to ‘[01m[Kconst pcl::PointCloud<pcl::PointXYZINormal>&[m[K’
[01m[K/usr/include/pcl-1.12/pcl/point_cloud.h:172:21:[m[K [01;36m[Knote: [m[Kcandidate: ‘[01m[Kpcl::PointCloud<pcl::PointXYZINormal>& pcl::PointCloud<pcl::PointXYZINormal>::operator=(pcl::PointCloud<pcl::PointXYZINormal>&&)[m[K’
[01m[K/usr/include/pcl-1.12/pcl/point_cloud.h:172:21:[m[K [01;36m[Knote: [m[K  no known conversion for argument 1 from ‘[01m[Kstd::__shared_ptr_access<pcl::PointCloud<pcl::PointXYZI>, __gnu_cxx::_S_atomic, false, false>::element_type[m[K’ {aka ‘[01m[Kpcl::PointCloud<pcl::PointXYZI>[m[K’} to ‘[01m[Kpcl::PointCloud<pcl::PointXYZINormal>&&[m[K’
gmake[2]: *** [CMakeFiles/fastlio_mapping.dir/build.make:104: CMakeFiles/fastlio_mapping.dir/src/preprocess.cpp.o] Error 1
gmake[1]: *** [CMakeFiles/Makefile2:593: CMakeFiles/fastlio_mapping.dir/all] Error 2
gmake: *** [Makefile:146: all] Error 2
