[  5%] Built target fast_lio__cpp
[ 11%] Built target fast_lio__rosidl_generator_c
[ 11%] Built target ament_cmake_python_symlink_fast_lio
[ 42%] Built target fast_lio__rosidl_typesupport_fastrtps_cpp
[ 42%] Built target fast_lio__rosidl_typesupport_introspection_c
[ 45%] Built target fast_lio__rosidl_typesupport_fastrtps_c
[ 45%] Built target fast_lio__rosidl_typesupport_c
[ 54%] Built target fast_lio__rosidl_typesupport_cpp
[ 62%] Built target fast_lio__rosidl_typesupport_introspection_cpp
[ 62%] Built target fast_lio
[35m[1mConsolidate compiler generated dependencies of target fastlio_mapping[0m
[ 65%] Built target fast_lio__py
[ 68%] [32mBuilding CXX object CMakeFiles/fastlio_mapping.dir/src/preprocess.cpp.o[0m
[ 74%] Built target fast_lio__rosidl_generator_py
[ 91%] Built target fast_lio__rosidl_typesupport_fastrtps_c__pyext
[ 91%] Built target fast_lio__rosidl_typesupport_introspection_c__pyext
[ 91%] Built target fast_lio__rosidl_typesupport_c__pyext
running egg_info
writing fast_lio.egg-info/PKG-INFO
writing dependency_links to fast_lio.egg-info/dependency_links.txt
writing top-level names to fast_lio.egg-info/top_level.txt
reading manifest file 'fast_lio.egg-info/SOURCES.txt'
writing manifest file 'fast_lio.egg-info/SOURCES.txt'
[ 91%] Built target ament_cmake_python_build_fast_lio_egg
[01m[K/home/orin-001/sda/agibotnav/src/FAST_LIO/src/preprocess.cpp:9:39:[m[K [01;31m[Kerror: [m[K‘[01m[KPointXYZIRT[m[K’ was not declared in this scope
    9 | void rotatePointCloud(pcl::PointCloud<[01;31m[KPointXYZIRT[m[K>::Ptr& cloud, float roll, float pitch, float yaw)
      |                                       [01;31m[K^~~~~~~~~~~[m[K
[01m[K/home/orin-001/sda/agibotnav/src/FAST_LIO/src/preprocess.cpp:9:50:[m[K [01;31m[Kerror: [m[Ktemplate argument 1 is invalid
    9 | void rotatePointCloud(pcl::PointCloud<PointXYZIRT[01;31m[K>[m[K::Ptr& cloud, float roll, float pitch, float yaw)
      |                                                  [01;31m[K^[m[K
[01m[K/home/orin-001/sda/agibotnav/src/FAST_LIO/src/preprocess.cpp:9:56:[m[K [01;31m[Kerror: [m[Kexpected ‘[01m[K,[m[K’ or ‘[01m[K...[m[K’ before ‘[01m[K&[m[K’ token
    9 | void rotatePointCloud(pcl::PointCloud<PointXYZIRT>::Ptr[01;31m[K&[m[K cloud, float roll, float pitch, float yaw)
      |                                                        [01;31m[K^[m[K
[01m[K/home/orin-001/sda/agibotnav/src/FAST_LIO/src/preprocess.cpp:[m[K In function ‘[01m[Kvoid rotatePointCloud(int)[m[K’:
[01m[K/home/orin-001/sda/agibotnav/src/FAST_LIO/src/preprocess.cpp:12:5:[m[K [01;31m[Kerror: [m[K‘[01m[Kroll[m[K’ was not declared in this scope
   12 |     [01;31m[Kroll[m[K  = roll  * M_PI / 180.0f;
      |     [01;31m[K^~~~[m[K
[01m[K/home/orin-001/sda/agibotnav/src/FAST_LIO/src/preprocess.cpp:13:5:[m[K [01;31m[Kerror: [m[K‘[01m[Kpitch[m[K’ was not declared in this scope
   13 |     [01;31m[Kpitch[m[K = pitch * M_PI / 180.0f;
      |     [01;31m[K^~~~~[m[K
[01m[K/home/orin-001/sda/agibotnav/src/FAST_LIO/src/preprocess.cpp:14:5:[m[K [01;31m[Kerror: [m[K‘[01m[Kyaw[m[K’ was not declared in this scope
   14 |     [01;31m[Kyaw[m[K   = yaw   * M_PI / 180.0f;
      |     [01;31m[K^~~[m[K
[01m[K/home/orin-001/sda/agibotnav/src/FAST_LIO/src/preprocess.cpp:23:24:[m[K [01;31m[Kerror: [m[K‘[01m[Kcloud[m[K’ was not declared in this scope
   23 |     for (auto& point : [01;31m[Kcloud[m[K->points)
      |                        [01;31m[K^~~~~[m[K
[01m[K/home/orin-001/sda/agibotnav/src/FAST_LIO/src/preprocess.cpp:[m[K In member function ‘[01m[Kvoid Preprocess::mid360_handler(const UniquePtr&)[m[K’:
[01m[K/home/orin-001/sda/agibotnav/src/FAST_LIO/src/preprocess.cpp:584:22:[m[K [01;31m[Kerror: [m[Kcannot convert ‘[01m[Kpcl::PointCloud<pcl::PointXYZINormal>::Ptr[m[K’ {aka ‘[01m[Kstd::shared_ptr<pcl::PointCloud<pcl::PointXYZINormal> >[m[K’} to ‘[01m[Kint[m[K’
  584 |     rotatePointCloud([01;31m[Krotate_cloud[m[K, 0.0, 30.0, 0.0);  // 示例：仅绕Z轴旋转90°，按需修改
      |                      [01;31m[K^~~~~~~~~~~~[m[K
      |                      [01;31m[K|[m[K
      |                      [01;31m[Kpcl::PointCloud<pcl::PointXYZINormal>::Ptr {aka std::shared_ptr<pcl::PointCloud<pcl::PointXYZINormal> >}[m[K
[01m[K/home/orin-001/sda/agibotnav/src/FAST_LIO/src/preprocess.cpp:9:53:[m[K [01;36m[Knote: [m[K  initializing argument 1 of ‘[01m[Kvoid rotatePointCloud(int)[m[K’
    9 | void rotatePointCloud([01;36m[Kpcl::PointCloud<PointXYZIRT>::Ptr[m[K& cloud, float roll, float pitch, float yaw)
      |                       [01;36m[K~~~~~~~~~~~~~~~~~~~~~~~~~~~~~~^~~[m[K
gmake[2]: *** [CMakeFiles/fastlio_mapping.dir/build.make:104: CMakeFiles/fastlio_mapping.dir/src/preprocess.cpp.o] Error 1
gmake[1]: *** [CMakeFiles/Makefile2:593: CMakeFiles/fastlio_mapping.dir/all] Error 2
gmake: *** [Makefile:146: all] Error 2
