[0.019s] Invoking command in '/home/orin-001/sda/agibotnav/build/fast_lio': CMAKE_PREFIX_PATH=${CMAKE_PREFIX_PATH}:/opt/ros/humble /usr/bin/cmake --build /home/orin-001/sda/agibotnav/build/fast_lio -- -j8 -l8
[0.116s] [  5%] Built target fast_lio__cpp
[0.116s] [ 11%] Built target fast_lio__rosidl_generator_c
[0.138s] [ 11%] Built target ament_cmake_python_symlink_fast_lio
[0.155s] [ 42%] Built target fast_lio__rosidl_typesupport_fastrtps_cpp
[0.155s] [ 42%] Built target fast_lio__rosidl_typesupport_introspection_c
[0.155s] [ 45%] Built target fast_lio__rosidl_typesupport_fastrtps_c
[0.155s] [ 45%] Built target fast_lio__rosidl_typesupport_c
[0.156s] [ 54%] Built target fast_lio__rosidl_typesupport_cpp
[0.157s] [ 62%] Built target fast_lio__rosidl_typesupport_introspection_cpp
[0.189s] [ 62%] Built target fast_lio
[0.190s] [35m[1mConsolidate compiler generated dependencies of target fastlio_mapping[0m
[0.223s] [ 65%] Built target fast_lio__py
[0.260s] [ 68%] [32mBuilding CXX object CMakeFiles/fastlio_mapping.dir/src/preprocess.cpp.o[0m
[0.261s] [ 74%] Built target fast_lio__rosidl_generator_py
[0.300s] [ 91%] Built target fast_lio__rosidl_typesupport_fastrtps_c__pyext
[0.300s] [ 91%] Built target fast_lio__rosidl_typesupport_introspection_c__pyext
[0.300s] [ 91%] Built target fast_lio__rosidl_typesupport_c__pyext
[0.581s] running egg_info
[0.582s] writing fast_lio.egg-info/PKG-INFO
[0.582s] writing dependency_links to fast_lio.egg-info/dependency_links.txt
[0.582s] writing top-level names to fast_lio.egg-info/top_level.txt
[0.588s] reading manifest file 'fast_lio.egg-info/SOURCES.txt'
[0.589s] writing manifest file 'fast_lio.egg-info/SOURCES.txt'
[0.645s] [ 91%] Built target ament_cmake_python_build_fast_lio_egg
[9.954s] [01m[K/home/orin-001/sda/agibotnav/src/FAST_LIO/src/preprocess.cpp:9:39:[m[K [01;31m[Kerror: [m[K‘[01m[KPointXYZIRT[m[K’ was not declared in this scope
[9.954s]     9 | void rotatePointCloud(pcl::PointCloud<[01;31m[KPointXYZIRT[m[K>::Ptr& cloud, float roll, float pitch, float yaw)
[9.954s]       |                                       [01;31m[K^~~~~~~~~~~[m[K
[9.954s] [01m[K/home/orin-001/sda/agibotnav/src/FAST_LIO/src/preprocess.cpp:9:50:[m[K [01;31m[Kerror: [m[Ktemplate argument 1 is invalid
[9.955s]     9 | void rotatePointCloud(pcl::PointCloud<PointXYZIRT[01;31m[K>[m[K::Ptr& cloud, float roll, float pitch, float yaw)
[9.955s]       |                                                  [01;31m[K^[m[K
[9.955s] [01m[K/home/orin-001/sda/agibotnav/src/FAST_LIO/src/preprocess.cpp:9:56:[m[K [01;31m[Kerror: [m[Kexpected ‘[01m[K,[m[K’ or ‘[01m[K...[m[K’ before ‘[01m[K&[m[K’ token
[9.955s]     9 | void rotatePointCloud(pcl::PointCloud<PointXYZIRT>::Ptr[01;31m[K&[m[K cloud, float roll, float pitch, float yaw)
[9.956s]       |                                                        [01;31m[K^[m[K
[9.968s] [01m[K/home/orin-001/sda/agibotnav/src/FAST_LIO/src/preprocess.cpp:[m[K In function ‘[01m[Kvoid rotatePointCloud(int)[m[K’:
[9.968s] [01m[K/home/orin-001/sda/agibotnav/src/FAST_LIO/src/preprocess.cpp:12:5:[m[K [01;31m[Kerror: [m[K‘[01m[Kroll[m[K’ was not declared in this scope
[9.968s]    12 |     [01;31m[Kroll[m[K  = roll  * M_PI / 180.0f;
[9.968s]       |     [01;31m[K^~~~[m[K
[9.982s] [01m[K/home/orin-001/sda/agibotnav/src/FAST_LIO/src/preprocess.cpp:13:5:[m[K [01;31m[Kerror: [m[K‘[01m[Kpitch[m[K’ was not declared in this scope
[9.983s]    13 |     [01;31m[Kpitch[m[K = pitch * M_PI / 180.0f;
[9.983s]       |     [01;31m[K^~~~~[m[K
[9.994s] [01m[K/home/orin-001/sda/agibotnav/src/FAST_LIO/src/preprocess.cpp:14:5:[m[K [01;31m[Kerror: [m[K‘[01m[Kyaw[m[K’ was not declared in this scope
[9.995s]    14 |     [01;31m[Kyaw[m[K   = yaw   * M_PI / 180.0f;
[9.995s]       |     [01;31m[K^~~[m[K
[10.055s] [01m[K/home/orin-001/sda/agibotnav/src/FAST_LIO/src/preprocess.cpp:23:24:[m[K [01;31m[Kerror: [m[K‘[01m[Kcloud[m[K’ was not declared in this scope
[10.055s]    23 |     for (auto& point : [01;31m[Kcloud[m[K->points)
[10.056s]       |                        [01;31m[K^~~~~[m[K
[10.184s] [01m[K/home/orin-001/sda/agibotnav/src/FAST_LIO/src/preprocess.cpp:[m[K In member function ‘[01m[Kvoid Preprocess::mid360_handler(const UniquePtr&)[m[K’:
[10.185s] [01m[K/home/orin-001/sda/agibotnav/src/FAST_LIO/src/preprocess.cpp:584:22:[m[K [01;31m[Kerror: [m[Kcannot convert ‘[01m[Kpcl::PointCloud<pcl::PointXYZINormal>::Ptr[m[K’ {aka ‘[01m[Kstd::shared_ptr<pcl::PointCloud<pcl::PointXYZINormal> >[m[K’} to ‘[01m[Kint[m[K’
[10.185s]   584 |     rotatePointCloud([01;31m[Krotate_cloud[m[K, 0.0, 30.0, 0.0);  // 示例：仅绕Z轴旋转90°，按需修改
[10.185s]       |                      [01;31m[K^~~~~~~~~~~~[m[K
[10.185s]       |                      [01;31m[K|[m[K
[10.186s]       |                      [01;31m[Kpcl::PointCloud<pcl::PointXYZINormal>::Ptr {aka std::shared_ptr<pcl::PointCloud<pcl::PointXYZINormal> >}[m[K
[10.186s] [01m[K/home/orin-001/sda/agibotnav/src/FAST_LIO/src/preprocess.cpp:9:53:[m[K [01;36m[Knote: [m[K  initializing argument 1 of ‘[01m[Kvoid rotatePointCloud(int)[m[K’
[10.186s]     9 | void rotatePointCloud([01;36m[Kpcl::PointCloud<PointXYZIRT>::Ptr[m[K& cloud, float roll, float pitch, float yaw)
[10.186s]       |                       [01;36m[K~~~~~~~~~~~~~~~~~~~~~~~~~~~~~~^~~[m[K
[12.665s] gmake[2]: *** [CMakeFiles/fastlio_mapping.dir/build.make:104: CMakeFiles/fastlio_mapping.dir/src/preprocess.cpp.o] Error 1
[12.666s] gmake[1]: *** [CMakeFiles/Makefile2:593: CMakeFiles/fastlio_mapping.dir/all] Error 2
[12.667s] gmake: *** [Makefile:146: all] Error 2
[12.672s] Invoked command in '/home/orin-001/sda/agibotnav/build/fast_lio' returned '2': CMAKE_PREFIX_PATH=${CMAKE_PREFIX_PATH}:/opt/ros/humble /usr/bin/cmake --build /home/orin-001/sda/agibotnav/build/fast_lio -- -j8 -l8
