[0.053s] Invoking command in '/home/orin-001/sda/agibotnav/build/fast_lio': CMAKE_PREFIX_PATH=${CMAKE_PREFIX_PATH}:/home/orin-001/sda/nav/src/install/nav2_simple_commander:/home/orin-001/sda/agibotnav/install/nav2_simple_commander:/home/orin-001/sda/agibotnav/install/fastlio2_nav:/opt/ros/humble /usr/bin/cmake --build /home/orin-001/sda/agibotnav/build/fast_lio -- -j8 -l8
[0.597s] [  2%] Built target fast_lio__cpp
[0.598s] [ 11%] Built target fast_lio__rosidl_generator_c
[0.598s] [ 11%] Built target ament_cmake_python_symlink_fast_lio
[0.598s] [ 20%] Built target fast_lio__rosidl_typesupport_c
[0.599s] [ 28%] Built target fast_lio__rosidl_typesupport_introspection_cpp
[0.599s] [ 37%] Built target fast_lio__rosidl_typesupport_cpp
[0.599s] [ 45%] Built target fast_lio__rosidl_typesupport_introspection_c
[0.599s] [ 54%] Built target fast_lio__rosidl_typesupport_fastrtps_cpp
[0.600s] [ 62%] Built target fast_lio__rosidl_typesupport_fastrtps_c
[0.602s] [ 62%] Built target fast_lio
[0.603s] [ 74%] Built target fastlio_mapping
[0.604s] [ 77%] Built target fast_lio__py
[0.605s] [ 82%] Built target fast_lio__rosidl_generator_py
[0.605s] [100%] Built target fast_lio__rosidl_typesupport_introspection_c__pyext
[0.605s] [100%] Built target fast_lio__rosidl_typesupport_fastrtps_c__pyext
[0.606s] [100%] Built target fast_lio__rosidl_typesupport_c__pyext
[0.720s] running egg_info
[0.721s] writing fast_lio.egg-info/PKG-INFO
[0.722s] writing dependency_links to fast_lio.egg-info/dependency_links.txt
[0.722s] writing top-level names to fast_lio.egg-info/top_level.txt
[0.730s] reading manifest file 'fast_lio.egg-info/SOURCES.txt'
[0.731s] writing manifest file 'fast_lio.egg-info/SOURCES.txt'
[0.800s] [100%] Built target ament_cmake_python_build_fast_lio_egg
[0.828s] Invoked command in '/home/orin-001/sda/agibotnav/build/fast_lio' returned '0': CMAKE_PREFIX_PATH=${CMAKE_PREFIX_PATH}:/home/orin-001/sda/nav/src/install/nav2_simple_commander:/home/orin-001/sda/agibotnav/install/nav2_simple_commander:/home/orin-001/sda/agibotnav/install/fastlio2_nav:/opt/ros/humble /usr/bin/cmake --build /home/orin-001/sda/agibotnav/build/fast_lio -- -j8 -l8
[0.854s] Invoking command in '/home/orin-001/sda/agibotnav/build/fast_lio': CMAKE_PREFIX_PATH=${CMAKE_PREFIX_PATH}:/home/orin-001/sda/nav/src/install/nav2_simple_commander:/home/orin-001/sda/agibotnav/install/nav2_simple_commander:/home/orin-001/sda/agibotnav/install/fastlio2_nav:/opt/ros/humble /usr/bin/cmake --install /home/orin-001/sda/agibotnav/build/fast_lio
[0.873s] -- Install configuration: "Release"
[0.874s] -- Execute custom install script
[0.874s] -- Up-to-date symlink: /home/orin-001/sda/agibotnav/install/fast_lio/share/ament_index/resource_index/rosidl_interfaces/fast_lio
[0.875s] -- Up-to-date symlink: /home/orin-001/sda/agibotnav/install/fast_lio/include/fast_lio/fast_lio/msg/detail/pose6_d__functions.h
[0.875s] -- Up-to-date symlink: /home/orin-001/sda/agibotnav/install/fast_lio/include/fast_lio/fast_lio/msg/detail/pose6_d__struct.h
[0.875s] -- Up-to-date symlink: /home/orin-001/sda/agibotnav/install/fast_lio/include/fast_lio/fast_lio/msg/detail/pose6_d__type_support.h
[0.876s] -- Up-to-date symlink: /home/orin-001/sda/agibotnav/install/fast_lio/include/fast_lio/fast_lio/msg/pose6_d.h
[0.876s] -- Up-to-date symlink: /home/orin-001/sda/agibotnav/install/fast_lio/include/fast_lio/fast_lio/msg/rosidl_generator_c__visibility_control.h
[0.876s] -- Up-to-date symlink: /home/orin-001/sda/agibotnav/install/fast_lio/share/fast_lio/environment/library_path.sh
[0.876s] -- Up-to-date symlink: /home/orin-001/sda/agibotnav/install/fast_lio/share/fast_lio/environment/library_path.dsv
[0.877s] -- Up-to-date symlink: /home/orin-001/sda/agibotnav/install/fast_lio/include/fast_lio/fast_lio/msg/detail/pose6_d__rosidl_typesupport_fastrtps_c.h
[0.877s] -- Up-to-date symlink: /home/orin-001/sda/agibotnav/install/fast_lio/include/fast_lio/fast_lio/msg/rosidl_typesupport_fastrtps_c__visibility_control.h
[0.878s] -- Up-to-date symlink: /home/orin-001/sda/agibotnav/install/fast_lio/include/fast_lio/fast_lio/msg/detail/pose6_d__builder.hpp
[0.878s] -- Up-to-date symlink: /home/orin-001/sda/agibotnav/install/fast_lio/include/fast_lio/fast_lio/msg/detail/pose6_d__struct.hpp
[0.878s] -- Up-to-date symlink: /home/orin-001/sda/agibotnav/install/fast_lio/include/fast_lio/fast_lio/msg/detail/pose6_d__traits.hpp
[0.878s] -- Up-to-date symlink: /home/orin-001/sda/agibotnav/install/fast_lio/include/fast_lio/fast_lio/msg/detail/pose6_d__type_support.hpp
[0.879s] -- Up-to-date symlink: /home/orin-001/sda/agibotnav/install/fast_lio/include/fast_lio/fast_lio/msg/pose6_d.hpp
[0.879s] -- Up-to-date symlink: /home/orin-001/sda/agibotnav/install/fast_lio/include/fast_lio/fast_lio/msg/rosidl_generator_cpp__visibility_control.hpp
[0.879s] -- Up-to-date symlink: /home/orin-001/sda/agibotnav/install/fast_lio/include/fast_lio/fast_lio/msg/detail/pose6_d__rosidl_typesupport_fastrtps_cpp.hpp
[0.880s] -- Up-to-date symlink: /home/orin-001/sda/agibotnav/install/fast_lio/include/fast_lio/fast_lio/msg/rosidl_typesupport_fastrtps_cpp__visibility_control.h
[0.880s] -- Up-to-date symlink: /home/orin-001/sda/agibotnav/install/fast_lio/include/fast_lio/fast_lio/msg/detail/pose6_d__rosidl_typesupport_introspection_c.h
[0.880s] -- Up-to-date symlink: /home/orin-001/sda/agibotnav/install/fast_lio/include/fast_lio/fast_lio/msg/rosidl_typesupport_introspection_c__visibility_control.h
[0.881s] -- Up-to-date symlink: /home/orin-001/sda/agibotnav/install/fast_lio/include/fast_lio/fast_lio/msg/detail/pose6_d__rosidl_typesupport_introspection_cpp.hpp
[0.881s] -- Up-to-date symlink: /home/orin-001/sda/agibotnav/install/fast_lio/share/fast_lio/environment/pythonpath.sh
[0.881s] -- Up-to-date symlink: /home/orin-001/sda/agibotnav/install/fast_lio/share/fast_lio/environment/pythonpath.dsv
[0.882s] -- Up-to-date symlink: /home/orin-001/sda/agibotnav/install/fast_lio/local/lib/python3.10/dist-packages/fast_lio-0.0.0-py3.10.egg-info/PKG-INFO
[0.882s] -- Up-to-date symlink: /home/orin-001/sda/agibotnav/install/fast_lio/local/lib/python3.10/dist-packages/fast_lio-0.0.0-py3.10.egg-info/SOURCES.txt
[0.882s] -- Up-to-date symlink: /home/orin-001/sda/agibotnav/install/fast_lio/local/lib/python3.10/dist-packages/fast_lio-0.0.0-py3.10.egg-info/dependency_links.txt
[0.882s] -- Up-to-date symlink: /home/orin-001/sda/agibotnav/install/fast_lio/local/lib/python3.10/dist-packages/fast_lio-0.0.0-py3.10.egg-info/top_level.txt
[0.883s] -- Up-to-date symlink: /home/orin-001/sda/agibotnav/install/fast_lio/local/lib/python3.10/dist-packages/fast_lio/__init__.py
[0.883s] -- Up-to-date symlink: /home/orin-001/sda/agibotnav/install/fast_lio/local/lib/python3.10/dist-packages/fast_lio/_fast_lio_s.ep.rosidl_typesupport_c.c
[0.884s] -- Up-to-date symlink: /home/orin-001/sda/agibotnav/install/fast_lio/local/lib/python3.10/dist-packages/fast_lio/_fast_lio_s.ep.rosidl_typesupport_fastrtps_c.c
[0.884s] -- Up-to-date symlink: /home/orin-001/sda/agibotnav/install/fast_lio/local/lib/python3.10/dist-packages/fast_lio/_fast_lio_s.ep.rosidl_typesupport_introspection_c.c
[0.884s] -- Up-to-date symlink: /home/orin-001/sda/agibotnav/install/fast_lio/local/lib/python3.10/dist-packages/fast_lio/fast_lio_s__rosidl_typesupport_c.cpython-310-aarch64-linux-gnu.so
[0.884s] -- Up-to-date symlink: /home/orin-001/sda/agibotnav/install/fast_lio/local/lib/python3.10/dist-packages/fast_lio/fast_lio_s__rosidl_typesupport_fastrtps_c.cpython-310-aarch64-linux-gnu.so
[0.884s] -- Up-to-date symlink: /home/orin-001/sda/agibotnav/install/fast_lio/local/lib/python3.10/dist-packages/fast_lio/fast_lio_s__rosidl_typesupport_introspection_c.cpython-310-aarch64-linux-gnu.so
[0.884s] -- Up-to-date symlink: /home/orin-001/sda/agibotnav/install/fast_lio/local/lib/python3.10/dist-packages/fast_lio/libfast_lio__rosidl_generator_py.so
[0.885s] -- Up-to-date symlink: /home/orin-001/sda/agibotnav/install/fast_lio/local/lib/python3.10/dist-packages/fast_lio/msg/__init__.py
[0.885s] -- Up-to-date symlink: /home/orin-001/sda/agibotnav/install/fast_lio/local/lib/python3.10/dist-packages/fast_lio/msg/_pose6_d.py
[0.885s] -- Up-to-date symlink: /home/orin-001/sda/agibotnav/install/fast_lio/local/lib/python3.10/dist-packages/fast_lio/msg/_pose6_d_s.c
[0.885s] -- Up-to-date symlink: /home/orin-001/sda/agibotnav/install/fast_lio/local/lib/python3.10/dist-packages/fast_lio/fast_lio_s__rosidl_typesupport_fastrtps_c.cpython-310-aarch64-linux-gnu.so
[0.886s] -- Up-to-date symlink: /home/orin-001/sda/agibotnav/install/fast_lio/local/lib/python3.10/dist-packages/fast_lio/fast_lio_s__rosidl_typesupport_introspection_c.cpython-310-aarch64-linux-gnu.so
[0.886s] -- Up-to-date symlink: /home/orin-001/sda/agibotnav/install/fast_lio/local/lib/python3.10/dist-packages/fast_lio/fast_lio_s__rosidl_typesupport_c.cpython-310-aarch64-linux-gnu.so
[0.886s] -- Up-to-date symlink: /home/orin-001/sda/agibotnav/install/fast_lio/share/fast_lio/msg/Pose6D.idl
[0.887s] -- Up-to-date symlink: /home/orin-001/sda/agibotnav/install/fast_lio/share/fast_lio/msg/Pose6D.msg
[0.887s] -- Up-to-date symlink: /home/orin-001/sda/agibotnav/install/fast_lio/lib/fast_lio/fastlio_mapping
[0.888s] -- Up-to-date symlink: /home/orin-001/sda/agibotnav/install/fast_lio/share/fast_lio/config/mid360.yaml
[0.888s] -- Up-to-date symlink: /home/orin-001/sda/agibotnav/install/fast_lio/share/fast_lio/launch/gdb_debug_example.launch
[0.888s] -- Up-to-date symlink: /home/orin-001/sda/agibotnav/install/fast_lio/share/fast_lio/launch/mapping.launch.py
[0.889s] -- Up-to-date symlink: /home/orin-001/sda/agibotnav/install/fast_lio/share/fast_lio/rviz/fastlio.rviz
[0.889s] -- Up-to-date symlink: /home/orin-001/sda/agibotnav/install/fast_lio/share/ament_index/resource_index/package_run_dependencies/fast_lio
[0.889s] -- Up-to-date symlink: /home/orin-001/sda/agibotnav/install/fast_lio/share/ament_index/resource_index/parent_prefix_path/fast_lio
[0.890s] -- Up-to-date symlink: /home/orin-001/sda/agibotnav/install/fast_lio/share/fast_lio/environment/ament_prefix_path.sh
[0.890s] -- Up-to-date symlink: /home/orin-001/sda/agibotnav/install/fast_lio/share/fast_lio/environment/ament_prefix_path.dsv
[0.890s] -- Up-to-date symlink: /home/orin-001/sda/agibotnav/install/fast_lio/share/fast_lio/environment/path.sh
[0.890s] -- Up-to-date symlink: /home/orin-001/sda/agibotnav/install/fast_lio/share/fast_lio/environment/path.dsv
[0.891s] -- Up-to-date symlink: /home/orin-001/sda/agibotnav/install/fast_lio/share/fast_lio/local_setup.bash
[0.891s] -- Up-to-date symlink: /home/orin-001/sda/agibotnav/install/fast_lio/share/fast_lio/local_setup.sh
[0.891s] -- Up-to-date symlink: /home/orin-001/sda/agibotnav/install/fast_lio/share/fast_lio/local_setup.zsh
[0.891s] -- Up-to-date symlink: /home/orin-001/sda/agibotnav/install/fast_lio/share/fast_lio/local_setup.dsv
[0.891s] -- Symlinking: /home/orin-001/sda/agibotnav/install/fast_lio/share/fast_lio/package.dsv
[0.912s] -- Up-to-date symlink: /home/orin-001/sda/agibotnav/install/fast_lio/share/ament_index/resource_index/packages/fast_lio
[0.912s] -- Up-to-date symlink: /home/orin-001/sda/agibotnav/install/fast_lio/share/fast_lio/cmake/rosidl_cmake-extras.cmake
[0.912s] -- Up-to-date symlink: /home/orin-001/sda/agibotnav/install/fast_lio/share/fast_lio/cmake/ament_cmake_export_include_directories-extras.cmake
[0.912s] -- Up-to-date symlink: /home/orin-001/sda/agibotnav/install/fast_lio/share/fast_lio/cmake/ament_cmake_export_libraries-extras.cmake
[0.912s] -- Up-to-date symlink: /home/orin-001/sda/agibotnav/install/fast_lio/share/fast_lio/cmake/ament_cmake_export_targets-extras.cmake
[0.913s] -- Up-to-date symlink: /home/orin-001/sda/agibotnav/install/fast_lio/share/fast_lio/cmake/rosidl_cmake_export_typesupport_targets-extras.cmake
[0.913s] -- Up-to-date symlink: /home/orin-001/sda/agibotnav/install/fast_lio/share/fast_lio/cmake/ament_cmake_export_dependencies-extras.cmake
[0.913s] -- Up-to-date symlink: /home/orin-001/sda/agibotnav/install/fast_lio/share/fast_lio/cmake/rosidl_cmake_export_typesupport_libraries-extras.cmake
[0.913s] -- Up-to-date symlink: /home/orin-001/sda/agibotnav/install/fast_lio/share/fast_lio/cmake/fast_lioConfig.cmake
[0.914s] -- Up-to-date symlink: /home/orin-001/sda/agibotnav/install/fast_lio/share/fast_lio/cmake/fast_lioConfig-version.cmake
[0.914s] -- Up-to-date symlink: /home/orin-001/sda/agibotnav/install/fast_lio/share/fast_lio/package.xml
[0.914s] -- Up-to-date: /home/orin-001/sda/agibotnav/install/fast_lio/lib/libfast_lio__rosidl_generator_c.so
[0.915s] -- Up-to-date: /home/orin-001/sda/agibotnav/install/fast_lio/lib/libfast_lio__rosidl_typesupport_fastrtps_c.so
[0.915s] -- Up-to-date: /home/orin-001/sda/agibotnav/install/fast_lio/lib/libfast_lio__rosidl_typesupport_fastrtps_cpp.so
[0.916s] -- Up-to-date: /home/orin-001/sda/agibotnav/install/fast_lio/lib/libfast_lio__rosidl_typesupport_introspection_c.so
[0.916s] -- Up-to-date: /home/orin-001/sda/agibotnav/install/fast_lio/lib/libfast_lio__rosidl_typesupport_c.so
[0.916s] -- Up-to-date: /home/orin-001/sda/agibotnav/install/fast_lio/lib/libfast_lio__rosidl_typesupport_introspection_cpp.so
[0.917s] -- Up-to-date: /home/orin-001/sda/agibotnav/install/fast_lio/lib/libfast_lio__rosidl_typesupport_cpp.so
[0.984s] Listing '/home/orin-001/sda/agibotnav/install/fast_lio/local/lib/python3.10/dist-packages/fast_lio'...
[0.984s] Listing '/home/orin-001/sda/agibotnav/install/fast_lio/local/lib/python3.10/dist-packages/fast_lio/msg'...
[0.993s] -- Up-to-date: /home/orin-001/sda/agibotnav/install/fast_lio/lib/libfast_lio__rosidl_generator_py.so
[0.993s] -- Up-to-date: /home/orin-001/sda/agibotnav/install/fast_lio/share/fast_lio/cmake/export_fast_lio__rosidl_generator_cExport.cmake
[0.993s] -- Up-to-date: /home/orin-001/sda/agibotnav/install/fast_lio/share/fast_lio/cmake/export_fast_lio__rosidl_generator_cExport-release.cmake
[0.993s] -- Up-to-date: /home/orin-001/sda/agibotnav/install/fast_lio/share/fast_lio/cmake/export_fast_lio__rosidl_typesupport_fastrtps_cExport.cmake
[0.993s] -- Up-to-date: /home/orin-001/sda/agibotnav/install/fast_lio/share/fast_lio/cmake/export_fast_lio__rosidl_typesupport_fastrtps_cExport-release.cmake
[0.994s] -- Up-to-date: /home/orin-001/sda/agibotnav/install/fast_lio/share/fast_lio/cmake/export_fast_lio__rosidl_generator_cppExport.cmake
[0.994s] -- Up-to-date: /home/orin-001/sda/agibotnav/install/fast_lio/share/fast_lio/cmake/export_fast_lio__rosidl_typesupport_fastrtps_cppExport.cmake
[0.994s] -- Up-to-date: /home/orin-001/sda/agibotnav/install/fast_lio/share/fast_lio/cmake/export_fast_lio__rosidl_typesupport_fastrtps_cppExport-release.cmake
[0.994s] -- Up-to-date: /home/orin-001/sda/agibotnav/install/fast_lio/share/fast_lio/cmake/fast_lio__rosidl_typesupport_introspection_cExport.cmake
[0.994s] -- Up-to-date: /home/orin-001/sda/agibotnav/install/fast_lio/share/fast_lio/cmake/fast_lio__rosidl_typesupport_introspection_cExport-release.cmake
[0.994s] -- Up-to-date: /home/orin-001/sda/agibotnav/install/fast_lio/share/fast_lio/cmake/fast_lio__rosidl_typesupport_cExport.cmake
[0.995s] -- Up-to-date: /home/orin-001/sda/agibotnav/install/fast_lio/share/fast_lio/cmake/fast_lio__rosidl_typesupport_cExport-release.cmake
[0.995s] -- Up-to-date: /home/orin-001/sda/agibotnav/install/fast_lio/share/fast_lio/cmake/fast_lio__rosidl_typesupport_introspection_cppExport.cmake
[0.995s] -- Up-to-date: /home/orin-001/sda/agibotnav/install/fast_lio/share/fast_lio/cmake/fast_lio__rosidl_typesupport_introspection_cppExport-release.cmake
[0.995s] -- Up-to-date: /home/orin-001/sda/agibotnav/install/fast_lio/share/fast_lio/cmake/fast_lio__rosidl_typesupport_cppExport.cmake
[0.995s] -- Up-to-date: /home/orin-001/sda/agibotnav/install/fast_lio/share/fast_lio/cmake/fast_lio__rosidl_typesupport_cppExport-release.cmake
[0.995s] -- Up-to-date: /home/orin-001/sda/agibotnav/install/fast_lio/share/fast_lio/cmake/export_fast_lio__rosidl_generator_pyExport.cmake
[0.995s] -- Up-to-date: /home/orin-001/sda/agibotnav/install/fast_lio/share/fast_lio/cmake/export_fast_lio__rosidl_generator_pyExport-release.cmake
[1.001s] Invoked command in '/home/orin-001/sda/agibotnav/build/fast_lio' returned '0': CMAKE_PREFIX_PATH=${CMAKE_PREFIX_PATH}:/home/orin-001/sda/nav/src/install/nav2_simple_commander:/home/orin-001/sda/agibotnav/install/nav2_simple_commander:/home/orin-001/sda/agibotnav/install/fastlio2_nav:/opt/ros/humble /usr/bin/cmake --install /home/orin-001/sda/agibotnav/build/fast_lio
