[0.017s] Invoking command in '/home/orin-001/sda/agibotnav/build/fast_lio': CMAKE_PREFIX_PATH=${CMAKE_PREFIX_PATH}:/opt/ros/humble /usr/bin/cmake /home/orin-001/sda/agibotnav/src/FAST_LIO -DCMAKE_INSTALL_PREFIX=/home/orin-001/sda/agibotnav/install/fast_lio
[0.043s] [0mCurrent CPU archtecture: aarch64[0m
[0.049s] -- Found PythonLibs: /usr/lib/aarch64-linux-gnu/libpython3.10.so (found version "3.10.12") 
[0.049s] -- Found ament_cmake: 1.3.12 (/opt/ros/humble/share/ament_cmake/cmake)
[0.275s] -- Override CMake install command with custom implementation using symlinks instead of copying resources
[0.291s] -- Found rclcpp: 16.0.17 (/opt/ros/humble/share/rclcpp/cmake)
[0.352s] -- Found rosidl_generator_c: 3.1.8 (/opt/ros/humble/share/rosidl_generator_c/cmake)
[0.356s] -- Found rosidl_adapter: 3.1.8 (/opt/ros/humble/share/rosidl_adapter/cmake)
[0.366s] -- Found rosidl_generator_cpp: 3.1.8 (/opt/ros/humble/share/rosidl_generator_cpp/cmake)
[0.382s] -- Using all available rosidl_typesupport_c: rosidl_typesupport_fastrtps_c;rosidl_typesupport_introspection_c
[0.402s] -- Using all available rosidl_typesupport_cpp: rosidl_typesupport_fastrtps_cpp;rosidl_typesupport_introspection_cpp
[0.454s] -- Found rmw_implementation_cmake: 6.1.2 (/opt/ros/humble/share/rmw_implementation_cmake/cmake)
[0.455s] -- Found rmw_fastrtps_cpp: 6.2.9 (/opt/ros/humble/share/rmw_fastrtps_cpp/cmake)
[0.576s] -- Using RMW implementation 'rmw_fastrtps_cpp' as default
[0.657s] -- Found rclcpp_components: 16.0.17 (/opt/ros/humble/share/rclcpp_components/cmake)
[0.686s] -- Found geometry_msgs: 4.9.0 (/opt/ros/humble/share/geometry_msgs/cmake)
[0.705s] -- Found nav_msgs: 4.9.0 (/opt/ros/humble/share/nav_msgs/cmake)
[0.731s] -- Found sensor_msgs: 4.9.0 (/opt/ros/humble/share/sensor_msgs/cmake)
[0.758s] -- Found std_srvs: 4.9.0 (/opt/ros/humble/share/std_srvs/cmake)
[0.772s] -- Found visualization_msgs: 4.9.0 (/opt/ros/humble/share/visualization_msgs/cmake)
[0.802s] -- Found pcl_ros: 2.4.5 (/opt/ros/humble/share/pcl_ros/cmake)
[0.864s] -- Eigen found (include: /usr/include/eigen3, version: 3.4.0)
[0.916s] -- FLANN found (include: /usr/include, lib: /usr/lib/aarch64-linux-gnu/libflann_cpp.so)
[1.420s] -- OpenNI found (version: 1.5.4.0, include: /usr/include/ni, lib: /usr/lib/libOpenNI.so;libusb::libusb)
[1.430s] -- OpenNI2 found (version: 2.2.0.33, include: /usr/include/openni2, lib: /usr/lib/aarch64-linux-gnu/libOpenNI2.so;libusb::libusb)
[1.677s] -- Eigen found (include: /usr/include/eigen3, version: 3.4.0)
[1.689s] -- OpenNI found (version: 1.5.4.0, include: /usr/include/ni, lib: /usr/lib/libOpenNI.so;libusb::libusb)
[1.700s] -- OpenNI2 found (version: 2.2.0.33, include: /usr/include/openni2, lib: /usr/lib/aarch64-linux-gnu/libOpenNI2.so;libusb::libusb)
[1.956s] -- Found Qhull version 8.0.2
[2.220s] -- OpenNI found (version: 1.5.4.0, include: /usr/include/ni, lib: /usr/lib/libOpenNI.so;libusb::libusb)
[2.494s] -- Found eigen3_cmake_module: 0.1.1 (/opt/ros/humble/share/eigen3_cmake_module/cmake)
[2.496s] -- Ensuring Eigen3 include directory is part of orocos-kdl CMake target
[2.595s] -- Found livox_ros_driver2: 1.0.0 (/home/orin-001/sda/driver/install/livox_ros_driver2/share/livox_ros_driver2/cmake)
[2.627s] -- Found rosidl_default_generators: 1.2.0 (/opt/ros/humble/share/rosidl_default_generators/cmake)
[2.641s] [33mCMake Warning (dev) at CMakeLists.txt:81 (find_package):
[2.641s]   Policy CMP0074 is not set: find_package uses <PackageName>_ROOT variables.
[2.641s]   Run "cmake --help-policy CMP0074" for policy details.  Use the cmake_policy
[2.641s]   command to set the policy and suppress this warning.
[2.641s] 
[2.641s]   CMake variable PCL_ROOT is set to:
[2.641s] 
[2.641s]     /usr
[2.642s] 
[2.642s]   For compatibility, CMake is ignoring the variable.
[2.642s] This warning is for project developers.  Use -Wno-dev to suppress it.
[2.642s] [0m
[2.653s] [0mEigen:/usr/include/eigen3[0m
[2.654s] -- PCL: /usr/include/pcl-1.12
[3.122s] -- Found ament_cmake_ros: 0.10.0 (/opt/ros/humble/share/ament_cmake_ros/cmake)
[3.754s] -- Using all available rosidl_typesupport_c: rosidl_typesupport_fastrtps_c;rosidl_typesupport_introspection_c
[3.995s] -- Using all available rosidl_typesupport_cpp: rosidl_typesupport_fastrtps_cpp;rosidl_typesupport_introspection_cpp
[4.041s] -- Found python_cmake_module: 0.10.0 (/opt/ros/humble/share/python_cmake_module/cmake)
[4.089s] -- Found PythonLibs: /usr/lib/aarch64-linux-gnu/libpython3.10.so (found suitable version "3.10.12", minimum required is "3.5") 
[4.089s] -- Using PYTHON_EXECUTABLE: /usr/bin/python3
[4.089s] -- Using PYTHON_INCLUDE_DIRS: /usr/include/python3.10
[4.090s] -- Using PYTHON_LIBRARIES: /usr/lib/aarch64-linux-gnu/libpython3.10.so
[4.163s] -- Configuring done
[4.305s] -- Generating done
[4.348s] -- Build files have been written to: /home/orin-001/sda/agibotnav/build/fast_lio
[4.394s] Invoked command in '/home/orin-001/sda/agibotnav/build/fast_lio' returned '0': CMAKE_PREFIX_PATH=${CMAKE_PREFIX_PATH}:/opt/ros/humble /usr/bin/cmake /home/orin-001/sda/agibotnav/src/FAST_LIO -DCMAKE_INSTALL_PREFIX=/home/orin-001/sda/agibotnav/install/fast_lio
[4.399s] Invoking command in '/home/orin-001/sda/agibotnav/build/fast_lio': CMAKE_PREFIX_PATH=${CMAKE_PREFIX_PATH}:/opt/ros/humble /usr/bin/cmake --build /home/orin-001/sda/agibotnav/build/fast_lio -- -j8 -l8
[4.479s] [35m[1mConsolidate compiler generated dependencies of target fast_lio__rosidl_generator_c[0m
[4.496s] [  2%] Built target fast_lio__cpp
[4.497s] [ 11%] Built target fast_lio__rosidl_generator_c
[4.510s] [ 11%] Built target ament_cmake_python_symlink_fast_lio
[4.515s] [35m[1mConsolidate compiler generated dependencies of target fast_lio__rosidl_typesupport_cpp[0m
[4.515s] [35m[1mConsolidate compiler generated dependencies of target fast_lio__rosidl_typesupport_introspection_c[0m
[4.515s] [35m[1mConsolidate compiler generated dependencies of target fast_lio__rosidl_typesupport_fastrtps_cpp[0m
[4.517s] [35m[1mConsolidate compiler generated dependencies of target fast_lio__rosidl_typesupport_introspection_cpp[0m
[4.518s] [35m[1mConsolidate compiler generated dependencies of target fast_lio__rosidl_typesupport_fastrtps_c[0m
[4.522s] [35m[1mConsolidate compiler generated dependencies of target fast_lio__rosidl_typesupport_c[0m
[4.534s] [ 20%] Built target fast_lio__rosidl_typesupport_introspection_c
[4.536s] [ 37%] Built target fast_lio__rosidl_typesupport_fastrtps_cpp
[4.536s] [ 37%] Built target fast_lio__rosidl_typesupport_cpp
[4.538s] [ 54%] Built target fast_lio__rosidl_typesupport_introspection_cpp
[4.539s] [ 54%] Built target fast_lio__rosidl_typesupport_fastrtps_c
[4.539s] [ 62%] Built target fast_lio__rosidl_typesupport_c
[4.561s] [35m[1mConsolidate compiler generated dependencies of target fastlio_mapping[0m
[4.572s] [ 62%] Built target fast_lio
[4.607s] [ 65%] Built target fast_lio__py
[4.624s] [35m[1mConsolidate compiler generated dependencies of target fast_lio__rosidl_generator_py[0m
[4.624s] [ 68%] [32mBuilding CXX object CMakeFiles/fastlio_mapping.dir/src/preprocess.cpp.o[0m
[4.647s] [ 74%] Built target fast_lio__rosidl_generator_py
[4.664s] [35m[1mConsolidate compiler generated dependencies of target fast_lio__rosidl_typesupport_c__pyext[0m
[4.665s] [35m[1mConsolidate compiler generated dependencies of target fast_lio__rosidl_typesupport_introspection_c__pyext[0m
[4.665s] [35m[1mConsolidate compiler generated dependencies of target fast_lio__rosidl_typesupport_fastrtps_c__pyext[0m
[4.688s] [ 88%] Built target fast_lio__rosidl_typesupport_c__pyext
[4.688s] [ 88%] Built target fast_lio__rosidl_typesupport_introspection_c__pyext
[4.688s] [ 91%] Built target fast_lio__rosidl_typesupport_fastrtps_c__pyext
[4.969s] running egg_info
[4.970s] writing fast_lio.egg-info/PKG-INFO
[4.971s] writing dependency_links to fast_lio.egg-info/dependency_links.txt
[4.971s] writing top-level names to fast_lio.egg-info/top_level.txt
[4.978s] reading manifest file 'fast_lio.egg-info/SOURCES.txt'
[4.979s] writing manifest file 'fast_lio.egg-info/SOURCES.txt'
[5.038s] [ 91%] Built target ament_cmake_python_build_fast_lio_egg
[19.963s] [ 94%] [32m[1mLinking CXX executable fastlio_mapping[0m
[22.350s] [100%] Built target fastlio_mapping
[22.375s] Invoked command in '/home/orin-001/sda/agibotnav/build/fast_lio' returned '0': CMAKE_PREFIX_PATH=${CMAKE_PREFIX_PATH}:/opt/ros/humble /usr/bin/cmake --build /home/orin-001/sda/agibotnav/build/fast_lio -- -j8 -l8
[22.396s] Invoking command in '/home/orin-001/sda/agibotnav/build/fast_lio': CMAKE_PREFIX_PATH=${CMAKE_PREFIX_PATH}:/opt/ros/humble /usr/bin/cmake --install /home/orin-001/sda/agibotnav/build/fast_lio
[22.410s] -- Install configuration: "Release"
[22.411s] -- Execute custom install script
[22.411s] -- Up-to-date symlink: /home/orin-001/sda/agibotnav/install/fast_lio/share/ament_index/resource_index/rosidl_interfaces/fast_lio
[22.412s] -- Up-to-date symlink: /home/orin-001/sda/agibotnav/install/fast_lio/include/fast_lio/fast_lio/msg/detail/pose6_d__functions.h
[22.412s] -- Up-to-date symlink: /home/orin-001/sda/agibotnav/install/fast_lio/include/fast_lio/fast_lio/msg/detail/pose6_d__struct.h
[22.413s] -- Up-to-date symlink: /home/orin-001/sda/agibotnav/install/fast_lio/include/fast_lio/fast_lio/msg/detail/pose6_d__type_support.h
[22.413s] -- Up-to-date symlink: /home/orin-001/sda/agibotnav/install/fast_lio/include/fast_lio/fast_lio/msg/pose6_d.h
[22.413s] -- Up-to-date symlink: /home/orin-001/sda/agibotnav/install/fast_lio/include/fast_lio/fast_lio/msg/rosidl_generator_c__visibility_control.h
[22.413s] -- Up-to-date symlink: /home/orin-001/sda/agibotnav/install/fast_lio/share/fast_lio/environment/library_path.sh
[22.414s] -- Up-to-date symlink: /home/orin-001/sda/agibotnav/install/fast_lio/share/fast_lio/environment/library_path.dsv
[22.414s] -- Up-to-date symlink: /home/orin-001/sda/agibotnav/install/fast_lio/include/fast_lio/fast_lio/msg/detail/pose6_d__rosidl_typesupport_fastrtps_c.h
[22.415s] -- Up-to-date symlink: /home/orin-001/sda/agibotnav/install/fast_lio/include/fast_lio/fast_lio/msg/rosidl_typesupport_fastrtps_c__visibility_control.h
[22.415s] -- Up-to-date symlink: /home/orin-001/sda/agibotnav/install/fast_lio/include/fast_lio/fast_lio/msg/detail/pose6_d__builder.hpp
[22.415s] -- Up-to-date symlink: /home/orin-001/sda/agibotnav/install/fast_lio/include/fast_lio/fast_lio/msg/detail/pose6_d__struct.hpp
[22.416s] -- Up-to-date symlink: /home/orin-001/sda/agibotnav/install/fast_lio/include/fast_lio/fast_lio/msg/detail/pose6_d__traits.hpp
[22.416s] -- Up-to-date symlink: /home/orin-001/sda/agibotnav/install/fast_lio/include/fast_lio/fast_lio/msg/detail/pose6_d__type_support.hpp
[22.416s] -- Up-to-date symlink: /home/orin-001/sda/agibotnav/install/fast_lio/include/fast_lio/fast_lio/msg/pose6_d.hpp
[22.416s] -- Up-to-date symlink: /home/orin-001/sda/agibotnav/install/fast_lio/include/fast_lio/fast_lio/msg/rosidl_generator_cpp__visibility_control.hpp
[22.417s] -- Up-to-date symlink: /home/orin-001/sda/agibotnav/install/fast_lio/include/fast_lio/fast_lio/msg/detail/pose6_d__rosidl_typesupport_fastrtps_cpp.hpp
[22.417s] -- Up-to-date symlink: /home/orin-001/sda/agibotnav/install/fast_lio/include/fast_lio/fast_lio/msg/rosidl_typesupport_fastrtps_cpp__visibility_control.h
[22.418s] -- Up-to-date symlink: /home/orin-001/sda/agibotnav/install/fast_lio/include/fast_lio/fast_lio/msg/detail/pose6_d__rosidl_typesupport_introspection_c.h
[22.418s] -- Up-to-date symlink: /home/orin-001/sda/agibotnav/install/fast_lio/include/fast_lio/fast_lio/msg/rosidl_typesupport_introspection_c__visibility_control.h
[22.419s] -- Up-to-date symlink: /home/orin-001/sda/agibotnav/install/fast_lio/include/fast_lio/fast_lio/msg/detail/pose6_d__rosidl_typesupport_introspection_cpp.hpp
[22.419s] -- Up-to-date symlink: /home/orin-001/sda/agibotnav/install/fast_lio/share/fast_lio/environment/pythonpath.sh
[22.419s] -- Up-to-date symlink: /home/orin-001/sda/agibotnav/install/fast_lio/share/fast_lio/environment/pythonpath.dsv
[22.420s] -- Up-to-date symlink: /home/orin-001/sda/agibotnav/install/fast_lio/local/lib/python3.10/dist-packages/fast_lio-0.0.0-py3.10.egg-info/PKG-INFO
[22.420s] -- Up-to-date symlink: /home/orin-001/sda/agibotnav/install/fast_lio/local/lib/python3.10/dist-packages/fast_lio-0.0.0-py3.10.egg-info/SOURCES.txt
[22.420s] -- Up-to-date symlink: /home/orin-001/sda/agibotnav/install/fast_lio/local/lib/python3.10/dist-packages/fast_lio-0.0.0-py3.10.egg-info/dependency_links.txt
[22.420s] -- Up-to-date symlink: /home/orin-001/sda/agibotnav/install/fast_lio/local/lib/python3.10/dist-packages/fast_lio-0.0.0-py3.10.egg-info/top_level.txt
[22.421s] -- Up-to-date symlink: /home/orin-001/sda/agibotnav/install/fast_lio/local/lib/python3.10/dist-packages/fast_lio/__init__.py
[22.422s] -- Up-to-date symlink: /home/orin-001/sda/agibotnav/install/fast_lio/local/lib/python3.10/dist-packages/fast_lio/_fast_lio_s.ep.rosidl_typesupport_c.c
[22.422s] -- Up-to-date symlink: /home/orin-001/sda/agibotnav/install/fast_lio/local/lib/python3.10/dist-packages/fast_lio/_fast_lio_s.ep.rosidl_typesupport_fastrtps_c.c
[22.422s] -- Up-to-date symlink: /home/orin-001/sda/agibotnav/install/fast_lio/local/lib/python3.10/dist-packages/fast_lio/_fast_lio_s.ep.rosidl_typesupport_introspection_c.c
[22.422s] -- Up-to-date symlink: /home/orin-001/sda/agibotnav/install/fast_lio/local/lib/python3.10/dist-packages/fast_lio/fast_lio_s__rosidl_typesupport_c.cpython-310-aarch64-linux-gnu.so
[22.422s] -- Up-to-date symlink: /home/orin-001/sda/agibotnav/install/fast_lio/local/lib/python3.10/dist-packages/fast_lio/fast_lio_s__rosidl_typesupport_fastrtps_c.cpython-310-aarch64-linux-gnu.so
[22.423s] -- Up-to-date symlink: /home/orin-001/sda/agibotnav/install/fast_lio/local/lib/python3.10/dist-packages/fast_lio/fast_lio_s__rosidl_typesupport_introspection_c.cpython-310-aarch64-linux-gnu.so
[22.423s] -- Up-to-date symlink: /home/orin-001/sda/agibotnav/install/fast_lio/local/lib/python3.10/dist-packages/fast_lio/libfast_lio__rosidl_generator_py.so
[22.423s] -- Up-to-date symlink: /home/orin-001/sda/agibotnav/install/fast_lio/local/lib/python3.10/dist-packages/fast_lio/msg/__init__.py
[22.423s] -- Up-to-date symlink: /home/orin-001/sda/agibotnav/install/fast_lio/local/lib/python3.10/dist-packages/fast_lio/msg/_pose6_d.py
[22.423s] -- Up-to-date symlink: /home/orin-001/sda/agibotnav/install/fast_lio/local/lib/python3.10/dist-packages/fast_lio/msg/_pose6_d_s.c
[22.424s] -- Up-to-date symlink: /home/orin-001/sda/agibotnav/install/fast_lio/local/lib/python3.10/dist-packages/fast_lio/fast_lio_s__rosidl_typesupport_fastrtps_c.cpython-310-aarch64-linux-gnu.so
[22.424s] -- Up-to-date symlink: /home/orin-001/sda/agibotnav/install/fast_lio/local/lib/python3.10/dist-packages/fast_lio/fast_lio_s__rosidl_typesupport_introspection_c.cpython-310-aarch64-linux-gnu.so
[22.424s] -- Up-to-date symlink: /home/orin-001/sda/agibotnav/install/fast_lio/local/lib/python3.10/dist-packages/fast_lio/fast_lio_s__rosidl_typesupport_c.cpython-310-aarch64-linux-gnu.so
[22.425s] -- Up-to-date symlink: /home/orin-001/sda/agibotnav/install/fast_lio/share/fast_lio/msg/Pose6D.idl
[22.425s] -- Up-to-date symlink: /home/orin-001/sda/agibotnav/install/fast_lio/share/fast_lio/msg/Pose6D.msg
[22.425s] -- Up-to-date symlink: /home/orin-001/sda/agibotnav/install/fast_lio/lib/fast_lio/fastlio_mapping
[22.426s] -- Up-to-date symlink: /home/orin-001/sda/agibotnav/install/fast_lio/share/fast_lio/config/avia.yaml
[22.426s] -- Up-to-date symlink: /home/orin-001/sda/agibotnav/install/fast_lio/share/fast_lio/config/horizon.yaml
[22.426s] -- Up-to-date symlink: /home/orin-001/sda/agibotnav/install/fast_lio/share/fast_lio/config/mid360.yaml
[22.427s] -- Up-to-date symlink: /home/orin-001/sda/agibotnav/install/fast_lio/share/fast_lio/config/ouster64.yaml
[22.427s] -- Up-to-date symlink: /home/orin-001/sda/agibotnav/install/fast_lio/share/fast_lio/config/velodyne.yaml
[22.427s] -- Up-to-date symlink: /home/orin-001/sda/agibotnav/install/fast_lio/share/fast_lio/launch/gdb_debug_example.launch
[22.427s] -- Up-to-date symlink: /home/orin-001/sda/agibotnav/install/fast_lio/share/fast_lio/launch/mapping.launch.py
[22.427s] -- Up-to-date symlink: /home/orin-001/sda/agibotnav/install/fast_lio/share/fast_lio/rviz/fastlio.rviz
[22.428s] -- Up-to-date symlink: /home/orin-001/sda/agibotnav/install/fast_lio/share/ament_index/resource_index/package_run_dependencies/fast_lio
[22.428s] -- Up-to-date symlink: /home/orin-001/sda/agibotnav/install/fast_lio/share/ament_index/resource_index/parent_prefix_path/fast_lio
[22.428s] -- Up-to-date symlink: /home/orin-001/sda/agibotnav/install/fast_lio/share/fast_lio/environment/ament_prefix_path.sh
[22.429s] -- Up-to-date symlink: /home/orin-001/sda/agibotnav/install/fast_lio/share/fast_lio/environment/ament_prefix_path.dsv
[22.429s] -- Up-to-date symlink: /home/orin-001/sda/agibotnav/install/fast_lio/share/fast_lio/environment/path.sh
[22.429s] -- Up-to-date symlink: /home/orin-001/sda/agibotnav/install/fast_lio/share/fast_lio/environment/path.dsv
[22.430s] -- Up-to-date symlink: /home/orin-001/sda/agibotnav/install/fast_lio/share/fast_lio/local_setup.bash
[22.430s] -- Up-to-date symlink: /home/orin-001/sda/agibotnav/install/fast_lio/share/fast_lio/local_setup.sh
[22.430s] -- Up-to-date symlink: /home/orin-001/sda/agibotnav/install/fast_lio/share/fast_lio/local_setup.zsh
[22.430s] -- Up-to-date symlink: /home/orin-001/sda/agibotnav/install/fast_lio/share/fast_lio/local_setup.dsv
[22.430s] -- Symlinking: /home/orin-001/sda/agibotnav/install/fast_lio/share/fast_lio/package.dsv
[22.447s] -- Up-to-date symlink: /home/orin-001/sda/agibotnav/install/fast_lio/share/ament_index/resource_index/packages/fast_lio
[22.447s] -- Up-to-date symlink: /home/orin-001/sda/agibotnav/install/fast_lio/share/fast_lio/cmake/rosidl_cmake-extras.cmake
[22.447s] -- Up-to-date symlink: /home/orin-001/sda/agibotnav/install/fast_lio/share/fast_lio/cmake/ament_cmake_export_include_directories-extras.cmake
[22.447s] -- Up-to-date symlink: /home/orin-001/sda/agibotnav/install/fast_lio/share/fast_lio/cmake/ament_cmake_export_libraries-extras.cmake
[22.448s] -- Up-to-date symlink: /home/orin-001/sda/agibotnav/install/fast_lio/share/fast_lio/cmake/ament_cmake_export_targets-extras.cmake
[22.448s] -- Up-to-date symlink: /home/orin-001/sda/agibotnav/install/fast_lio/share/fast_lio/cmake/rosidl_cmake_export_typesupport_targets-extras.cmake
[22.448s] -- Up-to-date symlink: /home/orin-001/sda/agibotnav/install/fast_lio/share/fast_lio/cmake/ament_cmake_export_dependencies-extras.cmake
[22.448s] -- Up-to-date symlink: /home/orin-001/sda/agibotnav/install/fast_lio/share/fast_lio/cmake/rosidl_cmake_export_typesupport_libraries-extras.cmake
[22.448s] -- Up-to-date symlink: /home/orin-001/sda/agibotnav/install/fast_lio/share/fast_lio/cmake/fast_lioConfig.cmake
[22.449s] -- Up-to-date symlink: /home/orin-001/sda/agibotnav/install/fast_lio/share/fast_lio/cmake/fast_lioConfig-version.cmake
[22.449s] -- Up-to-date symlink: /home/orin-001/sda/agibotnav/install/fast_lio/share/fast_lio/package.xml
[22.449s] -- Up-to-date: /home/orin-001/sda/agibotnav/install/fast_lio/lib/libfast_lio__rosidl_generator_c.so
[22.450s] -- Up-to-date: /home/orin-001/sda/agibotnav/install/fast_lio/lib/libfast_lio__rosidl_typesupport_fastrtps_c.so
[22.450s] -- Up-to-date: /home/orin-001/sda/agibotnav/install/fast_lio/lib/libfast_lio__rosidl_typesupport_fastrtps_cpp.so
[22.450s] -- Up-to-date: /home/orin-001/sda/agibotnav/install/fast_lio/lib/libfast_lio__rosidl_typesupport_introspection_c.so
[22.451s] -- Up-to-date: /home/orin-001/sda/agibotnav/install/fast_lio/lib/libfast_lio__rosidl_typesupport_c.so
[22.451s] -- Up-to-date: /home/orin-001/sda/agibotnav/install/fast_lio/lib/libfast_lio__rosidl_typesupport_introspection_cpp.so
[22.451s] -- Up-to-date: /home/orin-001/sda/agibotnav/install/fast_lio/lib/libfast_lio__rosidl_typesupport_cpp.so
[22.519s] Listing '/home/orin-001/sda/agibotnav/install/fast_lio/local/lib/python3.10/dist-packages/fast_lio'...
[22.519s] Compiling '/home/orin-001/sda/agibotnav/install/fast_lio/local/lib/python3.10/dist-packages/fast_lio/__init__.py'...
[22.519s] Listing '/home/orin-001/sda/agibotnav/install/fast_lio/local/lib/python3.10/dist-packages/fast_lio/msg'...
[22.530s] -- Up-to-date: /home/orin-001/sda/agibotnav/install/fast_lio/lib/libfast_lio__rosidl_generator_py.so
[22.530s] -- Up-to-date: /home/orin-001/sda/agibotnav/install/fast_lio/share/fast_lio/cmake/export_fast_lio__rosidl_generator_cExport.cmake
[22.530s] -- Up-to-date: /home/orin-001/sda/agibotnav/install/fast_lio/share/fast_lio/cmake/export_fast_lio__rosidl_generator_cExport-release.cmake
[22.530s] -- Up-to-date: /home/orin-001/sda/agibotnav/install/fast_lio/share/fast_lio/cmake/export_fast_lio__rosidl_typesupport_fastrtps_cExport.cmake
[22.530s] -- Up-to-date: /home/orin-001/sda/agibotnav/install/fast_lio/share/fast_lio/cmake/export_fast_lio__rosidl_typesupport_fastrtps_cExport-release.cmake
[22.531s] -- Up-to-date: /home/orin-001/sda/agibotnav/install/fast_lio/share/fast_lio/cmake/export_fast_lio__rosidl_generator_cppExport.cmake
[22.531s] -- Up-to-date: /home/orin-001/sda/agibotnav/install/fast_lio/share/fast_lio/cmake/export_fast_lio__rosidl_typesupport_fastrtps_cppExport.cmake
[22.531s] -- Up-to-date: /home/orin-001/sda/agibotnav/install/fast_lio/share/fast_lio/cmake/export_fast_lio__rosidl_typesupport_fastrtps_cppExport-release.cmake
[22.531s] -- Up-to-date: /home/orin-001/sda/agibotnav/install/fast_lio/share/fast_lio/cmake/fast_lio__rosidl_typesupport_introspection_cExport.cmake
[22.531s] -- Up-to-date: /home/orin-001/sda/agibotnav/install/fast_lio/share/fast_lio/cmake/fast_lio__rosidl_typesupport_introspection_cExport-release.cmake
[22.532s] -- Up-to-date: /home/orin-001/sda/agibotnav/install/fast_lio/share/fast_lio/cmake/fast_lio__rosidl_typesupport_cExport.cmake
[22.532s] -- Up-to-date: /home/orin-001/sda/agibotnav/install/fast_lio/share/fast_lio/cmake/fast_lio__rosidl_typesupport_cExport-release.cmake
[22.532s] -- Up-to-date: /home/orin-001/sda/agibotnav/install/fast_lio/share/fast_lio/cmake/fast_lio__rosidl_typesupport_introspection_cppExport.cmake
[22.532s] -- Up-to-date: /home/orin-001/sda/agibotnav/install/fast_lio/share/fast_lio/cmake/fast_lio__rosidl_typesupport_introspection_cppExport-release.cmake
[22.532s] -- Up-to-date: /home/orin-001/sda/agibotnav/install/fast_lio/share/fast_lio/cmake/fast_lio__rosidl_typesupport_cppExport.cmake
[22.532s] -- Up-to-date: /home/orin-001/sda/agibotnav/install/fast_lio/share/fast_lio/cmake/fast_lio__rosidl_typesupport_cppExport-release.cmake
[22.533s] -- Up-to-date: /home/orin-001/sda/agibotnav/install/fast_lio/share/fast_lio/cmake/export_fast_lio__rosidl_generator_pyExport.cmake
[22.533s] -- Up-to-date: /home/orin-001/sda/agibotnav/install/fast_lio/share/fast_lio/cmake/export_fast_lio__rosidl_generator_pyExport-release.cmake
[22.537s] Invoked command in '/home/orin-001/sda/agibotnav/build/fast_lio' returned '0': CMAKE_PREFIX_PATH=${CMAKE_PREFIX_PATH}:/opt/ros/humble /usr/bin/cmake --install /home/orin-001/sda/agibotnav/build/fast_lio
