[1.921s] Invoking command in '/home/orin-001/sda/agibotnav/src/fastlio2_nav': PYTHONPATH=/home/orin-001/sda/agibotnav/build/fastlio2_nav/prefix_override:/usr/lib/python3/dist-packages/colcon_core/task/python/colcon_distutils_commands:/home/orin-001/sda/agibotnav/install/fastlio2_nav/lib/python3.10/site-packages:${PYTHONPATH} /usr/bin/python3 -W ignore:setup.py install is deprecated -W ignore:easy_install command is deprecated setup.py egg_info --egg-base ../../build/fastlio2_nav build --build-base /home/orin-001/sda/agibotnav/build/fastlio2_nav/build install --record /home/orin-001/sda/agibotnav/build/fastlio2_nav/install.log --single-version-externally-managed install_data
[2.421s] running egg_info
[2.422s] writing ../../build/fastlio2_nav/fastlio2_nav.egg-info/PKG-INFO
[2.423s] writing dependency_links to ../../build/fastlio2_nav/fastlio2_nav.egg-info/dependency_links.txt
[2.424s] writing entry points to ../../build/fastlio2_nav/fastlio2_nav.egg-info/entry_points.txt
[2.424s] writing requirements to ../../build/fastlio2_nav/fastlio2_nav.egg-info/requires.txt
[2.424s] writing top-level names to ../../build/fastlio2_nav/fastlio2_nav.egg-info/top_level.txt
[2.433s] reading manifest file '../../build/fastlio2_nav/fastlio2_nav.egg-info/SOURCES.txt'
[2.434s] writing manifest file '../../build/fastlio2_nav/fastlio2_nav.egg-info/SOURCES.txt'
[2.435s] running build
[2.435s] running build_py
[2.435s] running install
[2.436s] running install_lib
[2.438s] running install_data
[2.439s] running install_egg_info
[2.443s] removing '/home/orin-001/sda/agibotnav/install/fastlio2_nav/lib/python3.10/site-packages/fastlio2_nav-0.0.0-py3.10.egg-info' (and everything under it)
[2.444s] Copying ../../build/fastlio2_nav/fastlio2_nav.egg-info to /home/orin-001/sda/agibotnav/install/fastlio2_nav/lib/python3.10/site-packages/fastlio2_nav-0.0.0-py3.10.egg-info
[2.446s] running install_scripts
[2.484s] writing list of installed files to '/home/orin-001/sda/agibotnav/build/fastlio2_nav/install.log'
[2.541s] Invoked command in '/home/orin-001/sda/agibotnav/src/fastlio2_nav' returned '0': PYTHONPATH=/home/orin-001/sda/agibotnav/build/fastlio2_nav/prefix_override:/usr/lib/python3/dist-packages/colcon_core/task/python/colcon_distutils_commands:/home/orin-001/sda/agibotnav/install/fastlio2_nav/lib/python3.10/site-packages:${PYTHONPATH} /usr/bin/python3 -W ignore:setup.py install is deprecated -W ignore:easy_install command is deprecated setup.py egg_info --egg-base ../../build/fastlio2_nav build --build-base /home/orin-001/sda/agibotnav/build/fastlio2_nav/build install --record /home/orin-001/sda/agibotnav/build/fastlio2_nav/install.log --single-version-externally-managed install_data
