[0.054s] Invoking command in '/home/orin-001/sda/agibotnav/build/fast_lio': CMAKE_PREFIX_PATH=${CMAKE_PREFIX_PATH}:/home/orin-001/sda/nav/src/install/nav2_simple_commander:/home/orin-001/sda/agibotnav/install/nav2_simple_commander:/home/orin-001/sda/agibotnav/install/fastlio2_nav:/opt/ros/humble /usr/bin/cmake --build /home/orin-001/sda/agibotnav/build/fast_lio -- -j8 -l8
[0.616s] [  2%] Built target fast_lio__cpp
[0.616s] [ 11%] Built target fast_lio__rosidl_generator_c
[0.617s] [ 11%] Built target ament_cmake_python_symlink_fast_lio
[0.618s] [ 22%] Built target fast_lio__rosidl_typesupport_fastrtps_c
[0.618s] [ 28%] Built target fast_lio__rosidl_typesupport_introspection_cpp
[0.618s] [ 37%] Built target fast_lio__rosidl_typesupport_c
[0.618s] [ 45%] Built target fast_lio__rosidl_typesupport_introspection_c
[0.618s] [ 62%] Built target fast_lio__rosidl_typesupport_fastrtps_cpp
[0.618s] [ 62%] Built target fast_lio__rosidl_typesupport_cpp
[0.618s] [35m[1mConsolidate compiler generated dependencies of target fastlio_mapping[0m
[0.618s] [ 62%] Built target fast_lio
[0.618s] [ 65%] Built target fast_lio__py
[0.619s] [ 68%] [32mBuilding CXX object CMakeFiles/fastlio_mapping.dir/src/laserMapping.cpp.o[0m
[0.619s] [ 74%] Built target fast_lio__rosidl_generator_py
[0.619s] [ 88%] Built target fast_lio__rosidl_typesupport_introspection_c__pyext
[0.620s] [ 88%] Built target fast_lio__rosidl_typesupport_c__pyext
[0.621s] [ 91%] Built target fast_lio__rosidl_typesupport_fastrtps_c__pyext
[0.730s] running egg_info
[0.732s] writing fast_lio.egg-info/PKG-INFO
[0.732s] writing dependency_links to fast_lio.egg-info/dependency_links.txt
[0.732s] writing top-level names to fast_lio.egg-info/top_level.txt
[0.741s] reading manifest file 'fast_lio.egg-info/SOURCES.txt'
[0.743s] writing manifest file 'fast_lio.egg-info/SOURCES.txt'
[0.816s] [ 91%] Built target ament_cmake_python_build_fast_lio_egg
[1.608s] gmake[2]: *** [CMakeFiles/fastlio_mapping.dir/build.make:76: CMakeFiles/fastlio_mapping.dir/src/laserMapping.cpp.o] Interrupt
[1.608s] gmake[1]: *** [CMakeFiles/Makefile2:593: CMakeFiles/fastlio_mapping.dir/all] Interrupt
[1.608s] gmake: *** [Makefile:146: all] Interrupt
[1.619s] Invoked command in '/home/orin-001/sda/agibotnav/build/fast_lio' returned '-2': CMAKE_PREFIX_PATH=${CMAKE_PREFIX_PATH}:/home/orin-001/sda/nav/src/install/nav2_simple_commander:/home/orin-001/sda/agibotnav/install/nav2_simple_commander:/home/orin-001/sda/agibotnav/install/fastlio2_nav:/opt/ros/humble /usr/bin/cmake --build /home/orin-001/sda/agibotnav/build/fast_lio -- -j8 -l8
