[0.026s] Invoking command in '/home/orin-001/sda/agibotnav/build/nav_2d_msgs': CMAKE_PREFIX_PATH=${CMAKE_PREFIX_PATH}:/opt/ros/humble /usr/bin/cmake /home/orin-001/sda/agibotnav/src/navigation2/nav2_dwb_controller/nav_2d_msgs -DCMAKE_INSTALL_PREFIX=/home/orin-001/sda/agibotnav/install/nav_2d_msgs
[0.113s] -- The C compiler identification is GNU 11.4.0
[0.205s] -- The CXX compiler identification is GNU 11.4.0
[0.217s] -- Detecting C compiler ABI info
[0.338s] -- Detecting C compiler ABI info - done
[0.356s] -- Check for working C compiler: /usr/bin/cc - skipped
[0.357s] -- Detecting C compile features
[0.357s] -- Detecting C compile features - done
[0.364s] -- Detecting CXX compiler ABI info
[0.496s] -- Detecting CXX compiler ABI info - done
[0.522s] -- Check for working CXX compiler: /usr/bin/c++ - skipped
[0.523s] -- Detecting CXX compile features
[0.524s] -- Detecting CXX compile features - done
[0.532s] -- Found geometry_msgs: 4.9.0 (/opt/ros/humble/share/geometry_msgs/cmake)
[0.812s] -- Found Python3: /usr/bin/python3 (found version "3.10.12") found components: Interpreter 
[1.035s] -- Found rosidl_generator_c: 3.1.8 (/opt/ros/humble/share/rosidl_generator_c/cmake)
[1.043s] -- Found rosidl_adapter: 3.1.8 (/opt/ros/humble/share/rosidl_adapter/cmake)
[1.057s] -- Found rosidl_generator_cpp: 3.1.8 (/opt/ros/humble/share/rosidl_generator_cpp/cmake)
[1.077s] -- Using all available rosidl_typesupport_c: rosidl_typesupport_fastrtps_c;rosidl_typesupport_introspection_c
[1.103s] -- Using all available rosidl_typesupport_cpp: rosidl_typesupport_fastrtps_cpp;rosidl_typesupport_introspection_cpp
[1.169s] -- Found rosidl_default_generators: 1.2.0 (/opt/ros/humble/share/rosidl_default_generators/cmake)
[1.761s] -- Found ament_cmake_ros: 0.10.0 (/opt/ros/humble/share/ament_cmake_ros/cmake)
[2.533s] -- Using all available rosidl_typesupport_c: rosidl_typesupport_fastrtps_c;rosidl_typesupport_introspection_c
[2.826s] -- Using all available rosidl_typesupport_cpp: rosidl_typesupport_fastrtps_cpp;rosidl_typesupport_introspection_cpp
[2.866s] -- Found PythonInterp: /usr/bin/python3 (found suitable version "3.10.12", minimum required is "3.6") 
[2.869s] -- Found python_cmake_module: 0.10.0 (/opt/ros/humble/share/python_cmake_module/cmake)
[2.915s] -- Found PythonLibs: /usr/lib/aarch64-linux-gnu/libpython3.10.so (found suitable version "3.10.12", minimum required is "3.5") 
[2.915s] -- Using PYTHON_EXECUTABLE: /usr/bin/python3
[2.915s] -- Using PYTHON_INCLUDE_DIRS: /usr/include/python3.10
[2.915s] -- Using PYTHON_LIBRARIES: /usr/lib/aarch64-linux-gnu/libpython3.10.so
[2.955s] -- Found PythonExtra: .so  
[3.080s] -- Configuring done
[3.155s] -- Generating done
[3.176s] -- Build files have been written to: /home/orin-001/sda/agibotnav/build/nav_2d_msgs
[3.198s] Invoked command in '/home/orin-001/sda/agibotnav/build/nav_2d_msgs' returned '0': CMAKE_PREFIX_PATH=${CMAKE_PREFIX_PATH}:/opt/ros/humble /usr/bin/cmake /home/orin-001/sda/agibotnav/src/navigation2/nav2_dwb_controller/nav_2d_msgs -DCMAKE_INSTALL_PREFIX=/home/orin-001/sda/agibotnav/install/nav_2d_msgs
[3.200s] Invoking command in '/home/orin-001/sda/agibotnav/build/nav_2d_msgs': CMAKE_PREFIX_PATH=${CMAKE_PREFIX_PATH}:/opt/ros/humble /usr/bin/cmake --build /home/orin-001/sda/agibotnav/build/nav_2d_msgs -- -j8 -l8
[3.271s] [  1%] [34m[1mGenerating C code for ROS interfaces[0m
[3.288s] [  2%] [34m[1mGenerating C++ code for ROS interfaces[0m
[3.303s] [  2%] Built target ament_cmake_python_copy_nav_2d_msgs
[3.762s] running egg_info
[3.764s] creating nav_2d_msgs.egg-info
[3.764s] writing nav_2d_msgs.egg-info/PKG-INFO
[3.764s] writing dependency_links to nav_2d_msgs.egg-info/dependency_links.txt
[3.765s] writing top-level names to nav_2d_msgs.egg-info/top_level.txt
[3.768s] writing manifest file 'nav_2d_msgs.egg-info/SOURCES.txt'
[3.771s] reading manifest file 'nav_2d_msgs.egg-info/SOURCES.txt'
[3.772s] writing manifest file 'nav_2d_msgs.egg-info/SOURCES.txt'
[3.841s] [  2%] Built target ament_cmake_python_build_nav_2d_msgs_egg
[4.300s] [  2%] Built target nav_2d_msgs__cpp
[4.320s] [  5%] [34m[1mGenerating C++ introspection for ROS interfaces[0m
[4.320s] [  5%] [34m[1mGenerating C++ type support dispatch for ROS interfaces[0m
[4.324s] [  7%] [34m[1mGenerating C++ type support for eProsima Fast-RTPS[0m
[4.342s] [  8%] [32mBuilding C object CMakeFiles/nav_2d_msgs__rosidl_generator_c.dir/rosidl_generator_c/nav_2d_msgs/msg/detail/pose2_d32__functions.c.o[0m
[4.351s] [  9%] [32mBuilding C object CMakeFiles/nav_2d_msgs__rosidl_generator_c.dir/rosidl_generator_c/nav_2d_msgs/msg/detail/path2_d__functions.c.o[0m
[4.363s] [ 11%] [32mBuilding C object CMakeFiles/nav_2d_msgs__rosidl_generator_c.dir/rosidl_generator_c/nav_2d_msgs/msg/detail/pose2_d_stamped__functions.c.o[0m
[4.372s] [ 12%] [32mBuilding C object CMakeFiles/nav_2d_msgs__rosidl_generator_c.dir/rosidl_generator_c/nav_2d_msgs/msg/detail/twist2_d__functions.c.o[0m
[4.458s] [ 14%] [32mBuilding C object CMakeFiles/nav_2d_msgs__rosidl_generator_c.dir/rosidl_generator_c/nav_2d_msgs/msg/detail/twist2_d32__functions.c.o[0m
[4.518s] [ 15%] [32mBuilding C object CMakeFiles/nav_2d_msgs__rosidl_generator_c.dir/rosidl_generator_c/nav_2d_msgs/msg/detail/twist2_d_stamped__functions.c.o[0m
[4.656s] [ 16%] [32m[1mLinking C shared library libnav_2d_msgs__rosidl_generator_c.so[0m
[4.722s] [ 16%] Built target nav_2d_msgs__rosidl_generator_c
[4.747s] [ 18%] [34m[1mGenerating C type support for eProsima Fast-RTPS[0m
[4.770s] [ 19%] [34m[1mGenerating C introspection for ROS interfaces[0m
[4.794s] [ 21%] [34m[1mGenerating C type support dispatch for ROS interfaces[0m
[5.229s] [ 22%] [32mBuilding CXX object CMakeFiles/nav_2d_msgs__rosidl_typesupport_cpp.dir/rosidl_typesupport_cpp/nav_2d_msgs/msg/path2_d__type_support.cpp.o[0m
[5.267s] [ 23%] [32mBuilding CXX object CMakeFiles/nav_2d_msgs__rosidl_typesupport_cpp.dir/rosidl_typesupport_cpp/nav_2d_msgs/msg/pose2_d32__type_support.cpp.o[0m
[5.271s] [ 25%] [32mBuilding CXX object CMakeFiles/nav_2d_msgs__rosidl_typesupport_introspection_cpp.dir/rosidl_typesupport_introspection_cpp/nav_2d_msgs/msg/detail/path2_d__type_support.cpp.o[0m
[5.360s] [ 26%] [32mBuilding CXX object CMakeFiles/nav_2d_msgs__rosidl_typesupport_cpp.dir/rosidl_typesupport_cpp/nav_2d_msgs/msg/pose2_d_stamped__type_support.cpp.o[0m
[5.482s] [ 28%] [32mBuilding CXX object CMakeFiles/nav_2d_msgs__rosidl_typesupport_fastrtps_cpp.dir/rosidl_typesupport_fastrtps_cpp/nav_2d_msgs/msg/detail/dds_fastrtps/path2_d__type_support.cpp.o[0m
[5.935s] [ 29%] [32mBuilding CXX object CMakeFiles/nav_2d_msgs__rosidl_typesupport_c.dir/rosidl_typesupport_c/nav_2d_msgs/msg/path2_d__type_support.cpp.o[0m
[6.038s] [ 30%] [32mBuilding CXX object CMakeFiles/nav_2d_msgs__rosidl_typesupport_cpp.dir/rosidl_typesupport_cpp/nav_2d_msgs/msg/twist2_d__type_support.cpp.o[0m
[6.053s] [ 32%] [32mBuilding CXX object CMakeFiles/nav_2d_msgs__rosidl_typesupport_c.dir/rosidl_typesupport_c/nav_2d_msgs/msg/pose2_d32__type_support.cpp.o[0m
[6.054s] [ 33%] [32mBuilding CXX object CMakeFiles/nav_2d_msgs__rosidl_typesupport_fastrtps_c.dir/rosidl_typesupport_fastrtps_c/nav_2d_msgs/msg/detail/path2_d__type_support_c.cpp.o[0m
[6.101s] [ 35%] [32mBuilding CXX object CMakeFiles/nav_2d_msgs__rosidl_typesupport_cpp.dir/rosidl_typesupport_cpp/nav_2d_msgs/msg/twist2_d32__type_support.cpp.o[0m
[6.125s] [ 36%] [32mBuilding CXX object CMakeFiles/nav_2d_msgs__rosidl_typesupport_c.dir/rosidl_typesupport_c/nav_2d_msgs/msg/pose2_d_stamped__type_support.cpp.o[0m
[6.257s] [ 38%] [32mBuilding CXX object CMakeFiles/nav_2d_msgs__rosidl_typesupport_c.dir/rosidl_typesupport_c/nav_2d_msgs/msg/twist2_d__type_support.cpp.o[0m
[6.322s] [ 39%] [32mBuilding CXX object CMakeFiles/nav_2d_msgs__rosidl_typesupport_c.dir/rosidl_typesupport_c/nav_2d_msgs/msg/twist2_d32__type_support.cpp.o[0m
[6.331s] [ 40%] [32mBuilding C object CMakeFiles/nav_2d_msgs__rosidl_typesupport_introspection_c.dir/rosidl_typesupport_introspection_c/nav_2d_msgs/msg/detail/path2_d__type_support.c.o[0m
[6.394s] [ 42%] [32mBuilding CXX object CMakeFiles/nav_2d_msgs__rosidl_typesupport_introspection_cpp.dir/rosidl_typesupport_introspection_cpp/nav_2d_msgs/msg/detail/pose2_d32__type_support.cpp.o[0m
[6.454s] [ 43%] [32mBuilding C object CMakeFiles/nav_2d_msgs__rosidl_typesupport_introspection_c.dir/rosidl_typesupport_introspection_c/nav_2d_msgs/msg/detail/pose2_d32__type_support.c.o[0m
[6.477s] [ 45%] [32mBuilding C object CMakeFiles/nav_2d_msgs__rosidl_typesupport_introspection_c.dir/rosidl_typesupport_introspection_c/nav_2d_msgs/msg/detail/pose2_d_stamped__type_support.c.o[0m
[6.482s] [ 46%] [32mBuilding CXX object CMakeFiles/nav_2d_msgs__rosidl_typesupport_c.dir/rosidl_typesupport_c/nav_2d_msgs/msg/twist2_d_stamped__type_support.cpp.o[0m
[6.618s] [ 47%] [32mBuilding CXX object CMakeFiles/nav_2d_msgs__rosidl_typesupport_fastrtps_cpp.dir/rosidl_typesupport_fastrtps_cpp/nav_2d_msgs/msg/detail/dds_fastrtps/pose2_d32__type_support.cpp.o[0m
[6.634s] [ 49%] [32mBuilding C object CMakeFiles/nav_2d_msgs__rosidl_typesupport_introspection_c.dir/rosidl_typesupport_introspection_c/nav_2d_msgs/msg/detail/twist2_d__type_support.c.o[0m
[6.640s] [ 50%] [32m[1mLinking CXX shared library libnav_2d_msgs__rosidl_typesupport_c.so[0m
[6.647s] [ 52%] [32mBuilding C object CMakeFiles/nav_2d_msgs__rosidl_typesupport_introspection_c.dir/rosidl_typesupport_introspection_c/nav_2d_msgs/msg/detail/twist2_d32__type_support.c.o[0m
[6.686s] [ 53%] [32mBuilding CXX object CMakeFiles/nav_2d_msgs__rosidl_typesupport_cpp.dir/rosidl_typesupport_cpp/nav_2d_msgs/msg/twist2_d_stamped__type_support.cpp.o[0m
[6.755s] [ 54%] [32mBuilding CXX object CMakeFiles/nav_2d_msgs__rosidl_typesupport_fastrtps_c.dir/rosidl_typesupport_fastrtps_c/nav_2d_msgs/msg/detail/pose2_d32__type_support_c.cpp.o[0m
[6.782s] [ 56%] [32mBuilding CXX object CMakeFiles/nav_2d_msgs__rosidl_typesupport_fastrtps_c.dir/rosidl_typesupport_fastrtps_c/nav_2d_msgs/msg/detail/pose2_d_stamped__type_support_c.cpp.o[0m
[6.805s] [ 56%] Built target nav_2d_msgs__rosidl_typesupport_c
[6.826s] [ 57%] [32mBuilding C object CMakeFiles/nav_2d_msgs__rosidl_typesupport_introspection_c.dir/rosidl_typesupport_introspection_c/nav_2d_msgs/msg/detail/twist2_d_stamped__type_support.c.o[0m
[6.848s] [ 59%] [32mBuilding CXX object CMakeFiles/nav_2d_msgs__rosidl_typesupport_fastrtps_c.dir/rosidl_typesupport_fastrtps_c/nav_2d_msgs/msg/detail/twist2_d__type_support_c.cpp.o[0m
[6.902s] [ 60%] [32mBuilding CXX object CMakeFiles/nav_2d_msgs__rosidl_typesupport_fastrtps_c.dir/rosidl_typesupport_fastrtps_c/nav_2d_msgs/msg/detail/twist2_d32__type_support_c.cpp.o[0m
[6.970s] [ 61%] [32m[1mLinking C shared library libnav_2d_msgs__rosidl_typesupport_introspection_c.so[0m
[7.150s] [ 61%] Built target nav_2d_msgs__rosidl_typesupport_introspection_c
[7.182s] [ 63%] [32mBuilding CXX object CMakeFiles/nav_2d_msgs__rosidl_typesupport_fastrtps_c.dir/rosidl_typesupport_fastrtps_c/nav_2d_msgs/msg/detail/twist2_d_stamped__type_support_c.cpp.o[0m
[7.548s] [ 64%] [32mBuilding CXX object CMakeFiles/nav_2d_msgs__rosidl_typesupport_fastrtps_cpp.dir/rosidl_typesupport_fastrtps_cpp/nav_2d_msgs/msg/detail/dds_fastrtps/pose2_d_stamped__type_support.cpp.o[0m
[7.566s] [ 66%] [32mBuilding CXX object CMakeFiles/nav_2d_msgs__rosidl_typesupport_fastrtps_cpp.dir/rosidl_typesupport_fastrtps_cpp/nav_2d_msgs/msg/detail/dds_fastrtps/twist2_d__type_support.cpp.o[0m
[7.618s] [ 67%] [32mBuilding CXX object CMakeFiles/nav_2d_msgs__rosidl_typesupport_introspection_cpp.dir/rosidl_typesupport_introspection_cpp/nav_2d_msgs/msg/detail/pose2_d_stamped__type_support.cpp.o[0m
[7.645s] [ 69%] [32mBuilding CXX object CMakeFiles/nav_2d_msgs__rosidl_typesupport_fastrtps_cpp.dir/rosidl_typesupport_fastrtps_cpp/nav_2d_msgs/msg/detail/dds_fastrtps/twist2_d32__type_support.cpp.o[0m
[7.786s] [ 70%] [32m[1mLinking CXX shared library libnav_2d_msgs__rosidl_typesupport_cpp.so[0m
[7.997s] [ 70%] Built target nav_2d_msgs__rosidl_typesupport_cpp
[8.054s] [ 71%] [32mBuilding CXX object CMakeFiles/nav_2d_msgs__rosidl_typesupport_fastrtps_cpp.dir/rosidl_typesupport_fastrtps_cpp/nav_2d_msgs/msg/detail/dds_fastrtps/twist2_d_stamped__type_support.cpp.o[0m
[8.082s] [ 73%] [32mBuilding CXX object CMakeFiles/nav_2d_msgs__rosidl_typesupport_introspection_cpp.dir/rosidl_typesupport_introspection_cpp/nav_2d_msgs/msg/detail/twist2_d__type_support.cpp.o[0m
[8.132s] [ 74%] [32mBuilding CXX object CMakeFiles/nav_2d_msgs__rosidl_typesupport_introspection_cpp.dir/rosidl_typesupport_introspection_cpp/nav_2d_msgs/msg/detail/twist2_d32__type_support.cpp.o[0m
[8.234s] [ 76%] [32m[1mLinking CXX shared library libnav_2d_msgs__rosidl_typesupport_fastrtps_c.so[0m
[8.552s] [ 77%] [32mBuilding CXX object CMakeFiles/nav_2d_msgs__rosidl_typesupport_introspection_cpp.dir/rosidl_typesupport_introspection_cpp/nav_2d_msgs/msg/detail/twist2_d_stamped__type_support.cpp.o[0m
[8.575s] [ 77%] Built target nav_2d_msgs__rosidl_typesupport_fastrtps_c
[9.076s] [ 78%] [32m[1mLinking CXX shared library libnav_2d_msgs__rosidl_typesupport_fastrtps_cpp.so[0m
[9.215s] [ 78%] Built target nav_2d_msgs__rosidl_typesupport_fastrtps_cpp
[9.301s] [ 80%] [32m[1mLinking CXX shared library libnav_2d_msgs__rosidl_typesupport_introspection_cpp.so[0m
[9.434s] [ 80%] Built target nav_2d_msgs__rosidl_typesupport_introspection_cpp
[9.470s] [ 80%] Built target nav_2d_msgs
[9.507s] [ 81%] [34m[1mGenerating Python code for ROS interfaces[0m
[10.772s] [ 81%] Built target nav_2d_msgs__py
[10.808s] [ 85%] [32mBuilding C object CMakeFiles/nav_2d_msgs__rosidl_generator_py.dir/rosidl_generator_py/nav_2d_msgs/msg/_pose2_d32_s.c.o[0m
[10.809s] [ 85%] [32mBuilding C object CMakeFiles/nav_2d_msgs__rosidl_generator_py.dir/rosidl_generator_py/nav_2d_msgs/msg/_pose2_d_stamped_s.c.o[0m
[10.816s] [ 85%] [32mBuilding C object CMakeFiles/nav_2d_msgs__rosidl_generator_py.dir/rosidl_generator_py/nav_2d_msgs/msg/_path2_d_s.c.o[0m
[10.816s] [ 87%] [32mBuilding C object CMakeFiles/nav_2d_msgs__rosidl_generator_py.dir/rosidl_generator_py/nav_2d_msgs/msg/_twist2_d32_s.c.o[0m
[10.820s] [ 88%] [32mBuilding C object CMakeFiles/nav_2d_msgs__rosidl_generator_py.dir/rosidl_generator_py/nav_2d_msgs/msg/_twist2_d_stamped_s.c.o[0m
[10.822s] [ 90%] [32mBuilding C object CMakeFiles/nav_2d_msgs__rosidl_generator_py.dir/rosidl_generator_py/nav_2d_msgs/msg/_twist2_d_s.c.o[0m
[11.128s] [ 91%] [32m[1mLinking C shared library rosidl_generator_py/nav_2d_msgs/libnav_2d_msgs__rosidl_generator_py.so[0m
[11.203s] [ 91%] Built target nav_2d_msgs__rosidl_generator_py
[11.239s] [ 95%] [32mBuilding C object CMakeFiles/nav_2d_msgs__rosidl_typesupport_c__pyext.dir/rosidl_generator_py/nav_2d_msgs/_nav_2d_msgs_s.ep.rosidl_typesupport_c.c.o[0m
[11.239s] [ 95%] [32mBuilding C object CMakeFiles/nav_2d_msgs__rosidl_typesupport_fastrtps_c__pyext.dir/rosidl_generator_py/nav_2d_msgs/_nav_2d_msgs_s.ep.rosidl_typesupport_fastrtps_c.c.o[0m
[11.239s] [ 95%] [32mBuilding C object CMakeFiles/nav_2d_msgs__rosidl_typesupport_introspection_c__pyext.dir/rosidl_generator_py/nav_2d_msgs/_nav_2d_msgs_s.ep.rosidl_typesupport_introspection_c.c.o[0m
[11.444s] [ 98%] [32m[1mLinking C shared library rosidl_generator_py/nav_2d_msgs/nav_2d_msgs_s__rosidl_typesupport_introspection_c.cpython-310-aarch64-linux-gnu.so[0m
[11.444s] [ 98%] [32m[1mLinking C shared library rosidl_generator_py/nav_2d_msgs/nav_2d_msgs_s__rosidl_typesupport_c.cpython-310-aarch64-linux-gnu.so[0m
[11.446s] [100%] [32m[1mLinking C shared library rosidl_generator_py/nav_2d_msgs/nav_2d_msgs_s__rosidl_typesupport_fastrtps_c.cpython-310-aarch64-linux-gnu.so[0m
[11.517s] [100%] Built target nav_2d_msgs__rosidl_typesupport_introspection_c__pyext
[11.517s] [100%] Built target nav_2d_msgs__rosidl_typesupport_c__pyext
[11.518s] [100%] Built target nav_2d_msgs__rosidl_typesupport_fastrtps_c__pyext
[11.539s] Invoked command in '/home/orin-001/sda/agibotnav/build/nav_2d_msgs' returned '0': CMAKE_PREFIX_PATH=${CMAKE_PREFIX_PATH}:/opt/ros/humble /usr/bin/cmake --build /home/orin-001/sda/agibotnav/build/nav_2d_msgs -- -j8 -l8
[11.542s] Invoking command in '/home/orin-001/sda/agibotnav/build/nav_2d_msgs': CMAKE_PREFIX_PATH=${CMAKE_PREFIX_PATH}:/opt/ros/humble /usr/bin/cmake --install /home/orin-001/sda/agibotnav/build/nav_2d_msgs
[11.559s] -- Install configuration: ""
[11.559s] -- Installing: /home/orin-001/sda/agibotnav/install/nav_2d_msgs/share/ament_index/resource_index/rosidl_interfaces/nav_2d_msgs
[11.559s] -- Installing: /home/orin-001/sda/agibotnav/install/nav_2d_msgs/include/nav_2d_msgs/nav_2d_msgs
[11.559s] -- Installing: /home/orin-001/sda/agibotnav/install/nav_2d_msgs/include/nav_2d_msgs/nav_2d_msgs/msg
[11.559s] -- Installing: /home/orin-001/sda/agibotnav/install/nav_2d_msgs/include/nav_2d_msgs/nav_2d_msgs/msg/rosidl_generator_c__visibility_control.h
[11.560s] -- Installing: /home/orin-001/sda/agibotnav/install/nav_2d_msgs/include/nav_2d_msgs/nav_2d_msgs/msg/twist2_d_stamped.h
[11.560s] -- Installing: /home/orin-001/sda/agibotnav/install/nav_2d_msgs/include/nav_2d_msgs/nav_2d_msgs/msg/twist2_d32.h
[11.560s] -- Installing: /home/orin-001/sda/agibotnav/install/nav_2d_msgs/include/nav_2d_msgs/nav_2d_msgs/msg/path2_d.h
[11.560s] -- Installing: /home/orin-001/sda/agibotnav/install/nav_2d_msgs/include/nav_2d_msgs/nav_2d_msgs/msg/detail
[11.561s] -- Installing: /home/orin-001/sda/agibotnav/install/nav_2d_msgs/include/nav_2d_msgs/nav_2d_msgs/msg/detail/pose2_d_stamped__struct.h
[11.561s] -- Installing: /home/orin-001/sda/agibotnav/install/nav_2d_msgs/include/nav_2d_msgs/nav_2d_msgs/msg/detail/pose2_d_stamped__functions.h
[11.561s] -- Installing: /home/orin-001/sda/agibotnav/install/nav_2d_msgs/include/nav_2d_msgs/nav_2d_msgs/msg/detail/path2_d__struct.h
[11.561s] -- Installing: /home/orin-001/sda/agibotnav/install/nav_2d_msgs/include/nav_2d_msgs/nav_2d_msgs/msg/detail/twist2_d_stamped__functions.c
[11.561s] -- Installing: /home/orin-001/sda/agibotnav/install/nav_2d_msgs/include/nav_2d_msgs/nav_2d_msgs/msg/detail/path2_d__type_support.h
[11.562s] -- Installing: /home/orin-001/sda/agibotnav/install/nav_2d_msgs/include/nav_2d_msgs/nav_2d_msgs/msg/detail/twist2_d32__type_support.h
[11.562s] -- Installing: /home/orin-001/sda/agibotnav/install/nav_2d_msgs/include/nav_2d_msgs/nav_2d_msgs/msg/detail/twist2_d__functions.h
[11.562s] -- Installing: /home/orin-001/sda/agibotnav/install/nav_2d_msgs/include/nav_2d_msgs/nav_2d_msgs/msg/detail/twist2_d_stamped__type_support.h
[11.562s] -- Installing: /home/orin-001/sda/agibotnav/install/nav_2d_msgs/include/nav_2d_msgs/nav_2d_msgs/msg/detail/twist2_d32__functions.c
[11.562s] -- Installing: /home/orin-001/sda/agibotnav/install/nav_2d_msgs/include/nav_2d_msgs/nav_2d_msgs/msg/detail/twist2_d32__functions.h
[11.562s] -- Installing: /home/orin-001/sda/agibotnav/install/nav_2d_msgs/include/nav_2d_msgs/nav_2d_msgs/msg/detail/pose2_d32__type_support.h
[11.563s] -- Installing: /home/orin-001/sda/agibotnav/install/nav_2d_msgs/include/nav_2d_msgs/nav_2d_msgs/msg/detail/twist2_d_stamped__functions.h
[11.563s] -- Installing: /home/orin-001/sda/agibotnav/install/nav_2d_msgs/include/nav_2d_msgs/nav_2d_msgs/msg/detail/pose2_d32__functions.h
[11.563s] -- Installing: /home/orin-001/sda/agibotnav/install/nav_2d_msgs/include/nav_2d_msgs/nav_2d_msgs/msg/detail/twist2_d__struct.h
[11.563s] -- Installing: /home/orin-001/sda/agibotnav/install/nav_2d_msgs/include/nav_2d_msgs/nav_2d_msgs/msg/detail/pose2_d_stamped__functions.c
[11.563s] -- Installing: /home/orin-001/sda/agibotnav/install/nav_2d_msgs/include/nav_2d_msgs/nav_2d_msgs/msg/detail/pose2_d32__struct.h
[11.564s] -- Installing: /home/orin-001/sda/agibotnav/install/nav_2d_msgs/include/nav_2d_msgs/nav_2d_msgs/msg/detail/twist2_d32__struct.h
[11.564s] -- Installing: /home/orin-001/sda/agibotnav/install/nav_2d_msgs/include/nav_2d_msgs/nav_2d_msgs/msg/detail/pose2_d32__functions.c
[11.564s] -- Installing: /home/orin-001/sda/agibotnav/install/nav_2d_msgs/include/nav_2d_msgs/nav_2d_msgs/msg/detail/path2_d__functions.h
[11.565s] -- Installing: /home/orin-001/sda/agibotnav/install/nav_2d_msgs/include/nav_2d_msgs/nav_2d_msgs/msg/detail/path2_d__functions.c
[11.565s] -- Installing: /home/orin-001/sda/agibotnav/install/nav_2d_msgs/include/nav_2d_msgs/nav_2d_msgs/msg/detail/pose2_d_stamped__type_support.h
[11.565s] -- Installing: /home/orin-001/sda/agibotnav/install/nav_2d_msgs/include/nav_2d_msgs/nav_2d_msgs/msg/detail/twist2_d__type_support.h
[11.565s] -- Installing: /home/orin-001/sda/agibotnav/install/nav_2d_msgs/include/nav_2d_msgs/nav_2d_msgs/msg/detail/twist2_d__functions.c
[11.565s] -- Installing: /home/orin-001/sda/agibotnav/install/nav_2d_msgs/include/nav_2d_msgs/nav_2d_msgs/msg/detail/twist2_d_stamped__struct.h
[11.565s] -- Installing: /home/orin-001/sda/agibotnav/install/nav_2d_msgs/include/nav_2d_msgs/nav_2d_msgs/msg/pose2_d_stamped.h
[11.565s] -- Installing: /home/orin-001/sda/agibotnav/install/nav_2d_msgs/include/nav_2d_msgs/nav_2d_msgs/msg/twist2_d.h
[11.566s] -- Installing: /home/orin-001/sda/agibotnav/install/nav_2d_msgs/include/nav_2d_msgs/nav_2d_msgs/msg/pose2_d32.h
[11.566s] -- Installing: /home/orin-001/sda/agibotnav/install/nav_2d_msgs/share/nav_2d_msgs/environment/library_path.sh
[11.566s] -- Installing: /home/orin-001/sda/agibotnav/install/nav_2d_msgs/share/nav_2d_msgs/environment/library_path.dsv
[11.567s] -- Installing: /home/orin-001/sda/agibotnav/install/nav_2d_msgs/lib/libnav_2d_msgs__rosidl_generator_c.so
[11.567s] -- Set runtime path of "/home/orin-001/sda/agibotnav/install/nav_2d_msgs/lib/libnav_2d_msgs__rosidl_generator_c.so" to ""
[11.567s] -- Up-to-date: /home/orin-001/sda/agibotnav/install/nav_2d_msgs/include/nav_2d_msgs/nav_2d_msgs
[11.567s] -- Up-to-date: /home/orin-001/sda/agibotnav/install/nav_2d_msgs/include/nav_2d_msgs/nav_2d_msgs/msg
[11.568s] -- Installing: /home/orin-001/sda/agibotnav/install/nav_2d_msgs/include/nav_2d_msgs/nav_2d_msgs/msg/rosidl_typesupport_fastrtps_c__visibility_control.h
[11.568s] -- Up-to-date: /home/orin-001/sda/agibotnav/install/nav_2d_msgs/include/nav_2d_msgs/nav_2d_msgs/msg/detail
[11.568s] -- Installing: /home/orin-001/sda/agibotnav/install/nav_2d_msgs/include/nav_2d_msgs/nav_2d_msgs/msg/detail/path2_d__rosidl_typesupport_fastrtps_c.h
[11.568s] -- Installing: /home/orin-001/sda/agibotnav/install/nav_2d_msgs/include/nav_2d_msgs/nav_2d_msgs/msg/detail/twist2_d__rosidl_typesupport_fastrtps_c.h
[11.568s] -- Installing: /home/orin-001/sda/agibotnav/install/nav_2d_msgs/include/nav_2d_msgs/nav_2d_msgs/msg/detail/pose2_d_stamped__rosidl_typesupport_fastrtps_c.h
[11.568s] -- Installing: /home/orin-001/sda/agibotnav/install/nav_2d_msgs/include/nav_2d_msgs/nav_2d_msgs/msg/detail/twist2_d32__rosidl_typesupport_fastrtps_c.h
[11.568s] -- Installing: /home/orin-001/sda/agibotnav/install/nav_2d_msgs/include/nav_2d_msgs/nav_2d_msgs/msg/detail/pose2_d32__rosidl_typesupport_fastrtps_c.h
[11.569s] -- Installing: /home/orin-001/sda/agibotnav/install/nav_2d_msgs/include/nav_2d_msgs/nav_2d_msgs/msg/detail/twist2_d_stamped__rosidl_typesupport_fastrtps_c.h
[11.569s] -- Installing: /home/orin-001/sda/agibotnav/install/nav_2d_msgs/lib/libnav_2d_msgs__rosidl_typesupport_fastrtps_c.so
[11.570s] -- Set runtime path of "/home/orin-001/sda/agibotnav/install/nav_2d_msgs/lib/libnav_2d_msgs__rosidl_typesupport_fastrtps_c.so" to ""
[11.570s] -- Up-to-date: /home/orin-001/sda/agibotnav/install/nav_2d_msgs/include/nav_2d_msgs/nav_2d_msgs
[11.570s] -- Up-to-date: /home/orin-001/sda/agibotnav/install/nav_2d_msgs/include/nav_2d_msgs/nav_2d_msgs/msg
[11.570s] -- Up-to-date: /home/orin-001/sda/agibotnav/install/nav_2d_msgs/include/nav_2d_msgs/nav_2d_msgs/msg/detail
[11.570s] -- Installing: /home/orin-001/sda/agibotnav/install/nav_2d_msgs/include/nav_2d_msgs/nav_2d_msgs/msg/detail/twist2_d__type_support.hpp
[11.570s] -- Installing: /home/orin-001/sda/agibotnav/install/nav_2d_msgs/include/nav_2d_msgs/nav_2d_msgs/msg/detail/twist2_d_stamped__struct.hpp
[11.570s] -- Installing: /home/orin-001/sda/agibotnav/install/nav_2d_msgs/include/nav_2d_msgs/nav_2d_msgs/msg/detail/pose2_d32__builder.hpp
[11.570s] -- Installing: /home/orin-001/sda/agibotnav/install/nav_2d_msgs/include/nav_2d_msgs/nav_2d_msgs/msg/detail/pose2_d_stamped__type_support.hpp
[11.571s] -- Installing: /home/orin-001/sda/agibotnav/install/nav_2d_msgs/include/nav_2d_msgs/nav_2d_msgs/msg/detail/twist2_d32__type_support.hpp
[11.571s] -- Installing: /home/orin-001/sda/agibotnav/install/nav_2d_msgs/include/nav_2d_msgs/nav_2d_msgs/msg/detail/twist2_d32__traits.hpp
[11.571s] -- Installing: /home/orin-001/sda/agibotnav/install/nav_2d_msgs/include/nav_2d_msgs/nav_2d_msgs/msg/detail/pose2_d_stamped__builder.hpp
[11.571s] -- Installing: /home/orin-001/sda/agibotnav/install/nav_2d_msgs/include/nav_2d_msgs/nav_2d_msgs/msg/detail/pose2_d32__traits.hpp
[11.571s] -- Installing: /home/orin-001/sda/agibotnav/install/nav_2d_msgs/include/nav_2d_msgs/nav_2d_msgs/msg/detail/path2_d__traits.hpp
[11.571s] -- Installing: /home/orin-001/sda/agibotnav/install/nav_2d_msgs/include/nav_2d_msgs/nav_2d_msgs/msg/detail/twist2_d_stamped__builder.hpp
[11.572s] -- Installing: /home/orin-001/sda/agibotnav/install/nav_2d_msgs/include/nav_2d_msgs/nav_2d_msgs/msg/detail/twist2_d_stamped__traits.hpp
[11.572s] -- Installing: /home/orin-001/sda/agibotnav/install/nav_2d_msgs/include/nav_2d_msgs/nav_2d_msgs/msg/detail/twist2_d32__builder.hpp
[11.572s] -- Installing: /home/orin-001/sda/agibotnav/install/nav_2d_msgs/include/nav_2d_msgs/nav_2d_msgs/msg/detail/pose2_d_stamped__struct.hpp
[11.572s] -- Installing: /home/orin-001/sda/agibotnav/install/nav_2d_msgs/include/nav_2d_msgs/nav_2d_msgs/msg/detail/pose2_d_stamped__traits.hpp
[11.572s] -- Installing: /home/orin-001/sda/agibotnav/install/nav_2d_msgs/include/nav_2d_msgs/nav_2d_msgs/msg/detail/path2_d__builder.hpp
[11.573s] -- Installing: /home/orin-001/sda/agibotnav/install/nav_2d_msgs/include/nav_2d_msgs/nav_2d_msgs/msg/detail/twist2_d__builder.hpp
[11.573s] -- Installing: /home/orin-001/sda/agibotnav/install/nav_2d_msgs/include/nav_2d_msgs/nav_2d_msgs/msg/detail/twist2_d32__struct.hpp
[11.573s] -- Installing: /home/orin-001/sda/agibotnav/install/nav_2d_msgs/include/nav_2d_msgs/nav_2d_msgs/msg/detail/pose2_d32__struct.hpp
[11.573s] -- Installing: /home/orin-001/sda/agibotnav/install/nav_2d_msgs/include/nav_2d_msgs/nav_2d_msgs/msg/detail/twist2_d_stamped__type_support.hpp
[11.573s] -- Installing: /home/orin-001/sda/agibotnav/install/nav_2d_msgs/include/nav_2d_msgs/nav_2d_msgs/msg/detail/twist2_d__traits.hpp
[11.574s] -- Installing: /home/orin-001/sda/agibotnav/install/nav_2d_msgs/include/nav_2d_msgs/nav_2d_msgs/msg/detail/pose2_d32__type_support.hpp
[11.574s] -- Installing: /home/orin-001/sda/agibotnav/install/nav_2d_msgs/include/nav_2d_msgs/nav_2d_msgs/msg/detail/path2_d__type_support.hpp
[11.574s] -- Installing: /home/orin-001/sda/agibotnav/install/nav_2d_msgs/include/nav_2d_msgs/nav_2d_msgs/msg/detail/twist2_d__struct.hpp
[11.574s] -- Installing: /home/orin-001/sda/agibotnav/install/nav_2d_msgs/include/nav_2d_msgs/nav_2d_msgs/msg/detail/path2_d__struct.hpp
[11.574s] -- Installing: /home/orin-001/sda/agibotnav/install/nav_2d_msgs/include/nav_2d_msgs/nav_2d_msgs/msg/twist2_d.hpp
[11.575s] -- Installing: /home/orin-001/sda/agibotnav/install/nav_2d_msgs/include/nav_2d_msgs/nav_2d_msgs/msg/pose2_d32.hpp
[11.575s] -- Installing: /home/orin-001/sda/agibotnav/install/nav_2d_msgs/include/nav_2d_msgs/nav_2d_msgs/msg/pose2_d_stamped.hpp
[11.575s] -- Installing: /home/orin-001/sda/agibotnav/install/nav_2d_msgs/include/nav_2d_msgs/nav_2d_msgs/msg/path2_d.hpp
[11.576s] -- Installing: /home/orin-001/sda/agibotnav/install/nav_2d_msgs/include/nav_2d_msgs/nav_2d_msgs/msg/twist2_d_stamped.hpp
[11.576s] -- Installing: /home/orin-001/sda/agibotnav/install/nav_2d_msgs/include/nav_2d_msgs/nav_2d_msgs/msg/rosidl_generator_cpp__visibility_control.hpp
[11.576s] -- Installing: /home/orin-001/sda/agibotnav/install/nav_2d_msgs/include/nav_2d_msgs/nav_2d_msgs/msg/twist2_d32.hpp
[11.577s] -- Up-to-date: /home/orin-001/sda/agibotnav/install/nav_2d_msgs/include/nav_2d_msgs/nav_2d_msgs
[11.577s] -- Up-to-date: /home/orin-001/sda/agibotnav/install/nav_2d_msgs/include/nav_2d_msgs/nav_2d_msgs/msg
[11.577s] -- Up-to-date: /home/orin-001/sda/agibotnav/install/nav_2d_msgs/include/nav_2d_msgs/nav_2d_msgs/msg/detail
[11.577s] -- Installing: /home/orin-001/sda/agibotnav/install/nav_2d_msgs/include/nav_2d_msgs/nav_2d_msgs/msg/detail/twist2_d32__rosidl_typesupport_fastrtps_cpp.hpp
[11.578s] -- Installing: /home/orin-001/sda/agibotnav/install/nav_2d_msgs/include/nav_2d_msgs/nav_2d_msgs/msg/detail/pose2_d_stamped__rosidl_typesupport_fastrtps_cpp.hpp
[11.578s] -- Installing: /home/orin-001/sda/agibotnav/install/nav_2d_msgs/include/nav_2d_msgs/nav_2d_msgs/msg/detail/dds_fastrtps
[11.578s] -- Installing: /home/orin-001/sda/agibotnav/install/nav_2d_msgs/include/nav_2d_msgs/nav_2d_msgs/msg/detail/pose2_d32__rosidl_typesupport_fastrtps_cpp.hpp
[11.579s] -- Installing: /home/orin-001/sda/agibotnav/install/nav_2d_msgs/include/nav_2d_msgs/nav_2d_msgs/msg/detail/twist2_d__rosidl_typesupport_fastrtps_cpp.hpp
[11.579s] -- Installing: /home/orin-001/sda/agibotnav/install/nav_2d_msgs/include/nav_2d_msgs/nav_2d_msgs/msg/detail/twist2_d_stamped__rosidl_typesupport_fastrtps_cpp.hpp
[11.579s] -- Installing: /home/orin-001/sda/agibotnav/install/nav_2d_msgs/include/nav_2d_msgs/nav_2d_msgs/msg/detail/path2_d__rosidl_typesupport_fastrtps_cpp.hpp
[11.579s] -- Installing: /home/orin-001/sda/agibotnav/install/nav_2d_msgs/include/nav_2d_msgs/nav_2d_msgs/msg/rosidl_typesupport_fastrtps_cpp__visibility_control.h
[11.580s] -- Installing: /home/orin-001/sda/agibotnav/install/nav_2d_msgs/lib/libnav_2d_msgs__rosidl_typesupport_fastrtps_cpp.so
[11.581s] -- Set runtime path of "/home/orin-001/sda/agibotnav/install/nav_2d_msgs/lib/libnav_2d_msgs__rosidl_typesupport_fastrtps_cpp.so" to ""
[11.581s] -- Up-to-date: /home/orin-001/sda/agibotnav/install/nav_2d_msgs/include/nav_2d_msgs/nav_2d_msgs
[11.581s] -- Up-to-date: /home/orin-001/sda/agibotnav/install/nav_2d_msgs/include/nav_2d_msgs/nav_2d_msgs/msg
[11.581s] -- Up-to-date: /home/orin-001/sda/agibotnav/install/nav_2d_msgs/include/nav_2d_msgs/nav_2d_msgs/msg/detail
[11.581s] -- Installing: /home/orin-001/sda/agibotnav/install/nav_2d_msgs/include/nav_2d_msgs/nav_2d_msgs/msg/detail/twist2_d__rosidl_typesupport_introspection_c.h
[11.582s] -- Installing: /home/orin-001/sda/agibotnav/install/nav_2d_msgs/include/nav_2d_msgs/nav_2d_msgs/msg/detail/path2_d__type_support.c
[11.582s] -- Installing: /home/orin-001/sda/agibotnav/install/nav_2d_msgs/include/nav_2d_msgs/nav_2d_msgs/msg/detail/pose2_d_stamped__type_support.c
[11.582s] -- Installing: /home/orin-001/sda/agibotnav/install/nav_2d_msgs/include/nav_2d_msgs/nav_2d_msgs/msg/detail/twist2_d32__type_support.c
[11.582s] -- Installing: /home/orin-001/sda/agibotnav/install/nav_2d_msgs/include/nav_2d_msgs/nav_2d_msgs/msg/detail/pose2_d32__type_support.c
[11.582s] -- Installing: /home/orin-001/sda/agibotnav/install/nav_2d_msgs/include/nav_2d_msgs/nav_2d_msgs/msg/detail/path2_d__rosidl_typesupport_introspection_c.h
[11.582s] -- Installing: /home/orin-001/sda/agibotnav/install/nav_2d_msgs/include/nav_2d_msgs/nav_2d_msgs/msg/detail/pose2_d_stamped__rosidl_typesupport_introspection_c.h
[11.583s] -- Installing: /home/orin-001/sda/agibotnav/install/nav_2d_msgs/include/nav_2d_msgs/nav_2d_msgs/msg/detail/twist2_d_stamped__rosidl_typesupport_introspection_c.h
[11.583s] -- Installing: /home/orin-001/sda/agibotnav/install/nav_2d_msgs/include/nav_2d_msgs/nav_2d_msgs/msg/detail/twist2_d32__rosidl_typesupport_introspection_c.h
[11.583s] -- Installing: /home/orin-001/sda/agibotnav/install/nav_2d_msgs/include/nav_2d_msgs/nav_2d_msgs/msg/detail/pose2_d32__rosidl_typesupport_introspection_c.h
[11.583s] -- Installing: /home/orin-001/sda/agibotnav/install/nav_2d_msgs/include/nav_2d_msgs/nav_2d_msgs/msg/detail/twist2_d__type_support.c
[11.583s] -- Installing: /home/orin-001/sda/agibotnav/install/nav_2d_msgs/include/nav_2d_msgs/nav_2d_msgs/msg/detail/twist2_d_stamped__type_support.c
[11.584s] -- Installing: /home/orin-001/sda/agibotnav/install/nav_2d_msgs/include/nav_2d_msgs/nav_2d_msgs/msg/rosidl_typesupport_introspection_c__visibility_control.h
[11.584s] -- Installing: /home/orin-001/sda/agibotnav/install/nav_2d_msgs/lib/libnav_2d_msgs__rosidl_typesupport_introspection_c.so
[11.584s] -- Set runtime path of "/home/orin-001/sda/agibotnav/install/nav_2d_msgs/lib/libnav_2d_msgs__rosidl_typesupport_introspection_c.so" to ""
[11.585s] -- Installing: /home/orin-001/sda/agibotnav/install/nav_2d_msgs/lib/libnav_2d_msgs__rosidl_typesupport_c.so
[11.585s] -- Set runtime path of "/home/orin-001/sda/agibotnav/install/nav_2d_msgs/lib/libnav_2d_msgs__rosidl_typesupport_c.so" to ""
[11.585s] -- Up-to-date: /home/orin-001/sda/agibotnav/install/nav_2d_msgs/include/nav_2d_msgs/nav_2d_msgs
[11.585s] -- Up-to-date: /home/orin-001/sda/agibotnav/install/nav_2d_msgs/include/nav_2d_msgs/nav_2d_msgs/msg
[11.585s] -- Up-to-date: /home/orin-001/sda/agibotnav/install/nav_2d_msgs/include/nav_2d_msgs/nav_2d_msgs/msg/detail
[11.586s] -- Installing: /home/orin-001/sda/agibotnav/install/nav_2d_msgs/include/nav_2d_msgs/nav_2d_msgs/msg/detail/twist2_d__rosidl_typesupport_introspection_cpp.hpp
[11.586s] -- Installing: /home/orin-001/sda/agibotnav/install/nav_2d_msgs/include/nav_2d_msgs/nav_2d_msgs/msg/detail/twist2_d__type_support.cpp
[11.586s] -- Installing: /home/orin-001/sda/agibotnav/install/nav_2d_msgs/include/nav_2d_msgs/nav_2d_msgs/msg/detail/twist2_d_stamped__type_support.cpp
[11.586s] -- Installing: /home/orin-001/sda/agibotnav/install/nav_2d_msgs/include/nav_2d_msgs/nav_2d_msgs/msg/detail/pose2_d_stamped__rosidl_typesupport_introspection_cpp.hpp
[11.586s] -- Installing: /home/orin-001/sda/agibotnav/install/nav_2d_msgs/include/nav_2d_msgs/nav_2d_msgs/msg/detail/pose2_d32__rosidl_typesupport_introspection_cpp.hpp
[11.586s] -- Installing: /home/orin-001/sda/agibotnav/install/nav_2d_msgs/include/nav_2d_msgs/nav_2d_msgs/msg/detail/pose2_d32__type_support.cpp
[11.586s] -- Installing: /home/orin-001/sda/agibotnav/install/nav_2d_msgs/include/nav_2d_msgs/nav_2d_msgs/msg/detail/path2_d__rosidl_typesupport_introspection_cpp.hpp
[11.587s] -- Installing: /home/orin-001/sda/agibotnav/install/nav_2d_msgs/include/nav_2d_msgs/nav_2d_msgs/msg/detail/twist2_d32__type_support.cpp
[11.587s] -- Installing: /home/orin-001/sda/agibotnav/install/nav_2d_msgs/include/nav_2d_msgs/nav_2d_msgs/msg/detail/path2_d__type_support.cpp
[11.587s] -- Installing: /home/orin-001/sda/agibotnav/install/nav_2d_msgs/include/nav_2d_msgs/nav_2d_msgs/msg/detail/twist2_d32__rosidl_typesupport_introspection_cpp.hpp
[11.587s] -- Installing: /home/orin-001/sda/agibotnav/install/nav_2d_msgs/include/nav_2d_msgs/nav_2d_msgs/msg/detail/twist2_d_stamped__rosidl_typesupport_introspection_cpp.hpp
[11.587s] -- Installing: /home/orin-001/sda/agibotnav/install/nav_2d_msgs/include/nav_2d_msgs/nav_2d_msgs/msg/detail/pose2_d_stamped__type_support.cpp
[11.588s] -- Installing: /home/orin-001/sda/agibotnav/install/nav_2d_msgs/lib/libnav_2d_msgs__rosidl_typesupport_introspection_cpp.so
[11.588s] -- Set runtime path of "/home/orin-001/sda/agibotnav/install/nav_2d_msgs/lib/libnav_2d_msgs__rosidl_typesupport_introspection_cpp.so" to ""
[11.589s] -- Installing: /home/orin-001/sda/agibotnav/install/nav_2d_msgs/lib/libnav_2d_msgs__rosidl_typesupport_cpp.so
[11.589s] -- Set runtime path of "/home/orin-001/sda/agibotnav/install/nav_2d_msgs/lib/libnav_2d_msgs__rosidl_typesupport_cpp.so" to ""
[11.589s] -- Installing: /home/orin-001/sda/agibotnav/install/nav_2d_msgs/share/nav_2d_msgs/environment/pythonpath.sh
[11.589s] -- Installing: /home/orin-001/sda/agibotnav/install/nav_2d_msgs/share/nav_2d_msgs/environment/pythonpath.dsv
[11.590s] -- Installing: /home/orin-001/sda/agibotnav/install/nav_2d_msgs/local/lib/python3.10/dist-packages/nav_2d_msgs-1.1.20-py3.10.egg-info
[11.590s] -- Installing: /home/orin-001/sda/agibotnav/install/nav_2d_msgs/local/lib/python3.10/dist-packages/nav_2d_msgs-1.1.20-py3.10.egg-info/PKG-INFO
[11.590s] -- Installing: /home/orin-001/sda/agibotnav/install/nav_2d_msgs/local/lib/python3.10/dist-packages/nav_2d_msgs-1.1.20-py3.10.egg-info/dependency_links.txt
[11.590s] -- Installing: /home/orin-001/sda/agibotnav/install/nav_2d_msgs/local/lib/python3.10/dist-packages/nav_2d_msgs-1.1.20-py3.10.egg-info/SOURCES.txt
[11.590s] -- Installing: /home/orin-001/sda/agibotnav/install/nav_2d_msgs/local/lib/python3.10/dist-packages/nav_2d_msgs-1.1.20-py3.10.egg-info/top_level.txt
[11.591s] -- Installing: /home/orin-001/sda/agibotnav/install/nav_2d_msgs/local/lib/python3.10/dist-packages/nav_2d_msgs
[11.591s] -- Installing: /home/orin-001/sda/agibotnav/install/nav_2d_msgs/local/lib/python3.10/dist-packages/nav_2d_msgs/nav_2d_msgs_s__rosidl_typesupport_introspection_c.cpython-310-aarch64-linux-gnu.so
[11.591s] -- Installing: /home/orin-001/sda/agibotnav/install/nav_2d_msgs/local/lib/python3.10/dist-packages/nav_2d_msgs/nav_2d_msgs_s__rosidl_typesupport_c.cpython-310-aarch64-linux-gnu.so
[11.591s] -- Installing: /home/orin-001/sda/agibotnav/install/nav_2d_msgs/local/lib/python3.10/dist-packages/nav_2d_msgs/_nav_2d_msgs_s.ep.rosidl_typesupport_introspection_c.c
[11.591s] -- Installing: /home/orin-001/sda/agibotnav/install/nav_2d_msgs/local/lib/python3.10/dist-packages/nav_2d_msgs/__init__.py
[11.592s] -- Installing: /home/orin-001/sda/agibotnav/install/nav_2d_msgs/local/lib/python3.10/dist-packages/nav_2d_msgs/libnav_2d_msgs__rosidl_generator_py.so
[11.592s] -- Installing: /home/orin-001/sda/agibotnav/install/nav_2d_msgs/local/lib/python3.10/dist-packages/nav_2d_msgs/msg
[11.592s] -- Installing: /home/orin-001/sda/agibotnav/install/nav_2d_msgs/local/lib/python3.10/dist-packages/nav_2d_msgs/msg/_pose2_d_stamped_s.c
[11.592s] -- Installing: /home/orin-001/sda/agibotnav/install/nav_2d_msgs/local/lib/python3.10/dist-packages/nav_2d_msgs/msg/_path2_d.py
[11.592s] -- Installing: /home/orin-001/sda/agibotnav/install/nav_2d_msgs/local/lib/python3.10/dist-packages/nav_2d_msgs/msg/_pose2_d32.py
[11.593s] -- Installing: /home/orin-001/sda/agibotnav/install/nav_2d_msgs/local/lib/python3.10/dist-packages/nav_2d_msgs/msg/_twist2_d.py
[11.593s] -- Installing: /home/orin-001/sda/agibotnav/install/nav_2d_msgs/local/lib/python3.10/dist-packages/nav_2d_msgs/msg/_twist2_d_stamped.py
[11.593s] -- Installing: /home/orin-001/sda/agibotnav/install/nav_2d_msgs/local/lib/python3.10/dist-packages/nav_2d_msgs/msg/_path2_d_s.c
[11.593s] -- Installing: /home/orin-001/sda/agibotnav/install/nav_2d_msgs/local/lib/python3.10/dist-packages/nav_2d_msgs/msg/_pose2_d32_s.c
[11.593s] -- Installing: /home/orin-001/sda/agibotnav/install/nav_2d_msgs/local/lib/python3.10/dist-packages/nav_2d_msgs/msg/_twist2_d_stamped_s.c
[11.594s] -- Installing: /home/orin-001/sda/agibotnav/install/nav_2d_msgs/local/lib/python3.10/dist-packages/nav_2d_msgs/msg/__init__.py
[11.594s] -- Installing: /home/orin-001/sda/agibotnav/install/nav_2d_msgs/local/lib/python3.10/dist-packages/nav_2d_msgs/msg/_pose2_d_stamped.py
[11.594s] -- Installing: /home/orin-001/sda/agibotnav/install/nav_2d_msgs/local/lib/python3.10/dist-packages/nav_2d_msgs/msg/_twist2_d32_s.c
[11.594s] -- Installing: /home/orin-001/sda/agibotnav/install/nav_2d_msgs/local/lib/python3.10/dist-packages/nav_2d_msgs/msg/_twist2_d_s.c
[11.594s] -- Installing: /home/orin-001/sda/agibotnav/install/nav_2d_msgs/local/lib/python3.10/dist-packages/nav_2d_msgs/msg/_twist2_d32.py
[11.595s] -- Installing: /home/orin-001/sda/agibotnav/install/nav_2d_msgs/local/lib/python3.10/dist-packages/nav_2d_msgs/_nav_2d_msgs_s.ep.rosidl_typesupport_c.c
[11.595s] -- Installing: /home/orin-001/sda/agibotnav/install/nav_2d_msgs/local/lib/python3.10/dist-packages/nav_2d_msgs/nav_2d_msgs_s__rosidl_typesupport_fastrtps_c.cpython-310-aarch64-linux-gnu.so
[11.595s] -- Installing: /home/orin-001/sda/agibotnav/install/nav_2d_msgs/local/lib/python3.10/dist-packages/nav_2d_msgs/_nav_2d_msgs_s.ep.rosidl_typesupport_fastrtps_c.c
[11.663s] Listing '/home/orin-001/sda/agibotnav/install/nav_2d_msgs/local/lib/python3.10/dist-packages/nav_2d_msgs'...
[11.663s] Compiling '/home/orin-001/sda/agibotnav/install/nav_2d_msgs/local/lib/python3.10/dist-packages/nav_2d_msgs/__init__.py'...
[11.664s] Listing '/home/orin-001/sda/agibotnav/install/nav_2d_msgs/local/lib/python3.10/dist-packages/nav_2d_msgs/msg'...
[11.664s] Compiling '/home/orin-001/sda/agibotnav/install/nav_2d_msgs/local/lib/python3.10/dist-packages/nav_2d_msgs/msg/__init__.py'...
[11.664s] Compiling '/home/orin-001/sda/agibotnav/install/nav_2d_msgs/local/lib/python3.10/dist-packages/nav_2d_msgs/msg/_path2_d.py'...
[11.664s] Compiling '/home/orin-001/sda/agibotnav/install/nav_2d_msgs/local/lib/python3.10/dist-packages/nav_2d_msgs/msg/_pose2_d32.py'...
[11.664s] Compiling '/home/orin-001/sda/agibotnav/install/nav_2d_msgs/local/lib/python3.10/dist-packages/nav_2d_msgs/msg/_pose2_d_stamped.py'...
[11.664s] Compiling '/home/orin-001/sda/agibotnav/install/nav_2d_msgs/local/lib/python3.10/dist-packages/nav_2d_msgs/msg/_twist2_d.py'...
[11.664s] Compiling '/home/orin-001/sda/agibotnav/install/nav_2d_msgs/local/lib/python3.10/dist-packages/nav_2d_msgs/msg/_twist2_d32.py'...
[11.664s] Compiling '/home/orin-001/sda/agibotnav/install/nav_2d_msgs/local/lib/python3.10/dist-packages/nav_2d_msgs/msg/_twist2_d_stamped.py'...
[11.674s] -- Installing: /home/orin-001/sda/agibotnav/install/nav_2d_msgs/local/lib/python3.10/dist-packages/nav_2d_msgs/nav_2d_msgs_s__rosidl_typesupport_fastrtps_c.cpython-310-aarch64-linux-gnu.so
[11.675s] -- Set runtime path of "/home/orin-001/sda/agibotnav/install/nav_2d_msgs/local/lib/python3.10/dist-packages/nav_2d_msgs/nav_2d_msgs_s__rosidl_typesupport_fastrtps_c.cpython-310-aarch64-linux-gnu.so" to ""
[11.675s] -- Installing: /home/orin-001/sda/agibotnav/install/nav_2d_msgs/local/lib/python3.10/dist-packages/nav_2d_msgs/nav_2d_msgs_s__rosidl_typesupport_introspection_c.cpython-310-aarch64-linux-gnu.so
[11.675s] -- Set runtime path of "/home/orin-001/sda/agibotnav/install/nav_2d_msgs/local/lib/python3.10/dist-packages/nav_2d_msgs/nav_2d_msgs_s__rosidl_typesupport_introspection_c.cpython-310-aarch64-linux-gnu.so" to ""
[11.676s] -- Installing: /home/orin-001/sda/agibotnav/install/nav_2d_msgs/local/lib/python3.10/dist-packages/nav_2d_msgs/nav_2d_msgs_s__rosidl_typesupport_c.cpython-310-aarch64-linux-gnu.so
[11.677s] -- Set runtime path of "/home/orin-001/sda/agibotnav/install/nav_2d_msgs/local/lib/python3.10/dist-packages/nav_2d_msgs/nav_2d_msgs_s__rosidl_typesupport_c.cpython-310-aarch64-linux-gnu.so" to ""
[11.677s] -- Installing: /home/orin-001/sda/agibotnav/install/nav_2d_msgs/lib/libnav_2d_msgs__rosidl_generator_py.so
[11.677s] -- Set runtime path of "/home/orin-001/sda/agibotnav/install/nav_2d_msgs/lib/libnav_2d_msgs__rosidl_generator_py.so" to ""
[11.678s] -- Installing: /home/orin-001/sda/agibotnav/install/nav_2d_msgs/share/nav_2d_msgs/msg/Path2D.idl
[11.678s] -- Installing: /home/orin-001/sda/agibotnav/install/nav_2d_msgs/share/nav_2d_msgs/msg/Pose2D32.idl
[11.678s] -- Installing: /home/orin-001/sda/agibotnav/install/nav_2d_msgs/share/nav_2d_msgs/msg/Pose2DStamped.idl
[11.678s] -- Installing: /home/orin-001/sda/agibotnav/install/nav_2d_msgs/share/nav_2d_msgs/msg/Twist2D.idl
[11.679s] -- Installing: /home/orin-001/sda/agibotnav/install/nav_2d_msgs/share/nav_2d_msgs/msg/Twist2D32.idl
[11.679s] -- Installing: /home/orin-001/sda/agibotnav/install/nav_2d_msgs/share/nav_2d_msgs/msg/Twist2DStamped.idl
[11.679s] -- Installing: /home/orin-001/sda/agibotnav/install/nav_2d_msgs/share/nav_2d_msgs/msg/Path2D.msg
[11.679s] -- Installing: /home/orin-001/sda/agibotnav/install/nav_2d_msgs/share/nav_2d_msgs/msg/Pose2D32.msg
[11.679s] -- Installing: /home/orin-001/sda/agibotnav/install/nav_2d_msgs/share/nav_2d_msgs/msg/Pose2DStamped.msg
[11.680s] -- Installing: /home/orin-001/sda/agibotnav/install/nav_2d_msgs/share/nav_2d_msgs/msg/Twist2D.msg
[11.680s] -- Installing: /home/orin-001/sda/agibotnav/install/nav_2d_msgs/share/nav_2d_msgs/msg/Twist2D32.msg
[11.680s] -- Installing: /home/orin-001/sda/agibotnav/install/nav_2d_msgs/share/nav_2d_msgs/msg/Twist2DStamped.msg
[11.681s] -- Installing: /home/orin-001/sda/agibotnav/install/nav_2d_msgs/share/ament_index/resource_index/package_run_dependencies/nav_2d_msgs
[11.681s] -- Installing: /home/orin-001/sda/agibotnav/install/nav_2d_msgs/share/ament_index/resource_index/parent_prefix_path/nav_2d_msgs
[11.681s] -- Installing: /home/orin-001/sda/agibotnav/install/nav_2d_msgs/share/nav_2d_msgs/environment/ament_prefix_path.sh
[11.681s] -- Installing: /home/orin-001/sda/agibotnav/install/nav_2d_msgs/share/nav_2d_msgs/environment/ament_prefix_path.dsv
[11.682s] -- Installing: /home/orin-001/sda/agibotnav/install/nav_2d_msgs/share/nav_2d_msgs/environment/path.sh
[11.682s] -- Installing: /home/orin-001/sda/agibotnav/install/nav_2d_msgs/share/nav_2d_msgs/environment/path.dsv
[11.682s] -- Installing: /home/orin-001/sda/agibotnav/install/nav_2d_msgs/share/nav_2d_msgs/local_setup.bash
[11.682s] -- Installing: /home/orin-001/sda/agibotnav/install/nav_2d_msgs/share/nav_2d_msgs/local_setup.sh
[11.682s] -- Installing: /home/orin-001/sda/agibotnav/install/nav_2d_msgs/share/nav_2d_msgs/local_setup.zsh
[11.683s] -- Installing: /home/orin-001/sda/agibotnav/install/nav_2d_msgs/share/nav_2d_msgs/local_setup.dsv
[11.683s] -- Installing: /home/orin-001/sda/agibotnav/install/nav_2d_msgs/share/nav_2d_msgs/package.dsv
[11.683s] -- Installing: /home/orin-001/sda/agibotnav/install/nav_2d_msgs/share/ament_index/resource_index/packages/nav_2d_msgs
[11.684s] -- Installing: /home/orin-001/sda/agibotnav/install/nav_2d_msgs/share/nav_2d_msgs/cmake/export_nav_2d_msgs__rosidl_generator_cExport.cmake
[11.684s] -- Installing: /home/orin-001/sda/agibotnav/install/nav_2d_msgs/share/nav_2d_msgs/cmake/export_nav_2d_msgs__rosidl_generator_cExport-noconfig.cmake
[11.684s] -- Installing: /home/orin-001/sda/agibotnav/install/nav_2d_msgs/share/nav_2d_msgs/cmake/export_nav_2d_msgs__rosidl_typesupport_fastrtps_cExport.cmake
[11.684s] -- Installing: /home/orin-001/sda/agibotnav/install/nav_2d_msgs/share/nav_2d_msgs/cmake/export_nav_2d_msgs__rosidl_typesupport_fastrtps_cExport-noconfig.cmake
[11.685s] -- Installing: /home/orin-001/sda/agibotnav/install/nav_2d_msgs/share/nav_2d_msgs/cmake/export_nav_2d_msgs__rosidl_generator_cppExport.cmake
[11.685s] -- Installing: /home/orin-001/sda/agibotnav/install/nav_2d_msgs/share/nav_2d_msgs/cmake/export_nav_2d_msgs__rosidl_typesupport_fastrtps_cppExport.cmake
[11.685s] -- Installing: /home/orin-001/sda/agibotnav/install/nav_2d_msgs/share/nav_2d_msgs/cmake/export_nav_2d_msgs__rosidl_typesupport_fastrtps_cppExport-noconfig.cmake
[11.685s] -- Installing: /home/orin-001/sda/agibotnav/install/nav_2d_msgs/share/nav_2d_msgs/cmake/nav_2d_msgs__rosidl_typesupport_introspection_cExport.cmake
[11.686s] -- Installing: /home/orin-001/sda/agibotnav/install/nav_2d_msgs/share/nav_2d_msgs/cmake/nav_2d_msgs__rosidl_typesupport_introspection_cExport-noconfig.cmake
[11.686s] -- Installing: /home/orin-001/sda/agibotnav/install/nav_2d_msgs/share/nav_2d_msgs/cmake/nav_2d_msgs__rosidl_typesupport_cExport.cmake
[11.686s] -- Installing: /home/orin-001/sda/agibotnav/install/nav_2d_msgs/share/nav_2d_msgs/cmake/nav_2d_msgs__rosidl_typesupport_cExport-noconfig.cmake
[11.686s] -- Installing: /home/orin-001/sda/agibotnav/install/nav_2d_msgs/share/nav_2d_msgs/cmake/nav_2d_msgs__rosidl_typesupport_introspection_cppExport.cmake
[11.687s] -- Installing: /home/orin-001/sda/agibotnav/install/nav_2d_msgs/share/nav_2d_msgs/cmake/nav_2d_msgs__rosidl_typesupport_introspection_cppExport-noconfig.cmake
[11.687s] -- Installing: /home/orin-001/sda/agibotnav/install/nav_2d_msgs/share/nav_2d_msgs/cmake/nav_2d_msgs__rosidl_typesupport_cppExport.cmake
[11.687s] -- Installing: /home/orin-001/sda/agibotnav/install/nav_2d_msgs/share/nav_2d_msgs/cmake/nav_2d_msgs__rosidl_typesupport_cppExport-noconfig.cmake
[11.687s] -- Installing: /home/orin-001/sda/agibotnav/install/nav_2d_msgs/share/nav_2d_msgs/cmake/export_nav_2d_msgs__rosidl_generator_pyExport.cmake
[11.688s] -- Installing: /home/orin-001/sda/agibotnav/install/nav_2d_msgs/share/nav_2d_msgs/cmake/export_nav_2d_msgs__rosidl_generator_pyExport-noconfig.cmake
[11.688s] -- Installing: /home/orin-001/sda/agibotnav/install/nav_2d_msgs/share/nav_2d_msgs/cmake/rosidl_cmake-extras.cmake
[11.688s] -- Installing: /home/orin-001/sda/agibotnav/install/nav_2d_msgs/share/nav_2d_msgs/cmake/ament_cmake_export_dependencies-extras.cmake
[11.688s] -- Installing: /home/orin-001/sda/agibotnav/install/nav_2d_msgs/share/nav_2d_msgs/cmake/ament_cmake_export_include_directories-extras.cmake
[11.689s] -- Installing: /home/orin-001/sda/agibotnav/install/nav_2d_msgs/share/nav_2d_msgs/cmake/ament_cmake_export_libraries-extras.cmake
[11.689s] -- Installing: /home/orin-001/sda/agibotnav/install/nav_2d_msgs/share/nav_2d_msgs/cmake/ament_cmake_export_targets-extras.cmake
[11.689s] -- Installing: /home/orin-001/sda/agibotnav/install/nav_2d_msgs/share/nav_2d_msgs/cmake/rosidl_cmake_export_typesupport_targets-extras.cmake
[11.689s] -- Installing: /home/orin-001/sda/agibotnav/install/nav_2d_msgs/share/nav_2d_msgs/cmake/rosidl_cmake_export_typesupport_libraries-extras.cmake
[11.690s] -- Installing: /home/orin-001/sda/agibotnav/install/nav_2d_msgs/share/nav_2d_msgs/cmake/nav_2d_msgsConfig.cmake
[11.690s] -- Installing: /home/orin-001/sda/agibotnav/install/nav_2d_msgs/share/nav_2d_msgs/cmake/nav_2d_msgsConfig-version.cmake
[11.690s] -- Installing: /home/orin-001/sda/agibotnav/install/nav_2d_msgs/share/nav_2d_msgs/package.xml
[11.695s] Invoked command in '/home/orin-001/sda/agibotnav/build/nav_2d_msgs' returned '0': CMAKE_PREFIX_PATH=${CMAKE_PREFIX_PATH}:/opt/ros/humble /usr/bin/cmake --install /home/orin-001/sda/agibotnav/build/nav_2d_msgs
