running egg_info
writing ../../build/fastlio2_nav/fastlio2_nav.egg-info/PKG-INFO
writing dependency_links to ../../build/fastlio2_nav/fastlio2_nav.egg-info/dependency_links.txt
writing entry points to ../../build/fastlio2_nav/fastlio2_nav.egg-info/entry_points.txt
writing requirements to ../../build/fastlio2_nav/fastlio2_nav.egg-info/requires.txt
writing top-level names to ../../build/fastlio2_nav/fastlio2_nav.egg-info/top_level.txt
reading manifest file '../../build/fastlio2_nav/fastlio2_nav.egg-info/SOURCES.txt'
writing manifest file '../../build/fastlio2_nav/fastlio2_nav.egg-info/SOURCES.txt'
running build
running build_py
creating /home/orin-001/sda/agibotnav/build/fastlio2_nav/build
creating /home/orin-001/sda/agibotnav/build/fastlio2_nav/build/lib
creating /home/orin-001/sda/agibotnav/build/fastlio2_nav/build/lib/fastlio2_nav
copying fastlio2_nav/__init__.py -> /home/orin-001/sda/agibotnav/build/fastlio2_nav/build/lib/fastlio2_nav
running install
running install_lib
creating /home/orin-001/sda/agibotnav/install/fastlio2_nav/lib/python3.10/site-packages/fastlio2_nav
copying /home/orin-001/sda/agibotnav/build/fastlio2_nav/build/lib/fastlio2_nav/__init__.py -> /home/orin-001/sda/agibotnav/install/fastlio2_nav/lib/python3.10/site-packages/fastlio2_nav
byte-compiling /home/orin-001/sda/agibotnav/install/fastlio2_nav/lib/python3.10/site-packages/fastlio2_nav/__init__.py to __init__.cpython-310.pyc
running install_data
creating /home/orin-001/sda/agibotnav/install/fastlio2_nav/share/ament_index
creating /home/orin-001/sda/agibotnav/install/fastlio2_nav/share/ament_index/resource_index
creating /home/orin-001/sda/agibotnav/install/fastlio2_nav/share/ament_index/resource_index/packages
error: can't copy 'resource/fastlio2_nav': doesn't exist or not a regular file
