[1.193s] Invoking command in '/home/orin-001/sda/agibotnav/src/fastlio2_nav': PYTHONPATH=/home/orin-001/sda/agibotnav/build/fastlio2_nav/prefix_override:/usr/lib/python3/dist-packages/colcon_core/task/python/colcon_distutils_commands:/home/orin-001/sda/agibotnav/install/fastlio2_nav/lib/python3.10/site-packages:${PYTHONPATH} /usr/bin/python3 -W ignore:setup.py install is deprecated -W ignore:easy_install command is deprecated setup.py egg_info --egg-base ../../build/fastlio2_nav build --build-base /home/orin-001/sda/agibotnav/build/fastlio2_nav/build install --record /home/orin-001/sda/agibotnav/build/fastlio2_nav/install.log --single-version-externally-managed install_data
[1.651s] running egg_info
[1.652s] writing ../../build/fastlio2_nav/fastlio2_nav.egg-info/PKG-INFO
[1.652s] writing dependency_links to ../../build/fastlio2_nav/fastlio2_nav.egg-info/dependency_links.txt
[1.652s] writing entry points to ../../build/fastlio2_nav/fastlio2_nav.egg-info/entry_points.txt
[1.653s] writing requirements to ../../build/fastlio2_nav/fastlio2_nav.egg-info/requires.txt
[1.653s] writing top-level names to ../../build/fastlio2_nav/fastlio2_nav.egg-info/top_level.txt
[1.658s] reading manifest file '../../build/fastlio2_nav/fastlio2_nav.egg-info/SOURCES.txt'
[1.659s] writing manifest file '../../build/fastlio2_nav/fastlio2_nav.egg-info/SOURCES.txt'
[1.660s] running build
[1.660s] running build_py
[1.660s] creating /home/orin-001/sda/agibotnav/build/fastlio2_nav/build
[1.661s] creating /home/orin-001/sda/agibotnav/build/fastlio2_nav/build/lib
[1.661s] creating /home/orin-001/sda/agibotnav/build/fastlio2_nav/build/lib/fastlio2_nav
[1.661s] copying fastlio2_nav/__init__.py -> /home/orin-001/sda/agibotnav/build/fastlio2_nav/build/lib/fastlio2_nav
[1.661s] running install
[1.662s] running install_lib
[1.662s] creating /home/orin-001/sda/agibotnav/install/fastlio2_nav/lib/python3.10/site-packages/fastlio2_nav
[1.662s] copying /home/orin-001/sda/agibotnav/build/fastlio2_nav/build/lib/fastlio2_nav/__init__.py -> /home/orin-001/sda/agibotnav/install/fastlio2_nav/lib/python3.10/site-packages/fastlio2_nav
[1.663s] byte-compiling /home/orin-001/sda/agibotnav/install/fastlio2_nav/lib/python3.10/site-packages/fastlio2_nav/__init__.py to __init__.cpython-310.pyc
[1.664s] running install_data
[1.664s] creating /home/orin-001/sda/agibotnav/install/fastlio2_nav/share/ament_index
[1.664s] creating /home/orin-001/sda/agibotnav/install/fastlio2_nav/share/ament_index/resource_index
[1.664s] creating /home/orin-001/sda/agibotnav/install/fastlio2_nav/share/ament_index/resource_index/packages
[1.665s] error: can't copy 'resource/fastlio2_nav': doesn't exist or not a regular file
[1.707s] Invoked command in '/home/orin-001/sda/agibotnav/src/fastlio2_nav' returned '1': PYTHONPATH=/home/orin-001/sda/agibotnav/build/fastlio2_nav/prefix_override:/usr/lib/python3/dist-packages/colcon_core/task/python/colcon_distutils_commands:/home/orin-001/sda/agibotnav/install/fastlio2_nav/lib/python3.10/site-packages:${PYTHONPATH} /usr/bin/python3 -W ignore:setup.py install is deprecated -W ignore:easy_install command is deprecated setup.py egg_info --egg-base ../../build/fastlio2_nav build --build-base /home/orin-001/sda/agibotnav/build/fastlio2_nav/build install --record /home/orin-001/sda/agibotnav/build/fastlio2_nav/install.log --single-version-externally-managed install_data
