[0.018s] Invoking command in '/home/orin-001/sda/agibotnav/build/fast_lio': CMAKE_PREFIX_PATH=${CMAKE_PREFIX_PATH}:/opt/ros/humble /usr/bin/cmake /home/orin-001/sda/agibotnav/src/FAST_LIO -DAMENT_CMAKE_SYMLINK_INSTALL=1 -DCMAKE_INSTALL_PREFIX=/home/orin-001/sda/agibotnav/install/fast_lio
[0.109s] -- The C compiler identification is GNU 11.4.0
[0.212s] -- The CXX compiler identification is GNU 11.4.0
[0.233s] -- Detecting C compiler ABI info
[0.357s] -- Detecting C compiler ABI info - done
[0.383s] -- Check for working C compiler: /usr/bin/cc - skipped
[0.383s] -- Detecting C compile features
[0.385s] -- Detecting C compile features - done
[0.395s] -- Detecting CXX compiler ABI info
[0.535s] -- Detecting CXX compiler ABI info - done
[0.554s] -- Check for working CXX compiler: /usr/bin/c++ - skipped
[0.554s] -- Detecting CXX compile features
[0.556s] -- Detecting CXX compile features - done
[0.558s] [0mCurrent CPU archtecture: aarch64[0m
[1.215s] -- Found PythonLibs: /usr/lib/aarch64-linux-gnu/libpython3.10.so (found version "3.10.12") 
[1.222s] -- Found ament_cmake: 1.3.12 (/opt/ros/humble/share/ament_cmake/cmake)
[1.500s] -- Found Python3: /usr/bin/python3 (found version "3.10.12") found components: Interpreter 
[1.617s] -- Override CMake install command with custom implementation using symlinks instead of copying resources
[1.677s] -- Found rclcpp: 16.0.17 (/opt/ros/humble/share/rclcpp/cmake)
[1.744s] -- Found rosidl_generator_c: 3.1.8 (/opt/ros/humble/share/rosidl_generator_c/cmake)
[1.751s] -- Found rosidl_adapter: 3.1.8 (/opt/ros/humble/share/rosidl_adapter/cmake)
[1.764s] -- Found rosidl_generator_cpp: 3.1.8 (/opt/ros/humble/share/rosidl_generator_cpp/cmake)
[1.783s] -- Using all available rosidl_typesupport_c: rosidl_typesupport_fastrtps_c;rosidl_typesupport_introspection_c
[1.809s] -- Using all available rosidl_typesupport_cpp: rosidl_typesupport_fastrtps_cpp;rosidl_typesupport_introspection_cpp
[1.877s] -- Found rmw_implementation_cmake: 6.1.2 (/opt/ros/humble/share/rmw_implementation_cmake/cmake)
[1.881s] -- Found rmw_fastrtps_cpp: 6.2.9 (/opt/ros/humble/share/rmw_fastrtps_cpp/cmake)
[2.026s] -- Found OpenSSL: /usr/lib/aarch64-linux-gnu/libcrypto.so (found version "3.0.2")  
[2.074s] -- Found FastRTPS: /opt/ros/humble/include  
[2.124s] -- Using RMW implementation 'rmw_fastrtps_cpp' as default
[2.138s] -- Looking for pthread.h
[2.265s] -- Looking for pthread.h - found
[2.266s] -- Performing Test CMAKE_HAVE_LIBC_PTHREAD
[2.399s] -- Performing Test CMAKE_HAVE_LIBC_PTHREAD - Success
[2.402s] -- Found Threads: TRUE  
[2.505s] -- Found rclcpp_components: 16.0.17 (/opt/ros/humble/share/rclcpp_components/cmake)
[2.549s] -- Found geometry_msgs: 4.9.0 (/opt/ros/humble/share/geometry_msgs/cmake)
[2.575s] -- Found nav_msgs: 4.9.0 (/opt/ros/humble/share/nav_msgs/cmake)
[2.612s] -- Found sensor_msgs: 4.9.0 (/opt/ros/humble/share/sensor_msgs/cmake)
[2.644s] -- Found std_srvs: 4.9.0 (/opt/ros/humble/share/std_srvs/cmake)
[2.670s] -- Found visualization_msgs: 4.9.0 (/opt/ros/humble/share/visualization_msgs/cmake)
[2.712s] -- Found pcl_ros: 2.4.5 (/opt/ros/humble/share/pcl_ros/cmake)
[2.782s] -- Checking for module 'eigen3'
[2.807s] --   Found eigen3, version 3.4.0
[2.868s] -- Found Eigen: /usr/include/eigen3 (Required is at least version "3.1") 
[2.869s] -- Eigen found (include: /usr/include/eigen3, version: 3.4.0)
[2.927s] -- Checking for module 'flann'
[2.952s] --   Found flann, version 1.9.1
[3.031s] -- Found FLANN: /usr/lib/aarch64-linux-gnu/libflann_cpp.so  
[3.032s] -- FLANN found (include: /usr/include, lib: /usr/lib/aarch64-linux-gnu/libflann_cpp.so)
[4.790s] -- Checking for module 'libusb-1.0'
[4.817s] --   Found libusb-1.0, version 1.0.25
[4.896s] -- Found libusb: /usr/lib/aarch64-linux-gnu/libusb-1.0.so  
[4.899s] -- OpenNI found (version: 1.5.4.0, include: /usr/include/ni, lib: /usr/lib/libOpenNI.so;libusb::libusb)
[5.018s] -- OpenNI2 found (version: 2.2.0.33, include: /usr/include/openni2, lib: /usr/lib/aarch64-linux-gnu/libOpenNI2.so;libusb::libusb)
[5.281s] -- Eigen found (include: /usr/include/eigen3, version: 3.4.0)
[5.291s] -- OpenNI found (version: 1.5.4.0, include: /usr/include/ni, lib: /usr/lib/libOpenNI.so;libusb::libusb)
[5.302s] -- OpenNI2 found (version: 2.2.0.33, include: /usr/include/openni2, lib: /usr/lib/aarch64-linux-gnu/libOpenNI2.so;libusb::libusb)
[5.540s] -- Found Qhull version 8.0.2
[5.783s] -- OpenNI found (version: 1.5.4.0, include: /usr/include/ni, lib: /usr/lib/libOpenNI.so;libusb::libusb)
[6.022s] -- Found PCL_COMMON: /usr/lib/aarch64-linux-gnu/libpcl_common.so  
[6.024s] -- Found PCL_KDTREE: /usr/lib/aarch64-linux-gnu/libpcl_kdtree.so  
[6.025s] -- Found PCL_OCTREE: /usr/lib/aarch64-linux-gnu/libpcl_octree.so  
[6.026s] -- Found PCL_SEARCH: /usr/lib/aarch64-linux-gnu/libpcl_search.so  
[6.027s] -- Found PCL_SAMPLE_CONSENSUS: /usr/lib/aarch64-linux-gnu/libpcl_sample_consensus.so  
[6.029s] -- Found PCL_FILTERS: /usr/lib/aarch64-linux-gnu/libpcl_filters.so  
[6.030s] -- Found PCL_2D: /usr/include/pcl-1.12  
[6.030s] -- Found PCL_GEOMETRY: /usr/include/pcl-1.12  
[6.031s] -- Found PCL_IO: /usr/lib/aarch64-linux-gnu/libpcl_io.so  
[6.033s] -- Found PCL_FEATURES: /usr/lib/aarch64-linux-gnu/libpcl_features.so  
[6.035s] -- Found PCL_ML: /usr/lib/aarch64-linux-gnu/libpcl_ml.so  
[6.036s] -- Found PCL_SEGMENTATION: /usr/lib/aarch64-linux-gnu/libpcl_segmentation.so  
[6.038s] -- Found PCL_VISUALIZATION: /usr/lib/aarch64-linux-gnu/libpcl_visualization.so  
[6.039s] -- Found PCL_SURFACE: /usr/lib/aarch64-linux-gnu/libpcl_surface.so  
[6.041s] -- Found PCL_REGISTRATION: /usr/lib/aarch64-linux-gnu/libpcl_registration.so  
[6.042s] -- Found PCL_KEYPOINTS: /usr/lib/aarch64-linux-gnu/libpcl_keypoints.so  
[6.044s] -- Found PCL_TRACKING: /usr/lib/aarch64-linux-gnu/libpcl_tracking.so  
[6.045s] -- Found PCL_RECOGNITION: /usr/lib/aarch64-linux-gnu/libpcl_recognition.so  
[6.047s] -- Found PCL_STEREO: /usr/lib/aarch64-linux-gnu/libpcl_stereo.so  
[6.048s] -- Found PCL_APPS: /usr/lib/aarch64-linux-gnu/libpcl_apps.so  
[6.050s] -- Found PCL_IN_HAND_SCANNER: /usr/include/pcl-1.12  
[6.050s] -- Found PCL_MODELER: /usr/include/pcl-1.12  
[6.051s] -- Found PCL_POINT_CLOUD_EDITOR: /usr/include/pcl-1.12  
[6.052s] -- Found PCL_OUTOFCORE: /usr/lib/aarch64-linux-gnu/libpcl_outofcore.so  
[6.054s] -- Found PCL_PEOPLE: /usr/lib/aarch64-linux-gnu/libpcl_people.so  
[6.110s] -- Found eigen3_cmake_module: 0.1.1 (/opt/ros/humble/share/eigen3_cmake_module/cmake)
[6.113s] -- Found Eigen3: TRUE (found version "3.4.0") 
[6.113s] -- Ensuring Eigen3 include directory is part of orocos-kdl CMake target
[6.273s] [31mCMake Error at CMakeLists.txt:62 (find_package):
[6.273s]   By not providing "Findlivox_ros_driver2.cmake" in CMAKE_MODULE_PATH this
[6.273s]   project has asked CMake to find a package configuration file provided by
[6.273s]   "livox_ros_driver2", but CMake did not find one.
[6.273s] 
[6.273s]   Could not find a package configuration file provided by "livox_ros_driver2"
[6.274s]   with any of the following names:
[6.274s] 
[6.274s]     livox_ros_driver2Config.cmake
[6.274s]     livox_ros_driver2-config.cmake
[6.274s] 
[6.274s]   Add the installation prefix of "livox_ros_driver2" to CMAKE_PREFIX_PATH or
[6.274s]   set "livox_ros_driver2_DIR" to a directory containing one of the above
[6.274s]   files.  If "livox_ros_driver2" provides a separate development package or
[6.274s]   SDK, be sure it has been installed.
[6.274s] 
[6.274s] [0m
[6.275s] -- Configuring incomplete, errors occurred!
[6.275s] See also "/home/orin-001/sda/agibotnav/build/fast_lio/CMakeFiles/CMakeOutput.log".
[6.311s] Invoked command in '/home/orin-001/sda/agibotnav/build/fast_lio' returned '1': CMAKE_PREFIX_PATH=${CMAKE_PREFIX_PATH}:/opt/ros/humble /usr/bin/cmake /home/orin-001/sda/agibotnav/src/FAST_LIO -DAMENT_CMAKE_SYMLINK_INSTALL=1 -DCMAKE_INSTALL_PREFIX=/home/orin-001/sda/agibotnav/install/fast_lio
